#
# There is insufficient memory for the Java Runtime Environment to continue.
# Native memory allocation (malloc) failed to allocate 65552 bytes for Chunk::new
# Possible reasons:
#   The system is out of physical RAM or swap space
#   The process is running with CompressedOops enabled, and the Java Heap may be blocking the growth of the native heap
# Possible solutions:
#   Reduce memory load on the system
#   Increase physical memory or swap space
#   Check if swap backing store is full
#   Decrease Java heap size (-Xmx/-Xms)
#   Decrease number of Java threads
#   Decrease Java thread stack sizes (-Xss)
#   Set larger code cache with -XX:ReservedCodeCacheSize=
#   JVM is running with Unscaled Compressed Oops mode in which the Java heap is
#     placed in the first 4GB address space. The Java Heap base address is the
#     maximum limit for the native heap growth. Please use -XX:HeapBaseMinAddress
#     to set the Java Heap base and to place the Java Heap above 4GB virtual address.
# This output file may be truncated or incomplete.
#
#  Out of Memory Error (./src/hotspot/share/memory/arena.cpp:197), pid=14540, tid=19252
#
# JRE version: OpenJDK Runtime Environment (11.0.10) (build 11.0.10+0-b96-7249189)
# Java VM: OpenJDK 64-Bit Server VM (11.0.10+0-b96-7249189, mixed mode, tiered, compressed oops, g1 gc, windows-amd64)
# No core dump will be written. Minidumps are not enabled by default on client versions of Windows
#

---------------  S U M M A R Y ------------

Command Line: --add-opens=java.base/java.util=ALL-UNNAMED --add-opens=java.base/java.lang=ALL-UNNAMED --add-opens=java.base/java.lang.invoke=ALL-UNNAMED --add-opens=java.base/java.util=ALL-UNNAMED --add-opens=java.prefs/java.util.prefs=ALL-UNNAMED --add-opens=java.prefs/java.util.prefs=ALL-UNNAMED --add-opens=java.base/java.nio.charset=ALL-UNNAMED --add-opens=java.base/java.net=ALL-UNNAMED --add-opens=java.base/java.util.concurrent.atomic=ALL-UNNAMED -Xmx2048m -Dfile.encoding=UTF-8 -Duser.country=US -Duser.language=en -Duser.variant org.gradle.launcher.daemon.bootstrap.GradleDaemon 7.0.2

Host: Intel(R) Core(TM) i7-7700HQ CPU @ 2.80GHz, 8 cores, 15G,  Windows 10 , 64 bit Build 19041 (10.0.19041.1645)
Time: Thu Apr 28 01:04:27 2022 SE Asia Standard Time elapsed time: 25.238956 seconds (0d 0h 0m 25s)

---------------  T H R E A D  ---------------

Current thread (0x0000023f79d9c000):  JavaThread "C2 CompilerThread0" daemon [_thread_in_native, id=19252, stack(0x000000e52f000000,0x000000e52f100000)]


Current CompileTask:
C2:  25239 12756       4       sun.invoke.util.VerifyAccess::isClassAccessible (182 bytes)

Stack: [0x000000e52f000000,0x000000e52f100000]
Native frames: (J=compiled Java code, j=interpreted, Vv=VM code, C=native code)
V  [jvm.dll+0x5ecfaa]
V  [jvm.dll+0x722bd5]
V  [jvm.dll+0x72412d]
V  [jvm.dll+0x7247e3]
V  [jvm.dll+0x242928]
V  [jvm.dll+0xbc4fc]
V  [jvm.dll+0xbca0c]
V  [jvm.dll+0xbc608]
V  [jvm.dll+0x5cc470]
V  [jvm.dll+0x50f80a]
V  [jvm.dll+0x4fc045]
V  [jvm.dll+0x4fedcc]
V  [jvm.dll+0x4feafb]
V  [jvm.dll+0x4fea76]
V  [jvm.dll+0x4feb47]
V  [jvm.dll+0x5065f8]
V  [jvm.dll+0x203253]
V  [jvm.dll+0x1fd07c]
V  [jvm.dll+0x1fa77f]
V  [jvm.dll+0x18354c]
V  [jvm.dll+0x208ee7]
V  [jvm.dll+0x207731]
V  [jvm.dll+0x6eb1cf]
V  [jvm.dll+0x6e3d45]
V  [jvm.dll+0x5ebe96]
C  [ucrtbase.dll+0x21bb2]
C  [KERNEL32.DLL+0x17034]
C  [ntdll.dll+0x52651]


---------------  P R O C E S S  ---------------

Threads class SMR info:
_java_thread_list=0x0000023f03110b10, length=68, elements={
0x0000023f5e917000, 0x0000023f79d32000, 0x0000023f79d33000, 0x0000023f79d91000,
0x0000023f79d94000, 0x0000023f79d95000, 0x0000023f79d9c000, 0x0000023f79da0800,
0x0000023f79dab800, 0x0000023f79f12000, 0x0000023f7c82e000, 0x0000023f7b1ae000,
0x0000023f7a2cd000, 0x0000023f7c5ce800, 0x0000023f7b742000, 0x0000023f7c825000,
0x0000023f7bdd3800, 0x0000023f7c2b3800, 0x0000023f7bf7c800, 0x0000023f7c876800,
0x0000023f7c87b800, 0x0000023f7c87d000, 0x0000023f7c87c800, 0x0000023f7c877800,
0x0000023f7c87a800, 0x0000023f7c878000, 0x0000023f7c879000, 0x0000023f7c87a000,
0x0000023f7cf19000, 0x0000023f7cf1d000, 0x0000023f7cf1e800, 0x0000023f7cf1e000,
0x0000023f7cf1f800, 0x0000023f7cf1b800, 0x0000023f01535000, 0x0000023f01536800,
0x0000023f01537800, 0x0000023f01538000, 0x0000023f01534000, 0x0000023f01539000,
0x0000023f01533000, 0x0000023f0153a800, 0x0000023f01535800, 0x0000023f0153b800,
0x0000023f0153e800, 0x0000023f0153f800, 0x0000023f0153c000, 0x0000023f0153d000,
0x0000023f01539800, 0x0000023f01541000, 0x0000023f003a4800, 0x0000023f003a0800,
0x0000023f003a1000, 0x0000023f003a3000, 0x0000023f003a3800, 0x0000023f0039f000,
0x0000023f003a6000, 0x0000023f003ab000, 0x0000023f003a5800, 0x0000023f003a8800,
0x0000023f003ac800, 0x0000023f003aa000, 0x0000023f003a9800, 0x0000023f003a7000,
0x0000023f003ad800, 0x0000023f01942000, 0x0000023f01944800, 0x0000023f7d6d4000
}

Java Threads: ( => current thread )
  0x0000023f5e917000 JavaThread "main" [_thread_blocked, id=10316, stack(0x000000e52e400000,0x000000e52e500000)]
  0x0000023f79d32000 JavaThread "Reference Handler" daemon [_thread_blocked, id=11148, stack(0x000000e52eb00000,0x000000e52ec00000)]
  0x0000023f79d33000 JavaThread "Finalizer" daemon [_thread_blocked, id=2036, stack(0x000000e52ec00000,0x000000e52ed00000)]
  0x0000023f79d91000 JavaThread "Signal Dispatcher" daemon [_thread_blocked, id=268, stack(0x000000e52ed00000,0x000000e52ee00000)]
  0x0000023f79d94000 JavaThread "Attach Listener" daemon [_thread_blocked, id=9812, stack(0x000000e52ee00000,0x000000e52ef00000)]
  0x0000023f79d95000 JavaThread "Service Thread" daemon [_thread_blocked, id=17644, stack(0x000000e52ef00000,0x000000e52f000000)]
=>0x0000023f79d9c000 JavaThread "C2 CompilerThread0" daemon [_thread_in_native, id=19252, stack(0x000000e52f000000,0x000000e52f100000)]
  0x0000023f79da0800 JavaThread "C1 CompilerThread0" daemon [_thread_blocked, id=17476, stack(0x000000e52f100000,0x000000e52f200000)]
  0x0000023f79dab800 JavaThread "Sweeper thread" daemon [_thread_blocked, id=3492, stack(0x000000e52f200000,0x000000e52f300000)]
  0x0000023f79f12000 JavaThread "Common-Cleaner" daemon [_thread_blocked, id=19224, stack(0x000000e52f300000,0x000000e52f400000)]
  0x0000023f7c82e000 JavaThread "Daemon health stats" [_thread_blocked, id=16828, stack(0x000000e52fc00000,0x000000e52fd00000)]
  0x0000023f7b1ae000 JavaThread "Incoming local TCP Connector on port 3460" [_thread_in_native, id=19040, stack(0x000000e52f500000,0x000000e52f600000)]
  0x0000023f7a2cd000 JavaThread "Daemon periodic checks" [_thread_blocked, id=18512, stack(0x000000e52fb00000,0x000000e52fc00000)]
  0x0000023f7c5ce800 JavaThread "Daemon" [_thread_blocked, id=8504, stack(0x000000e52fd00000,0x000000e52fe00000)]
  0x0000023f7b742000 JavaThread "Handler for socket connection from /127.0.0.1:3460 to /127.0.0.1:3461" [_thread_in_native, id=11172, stack(0x000000e52fe00000,0x000000e52ff00000)]
  0x0000023f7c825000 JavaThread "Cancel handler" [_thread_blocked, id=14164, stack(0x000000e52ff00000,0x000000e530000000)]
  0x0000023f7bdd3800 JavaThread "Daemon worker" [_thread_blocked, id=15092, stack(0x000000e530000000,0x000000e530100000)]
  0x0000023f7c2b3800 JavaThread "Asynchronous log dispatcher for DefaultDaemonConnection: socket connection from /127.0.0.1:3460 to /127.0.0.1:3461" [_thread_blocked, id=16256, stack(0x000000e530200000,0x000000e530300000)]
  0x0000023f7bf7c800 JavaThread "Stdin handler" [_thread_blocked, id=13188, stack(0x000000e530300000,0x000000e530400000)]
  0x0000023f7c876800 JavaThread "Daemon client event forwarder" [_thread_blocked, id=17852, stack(0x000000e530400000,0x000000e530500000)]
  0x0000023f7c87b800 JavaThread "Cache worker for file hash cache (D:\Project\AndroidGradle\caches\7.0.2\fileHashes)" [_thread_blocked, id=1968, stack(0x000000e530500000,0x000000e530600000)]
  0x0000023f7c87d000 JavaThread "File lock request listener" [_thread_in_native, id=2860, stack(0x000000e530600000,0x000000e530700000)]
  0x0000023f7c87c800 JavaThread "Cache worker for journal cache (D:\Project\AndroidGradle\caches\journal-1)" [_thread_blocked, id=18064, stack(0x000000e530a00000,0x000000e530b00000)]
  0x0000023f7c877800 JavaThread "Cache worker for file hash cache (D:\Project\Android\Arling\.gradle\7.0.2\fileHashes)" [_thread_blocked, id=13128, stack(0x000000e530b00000,0x000000e530c00000)]
  0x0000023f7c87a800 JavaThread "File watcher server" daemon [_thread_in_native, id=18888, stack(0x000000e530c00000,0x000000e530d00000)]
  0x0000023f7c878000 JavaThread "File watcher consumer" daemon [_thread_blocked, id=15476, stack(0x000000e530d00000,0x000000e530e00000)]
  0x0000023f7c879000 JavaThread "Cache worker for checksums cache (D:\Project\Android\Arling\.gradle\checksums)" [_thread_blocked, id=15352, stack(0x000000e530e00000,0x000000e530f00000)]
  0x0000023f7c87a000 JavaThread "Cache worker for cache directory md-supplier (D:\Project\AndroidGradle\caches\7.0.2\md-supplier)" [_thread_blocked, id=928, stack(0x000000e530f00000,0x000000e531000000)]
  0x0000023f7cf19000 JavaThread "Cache worker for cache directory md-rule (D:\Project\AndroidGradle\caches\7.0.2\md-rule)" [_thread_blocked, id=2448, stack(0x000000e531000000,0x000000e531100000)]
  0x0000023f7cf1d000 JavaThread "Cache worker for execution history cache (D:\Project\AndroidGradle\caches\7.0.2\executionHistory)" [_thread_blocked, id=3036, stack(0x000000e531200000,0x000000e531300000)]
  0x0000023f7cf1e800 JavaThread "jar transforms" [_thread_blocked, id=10544, stack(0x000000e531300000,0x000000e531400000)]
  0x0000023f7cf1e000 JavaThread "jar transforms Thread 2" [_thread_blocked, id=6664, stack(0x000000e531400000,0x000000e531500000)]
  0x0000023f7cf1f800 JavaThread "Cache worker for file content cache (D:\Project\AndroidGradle\caches\7.0.2\fileContent)" [_thread_blocked, id=84, stack(0x000000e531500000,0x000000e531600000)]
  0x0000023f7cf1b800 JavaThread "Cache worker for dependencies-accessors (D:\Project\Android\Arling\.gradle\7.0.2\dependencies-accessors)" [_thread_blocked, id=8632, stack(0x000000e531600000,0x000000e531700000)]
  0x0000023f01535000 JavaThread "jar transforms Thread 3" [_thread_blocked, id=19232, stack(0x000000e531700000,0x000000e531800000)]
  0x0000023f01536800 JavaThread "Cache worker for Build Output Cleanup Cache (D:\Project\Android\Arling\.gradle\buildOutputCleanup)" [_thread_blocked, id=10688, stack(0x000000e531800000,0x000000e531900000)]
  0x0000023f01537800 JavaThread "Build operations" [_thread_blocked, id=6640, stack(0x000000e531900000,0x000000e531a00000)]
  0x0000023f01538000 JavaThread "Build operations Thread 2" [_thread_blocked, id=11768, stack(0x000000e531a00000,0x000000e531b00000)]
  0x0000023f01534000 JavaThread "Build operations Thread 3" [_thread_blocked, id=17676, stack(0x000000e531b00000,0x000000e531c00000)]
  0x0000023f01539000 JavaThread "Build operations Thread 4" [_thread_blocked, id=17244, stack(0x000000e531c00000,0x000000e531d00000)]
  0x0000023f01533000 JavaThread "Build operations Thread 5" [_thread_blocked, id=8140, stack(0x000000e531d00000,0x000000e531e00000)]
  0x0000023f0153a800 JavaThread "Build operations Thread 6" [_thread_blocked, id=17176, stack(0x000000e531e00000,0x000000e531f00000)]
  0x0000023f01535800 JavaThread "Build operations Thread 7" [_thread_blocked, id=3168, stack(0x000000e531f00000,0x000000e532000000)]
  0x0000023f0153b800 JavaThread "Build operations Thread 8" [_thread_blocked, id=868, stack(0x000000e532000000,0x000000e532100000)]
  0x0000023f0153e800 JavaThread "jar transforms Thread 4" [_thread_blocked, id=3008, stack(0x000000e532100000,0x000000e532200000)]
  0x0000023f0153f800 JavaThread "jar transforms Thread 5" [_thread_blocked, id=17840, stack(0x000000e532200000,0x000000e532300000)]
  0x0000023f0153c000 JavaThread "jar transforms Thread 6" [_thread_blocked, id=15996, stack(0x000000e532300000,0x000000e532400000)]
  0x0000023f0153d000 JavaThread "jar transforms Thread 7" [_thread_blocked, id=15584, stack(0x000000e532400000,0x000000e532500000)]
  0x0000023f01539800 JavaThread "jar transforms Thread 8" [_thread_blocked, id=11056, stack(0x000000e532500000,0x000000e532600000)]
  0x0000023f01541000 JavaThread "Memory manager" [_thread_blocked, id=15608, stack(0x000000e532600000,0x000000e532700000)]
  0x0000023f003a4800 JavaThread "build event listener" [_thread_blocked, id=16036, stack(0x000000e532c00000,0x000000e532d00000)]
  0x0000023f003a0800 JavaThread "Execution worker for ':'" [_thread_blocked, id=6232, stack(0x000000e532d00000,0x000000e532e00000)]
  0x0000023f003a1000 JavaThread "Execution worker for ':' Thread 2" [_thread_blocked, id=13988, stack(0x000000e532e00000,0x000000e532f00000)]
  0x0000023f003a3000 JavaThread "Execution worker for ':' Thread 3" [_thread_blocked, id=10272, stack(0x000000e532f00000,0x000000e533000000)]
  0x0000023f003a3800 JavaThread "Execution worker for ':' Thread 4" [_thread_blocked, id=18164, stack(0x000000e533000000,0x000000e533100000)]
  0x0000023f0039f000 JavaThread "Execution worker for ':' Thread 5" [_thread_blocked, id=12724, stack(0x000000e533100000,0x000000e533200000)]
  0x0000023f003a6000 JavaThread "Execution worker for ':' Thread 6" [_thread_blocked, id=9512, stack(0x000000e533200000,0x000000e533300000)]
  0x0000023f003ab000 JavaThread "Execution worker for ':' Thread 7" [_thread_blocked, id=1336, stack(0x000000e533300000,0x000000e533400000)]
  0x0000023f003a5800 JavaThread "Cache worker for execution history cache (D:\Project\Android\Arling\.gradle\7.0.2\executionHistory)" [_thread_blocked, id=16856, stack(0x000000e533400000,0x000000e533500000)]
  0x0000023f003a8800 JavaThread "WorkerExecutor Queue" [_thread_blocked, id=17856, stack(0x000000e533500000,0x000000e533600000)]
  0x0000023f003ac800 JavaThread "WorkerExecutor Queue Thread 2" [_thread_blocked, id=4528, stack(0x000000e533600000,0x000000e533700000)]
  0x0000023f003aa000 JavaThread "WorkerExecutor Queue Thread 3" [_thread_blocked, id=13860, stack(0x000000e533700000,0x000000e533800000)]
  0x0000023f003a9800 JavaThread "WorkerExecutor Queue Thread 4" [_thread_blocked, id=18596, stack(0x000000e533800000,0x000000e533900000)]
  0x0000023f003a7000 JavaThread "WorkerExecutor Queue Thread 5" [_thread_blocked, id=7864, stack(0x000000e533900000,0x000000e533a00000)]
  0x0000023f003ad800 JavaThread "WorkerExecutor Queue Thread 6" [_thread_blocked, id=18032, stack(0x000000e533a00000,0x000000e533b00000)]
  0x0000023f01942000 JavaThread "WorkerExecutor Queue Thread 8" [_thread_blocked, id=17976, stack(0x000000e533c00000,0x000000e533d00000)]
  0x0000023f01944800 JavaThread "WorkerExecutor Queue Thread 9" [_thread_blocked, id=16120, stack(0x000000e533d00000,0x000000e533e00000)]
  0x0000023f7d6d4000 JavaThread "C2 CompilerThread1" daemon [_thread_blocked, id=13640, stack(0x000000e530100000,0x000000e530200000)]

Other Threads:
  0x0000023f79d30000 VMThread "VM Thread" [stack: 0x000000e52ea00000,0x000000e52eb00000] [id=5644]
  0x0000023f79f17800 WatcherThread [stack: 0x000000e52f400000,0x000000e52f500000] [id=16024]
  0x0000023f5e934000 GCTaskThread "GC Thread#0" [stack: 0x000000e52e500000,0x000000e52e600000] [id=18624]
  0x0000023f7a911000 GCTaskThread "GC Thread#1" [stack: 0x000000e52f600000,0x000000e52f700000] [id=18500]
  0x0000023f7a5b8000 GCTaskThread "GC Thread#2" [stack: 0x000000e52f700000,0x000000e52f800000] [id=11600]
  0x0000023f7aa30800 GCTaskThread "GC Thread#3" [stack: 0x000000e52f800000,0x000000e52f900000] [id=3580]
  0x0000023f7aa31000 GCTaskThread "GC Thread#4" [stack: 0x000000e52f900000,0x000000e52fa00000] [id=17776]
  0x0000023f7a862800 GCTaskThread "GC Thread#5" [stack: 0x000000e52fa00000,0x000000e52fb00000] [id=15720]
  0x0000023f7c45c000 GCTaskThread "GC Thread#6" [stack: 0x000000e530700000,0x000000e530800000] [id=9188]
  0x0000023f7ad18800 GCTaskThread "GC Thread#7" [stack: 0x000000e530800000,0x000000e530900000] [id=18892]
  0x0000023f5e967800 ConcurrentGCThread "G1 Main Marker" [stack: 0x000000e52e600000,0x000000e52e700000] [id=8092]
  0x0000023f5e96a000 ConcurrentGCThread "G1 Conc#0" [stack: 0x000000e52e700000,0x000000e52e800000] [id=3148]
  0x0000023f7bc42800 ConcurrentGCThread "G1 Conc#1" [stack: 0x000000e530900000,0x000000e530a00000] [id=18980]
  0x0000023f5e9fe000 ConcurrentGCThread "G1 Refine#0" [stack: 0x000000e52e800000,0x000000e52e900000] [id=15500]
  0x0000023f02cc0000 ConcurrentGCThread "G1 Refine#1" [stack: 0x000000e532700000,0x000000e532800000] [id=5912]
  0x0000023f01412000 ConcurrentGCThread "G1 Refine#2" [stack: 0x000000e532800000,0x000000e532900000] [id=19332]
  0x0000023f01413000 ConcurrentGCThread "G1 Refine#3" [stack: 0x000000e532900000,0x000000e532a00000] [id=11596]
  0x0000023f035c2800 ConcurrentGCThread "G1 Refine#4" [stack: 0x000000e532a00000,0x000000e532b00000] [id=17064]
  0x0000023f035c3000 ConcurrentGCThread "G1 Refine#5" [stack: 0x000000e532b00000,0x000000e532c00000] [id=18776]
  0x0000023f79378800 ConcurrentGCThread "G1 Young RemSet Sampling" [stack: 0x000000e52e900000,0x000000e52ea00000] [id=15460]

Threads with active compile tasks:
C2 CompilerThread0  25371 12756       4       sun.invoke.util.VerifyAccess::isClassAccessible (182 bytes)
C2 CompilerThread1  25372 12835       4       java.lang.invoke.LambdaForm::prepare (112 bytes)

VM state:at safepoint (normal execution)

VM Mutex/Monitor currently owned by a thread:  ([mutex/lock_event])
[0x0000023f5e9169d0] Heap_lock - owner thread: 0x0000023f003a9800

Heap address: 0x0000000080000000, size: 2048 MB, Compressed Oops mode: 32-bit
Narrow klass base: 0x0000000000000000, Narrow klass shift: 3
Compressed class space size: 1073741824 Address: 0x0000000100000000

Heap:
 garbage-first heap   total 262144K, used 113362K [0x0000000080000000, 0x0000000100000000)
  region size 1024K, 4 young (4096K), 4 survivors (4096K)
 Metaspace       used 103481K, capacity 106521K, committed 106880K, reserved 1157120K
  class space    used 13683K, capacity 14867K, committed 14976K, reserved 1048576K
Heap Regions: E=young(eden), S=young(survivor), O=old, HS=humongous(starts), HC=humongous(continues), CS=collection set, F=free, A=archive, TAMS=top-at-mark-start (previous, next)
|   0|0x0000000080000000, 0x0000000080100000, 0x0000000080100000|100%| O|  |TAMS 0x0000000080100000, 0x0000000080100000| Untracked 
|   1|0x0000000080100000, 0x0000000080200000, 0x0000000080200000|100%| O|  |TAMS 0x0000000080200000, 0x0000000080200000| Untracked 
|   2|0x0000000080200000, 0x0000000080300000, 0x0000000080300000|100%| O|  |TAMS 0x0000000080300000, 0x0000000080300000| Untracked 
|   3|0x0000000080300000, 0x0000000080400000, 0x0000000080400000|100%|HS|  |TAMS 0x0000000080400000, 0x0000000080400000| Complete 
|   4|0x0000000080400000, 0x0000000080500000, 0x0000000080500000|100%|HC|  |TAMS 0x0000000080500000, 0x0000000080500000| Complete 
|   5|0x0000000080500000, 0x0000000080600000, 0x0000000080600000|100%|HC|  |TAMS 0x0000000080600000, 0x0000000080600000| Complete 
|   6|0x0000000080600000, 0x0000000080700000, 0x0000000080700000|100%| O|  |TAMS 0x0000000080700000, 0x0000000080700000| Untracked 
|   7|0x0000000080700000, 0x0000000080800000, 0x0000000080800000|100%| O|  |TAMS 0x0000000080800000, 0x0000000080800000| Untracked 
|   8|0x0000000080800000, 0x0000000080900000, 0x0000000080900000|100%| O|  |TAMS 0x0000000080900000, 0x0000000080900000| Untracked 
|   9|0x0000000080900000, 0x0000000080a00000, 0x0000000080a00000|100%| O|  |TAMS 0x0000000080a00000, 0x0000000080a00000| Untracked 
|  10|0x0000000080a00000, 0x0000000080b00000, 0x0000000080b00000|100%| O|  |TAMS 0x0000000080b00000, 0x0000000080b00000| Untracked 
|  11|0x0000000080b00000, 0x0000000080c00000, 0x0000000080c00000|100%| O|  |TAMS 0x0000000080c00000, 0x0000000080c00000| Untracked 
|  12|0x0000000080c00000, 0x0000000080d00000, 0x0000000080d00000|100%| O|  |TAMS 0x0000000080d00000, 0x0000000080d00000| Untracked 
|  13|0x0000000080d00000, 0x0000000080e00000, 0x0000000080e00000|100%| O|  |TAMS 0x0000000080e00000, 0x0000000080e00000| Untracked 
|  14|0x0000000080e00000, 0x0000000080f00000, 0x0000000080f00000|100%| O|  |TAMS 0x0000000080f00000, 0x0000000080f00000| Untracked 
|  15|0x0000000080f00000, 0x0000000081000000, 0x0000000081000000|100%| O|  |TAMS 0x0000000081000000, 0x0000000081000000| Untracked 
|  16|0x0000000081000000, 0x0000000081100000, 0x0000000081100000|100%|HS|  |TAMS 0x0000000081100000, 0x0000000081100000| Complete 
|  17|0x0000000081100000, 0x0000000081200000, 0x0000000081200000|100%|HS|  |TAMS 0x0000000081200000, 0x0000000081200000| Complete 
|  18|0x0000000081200000, 0x0000000081300000, 0x0000000081300000|100%|HS|  |TAMS 0x0000000081300000, 0x0000000081300000| Complete 
|  19|0x0000000081300000, 0x0000000081400000, 0x0000000081400000|100%|HS|  |TAMS 0x0000000081400000, 0x0000000081400000| Complete 
|  20|0x0000000081400000, 0x0000000081500000, 0x0000000081500000|100%|HC|  |TAMS 0x0000000081500000, 0x0000000081500000| Complete 
|  21|0x0000000081500000, 0x0000000081600000, 0x0000000081600000|100%|HC|  |TAMS 0x0000000081600000, 0x0000000081600000| Complete 
|  22|0x0000000081600000, 0x0000000081700000, 0x0000000081700000|100%|HS|  |TAMS 0x0000000081700000, 0x0000000081700000| Complete 
|  23|0x0000000081700000, 0x0000000081800000, 0x0000000081800000|100%|HC|  |TAMS 0x0000000081800000, 0x0000000081800000| Complete 
|  24|0x0000000081800000, 0x0000000081900000, 0x0000000081900000|100%| O|  |TAMS 0x0000000081900000, 0x0000000081900000| Untracked 
|  25|0x0000000081900000, 0x0000000081a00000, 0x0000000081a00000|100%| O|  |TAMS 0x0000000081a00000, 0x0000000081a00000| Untracked 
|  26|0x0000000081a00000, 0x0000000081b00000, 0x0000000081b00000|100%| O|  |TAMS 0x0000000081b00000, 0x0000000081b00000| Untracked 
|  27|0x0000000081b00000, 0x0000000081c00000, 0x0000000081c00000|100%| O|  |TAMS 0x0000000081c00000, 0x0000000081c00000| Untracked 
|  28|0x0000000081c00000, 0x0000000081d00000, 0x0000000081d00000|100%| O|  |TAMS 0x0000000081d00000, 0x0000000081d00000| Untracked 
|  29|0x0000000081d00000, 0x0000000081e00000, 0x0000000081e00000|100%| O|  |TAMS 0x0000000081e00000, 0x0000000081e00000| Untracked 
|  30|0x0000000081e00000, 0x0000000081f00000, 0x0000000081f00000|100%| O|  |TAMS 0x0000000081f00000, 0x0000000081f00000| Untracked 
|  31|0x0000000081f00000, 0x0000000082000000, 0x0000000082000000|100%| O|  |TAMS 0x0000000082000000, 0x0000000082000000| Untracked 
|  32|0x0000000082000000, 0x0000000082100000, 0x0000000082100000|100%| O|  |TAMS 0x0000000082100000, 0x0000000082100000| Untracked 
|  33|0x0000000082100000, 0x0000000082200000, 0x0000000082200000|100%| O|  |TAMS 0x0000000082200000, 0x0000000082200000| Untracked 
|  34|0x0000000082200000, 0x0000000082300000, 0x0000000082300000|100%| O|  |TAMS 0x0000000082300000, 0x0000000082300000| Untracked 
|  35|0x0000000082300000, 0x0000000082400000, 0x0000000082400000|100%| O|  |TAMS 0x0000000082400000, 0x0000000082400000| Untracked 
|  36|0x0000000082400000, 0x0000000082500000, 0x0000000082500000|100%| O|  |TAMS 0x0000000082500000, 0x0000000082500000| Untracked 
|  37|0x0000000082500000, 0x0000000082600000, 0x0000000082600000|100%| O|  |TAMS 0x0000000082600000, 0x0000000082600000| Untracked 
|  38|0x0000000082600000, 0x0000000082700000, 0x0000000082700000|100%| O|  |TAMS 0x0000000082700000, 0x0000000082700000| Untracked 
|  39|0x0000000082700000, 0x0000000082800000, 0x0000000082800000|100%| O|  |TAMS 0x0000000082800000, 0x0000000082800000| Untracked 
|  40|0x0000000082800000, 0x0000000082900000, 0x0000000082900000|100%| O|  |TAMS 0x0000000082900000, 0x0000000082900000| Untracked 
|  41|0x0000000082900000, 0x0000000082a00000, 0x0000000082a00000|100%| O|  |TAMS 0x0000000082a00000, 0x0000000082a00000| Untracked 
|  42|0x0000000082a00000, 0x0000000082b00000, 0x0000000082b00000|100%| O|  |TAMS 0x0000000082b00000, 0x0000000082b00000| Untracked 
|  43|0x0000000082b00000, 0x0000000082c00000, 0x0000000082c00000|100%| O|  |TAMS 0x0000000082c00000, 0x0000000082c00000| Untracked 
|  44|0x0000000082c00000, 0x0000000082d00000, 0x0000000082d00000|100%| O|  |TAMS 0x0000000082d00000, 0x0000000082d00000| Untracked 
|  45|0x0000000082d00000, 0x0000000082e00000, 0x0000000082e00000|100%| O|  |TAMS 0x0000000082e00000, 0x0000000082e00000| Untracked 
|  46|0x0000000082e00000, 0x0000000082f00000, 0x0000000082f00000|100%| O|  |TAMS 0x0000000082f00000, 0x0000000082f00000| Untracked 
|  47|0x0000000082f00000, 0x0000000083000000, 0x0000000083000000|100%| O|  |TAMS 0x0000000083000000, 0x0000000083000000| Untracked 
|  48|0x0000000083000000, 0x0000000083100000, 0x0000000083100000|100%| O|  |TAMS 0x00000000830ad400, 0x0000000083100000| Untracked 
|  49|0x0000000083100000, 0x0000000083200000, 0x0000000083200000|100%| O|  |TAMS 0x0000000083100000, 0x0000000083200000| Untracked 
|  50|0x0000000083200000, 0x0000000083300000, 0x0000000083300000|100%| O|  |TAMS 0x0000000083200000, 0x0000000083300000| Untracked 
|  51|0x0000000083300000, 0x0000000083400000, 0x0000000083400000|100%| O|  |TAMS 0x0000000083300000, 0x0000000083400000| Untracked 
|  52|0x0000000083400000, 0x0000000083500000, 0x0000000083500000|100%| O|  |TAMS 0x0000000083400000, 0x0000000083500000| Untracked 
|  53|0x0000000083500000, 0x0000000083600000, 0x0000000083600000|100%| O|  |TAMS 0x0000000083500000, 0x0000000083600000| Untracked 
|  54|0x0000000083600000, 0x0000000083700000, 0x0000000083700000|100%| O|  |TAMS 0x0000000083600000, 0x0000000083700000| Untracked 
|  55|0x0000000083700000, 0x0000000083800000, 0x0000000083800000|100%| O|  |TAMS 0x0000000083700000, 0x0000000083800000| Untracked 
|  56|0x0000000083800000, 0x0000000083900000, 0x0000000083900000|100%| O|  |TAMS 0x0000000083800000, 0x0000000083900000| Untracked 
|  57|0x0000000083900000, 0x0000000083a00000, 0x0000000083a00000|100%| O|  |TAMS 0x0000000083900000, 0x0000000083a00000| Untracked 
|  58|0x0000000083a00000, 0x0000000083b00000, 0x0000000083b00000|100%| O|  |TAMS 0x0000000083a00000, 0x0000000083b00000| Untracked 
|  59|0x0000000083b00000, 0x0000000083c00000, 0x0000000083c00000|100%| O|  |TAMS 0x0000000083b00000, 0x0000000083c00000| Untracked 
|  60|0x0000000083c00000, 0x0000000083d00000, 0x0000000083d00000|100%| O|  |TAMS 0x0000000083c00000, 0x0000000083d00000| Untracked 
|  61|0x0000000083d00000, 0x0000000083e00000, 0x0000000083e00000|100%| O|  |TAMS 0x0000000083d00000, 0x0000000083e00000| Untracked 
|  62|0x0000000083e00000, 0x0000000083f00000, 0x0000000083f00000|100%| O|  |TAMS 0x0000000083e00000, 0x0000000083f00000| Untracked 
|  63|0x0000000083f00000, 0x0000000084000000, 0x0000000084000000|100%| O|  |TAMS 0x0000000083f00000, 0x0000000084000000| Untracked 
|  64|0x0000000084000000, 0x0000000084100000, 0x0000000084100000|100%| O|  |TAMS 0x0000000084000000, 0x0000000084100000| Untracked 
|  65|0x0000000084100000, 0x0000000084200000, 0x0000000084200000|100%| O|  |TAMS 0x0000000084100000, 0x0000000084200000| Untracked 
|  66|0x0000000084200000, 0x0000000084300000, 0x0000000084300000|100%| O|  |TAMS 0x0000000084200000, 0x0000000084300000| Untracked 
|  67|0x0000000084300000, 0x0000000084400000, 0x0000000084400000|100%| O|  |TAMS 0x0000000084300000, 0x0000000084400000| Untracked 
|  68|0x0000000084400000, 0x0000000084500000, 0x0000000084500000|100%| O|  |TAMS 0x0000000084400000, 0x0000000084500000| Untracked 
|  69|0x0000000084500000, 0x0000000084600000, 0x0000000084600000|100%| O|  |TAMS 0x0000000084500000, 0x0000000084600000| Untracked 
|  70|0x0000000084600000, 0x0000000084700000, 0x0000000084700000|100%| O|  |TAMS 0x0000000084600000, 0x0000000084700000| Untracked 
|  71|0x0000000084700000, 0x0000000084800000, 0x0000000084800000|100%| O|  |TAMS 0x0000000084700000, 0x0000000084800000| Untracked 
|  72|0x0000000084800000, 0x0000000084900000, 0x0000000084900000|100%| O|  |TAMS 0x0000000084800000, 0x0000000084900000| Untracked 
|  73|0x0000000084900000, 0x0000000084a00000, 0x0000000084a00000|100%| O|  |TAMS 0x0000000084900000, 0x0000000084a00000| Untracked 
|  74|0x0000000084a00000, 0x0000000084b00000, 0x0000000084b00000|100%| O|  |TAMS 0x0000000084a00000, 0x0000000084b00000| Untracked 
|  75|0x0000000084b00000, 0x0000000084c00000, 0x0000000084c00000|100%| O|  |TAMS 0x0000000084b00000, 0x0000000084c00000| Untracked 
|  76|0x0000000084c00000, 0x0000000084d00000, 0x0000000084d00000|100%| O|  |TAMS 0x0000000084c00000, 0x0000000084d00000| Untracked 
|  77|0x0000000084d00000, 0x0000000084e00000, 0x0000000084e00000|100%| O|  |TAMS 0x0000000084d00000, 0x0000000084e00000| Untracked 
|  78|0x0000000084e00000, 0x0000000084f00000, 0x0000000084f00000|100%| O|  |TAMS 0x0000000084e00000, 0x0000000084f00000| Untracked 
|  79|0x0000000084f00000, 0x0000000085000000, 0x0000000085000000|100%| O|  |TAMS 0x0000000084f00000, 0x0000000085000000| Untracked 
|  80|0x0000000085000000, 0x0000000085100000, 0x0000000085100000|100%| O|  |TAMS 0x0000000085000000, 0x0000000085100000| Untracked 
|  81|0x0000000085100000, 0x0000000085200000, 0x0000000085200000|100%| O|  |TAMS 0x0000000085100000, 0x0000000085200000| Untracked 
|  82|0x0000000085200000, 0x0000000085300000, 0x0000000085300000|100%| O|  |TAMS 0x0000000085200000, 0x0000000085300000| Untracked 
|  83|0x0000000085300000, 0x0000000085400000, 0x0000000085400000|100%| O|  |TAMS 0x0000000085300000, 0x0000000085400000| Untracked 
|  84|0x0000000085400000, 0x0000000085500000, 0x0000000085500000|100%| O|  |TAMS 0x0000000085400000, 0x0000000085500000| Untracked 
|  85|0x0000000085500000, 0x0000000085600000, 0x0000000085600000|100%| O|  |TAMS 0x0000000085500000, 0x0000000085600000| Untracked 
|  86|0x0000000085600000, 0x0000000085700000, 0x0000000085700000|100%| O|  |TAMS 0x0000000085600000, 0x0000000085700000| Untracked 
|  87|0x0000000085700000, 0x0000000085800000, 0x0000000085800000|100%| O|  |TAMS 0x0000000085700000, 0x0000000085800000| Untracked 
|  88|0x0000000085800000, 0x0000000085900000, 0x0000000085900000|100%|HS|  |TAMS 0x0000000085800000, 0x0000000085900000| Complete 
|  89|0x0000000085900000, 0x0000000085a00000, 0x0000000085a00000|100%|HC|  |TAMS 0x0000000085900000, 0x0000000085a00000| Complete 
|  90|0x0000000085a00000, 0x0000000085b00000, 0x0000000085b00000|100%| O|  |TAMS 0x0000000085a00000, 0x0000000085b00000| Untracked 
|  91|0x0000000085b00000, 0x0000000085c00000, 0x0000000085c00000|100%| O|  |TAMS 0x0000000085b00000, 0x0000000085c00000| Untracked 
|  92|0x0000000085c00000, 0x0000000085d00000, 0x0000000085d00000|100%| O|  |TAMS 0x0000000085c00000, 0x0000000085d00000| Untracked 
|  93|0x0000000085d00000, 0x0000000085e00000, 0x0000000085e00000|100%| O|  |TAMS 0x0000000085d00000, 0x0000000085e00000| Untracked 
|  94|0x0000000085e00000, 0x0000000085f00000, 0x0000000085f00000|100%| O|  |TAMS 0x0000000085e00000, 0x0000000085f00000| Untracked 
|  95|0x0000000085f00000, 0x0000000086000000, 0x0000000086000000|100%| O|  |TAMS 0x0000000085f00000, 0x0000000086000000| Untracked 
|  96|0x0000000086000000, 0x0000000086100000, 0x0000000086100000|100%| O|  |TAMS 0x0000000086000000, 0x0000000086100000| Untracked 
|  97|0x0000000086100000, 0x0000000086200000, 0x0000000086200000|100%| O|  |TAMS 0x0000000086100000, 0x0000000086200000| Untracked 
|  98|0x0000000086200000, 0x0000000086300000, 0x0000000086300000|100%| O|  |TAMS 0x0000000086200000, 0x0000000086300000| Untracked 
|  99|0x0000000086300000, 0x0000000086400000, 0x0000000086400000|100%| O|  |TAMS 0x0000000086300000, 0x0000000086400000| Untracked 
| 100|0x0000000086400000, 0x0000000086500000, 0x0000000086500000|100%| O|  |TAMS 0x0000000086400000, 0x0000000086500000| Untracked 
| 101|0x0000000086500000, 0x0000000086600000, 0x0000000086600000|100%| O|  |TAMS 0x0000000086500000, 0x0000000086600000| Untracked 
| 102|0x0000000086600000, 0x0000000086700000, 0x0000000086700000|100%| O|  |TAMS 0x0000000086600000, 0x0000000086700000| Untracked 
| 103|0x0000000086700000, 0x0000000086800000, 0x0000000086800000|100%| O|  |TAMS 0x0000000086700000, 0x0000000086800000| Untracked 
| 104|0x0000000086800000, 0x0000000086900000, 0x0000000086900000|100%| O|  |TAMS 0x0000000086800000, 0x0000000086900000| Untracked 
| 105|0x0000000086900000, 0x0000000086a00000, 0x0000000086a00000|100%| O|  |TAMS 0x0000000086900000, 0x0000000086a00000| Untracked 
| 106|0x0000000086a00000, 0x0000000086b00000, 0x0000000086b00000|100%| O|  |TAMS 0x0000000086a00000, 0x0000000086b00000| Untracked 
| 107|0x0000000086b00000, 0x0000000086b74a00, 0x0000000086c00000| 45%| O|  |TAMS 0x0000000086b00000, 0x0000000086b74a00| Untracked 
| 108|0x0000000086c00000, 0x0000000086c00000, 0x0000000086d00000|  0%| F|  |TAMS 0x0000000086c00000, 0x0000000086c00000| Untracked 
| 109|0x0000000086d00000, 0x0000000086d00000, 0x0000000086e00000|  0%| F|  |TAMS 0x0000000086d00000, 0x0000000086d00000| Untracked 
| 110|0x0000000086e00000, 0x0000000086e00000, 0x0000000086f00000|  0%| F|  |TAMS 0x0000000086e00000, 0x0000000086e00000| Untracked 
| 111|0x0000000086f00000, 0x0000000086f00000, 0x0000000087000000|  0%| F|  |TAMS 0x0000000086f00000, 0x0000000086f00000| Untracked 
| 112|0x0000000087000000, 0x0000000087000000, 0x0000000087100000|  0%| F|  |TAMS 0x0000000087000000, 0x0000000087000000| Untracked 
| 113|0x0000000087100000, 0x0000000087100000, 0x0000000087200000|  0%| F|  |TAMS 0x0000000087100000, 0x0000000087100000| Untracked 
| 114|0x0000000087200000, 0x0000000087200000, 0x0000000087300000|  0%| F|  |TAMS 0x0000000087200000, 0x0000000087200000| Untracked 
| 115|0x0000000087300000, 0x0000000087300000, 0x0000000087400000|  0%| F|  |TAMS 0x0000000087300000, 0x0000000087300000| Untracked 
| 116|0x0000000087400000, 0x0000000087400000, 0x0000000087500000|  0%| F|  |TAMS 0x0000000087400000, 0x0000000087400000| Untracked 
| 117|0x0000000087500000, 0x0000000087500000, 0x0000000087600000|  0%| F|  |TAMS 0x0000000087500000, 0x0000000087500000| Untracked 
| 118|0x0000000087600000, 0x0000000087600000, 0x0000000087700000|  0%| F|  |TAMS 0x0000000087600000, 0x0000000087600000| Untracked 
| 119|0x0000000087700000, 0x0000000087700000, 0x0000000087800000|  0%| F|  |TAMS 0x0000000087700000, 0x0000000087700000| Untracked 
| 120|0x0000000087800000, 0x0000000087800000, 0x0000000087900000|  0%| F|  |TAMS 0x0000000087800000, 0x0000000087800000| Untracked 
| 121|0x0000000087900000, 0x0000000087900000, 0x0000000087a00000|  0%| F|  |TAMS 0x0000000087900000, 0x0000000087900000| Untracked 
| 122|0x0000000087a00000, 0x0000000087a00000, 0x0000000087b00000|  0%| F|  |TAMS 0x0000000087a00000, 0x0000000087a00000| Untracked 
| 123|0x0000000087b00000, 0x0000000087b00000, 0x0000000087c00000|  0%| F|  |TAMS 0x0000000087b00000, 0x0000000087b00000| Untracked 
| 124|0x0000000087c00000, 0x0000000087c00000, 0x0000000087d00000|  0%| F|  |TAMS 0x0000000087c00000, 0x0000000087c00000| Untracked 
| 125|0x0000000087d00000, 0x0000000087d00000, 0x0000000087e00000|  0%| F|  |TAMS 0x0000000087d00000, 0x0000000087d00000| Untracked 
| 126|0x0000000087e00000, 0x0000000087e00000, 0x0000000087f00000|  0%| F|  |TAMS 0x0000000087e00000, 0x0000000087e00000| Untracked 
| 127|0x0000000087f00000, 0x0000000087f00000, 0x0000000088000000|  0%| F|  |TAMS 0x0000000087f00000, 0x0000000087f00000| Untracked 
| 128|0x0000000088000000, 0x0000000088000000, 0x0000000088100000|  0%| F|  |TAMS 0x0000000088000000, 0x0000000088000000| Untracked 
| 129|0x0000000088100000, 0x0000000088100000, 0x0000000088200000|  0%| F|  |TAMS 0x0000000088100000, 0x0000000088100000| Untracked 
| 130|0x0000000088200000, 0x0000000088200000, 0x0000000088300000|  0%| F|  |TAMS 0x0000000088200000, 0x0000000088200000| Untracked 
| 131|0x0000000088300000, 0x0000000088300000, 0x0000000088400000|  0%| F|  |TAMS 0x0000000088300000, 0x0000000088300000| Untracked 
| 132|0x0000000088400000, 0x0000000088400000, 0x0000000088500000|  0%| F|  |TAMS 0x0000000088400000, 0x0000000088400000| Untracked 
| 133|0x0000000088500000, 0x0000000088500000, 0x0000000088600000|  0%| F|  |TAMS 0x0000000088500000, 0x0000000088500000| Untracked 
| 134|0x0000000088600000, 0x0000000088600000, 0x0000000088700000|  0%| F|  |TAMS 0x0000000088600000, 0x0000000088600000| Untracked 
| 135|0x0000000088700000, 0x0000000088700000, 0x0000000088800000|  0%| F|  |TAMS 0x0000000088700000, 0x0000000088700000| Untracked 
| 136|0x0000000088800000, 0x0000000088800000, 0x0000000088900000|  0%| F|  |TAMS 0x0000000088800000, 0x0000000088800000| Untracked 
| 137|0x0000000088900000, 0x0000000088900000, 0x0000000088a00000|  0%| F|  |TAMS 0x0000000088900000, 0x0000000088900000| Untracked 
| 138|0x0000000088a00000, 0x0000000088a00000, 0x0000000088b00000|  0%| F|  |TAMS 0x0000000088a00000, 0x0000000088a00000| Untracked 
| 139|0x0000000088b00000, 0x0000000088b00000, 0x0000000088c00000|  0%| F|  |TAMS 0x0000000088b00000, 0x0000000088b00000| Untracked 
| 140|0x0000000088c00000, 0x0000000088c00000, 0x0000000088d00000|  0%| F|  |TAMS 0x0000000088c00000, 0x0000000088c00000| Untracked 
| 141|0x0000000088d00000, 0x0000000088d00000, 0x0000000088e00000|  0%| F|  |TAMS 0x0000000088d00000, 0x0000000088d00000| Untracked 
| 142|0x0000000088e00000, 0x0000000088e00000, 0x0000000088f00000|  0%| F|  |TAMS 0x0000000088e00000, 0x0000000088e00000| Untracked 
| 143|0x0000000088f00000, 0x0000000088f00000, 0x0000000089000000|  0%| F|  |TAMS 0x0000000088f00000, 0x0000000088f00000| Untracked 
| 144|0x0000000089000000, 0x0000000089000000, 0x0000000089100000|  0%| F|  |TAMS 0x0000000089000000, 0x0000000089000000| Untracked 
| 145|0x0000000089100000, 0x0000000089100000, 0x0000000089200000|  0%| F|  |TAMS 0x0000000089100000, 0x0000000089100000| Untracked 
| 146|0x0000000089200000, 0x0000000089200000, 0x0000000089300000|  0%| F|  |TAMS 0x0000000089200000, 0x0000000089200000| Untracked 
| 147|0x0000000089300000, 0x0000000089300000, 0x0000000089400000|  0%| F|  |TAMS 0x0000000089300000, 0x0000000089300000| Untracked 
| 148|0x0000000089400000, 0x0000000089400000, 0x0000000089500000|  0%| F|  |TAMS 0x0000000089400000, 0x0000000089400000| Untracked 
| 149|0x0000000089500000, 0x0000000089500000, 0x0000000089600000|  0%| F|  |TAMS 0x0000000089500000, 0x0000000089500000| Untracked 
| 150|0x0000000089600000, 0x0000000089600000, 0x0000000089700000|  0%| F|  |TAMS 0x0000000089600000, 0x0000000089600000| Untracked 
| 151|0x0000000089700000, 0x0000000089700000, 0x0000000089800000|  0%| F|  |TAMS 0x0000000089700000, 0x0000000089700000| Untracked 
| 152|0x0000000089800000, 0x0000000089800000, 0x0000000089900000|  0%| F|  |TAMS 0x0000000089800000, 0x0000000089800000| Untracked 
| 153|0x0000000089900000, 0x0000000089900000, 0x0000000089a00000|  0%| F|  |TAMS 0x0000000089900000, 0x0000000089900000| Untracked 
| 154|0x0000000089a00000, 0x0000000089a00000, 0x0000000089b00000|  0%| F|  |TAMS 0x0000000089a00000, 0x0000000089a00000| Untracked 
| 155|0x0000000089b00000, 0x0000000089b00000, 0x0000000089c00000|  0%| F|  |TAMS 0x0000000089b00000, 0x0000000089b00000| Untracked 
| 156|0x0000000089c00000, 0x0000000089c00000, 0x0000000089d00000|  0%| F|  |TAMS 0x0000000089c00000, 0x0000000089c00000| Untracked 
| 157|0x0000000089d00000, 0x0000000089d00000, 0x0000000089e00000|  0%| F|  |TAMS 0x0000000089d00000, 0x0000000089d00000| Untracked 
| 158|0x0000000089e00000, 0x0000000089e00000, 0x0000000089f00000|  0%| F|  |TAMS 0x0000000089e00000, 0x0000000089e00000| Untracked 
| 159|0x0000000089f00000, 0x0000000089f00000, 0x000000008a000000|  0%| F|  |TAMS 0x0000000089f00000, 0x0000000089f00000| Untracked 
| 160|0x000000008a000000, 0x000000008a000000, 0x000000008a100000|  0%| F|  |TAMS 0x000000008a000000, 0x000000008a000000| Untracked 
| 161|0x000000008a100000, 0x000000008a100000, 0x000000008a200000|  0%| F|  |TAMS 0x000000008a100000, 0x000000008a100000| Untracked 
| 162|0x000000008a200000, 0x000000008a200000, 0x000000008a300000|  0%| F|  |TAMS 0x000000008a200000, 0x000000008a200000| Untracked 
| 163|0x000000008a300000, 0x000000008a300000, 0x000000008a400000|  0%| F|  |TAMS 0x000000008a300000, 0x000000008a300000| Untracked 
| 164|0x000000008a400000, 0x000000008a400000, 0x000000008a500000|  0%| F|  |TAMS 0x000000008a400000, 0x000000008a400000| Untracked 
| 165|0x000000008a500000, 0x000000008a500000, 0x000000008a600000|  0%| F|  |TAMS 0x000000008a500000, 0x000000008a500000| Untracked 
| 166|0x000000008a600000, 0x000000008a600000, 0x000000008a700000|  0%| F|  |TAMS 0x000000008a600000, 0x000000008a600000| Untracked 
| 167|0x000000008a700000, 0x000000008a700000, 0x000000008a800000|  0%| F|  |TAMS 0x000000008a700000, 0x000000008a700000| Untracked 
| 168|0x000000008a800000, 0x000000008a800000, 0x000000008a900000|  0%| F|  |TAMS 0x000000008a800000, 0x000000008a800000| Untracked 
| 169|0x000000008a900000, 0x000000008a900000, 0x000000008aa00000|  0%| F|  |TAMS 0x000000008a900000, 0x000000008a900000| Untracked 
| 170|0x000000008aa00000, 0x000000008aa00000, 0x000000008ab00000|  0%| F|  |TAMS 0x000000008aa00000, 0x000000008aa00000| Untracked 
| 171|0x000000008ab00000, 0x000000008ab00000, 0x000000008ac00000|  0%| F|  |TAMS 0x000000008ab00000, 0x000000008ab00000| Untracked 
| 172|0x000000008ac00000, 0x000000008ac00000, 0x000000008ad00000|  0%| F|  |TAMS 0x000000008ac00000, 0x000000008ac00000| Untracked 
| 173|0x000000008ad00000, 0x000000008ad00000, 0x000000008ae00000|  0%| F|  |TAMS 0x000000008ad00000, 0x000000008ad00000| Untracked 
| 174|0x000000008ae00000, 0x000000008ae00000, 0x000000008af00000|  0%| F|  |TAMS 0x000000008ae00000, 0x000000008ae00000| Untracked 
| 175|0x000000008af00000, 0x000000008af00000, 0x000000008b000000|  0%| F|  |TAMS 0x000000008af00000, 0x000000008af00000| Untracked 
| 176|0x000000008b000000, 0x000000008b000000, 0x000000008b100000|  0%| F|  |TAMS 0x000000008b000000, 0x000000008b000000| Untracked 
| 177|0x000000008b100000, 0x000000008b100000, 0x000000008b200000|  0%| F|  |TAMS 0x000000008b100000, 0x000000008b100000| Untracked 
| 178|0x000000008b200000, 0x000000008b200000, 0x000000008b300000|  0%| F|  |TAMS 0x000000008b200000, 0x000000008b200000| Untracked 
| 179|0x000000008b300000, 0x000000008b300000, 0x000000008b400000|  0%| F|  |TAMS 0x000000008b300000, 0x000000008b300000| Untracked 
| 180|0x000000008b400000, 0x000000008b400000, 0x000000008b500000|  0%| F|  |TAMS 0x000000008b400000, 0x000000008b400000| Untracked 
| 181|0x000000008b500000, 0x000000008b500000, 0x000000008b600000|  0%| F|  |TAMS 0x000000008b500000, 0x000000008b500000| Untracked 
| 182|0x000000008b600000, 0x000000008b600000, 0x000000008b700000|  0%| F|  |TAMS 0x000000008b600000, 0x000000008b600000| Untracked 
| 183|0x000000008b700000, 0x000000008b700000, 0x000000008b800000|  0%| F|  |TAMS 0x000000008b700000, 0x000000008b700000| Untracked 
| 184|0x000000008b800000, 0x000000008b800000, 0x000000008b900000|  0%| F|  |TAMS 0x000000008b800000, 0x000000008b800000| Untracked 
| 185|0x000000008b900000, 0x000000008b900000, 0x000000008ba00000|  0%| F|  |TAMS 0x000000008b900000, 0x000000008b900000| Untracked 
| 186|0x000000008ba00000, 0x000000008ba00000, 0x000000008bb00000|  0%| F|  |TAMS 0x000000008ba00000, 0x000000008ba00000| Untracked 
| 187|0x000000008bb00000, 0x000000008bb00000, 0x000000008bc00000|  0%| F|  |TAMS 0x000000008bb00000, 0x000000008bb00000| Untracked 
| 188|0x000000008bc00000, 0x000000008bc00000, 0x000000008bd00000|  0%| F|  |TAMS 0x000000008bc00000, 0x000000008bc00000| Untracked 
| 189|0x000000008bd00000, 0x000000008bd00000, 0x000000008be00000|  0%| F|  |TAMS 0x000000008bd00000, 0x000000008bd00000| Untracked 
| 190|0x000000008be00000, 0x000000008be00000, 0x000000008bf00000|  0%| F|  |TAMS 0x000000008be00000, 0x000000008be00000| Untracked 
| 191|0x000000008bf00000, 0x000000008bf00000, 0x000000008c000000|  0%| F|  |TAMS 0x000000008bf00000, 0x000000008bf00000| Untracked 
| 192|0x000000008c000000, 0x000000008c000000, 0x000000008c100000|  0%| F|  |TAMS 0x000000008c000000, 0x000000008c000000| Untracked 
| 193|0x000000008c100000, 0x000000008c100000, 0x000000008c200000|  0%| F|  |TAMS 0x000000008c100000, 0x000000008c100000| Untracked 
| 194|0x000000008c200000, 0x000000008c200000, 0x000000008c300000|  0%| F|  |TAMS 0x000000008c200000, 0x000000008c200000| Untracked 
| 195|0x000000008c300000, 0x000000008c300000, 0x000000008c400000|  0%| F|  |TAMS 0x000000008c300000, 0x000000008c300000| Untracked 
| 196|0x000000008c400000, 0x000000008c400000, 0x000000008c500000|  0%| F|  |TAMS 0x000000008c400000, 0x000000008c400000| Untracked 
| 197|0x000000008c500000, 0x000000008c500000, 0x000000008c600000|  0%| F|  |TAMS 0x000000008c500000, 0x000000008c500000| Untracked 
| 198|0x000000008c600000, 0x000000008c600000, 0x000000008c700000|  0%| F|  |TAMS 0x000000008c600000, 0x000000008c600000| Untracked 
| 199|0x000000008c700000, 0x000000008c700000, 0x000000008c800000|  0%| F|  |TAMS 0x000000008c700000, 0x000000008c700000| Untracked 
| 200|0x000000008c800000, 0x000000008c800000, 0x000000008c900000|  0%| F|  |TAMS 0x000000008c800000, 0x000000008c800000| Untracked 
| 201|0x000000008c900000, 0x000000008c900000, 0x000000008ca00000|  0%| F|  |TAMS 0x000000008c900000, 0x000000008c900000| Untracked 
| 202|0x000000008ca00000, 0x000000008ca00000, 0x000000008cb00000|  0%| F|  |TAMS 0x000000008ca00000, 0x000000008ca00000| Untracked 
| 203|0x000000008cb00000, 0x000000008cb00000, 0x000000008cc00000|  0%| F|  |TAMS 0x000000008cb00000, 0x000000008cb00000| Untracked 
| 204|0x000000008cc00000, 0x000000008cc00000, 0x000000008cd00000|  0%| F|  |TAMS 0x000000008cc00000, 0x000000008cc00000| Untracked 
| 205|0x000000008cd00000, 0x000000008cd00000, 0x000000008ce00000|  0%| F|  |TAMS 0x000000008cd00000, 0x000000008cd00000| Untracked 
| 206|0x000000008ce00000, 0x000000008ce00000, 0x000000008cf00000|  0%| F|  |TAMS 0x000000008ce00000, 0x000000008ce00000| Untracked 
| 207|0x000000008cf00000, 0x000000008cf00000, 0x000000008d000000|  0%| F|  |TAMS 0x000000008cf00000, 0x000000008cf00000| Untracked 
| 208|0x000000008d000000, 0x000000008d000000, 0x000000008d100000|  0%| F|  |TAMS 0x000000008d000000, 0x000000008d000000| Untracked 
| 209|0x000000008d100000, 0x000000008d100000, 0x000000008d200000|  0%| F|  |TAMS 0x000000008d100000, 0x000000008d100000| Untracked 
| 210|0x000000008d200000, 0x000000008d200000, 0x000000008d300000|  0%| F|  |TAMS 0x000000008d200000, 0x000000008d200000| Untracked 
| 211|0x000000008d300000, 0x000000008d300000, 0x000000008d400000|  0%| F|  |TAMS 0x000000008d300000, 0x000000008d300000| Untracked 
| 212|0x000000008d400000, 0x000000008d400000, 0x000000008d500000|  0%| F|  |TAMS 0x000000008d400000, 0x000000008d400000| Untracked 
| 213|0x000000008d500000, 0x000000008d500000, 0x000000008d600000|  0%| F|  |TAMS 0x000000008d500000, 0x000000008d500000| Untracked 
| 214|0x000000008d600000, 0x000000008d600000, 0x000000008d700000|  0%| F|  |TAMS 0x000000008d600000, 0x000000008d600000| Untracked 
| 215|0x000000008d700000, 0x000000008d700000, 0x000000008d800000|  0%| F|  |TAMS 0x000000008d700000, 0x000000008d700000| Untracked 
| 216|0x000000008d800000, 0x000000008d800000, 0x000000008d900000|  0%| F|  |TAMS 0x000000008d800000, 0x000000008d800000| Untracked 
| 217|0x000000008d900000, 0x000000008d900000, 0x000000008da00000|  0%| F|  |TAMS 0x000000008d900000, 0x000000008d900000| Untracked 
| 218|0x000000008da00000, 0x000000008da40010, 0x000000008db00000| 25%| S|CS|TAMS 0x000000008da00000, 0x000000008da00000| Complete 
| 219|0x000000008db00000, 0x000000008dc00000, 0x000000008dc00000|100%| S|CS|TAMS 0x000000008db00000, 0x000000008db00000| Complete 
| 220|0x000000008dc00000, 0x000000008dd00000, 0x000000008dd00000|100%| S|CS|TAMS 0x000000008dc00000, 0x000000008dc00000| Complete 
| 221|0x000000008dd00000, 0x000000008de00000, 0x000000008de00000|100%| S|CS|TAMS 0x000000008dd00000, 0x000000008dd00000| Complete 
| 222|0x000000008de00000, 0x000000008de00000, 0x000000008df00000|  0%| F|  |TAMS 0x000000008de00000, 0x000000008de00000| Untracked 
| 223|0x000000008df00000, 0x000000008df00000, 0x000000008e000000|  0%| F|  |TAMS 0x000000008df00000, 0x000000008df00000| Untracked 
| 224|0x000000008e000000, 0x000000008e000000, 0x000000008e100000|  0%| F|  |TAMS 0x000000008e000000, 0x000000008e000000| Untracked 
| 225|0x000000008e100000, 0x000000008e100000, 0x000000008e200000|  0%| F|  |TAMS 0x000000008e100000, 0x000000008e100000| Untracked 
| 226|0x000000008e200000, 0x000000008e200000, 0x000000008e300000|  0%| F|  |TAMS 0x000000008e200000, 0x000000008e200000| Untracked 
| 227|0x000000008e300000, 0x000000008e300000, 0x000000008e400000|  0%| F|  |TAMS 0x000000008e300000, 0x000000008e300000| Untracked 
| 228|0x000000008e400000, 0x000000008e400000, 0x000000008e500000|  0%| F|  |TAMS 0x000000008e400000, 0x000000008e400000| Untracked 
| 229|0x000000008e500000, 0x000000008e500000, 0x000000008e600000|  0%| F|  |TAMS 0x000000008e500000, 0x000000008e500000| Untracked 
| 230|0x000000008e600000, 0x000000008e600000, 0x000000008e700000|  0%| F|  |TAMS 0x000000008e600000, 0x000000008e600000| Untracked 
| 231|0x000000008e700000, 0x000000008e700000, 0x000000008e800000|  0%| F|  |TAMS 0x000000008e700000, 0x000000008e700000| Untracked 
| 232|0x000000008e800000, 0x000000008e800000, 0x000000008e900000|  0%| F|  |TAMS 0x000000008e800000, 0x000000008e800000| Untracked 
| 233|0x000000008e900000, 0x000000008e900000, 0x000000008ea00000|  0%| F|  |TAMS 0x000000008e900000, 0x000000008e900000| Untracked 
| 234|0x000000008ea00000, 0x000000008ea00000, 0x000000008eb00000|  0%| F|  |TAMS 0x000000008ea00000, 0x000000008ea00000| Untracked 
| 235|0x000000008eb00000, 0x000000008eb00000, 0x000000008ec00000|  0%| F|  |TAMS 0x000000008eb00000, 0x000000008eb00000| Untracked 
| 236|0x000000008ec00000, 0x000000008ec00000, 0x000000008ed00000|  0%| F|  |TAMS 0x000000008ec00000, 0x000000008ec00000| Untracked 
| 237|0x000000008ed00000, 0x000000008ed00000, 0x000000008ee00000|  0%| F|  |TAMS 0x000000008ed00000, 0x000000008ed00000| Untracked 
| 238|0x000000008ee00000, 0x000000008ee00000, 0x000000008ef00000|  0%| F|  |TAMS 0x000000008ee00000, 0x000000008ee00000| Untracked 
| 239|0x000000008ef00000, 0x000000008ef00000, 0x000000008f000000|  0%| F|  |TAMS 0x000000008ef00000, 0x000000008ef00000| Untracked 
| 240|0x000000008f000000, 0x000000008f000000, 0x000000008f100000|  0%| F|  |TAMS 0x000000008f000000, 0x000000008f000000| Untracked 
| 241|0x000000008f100000, 0x000000008f100000, 0x000000008f200000|  0%| F|  |TAMS 0x000000008f100000, 0x000000008f100000| Untracked 
| 242|0x000000008f200000, 0x000000008f200000, 0x000000008f300000|  0%| F|  |TAMS 0x000000008f200000, 0x000000008f200000| Untracked 
| 243|0x000000008f300000, 0x000000008f300000, 0x000000008f400000|  0%| F|  |TAMS 0x000000008f300000, 0x000000008f300000| Untracked 
| 244|0x000000008f400000, 0x000000008f400000, 0x000000008f500000|  0%| F|  |TAMS 0x000000008f400000, 0x000000008f400000| Untracked 
| 245|0x000000008f500000, 0x000000008f500000, 0x000000008f600000|  0%| F|  |TAMS 0x000000008f500000, 0x000000008f500000| Untracked 
| 246|0x000000008f600000, 0x000000008f600000, 0x000000008f700000|  0%| F|  |TAMS 0x000000008f600000, 0x000000008f600000| Untracked 
| 247|0x000000008f700000, 0x000000008f700000, 0x000000008f800000|  0%| F|  |TAMS 0x000000008f700000, 0x000000008f700000| Untracked 
| 248|0x000000008f800000, 0x000000008f800000, 0x000000008f900000|  0%| F|  |TAMS 0x000000008f800000, 0x000000008f800000| Untracked 
| 249|0x000000008f900000, 0x000000008f900000, 0x000000008fa00000|  0%| F|  |TAMS 0x000000008f900000, 0x000000008f900000| Untracked 
| 250|0x000000008fa00000, 0x000000008fa00000, 0x000000008fb00000|  0%| F|  |TAMS 0x000000008fa00000, 0x000000008fa00000| Untracked 
| 251|0x000000008fb00000, 0x000000008fb00000, 0x000000008fc00000|  0%| F|  |TAMS 0x000000008fb00000, 0x000000008fb00000| Untracked 
| 252|0x000000008fc00000, 0x000000008fc00000, 0x000000008fd00000|  0%| F|  |TAMS 0x000000008fc00000, 0x000000008fc00000| Untracked 
| 253|0x000000008fd00000, 0x000000008fd00000, 0x000000008fe00000|  0%| F|  |TAMS 0x000000008fd00000, 0x000000008fd00000| Untracked 
| 254|0x000000008fe00000, 0x000000008fe00000, 0x000000008ff00000|  0%| F|  |TAMS 0x000000008fe00000, 0x000000008fe00000| Untracked 
| 255|0x000000008ff00000, 0x000000008ffb2548, 0x0000000090000000| 69%| E|  |TAMS 0x000000008ff00000, 0x000000008ff00000| Complete 

Card table byte_map: [0x0000023f72280000,0x0000023f72680000] _byte_map_base: 0x0000023f71e80000

Marking Bits (Prev, Next): (CMBitMap*) 0x0000023f5e95ed58, (CMBitMap*) 0x0000023f5e95ed90
 Prev Bits: [0x0000023f72a80000, 0x0000023f74a80000)
 Next Bits: [0x0000023f74a80000, 0x0000023f76a80000)

Polling page: 0x0000023f5d080000

Metaspace:

Usage:
  Non-class:     89.61 MB capacity,    87.78 MB ( 98%) used,     1.47 MB (  2%) free+waste,   359.63 KB ( <1%) overhead. 
      Class:     14.57 MB capacity,    13.39 MB ( 92%) used,     1.01 MB (  7%) free+waste,   170.25 KB (  1%) overhead. 
       Both:    104.18 MB capacity,   101.18 MB ( 97%) used,     2.48 MB (  2%) free+waste,   529.88 KB ( <1%) overhead. 

Virtual space:
  Non-class space:      106.00 MB reserved,      89.75 MB ( 85%) committed 
      Class space:        1.00 GB reserved,      14.63 MB (  1%) committed 
             Both:        1.10 GB reserved,     104.38 MB (  9%) committed 

Chunk freelists:
   Non-Class:  0 bytes
       Class:  0 bytes
        Both:  0 bytes

MaxMetaspaceSize: 17179869184.00 GB
CompressedClassSpaceSize: 1.00 GB

CodeHeap 'non-profiled nmethods': size=120000Kb used=8625Kb max_used=8625Kb free=111374Kb
 bounds [0x0000023f69ee0000, 0x0000023f6a750000, 0x0000023f71410000]
CodeHeap 'profiled nmethods': size=120000Kb used=27135Kb max_used=27135Kb free=92864Kb
 bounds [0x0000023f629b0000, 0x0000023f64430000, 0x0000023f69ee0000]
CodeHeap 'non-nmethods': size=5760Kb used=2313Kb max_used=2338Kb free=3446Kb
 bounds [0x0000023f62410000, 0x0000023f62680000, 0x0000023f629b0000]
 total_blobs=13731 nmethods=12804 adapters=838
 compilation: enabled
              stopped_count=0, restarted_count=0
 full_count=0

Compilation events (20 events):
Event: 25.185 Thread 0x0000023f79da0800 12822       3       com.android.tools.r8.internal.d5$a::a (13 bytes)
Event: 25.185 Thread 0x0000023f79da0800 nmethod 12822 0x0000023f6a742290 code [0x0000023f6a742480, 0x0000023f6a742938]
Event: 25.185 Thread 0x0000023f79da0800 12823       3       com.android.tools.r8.graph.c::c (6 bytes)
Event: 25.185 Thread 0x0000023f79da0800 nmethod 12823 0x0000023f6440fd90 code [0x0000023f6440ffc0, 0x0000023f644106f8]
Event: 25.185 Thread 0x0000023f79da0800 12824       3       java.util.PriorityQueue::indexOf (43 bytes)
Event: 25.185 Thread 0x0000023f79da0800 nmethod 12824 0x0000023f64410990 code [0x0000023f64410b60, 0x0000023f64410ea8]
Event: 25.186 Thread 0x0000023f79da0800 12804       3       com.android.tools.r8.code.v1::<init> (10 bytes)
Event: 25.186 Thread 0x0000023f79da0800 nmethod 12804 0x0000023f64411010 code [0x0000023f644111c0, 0x0000023f64411318]
Event: 25.186 Thread 0x0000023f79da0800 12825       3       com.android.tools.r8.internal.Eq::a (123 bytes)
Event: 25.186 Thread 0x0000023f79da0800 nmethod 12825 0x0000023f64411410 code [0x0000023f64411720, 0x0000023f64412488]
Event: 25.186 Thread 0x0000023f79da0800 12819       1       com.android.tools.r8.ir.regalloc.b::g (5 bytes)
Event: 25.186 Thread 0x0000023f79da0800 nmethod 12819 0x0000023f6a742a90 code [0x0000023f6a742c40, 0x0000023f6a742cf8]
Event: 25.186 Thread 0x0000023f79da0800 12794       1       com.android.tools.r8.ir.regalloc.b::h (5 bytes)
Event: 25.186 Thread 0x0000023f79da0800 nmethod 12794 0x0000023f6a742d90 code [0x0000023f6a742f40, 0x0000023f6a742ff8]
Event: 25.186 Thread 0x0000023f79da0800 12818       1       com.android.tools.r8.internal.k4$g::f (2 bytes)
Event: 25.186 Thread 0x0000023f79da0800 nmethod 12818 0x0000023f6a743090 code [0x0000023f6a743240, 0x0000023f6a7432f8]
Event: 25.186 Thread 0x0000023f79da0800 12793       1       com.android.tools.r8.internal.Lv::b (2 bytes)
Event: 25.186 Thread 0x0000023f79da0800 nmethod 12793 0x0000023f6a743390 code [0x0000023f6a743540, 0x0000023f6a7435f8]
Event: 25.186 Thread 0x0000023f79da0800 12817       1       com.android.tools.r8.internal.M9::p (5 bytes)
Event: 25.187 Thread 0x0000023f79da0800 nmethod 12817 0x0000023f6a743690 code [0x0000023f6a743840, 0x0000023f6a7438f8]

GC Heap History (20 events):
Event: 7.693 GC heap before
{Heap before GC invocations=8 (full 0):
 garbage-first heap   total 262144K, used 54762K [0x0000000080000000, 0x0000000100000000)
  region size 1024K, 25 young (25600K), 19 survivors (19456K)
 Metaspace       used 58571K, capacity 60058K, committed 60160K, reserved 1101824K
  class space    used 7434K, capacity 8003K, committed 8064K, reserved 1048576K
}
Event: 7.721 GC heap after
{Heap after GC invocations=9 (full 0):
 garbage-first heap   total 262144K, used 52875K [0x0000000080000000, 0x0000000100000000)
  region size 1024K, 3 young (3072K), 3 survivors (3072K)
 Metaspace       used 58571K, capacity 60058K, committed 60160K, reserved 1101824K
  class space    used 7434K, capacity 8003K, committed 8064K, reserved 1048576K
}
Event: 8.802 GC heap before
{Heap before GC invocations=10 (full 0):
 garbage-first heap   total 262144K, used 136843K [0x0000000080000000, 0x0000000100000000)
  region size 1024K, 85 young (87040K), 3 survivors (3072K)
 Metaspace       used 65947K, capacity 67535K, committed 67584K, reserved 1107968K
  class space    used 8357K, capacity 8919K, committed 8960K, reserved 1048576K
}
Event: 8.808 GC heap after
{Heap after GC invocations=11 (full 0):
 garbage-first heap   total 262144K, used 56401K [0x0000000080000000, 0x0000000100000000)
  region size 1024K, 7 young (7168K), 7 survivors (7168K)
 Metaspace       used 65947K, capacity 67535K, committed 67584K, reserved 1107968K
  class space    used 8357K, capacity 8919K, committed 8960K, reserved 1048576K
}
Event: 9.760 GC heap before
{Heap before GC invocations=12 (full 0):
 garbage-first heap   total 262144K, used 147537K [0x0000000080000000, 0x0000000100000000)
  region size 1024K, 96 young (98304K), 7 survivors (7168K)
 Metaspace       used 71865K, capacity 73566K, committed 73728K, reserved 1114112K
  class space    used 9268K, capacity 9897K, committed 9984K, reserved 1048576K
}
Event: 9.769 GC heap after
{Heap after GC invocations=13 (full 0):
 garbage-first heap   total 262144K, used 63320K [0x0000000080000000, 0x0000000100000000)
  region size 1024K, 12 young (12288K), 12 survivors (12288K)
 Metaspace       used 71865K, capacity 73566K, committed 73728K, reserved 1114112K
  class space    used 9268K, capacity 9897K, committed 9984K, reserved 1048576K
}
Event: 11.027 GC heap before
{Heap before GC invocations=13 (full 0):
 garbage-first heap   total 262144K, used 167768K [0x0000000080000000, 0x0000000100000000)
  region size 1024K, 106 young (108544K), 12 survivors (12288K)
 Metaspace       used 79546K, capacity 81353K, committed 81408K, reserved 1120256K
  class space    used 10336K, capacity 11004K, committed 11008K, reserved 1048576K
}
Event: 11.039 GC heap after
{Heap after GC invocations=14 (full 0):
 garbage-first heap   total 262144K, used 69982K [0x0000000080000000, 0x0000000100000000)
  region size 1024K, 13 young (13312K), 13 survivors (13312K)
 Metaspace       used 79546K, capacity 81353K, committed 81408K, reserved 1120256K
  class space    used 10336K, capacity 11004K, committed 11008K, reserved 1048576K
}
Event: 12.371 GC heap before
{Heap before GC invocations=14 (full 0):
 garbage-first heap   total 262144K, used 167262K [0x0000000080000000, 0x0000000100000000)
  region size 1024K, 109 young (111616K), 13 survivors (13312K)
 Metaspace       used 84531K, capacity 86801K, committed 86912K, reserved 1124352K
  class space    used 11038K, capacity 11844K, committed 11904K, reserved 1048576K
}
Event: 12.389 GC heap after
{Heap after GC invocations=15 (full 0):
 garbage-first heap   total 262144K, used 79717K [0x0000000080000000, 0x0000000100000000)
  region size 1024K, 14 young (14336K), 14 survivors (14336K)
 Metaspace       used 84531K, capacity 86801K, committed 86912K, reserved 1124352K
  class space    used 11038K, capacity 11844K, committed 11904K, reserved 1048576K
}
Event: 13.286 GC heap before
{Heap before GC invocations=15 (full 0):
 garbage-first heap   total 262144K, used 176997K [0x0000000080000000, 0x0000000100000000)
  region size 1024K, 110 young (112640K), 14 survivors (14336K)
 Metaspace       used 85386K, capacity 87645K, committed 87808K, reserved 1124352K
  class space    used 11083K, capacity 11929K, committed 12032K, reserved 1048576K
}
Event: 13.303 GC heap after
{Heap after GC invocations=16 (full 0):
 garbage-first heap   total 262144K, used 87222K [0x0000000080000000, 0x0000000100000000)
  region size 1024K, 8 young (8192K), 8 survivors (8192K)
 Metaspace       used 85386K, capacity 87645K, committed 87808K, reserved 1124352K
  class space    used 11083K, capacity 11929K, committed 12032K, reserved 1048576K
}
Event: 14.054 GC heap before
{Heap before GC invocations=16 (full 0):
 garbage-first heap   total 262144K, used 184502K [0x0000000080000000, 0x0000000100000000)
  region size 1024K, 104 young (106496K), 8 survivors (8192K)
 Metaspace       used 85960K, capacity 88227K, committed 88320K, reserved 1126400K
  class space    used 11151K, capacity 11976K, committed 12032K, reserved 1048576K
}
Event: 14.064 GC heap after
{Heap after GC invocations=17 (full 0):
 garbage-first heap   total 262144K, used 92618K [0x0000000080000000, 0x0000000100000000)
  region size 1024K, 8 young (8192K), 8 survivors (8192K)
 Metaspace       used 85960K, capacity 88227K, committed 88320K, reserved 1126400K
  class space    used 11151K, capacity 11976K, committed 12032K, reserved 1048576K
}
Event: 15.049 GC heap before
{Heap before GC invocations=17 (full 0):
 garbage-first heap   total 262144K, used 191946K [0x0000000080000000, 0x0000000100000000)
  region size 1024K, 105 young (107520K), 8 survivors (8192K)
 Metaspace       used 91286K, capacity 93521K, committed 93568K, reserved 1130496K
  class space    used 11818K, capacity 12667K, committed 12672K, reserved 1048576K
}
Event: 15.059 GC heap after
{Heap after GC invocations=18 (full 0):
 garbage-first heap   total 262144K, used 97467K [0x0000000080000000, 0x0000000100000000)
  region size 1024K, 13 young (13312K), 13 survivors (13312K)
 Metaspace       used 91286K, capacity 93521K, committed 93568K, reserved 1130496K
  class space    used 11818K, capacity 12667K, committed 12672K, reserved 1048576K
}
Event: 15.816 GC heap before
{Heap before GC invocations=18 (full 0):
 garbage-first heap   total 262144K, used 195771K [0x0000000080000000, 0x0000000100000000)
  region size 1024K, 110 young (112640K), 13 survivors (13312K)
 Metaspace       used 91520K, capacity 93797K, committed 93824K, reserved 1130496K
  class space    used 11832K, capacity 12672K, committed 12672K, reserved 1048576K
}
Event: 15.831 GC heap after
{Heap after GC invocations=19 (full 0):
 garbage-first heap   total 262144K, used 102015K [0x0000000080000000, 0x0000000100000000)
  region size 1024K, 12 young (12288K), 12 survivors (12288K)
 Metaspace       used 91520K, capacity 93797K, committed 93824K, reserved 1130496K
  class space    used 11832K, capacity 12672K, committed 12672K, reserved 1048576K
}
Event: 23.858 GC heap before
{Heap before GC invocations=19 (full 0):
 garbage-first heap   total 262144K, used 202367K [0x0000000080000000, 0x0000000100000000)
  region size 1024K, 109 young (111616K), 12 survivors (12288K)
 Metaspace       used 96057K, capacity 98510K, committed 98688K, reserved 1134592K
  class space    used 12432K, capacity 13339K, committed 13440K, reserved 1048576K
}
Event: 23.870 GC heap after
{Heap after GC invocations=20 (full 0):
 garbage-first heap   total 262144K, used 110458K [0x0000000080000000, 0x0000000100000000)
  region size 1024K, 13 young (13312K), 13 survivors (13312K)
 Metaspace       used 96057K, capacity 98510K, committed 98688K, reserved 1134592K
  class space    used 12432K, capacity 13339K, committed 13440K, reserved 1048576K
}

Deoptimization events (20 events):
Event: 25.056 Thread 0x0000023f003ac800 Uncommon trap: trap_request=0xffffffde fr.pc=0x0000023f6a2d8904 relative=0x00000000000003a4
Event: 25.056 Thread 0x0000023f003ac800 Uncommon trap: reason=class_check action=maybe_recompile pc=0x0000023f6a2d8904 method=java.util.Spliterators$IteratorSpliterator.tryAdvance(Ljava/util/function/Consumer;)Z @ 68 c2
Event: 25.056 Thread 0x0000023f003ac800 DEOPT PACKING pc=0x0000023f6a2d8904 sp=0x000000e5336fc580
Event: 25.056 Thread 0x0000023f003ac800 DEOPT UNPACKING pc=0x0000023f624378af sp=0x000000e5336fc518 mode 2
Event: 25.069 Thread 0x0000023f003a9800 DEOPT PACKING pc=0x0000023f6431e49b sp=0x000000e5338fc2a0
Event: 25.069 Thread 0x0000023f003a9800 DEOPT UNPACKING pc=0x0000023f624376ce sp=0x000000e5338fb710 mode 0
Event: 25.081 Thread 0x0000023f003ac800 Uncommon trap: trap_request=0xffffff4d fr.pc=0x0000023f6a3c33f0 relative=0x0000000000000670
Event: 25.081 Thread 0x0000023f003ac800 Uncommon trap: reason=unstable_if action=reinterpret pc=0x0000023f6a3c33f0 method=java.util.HashMap$HashIterator.<init>(Ljava/util/HashMap;)V @ 45 c2
Event: 25.081 Thread 0x0000023f003ac800 DEOPT PACKING pc=0x0000023f6a3c33f0 sp=0x000000e5336fc4e0
Event: 25.081 Thread 0x0000023f003ac800 DEOPT UNPACKING pc=0x0000023f624378af sp=0x000000e5336fc370 mode 2
Event: 25.081 Thread 0x0000023f003ac800 Uncommon trap: trap_request=0xffffff4d fr.pc=0x0000023f6a3f56f4 relative=0x0000000000000354
Event: 25.081 Thread 0x0000023f003ac800 Uncommon trap: reason=unstable_if action=reinterpret pc=0x0000023f6a3f56f4 method=java.util.HashMap$HashIterator.<init>(Ljava/util/HashMap;)V @ 45 c2
Event: 25.081 Thread 0x0000023f003ac800 DEOPT PACKING pc=0x0000023f6a3f56f4 sp=0x000000e5336fc420
Event: 25.081 Thread 0x0000023f003ac800 DEOPT UNPACKING pc=0x0000023f624378af sp=0x000000e5336fc3d8 mode 2
Event: 25.159 Thread 0x0000023f003a9800 DEOPT PACKING pc=0x0000023f6431e49b sp=0x000000e5338fc8e0
Event: 25.159 Thread 0x0000023f003a9800 DEOPT UNPACKING pc=0x0000023f624376ce sp=0x000000e5338fbd50 mode 0
Event: 25.172 Thread 0x0000023f003a9800 Uncommon trap: trap_request=0xffffff4d fr.pc=0x0000023f6a131c60 relative=0x0000000000000c40
Event: 25.172 Thread 0x0000023f003a9800 Uncommon trap: reason=unstable_if action=reinterpret pc=0x0000023f6a131c60 method=java.util.HashMap.computeIfAbsent(Ljava/lang/Object;Ljava/util/function/Function;)Ljava/lang/Object; @ 145 c2
Event: 25.172 Thread 0x0000023f003a9800 DEOPT PACKING pc=0x0000023f6a131c60 sp=0x000000e5338fc860
Event: 25.172 Thread 0x0000023f003a9800 DEOPT UNPACKING pc=0x0000023f624378af sp=0x000000e5338fc830 mode 2

Classes redefined (0 events):
No events

Internal exceptions (20 events):
Event: 24.343 Thread 0x0000023f003ac800 Exception <a 'java/lang/NoSuchMethodError'{0x000000008fa081b8}: 'void java.lang.invoke.DirectMethodHandle$Holder.invokeStatic(java.lang.Object, java.lang.Object, java.lang.Object, int)'> (0x000000008fa081b8) thrown at [./src/hotspot/share/interpreter/linkResolver.cpp, line 773]
Event: 24.344 Thread 0x0000023f003ac800 Exception <a 'java/lang/IncompatibleClassChangeError'{0x000000008fa0d7d0}: Found class java.lang.Object, but interface was expected> (0x000000008fa0d7d0) thrown at [./src/hotspot/share/interpreter/linkResolver.cpp, line 839]
Event: 24.344 Thread 0x0000023f003a9800 Exception <a 'java/lang/IncompatibleClassChangeError'{0x000000008fbb49e8}: Found class java.lang.Object, but interface was expected> (0x000000008fbb49e8) thrown at [./src/hotspot/share/interpreter/linkResolver.cpp, line 839]
Event: 24.553 Thread 0x0000023f003a9800 Exception <a 'java/lang/NoSuchMethodError'{0x000000008f637a08}: 'java.lang.Object java.lang.invoke.DirectMethodHandle$Holder.invokeStatic(java.lang.Object, int, java.lang.Object, java.lang.Object)'> (0x000000008f637a08) thrown at [./src/hotspot/share/interpreter/linkResolver.cpp, line 773]
Event: 24.553 Thread 0x0000023f003ac800 Exception <a 'java/lang/NoSuchMethodError'{0x000000008f646f88}: 'java.lang.Object java.lang.invoke.DirectMethodHandle$Holder.invokeStatic(java.lang.Object, int, java.lang.Object, java.lang.Object)'> (0x000000008f646f88) thrown at [./src/hotspot/share/interpreter/linkResolver.cpp, line 773]
Event: 24.570 Thread 0x0000023f003a9800 Exception <a 'java/lang/NoSuchMethodError'{0x000000008f5772e0}: 'int java.lang.invoke.DirectMethodHandle$Holder.invokeVirtual(java.lang.Object, java.lang.Object, java.lang.Object)'> (0x000000008f5772e0) thrown at [./src/hotspot/share/interpreter/linkResolver.cpp, line 773]
Event: 24.570 Thread 0x0000023f003ac800 Exception <a 'java/lang/NoSuchMethodError'{0x000000008f579ac8}: 'int java.lang.invoke.DirectMethodHandle$Holder.invokeVirtual(java.lang.Object, java.lang.Object, java.lang.Object)'> (0x000000008f579ac8) thrown at [./src/hotspot/share/interpreter/linkResolver.cpp, line 773]
Event: 24.579 Thread 0x0000023f003ac800 Exception <a 'java/lang/NoSuchMethodError'{0x000000008f5ee8b8}: 'java.lang.Object java.lang.invoke.Invokers$Holder.linkToTargetMethod(java.lang.Object, java.lang.Object, java.lang.Object, java.lang.Object, java.lang.Object, java.lang.Object, java.lang.Object)'> (0x000000008f5ee8b8) thrown at [./src/hotspot/share/interpreter/linkResolver.cpp, line 773]
Event: 24.579 Thread 0x0000023f003a9800 Exception <a 'java/lang/NoSuchMethodError'{0x000000008f4083e0}: 'java.lang.Object java.lang.invoke.Invokers$Holder.linkToTargetMethod(java.lang.Object, java.lang.Object, java.lang.Object, java.lang.Object, java.lang.Object, java.lang.Object, java.lang.Object)'> (0x000000008f4083e0) thrown at [./src/hotspot/share/interpreter/linkResolver.cpp, line 773]
Event: 24.675 Thread 0x0000023f003a9800 Exception <a 'java/lang/NoSuchMethodError'{0x000000008f046780}: 'java.lang.Object java.lang.invoke.DirectMethodHandle$Holder.invokeVirtual(java.lang.Object, java.lang.Object, int, java.lang.Object)'> (0x000000008f046780) thrown at [./src/hotspot/share/interpreter/linkResolver.cpp, line 773]
Event: 24.675 Thread 0x0000023f003ac800 Exception <a 'java/lang/NoSuchMethodError'{0x000000008f037d20}: 'java.lang.Object java.lang.invoke.DirectMethodHandle$Holder.invokeVirtual(java.lang.Object, java.lang.Object, int, java.lang.Object)'> (0x000000008f037d20) thrown at [./src/hotspot/share/interpreter/linkResolver.cpp, line 773]
Event: 24.770 Thread 0x0000023f003a9800 Exception <a 'java/lang/NoSuchMethodError'{0x000000008efc8630}: 'void java.lang.invoke.DirectMethodHandle$Holder.invokeVirtual(java.lang.Object, java.lang.Object, int, java.lang.Object)'> (0x000000008efc8630) thrown at [./src/hotspot/share/interpreter/linkResolver.cpp, line 773]
Event: 24.770 Thread 0x0000023f003ac800 Exception <a 'java/lang/IncompatibleClassChangeError'{0x000000008efb7230}: Found class java.lang.Object, but interface was expected> (0x000000008efb7230) thrown at [./src/hotspot/share/interpreter/linkResolver.cpp, line 839]
Event: 24.771 Thread 0x0000023f003ac800 Exception <a 'java/lang/IncompatibleClassChangeError'{0x000000008efc01c0}: Found class java.lang.Object, but interface was expected> (0x000000008efc01c0) thrown at [./src/hotspot/share/interpreter/linkResolver.cpp, line 839]
Event: 24.954 Thread 0x0000023f003ac800 Exception <a 'java/lang/NoSuchMethodError'{0x000000008ec4c248}: 'java.lang.Object java.lang.invoke.DirectMethodHandle$Holder.newInvokeSpecial(java.lang.Object, int)'> (0x000000008ec4c248) thrown at [./src/hotspot/share/interpreter/linkResolver.cpp, line 773]
Event: 25.068 Thread 0x0000023f003a9800 Exception <a 'java/lang/NoSuchMethodError'{0x000000008e81e870}: 'long java.lang.invoke.DirectMethodHandle$Holder.invokeStatic(java.lang.Object, java.lang.Object)'> (0x000000008e81e870) thrown at [./src/hotspot/share/interpreter/linkResolver.cpp, line 773]
Event: 25.154 Thread 0x0000023f003ac800 Exception <a 'java/lang/NoSuchMethodError'{0x000000008e304a30}: 'void java.lang.invoke.DirectMethodHandle$Holder.invokeSpecial(java.lang.Object, java.lang.Object, int, java.lang.Object, java.lang.Object, java.lang.Object, java.lang.Object)'> (0x000000008e304a30) thrown at [./src/hotspot/share/interpreter/linkResolver.cpp, line 773]
Event: 25.155 Thread 0x0000023f003ac800 Exception <a 'java/lang/NoSuchMethodError'{0x000000008e3100e0}: 'java.lang.Object java.lang.invoke.Invokers$Holder.linkToTargetMethod(java.lang.Object, int, java.lang.Object, java.lang.Object, java.lang.Object, java.lang.Object)'> (0x000000008e3100e0) thrown at [./src/hotspot/share/interpreter/linkResolver.cpp, line 773]
Event: 25.155 Thread 0x0000023f003ac800 Exception <a 'java/lang/NoSuchMethodError'{0x000000008e313d98}: 'void java.lang.invoke.DirectMethodHandle$Holder.invokeSpecial(java.lang.Object, java.lang.Object, java.lang.Object, java.lang.Object, java.lang.Object, java.lang.Object, java.lang.Object, java.lang.Object, java.lang.Object)'> (0x000000008e313d98) thrown at [./src/hotspot/share/interpreter/linkResolver.cpp, line 773]
Event: 25.158 Thread 0x0000023f003ac800 Exception <a 'java/lang/NoSuchMethodError'{0x000000008e32b8e8}: 'void java.lang.invoke.DirectMethodHandle$Holder.invokeStatic(java.lang.Object, java.lang.Object, java.lang.Object, java.lang.Object, java.lang.Object, java.lang.Object, java.lang.Object, java.lang.Object)'> (0x000000008e32b8e8) thrown at [./src/hotspot/share/interpreter/linkResolver.cpp, line 773]

Events (20 events):
Event: 25.160 loading class com/android/tools/r8/shaking/A0$b
Event: 25.160 loading class com/android/tools/r8/shaking/A0$b done
Event: 25.160 loading class com/android/tools/r8/internal/cF
Event: 25.160 loading class com/android/tools/r8/internal/cF done
Event: 25.161 loading class com/android/tools/r8/dex/b
Event: 25.161 loading class com/android/tools/r8/dex/b done
Event: 25.162 loading class com/android/tools/r8/internal/Sw$c
Event: 25.162 loading class com/android/tools/r8/internal/Sw$c done
Event: 25.163 loading class com/android/tools/r8/dex/z$b
Event: 25.163 loading class com/android/tools/r8/dex/z$b done
Event: 25.180 loading class com/android/tools/r8/dex/z$d
Event: 25.180 loading class com/android/tools/r8/dex/z$d done
Event: 25.214 loading class com/android/tools/r8/dex/z$h
Event: 25.214 loading class com/android/tools/r8/dex/z$h done
Event: 25.214 loading class com/android/tools/r8/dex/z$c
Event: 25.214 loading class com/android/tools/r8/dex/z$c done
Event: 25.214 loading class com/android/tools/r8/dex/z$e
Event: 25.214 loading class com/android/tools/r8/dex/z$e done
Event: 25.215 loading class com/android/tools/r8/dex/w
Event: 25.215 loading class com/android/tools/r8/dex/w done


Dynamic libraries:
0x00007ff6464b0000 - 0x00007ff6464ba000 	D:\Program\Android Studio\jre\bin\java.exe
0x00007fff44230000 - 0x00007fff44425000 	C:\Windows\SYSTEM32\ntdll.dll
0x00007fff43880000 - 0x00007fff4393e000 	C:\Windows\System32\KERNEL32.DLL
0x00007fff41e60000 - 0x00007fff42128000 	C:\Windows\System32\KERNELBASE.dll
0x00007fff41950000 - 0x00007fff41a50000 	C:\Windows\System32\ucrtbase.dll
0x00007fff3a6a0000 - 0x00007fff3a6b9000 	D:\Program\Android Studio\jre\bin\jli.dll
0x00007fff3a660000 - 0x00007fff3a677000 	D:\Program\Android Studio\jre\bin\VCRUNTIME140.dll
0x00007fff424f0000 - 0x00007fff42690000 	C:\Windows\System32\USER32.dll
0x00007fff2d580000 - 0x00007fff2d81a000 	C:\Windows\WinSxS\amd64_microsoft.windows.common-controls_6595b64144ccf1df_6.0.19041.1110_none_60b5254171f9507e\COMCTL32.dll
0x00007fff41cc0000 - 0x00007fff41ce2000 	C:\Windows\System32\win32u.dll
0x00007fff430a0000 - 0x00007fff4313e000 	C:\Windows\System32\msvcrt.dll
0x00007fff42ed0000 - 0x00007fff42efa000 	C:\Windows\System32\GDI32.dll
0x00007fff41bb0000 - 0x00007fff41cbb000 	C:\Windows\System32\gdi32full.dll
0x00007fff41a50000 - 0x00007fff41aed000 	C:\Windows\System32\msvcp_win.dll
0x00007fff432f0000 - 0x00007fff43320000 	C:\Windows\System32\IMM32.DLL
0x00007fff2e960000 - 0x00007fff2e9fd000 	D:\Program\Android Studio\jre\bin\msvcp140.dll
0x00007ffeb7070000 - 0x00007ffeb7b3f000 	D:\Program\Android Studio\jre\bin\server\jvm.dll
0x00007fff43240000 - 0x00007fff432ee000 	C:\Windows\System32\ADVAPI32.dll
0x00007fff43a90000 - 0x00007fff43b2c000 	C:\Windows\System32\sechost.dll
0x00007fff43be0000 - 0x00007fff43d05000 	C:\Windows\System32\RPCRT4.dll
0x00007fff43140000 - 0x00007fff43148000 	C:\Windows\System32\PSAPI.DLL
0x00007fff26fb0000 - 0x00007fff26fb9000 	C:\Windows\SYSTEM32\WSOCK32.dll
0x00007fff39a90000 - 0x00007fff39a9a000 	C:\Windows\SYSTEM32\VERSION.dll
0x00007fff2f8d0000 - 0x00007fff2f8f7000 	C:\Windows\SYSTEM32\WINMM.dll
0x00007fff431d0000 - 0x00007fff4323b000 	C:\Windows\System32\WS2_32.dll
0x00007fff401f0000 - 0x00007fff40202000 	C:\Windows\SYSTEM32\kernel.appcore.dll
0x00007fff34190000 - 0x00007fff341a1000 	D:\Program\Android Studio\jre\bin\verify.dll
0x00007fff2ec70000 - 0x00007fff2ee54000 	C:\Windows\SYSTEM32\DBGHELP.DLL
0x00007fff26f30000 - 0x00007fff26f5c000 	C:\Windows\SYSTEM32\dbgcore.DLL
0x00007fff41b20000 - 0x00007fff41ba2000 	C:\Windows\System32\bcryptPrimitives.dll
0x00007fff2be10000 - 0x00007fff2be39000 	D:\Program\Android Studio\jre\bin\java.dll
0x00007fff3c500000 - 0x00007fff3c50b000 	D:\Program\Android Studio\jre\bin\jimage.dll
0x00007fff254e0000 - 0x00007fff254f8000 	D:\Program\Android Studio\jre\bin\zip.dll
0x00007fff426a0000 - 0x00007fff42de4000 	C:\Windows\System32\SHELL32.dll
0x00007fff3fa50000 - 0x00007fff401e4000 	C:\Windows\SYSTEM32\windows.storage.dll
0x00007fff43d10000 - 0x00007fff44064000 	C:\Windows\System32\combase.dll
0x00007fff413c0000 - 0x00007fff413ec000 	C:\Windows\SYSTEM32\Wldp.dll
0x00007fff43b30000 - 0x00007fff43bdd000 	C:\Windows\System32\SHCORE.dll
0x00007fff43960000 - 0x00007fff439b5000 	C:\Windows\System32\shlwapi.dll
0x00007fff41890000 - 0x00007fff418af000 	C:\Windows\SYSTEM32\profapi.dll
0x00007fff166a0000 - 0x00007fff166ba000 	D:\Program\Android Studio\jre\bin\net.dll
0x00007fff32e40000 - 0x00007fff32f4a000 	C:\Windows\SYSTEM32\WINHTTP.dll
0x00007fff41120000 - 0x00007fff4118a000 	C:\Windows\system32\mswsock.dll
0x00007fff0dfe0000 - 0x00007fff0dff4000 	D:\Program\Android Studio\jre\bin\nio.dll
0x00007fff33c10000 - 0x00007fff33c37000 	D:\Project\AndroidGradle\native\8bec1ad78214c89d9ad589b4d07fe93259594b29d510b10fafb7a158f7737e5d\windows-amd64\native-platform.dll
0x00007fff0a9b0000 - 0x00007fff0aaed000 	D:\Project\AndroidGradle\native\53dbd7edfb1c66fb8903c78663c9afc45aea4f116125fa6feffd364cf09443e8\windows-amd64\native-platform-file-events.dll
0x00007fff3b180000 - 0x00007fff3b18a000 	D:\Program\Android Studio\jre\bin\management.dll
0x00007fff3a610000 - 0x00007fff3a61c000 	D:\Program\Android Studio\jre\bin\management_ext.dll
0x00007fff41320000 - 0x00007fff41338000 	C:\Windows\SYSTEM32\CRYPTSP.dll
0x00007fff40a30000 - 0x00007fff40a64000 	C:\Windows\system32\rsaenh.dll
0x00007fff41af0000 - 0x00007fff41b17000 	C:\Windows\System32\bcrypt.dll
0x00007fff41810000 - 0x00007fff4183e000 	C:\Windows\SYSTEM32\USERENV.dll
0x00007fff41310000 - 0x00007fff4131c000 	C:\Windows\SYSTEM32\CRYPTBASE.dll
0x00007fff40dc0000 - 0x00007fff40dfb000 	C:\Windows\SYSTEM32\IPHLPAPI.DLL
0x00007fff42690000 - 0x00007fff42698000 	C:\Windows\System32\NSI.dll
0x00007fff3af10000 - 0x00007fff3af27000 	C:\Windows\SYSTEM32\dhcpcsvc6.DLL
0x00007fff3af50000 - 0x00007fff3af6d000 	C:\Windows\SYSTEM32\dhcpcsvc.DLL
0x00007fff40e10000 - 0x00007fff40edb000 	C:\Windows\SYSTEM32\DNSAPI.dll
0x00007fff40660000 - 0x00007fff40693000 	C:\Windows\SYSTEM32\ntmarta.dll

dbghelp: loaded successfully - version: 4.0.5 - missing functions: none
symbol engine: initialized successfully - sym options: 0x614 - pdb path: .;D:\Program\Android Studio\jre\bin;C:\Windows\SYSTEM32;C:\Windows\WinSxS\amd64_microsoft.windows.common-controls_6595b64144ccf1df_6.0.19041.1110_none_60b5254171f9507e;D:\Program\Android Studio\jre\bin\server;D:\Project\AndroidGradle\native\8bec1ad78214c89d9ad589b4d07fe93259594b29d510b10fafb7a158f7737e5d\windows-amd64;D:\Project\AndroidGradle\native\53dbd7edfb1c66fb8903c78663c9afc45aea4f116125fa6feffd364cf09443e8\windows-amd64

VM Arguments:
jvm_args: --add-opens=java.base/java.util=ALL-UNNAMED --add-opens=java.base/java.lang=ALL-UNNAMED --add-opens=java.base/java.lang.invoke=ALL-UNNAMED --add-opens=java.base/java.util=ALL-UNNAMED --add-opens=java.prefs/java.util.prefs=ALL-UNNAMED --add-opens=java.prefs/java.util.prefs=ALL-UNNAMED --add-opens=java.base/java.nio.charset=ALL-UNNAMED --add-opens=java.base/java.net=ALL-UNNAMED --add-opens=java.base/java.util.concurrent.atomic=ALL-UNNAMED -Xmx2048m -Dfile.encoding=UTF-8 -Duser.country=US -Duser.language=en -Duser.variant 
java_command: org.gradle.launcher.daemon.bootstrap.GradleDaemon 7.0.2
java_class_path (initial): D:\Project\AndroidGradle\wrapper\dists\gradle-7.0.2-bin\857tjihv64xamwrf0h14cai3r\gradle-7.0.2\lib\gradle-launcher-7.0.2.jar
Launcher Type: SUN_STANDARD

[Global flags]
     intx CICompilerCount                          = 4                                         {product} {ergonomic}
     uint ConcGCThreads                            = 2                                         {product} {ergonomic}
     uint G1ConcRefinementThreads                  = 8                                         {product} {ergonomic}
   size_t G1HeapRegionSize                         = 1048576                                   {product} {ergonomic}
    uintx GCDrainStackTargetSize                   = 64                                        {product} {ergonomic}
   size_t InitialHeapSize                          = 268435456                                 {product} {ergonomic}
   size_t MarkStackSize                            = 4194304                                   {product} {ergonomic}
   size_t MaxHeapSize                              = 2147483648                                {product} {command line}
   size_t MaxNewSize                               = 1287651328                                {product} {ergonomic}
   size_t MinHeapDeltaBytes                        = 1048576                                   {product} {ergonomic}
    uintx NonNMethodCodeHeapSize                   = 5836300                                {pd product} {ergonomic}
    uintx NonProfiledCodeHeapSize                  = 122910970                              {pd product} {ergonomic}
    uintx ProfiledCodeHeapSize                     = 122910970                              {pd product} {ergonomic}
    uintx ReservedCodeCacheSize                    = 251658240                              {pd product} {ergonomic}
     bool SegmentedCodeCache                       = true                                      {product} {ergonomic}
     bool UseCompressedClassPointers               = true                                 {lp64_product} {ergonomic}
     bool UseCompressedOops                        = true                                 {lp64_product} {ergonomic}
     bool UseG1GC                                  = true                                      {product} {ergonomic}
     bool UseLargePagesIndividualAllocation        = false                                  {pd product} {ergonomic}

Logging:
Log output configuration:
 #0: stdout all=warning uptime,level,tags
 #1: stderr all=off uptime,level,tags

Environment Variables:
PATH=c:\program files (x86)\intel\icls client\;c:\program files\intel\icls client\;c:\windows\system32;c:\windows;c:\windows\system32\wbem;c:\windows\system32\windowspowershell\v1.0\;c:\program files (x86)\intel\intel(r) management engine components\dal;c:\program files\intel\intel(r) management engine components\dal;c:\program files (x86)\intel\intel(r) management engine components\ipt;c:\program files\intel\intel(r) management engine components\ipt;c:\program files\intel\wifi\bin\;c:\program files\common files\intel\wirelesscommon\;C:\Windows\system32;C:\Windows;C:\Windows\system32\wbem;C:\Windows\system32\windowspowershell\v1.0\;C:\Windows\system32\openssh\;C:\Program Files (x86)\NVIDIA Corporation\PhysX\Common;C:\Program Files\NVIDIA Corporation\NVIDIA NvDLISR;D:\Project\AndroidSDK\platform-tools\;C:\Program Files\Git\cmd;C:\Users\Agi\AppData\Local\Microsoft\WindowsApps;
USERNAME=Agi
OS=Windows_NT
PROCESSOR_IDENTIFIER=Intel64 Family 6 Model 158 Stepping 9, GenuineIntel



---------------  S Y S T E M  ---------------

OS: Windows 10 , 64 bit Build 19041 (10.0.19041.1645)
OS uptime: 5 days 13:29 hours

CPU:total 8 (initial active 8) (4 cores per cpu, 2 threads per core) family 6 model 158 stepping 9 microcode 0xb4, cmov, cx8, fxsr, mmx, sse, sse2, sse3, ssse3, sse4.1, sse4.2, popcnt, avx, avx2, aes, clmul, erms, 3dnowpref, lzcnt, ht, tsc, tscinvbit, bmi1, bmi2, adx, fma

Memory: 4k page, system-wide physical 16304M (2040M free)
TotalPageFile size 31400M (AvailPageFile size 0M)
current process WorkingSet (physical memory assigned to process): 547M, peak: 547M
current process commit charge ("private bytes"): 588M, peak: 590M

vm_info: OpenJDK 64-Bit Server VM (11.0.10+0-b96-7249189) for windows-amd64 JRE (11.0.10+0-b96-7249189), built on Mar 31 2021 21:44:00 by "builder" with MS VC++ 14.0 (VS2015)

END.
