#
# There is insufficient memory for the Java Runtime Environment to continue.
# Native memory allocation (malloc) failed to allocate 1654096 bytes for Chunk::new
# Possible reasons:
#   The system is out of physical RAM or swap space
#   The process is running with CompressedOops enabled, and the Java Heap may be blocking the growth of the native heap
# Possible solutions:
#   Reduce memory load on the system
#   Increase physical memory or swap space
#   Check if swap backing store is full
#   Decrease Java heap size (-Xmx/-Xms)
#   Decrease number of Java threads
#   Decrease Java thread stack sizes (-Xss)
#   Set larger code cache with -XX:ReservedCodeCacheSize=
#   JVM is running with Unscaled Compressed Oops mode in which the Java heap is
#     placed in the first 4GB address space. The Java Heap base address is the
#     maximum limit for the native heap growth. Please use -XX:HeapBaseMinAddress
#     to set the Java Heap base and to place the Java Heap above 4GB virtual address.
# This output file may be truncated or incomplete.
#
#  Out of Memory Error (./src/hotspot/share/memory/arena.cpp:197), pid=14844, tid=11056
#
# JRE version: OpenJDK Runtime Environment (11.0.10) (build 11.0.10+0-b96-7249189)
# Java VM: OpenJDK 64-Bit Server VM (11.0.10+0-b96-7249189, mixed mode, tiered, compressed oops, g1 gc, windows-amd64)
# No core dump will be written. Minidumps are not enabled by default on client versions of Windows
#

---------------  S U M M A R Y ------------

Command Line: --add-opens=java.base/java.util=ALL-UNNAMED --add-opens=java.base/java.lang=ALL-UNNAMED --add-opens=java.base/java.lang.invoke=ALL-UNNAMED --add-opens=java.base/java.util=ALL-UNNAMED --add-opens=java.prefs/java.util.prefs=ALL-UNNAMED --add-opens=java.prefs/java.util.prefs=ALL-UNNAMED --add-opens=java.base/java.nio.charset=ALL-UNNAMED --add-opens=java.base/java.net=ALL-UNNAMED --add-opens=java.base/java.util.concurrent.atomic=ALL-UNNAMED -Xmx2048m -Dfile.encoding=UTF-8 -Duser.country=US -Duser.language=en -Duser.variant org.gradle.launcher.daemon.bootstrap.GradleDaemon 7.0.2

Host: Intel(R) Core(TM) i7-7700HQ CPU @ 2.80GHz, 8 cores, 15G,  Windows 10 , 64 bit Build 19041 (10.0.19041.1645)
Time: Thu Apr 28 00:59:01 2022 SE Asia Standard Time elapsed time: 121.138574 seconds (0d 0h 2m 1s)

---------------  T H R E A D  ---------------

Current thread (0x00000239ff81b800):  JavaThread "C2 CompilerThread0" daemon [_thread_in_native, id=11056, stack(0x0000007acdc00000,0x0000007acdd00000)]


Current CompileTask:
C2: 121138 13261       4       org.gradle.internal.snapshot.SingletonChildMap::store (24 bytes)

Stack: [0x0000007acdc00000,0x0000007acdd00000]
Native frames: (J=compiled Java code, j=interpreted, Vv=VM code, C=native code)
V  [jvm.dll+0x5ecfaa]
V  [jvm.dll+0x722bd5]
V  [jvm.dll+0x72412d]
V  [jvm.dll+0x7247e3]
V  [jvm.dll+0x242928]
V  [jvm.dll+0xbc4fc]
V  [jvm.dll+0xbca0c]
V  [jvm.dll+0x352d7d]
V  [jvm.dll+0x320ad3]
V  [jvm.dll+0x31ffca]
V  [jvm.dll+0x1fb602]
V  [jvm.dll+0x1fa7f4]
V  [jvm.dll+0x18354c]
V  [jvm.dll+0x208ee7]
V  [jvm.dll+0x207731]
V  [jvm.dll+0x6eb1cf]
V  [jvm.dll+0x6e3d45]
V  [jvm.dll+0x5ebe96]
C  [ucrtbase.dll+0x21bb2]
C  [KERNEL32.DLL+0x17034]
C  [ntdll.dll+0x52651]


---------------  P R O C E S S  ---------------

Threads class SMR info:
_java_thread_list=0x0000023985529450, length=70, elements={
0x00000239e4308800, 0x00000239ff7aa800, 0x00000239ff7ac800, 0x00000239ff80e800,
0x00000239ff811000, 0x00000239ff812800, 0x00000239ff81b800, 0x00000239ff81f000,
0x00000239ff823000, 0x00000239ff983000, 0x0000023981e0c000, 0x0000023982794800,
0x00000239808c7000, 0x00000239812a6800, 0x00000239812a7000, 0x0000023981566000,
0x0000023980e30800, 0x0000023980e58800, 0x00000239819f7800, 0x00000239819fb000,
0x00000239819fc000, 0x00000239819f9800, 0x00000239819f7000, 0x00000239819f6000,
0x00000239819fa000, 0x00000239819fc800, 0x00000239801da000, 0x00000239801df000,
0x00000239801db000, 0x00000239801d9000, 0x00000239801e1800, 0x00000239801dd800,
0x00000239801df800, 0x00000239801e0800, 0x00000239801e2000, 0x00000239801dc800,
0x00000239801e7000, 0x00000239801e5800, 0x00000239801e3000, 0x00000239801e8000,
0x00000239801e6800, 0x00000239801e4800, 0x00000239801e4000, 0x0000023983b2a000,
0x0000023983b2c000, 0x0000023983b2b000, 0x0000023983b28800, 0x0000023983b26000,
0x0000023983b2c800, 0x0000023983b29800, 0x0000023983b28000, 0x0000023983b2f000,
0x0000023983b33000, 0x0000023983b31000, 0x0000023983b30000, 0x0000023983b31800,
0x0000023983b32800, 0x0000023983b34000, 0x0000023983b35000, 0x00000239819f8800,
0x0000023989a5c800, 0x0000023989a5f000, 0x0000023989a5c000, 0x0000023989a60000,
0x0000023989a5d800, 0x0000023989a5b000, 0x0000023989a5a000, 0x0000023989a60800,
0x000002398b0e0800, 0x00000239836f6000
}

Java Threads: ( => current thread )
  0x00000239e4308800 JavaThread "main" [_thread_blocked, id=4344, stack(0x0000007acd000000,0x0000007acd100000)]
  0x00000239ff7aa800 JavaThread "Reference Handler" daemon [_thread_blocked, id=13700, stack(0x0000007acd700000,0x0000007acd800000)]
  0x00000239ff7ac800 JavaThread "Finalizer" daemon [_thread_blocked, id=17772, stack(0x0000007acd800000,0x0000007acd900000)]
  0x00000239ff80e800 JavaThread "Signal Dispatcher" daemon [_thread_blocked, id=6408, stack(0x0000007acd900000,0x0000007acda00000)]
  0x00000239ff811000 JavaThread "Attach Listener" daemon [_thread_blocked, id=15112, stack(0x0000007acda00000,0x0000007acdb00000)]
  0x00000239ff812800 JavaThread "Service Thread" daemon [_thread_blocked, id=17436, stack(0x0000007acdb00000,0x0000007acdc00000)]
=>0x00000239ff81b800 JavaThread "C2 CompilerThread0" daemon [_thread_in_native, id=11056, stack(0x0000007acdc00000,0x0000007acdd00000)]
  0x00000239ff81f000 JavaThread "C1 CompilerThread0" daemon [_thread_blocked, id=19192, stack(0x0000007acdd00000,0x0000007acde00000)]
  0x00000239ff823000 JavaThread "Sweeper thread" daemon [_thread_blocked, id=12264, stack(0x0000007acde00000,0x0000007acdf00000)]
  0x00000239ff983000 JavaThread "Common-Cleaner" daemon [_thread_blocked, id=10316, stack(0x0000007acdf00000,0x0000007ace000000)]
  0x0000023981e0c000 JavaThread "Daemon health stats" [_thread_blocked, id=3272, stack(0x0000007ace100000,0x0000007ace200000)]
  0x0000023982794800 JavaThread "Incoming local TCP Connector on port 3290" [_thread_in_native, id=15092, stack(0x0000007ace700000,0x0000007ace800000)]
  0x00000239808c7000 JavaThread "Daemon periodic checks" [_thread_blocked, id=14164, stack(0x0000007ace800000,0x0000007ace900000)]
  0x00000239812a6800 JavaThread "Daemon" [_thread_blocked, id=13188, stack(0x0000007ace900000,0x0000007acea00000)]
  0x00000239812a7000 JavaThread "Handler for socket connection from /127.0.0.1:3290 to /127.0.0.1:3292" [_thread_in_native, id=17064, stack(0x0000007acea00000,0x0000007aceb00000)]
  0x0000023981566000 JavaThread "Cancel handler" [_thread_blocked, id=13316, stack(0x0000007aceb00000,0x0000007acec00000)]
  0x0000023980e30800 JavaThread "Daemon worker" [_thread_blocked, id=9472, stack(0x0000007acec00000,0x0000007aced00000)]
  0x0000023980e58800 JavaThread "Asynchronous log dispatcher for DefaultDaemonConnection: socket connection from /127.0.0.1:3290 to /127.0.0.1:3292" [_thread_blocked, id=19236, stack(0x0000007aced00000,0x0000007acee00000)]
  0x00000239819f7800 JavaThread "Daemon client event forwarder" [_thread_blocked, id=15608, stack(0x0000007acef00000,0x0000007acf000000)]
  0x00000239819fb000 JavaThread "Cache worker for file hash cache (D:\Project\AndroidGradle\caches\7.0.2\fileHashes)" [_thread_blocked, id=9804, stack(0x0000007acf000000,0x0000007acf100000)]
  0x00000239819fc000 JavaThread "File lock request listener" [_thread_in_native, id=4800, stack(0x0000007acf100000,0x0000007acf200000)]
  0x00000239819f9800 JavaThread "Cache worker for journal cache (D:\Project\AndroidGradle\caches\journal-1)" [_thread_blocked, id=16856, stack(0x0000007acf500000,0x0000007acf600000)]
  0x00000239819f7000 JavaThread "Cache worker for file hash cache (D:\Project\Android\Arling\.gradle\7.0.2\fileHashes)" [_thread_blocked, id=6336, stack(0x0000007acf600000,0x0000007acf700000)]
  0x00000239819f6000 JavaThread "File watcher server" daemon [_thread_in_native, id=19292, stack(0x0000007acf700000,0x0000007acf800000)]
  0x00000239819fa000 JavaThread "File watcher consumer" daemon [_thread_blocked, id=15500, stack(0x0000007acf800000,0x0000007acf900000)]
  0x00000239819fc800 JavaThread "Cache worker for checksums cache (D:\Project\Android\Arling\.gradle\checksums)" [_thread_blocked, id=9824, stack(0x0000007acf900000,0x0000007acfa00000)]
  0x00000239801da000 JavaThread "Cache worker for cache directory md-supplier (D:\Project\AndroidGradle\caches\7.0.2\md-supplier)" [_thread_blocked, id=3148, stack(0x0000007acfa00000,0x0000007acfb00000)]
  0x00000239801df000 JavaThread "Cache worker for cache directory md-rule (D:\Project\AndroidGradle\caches\7.0.2\md-rule)" [_thread_blocked, id=18712, stack(0x0000007acfc00000,0x0000007acfd00000)]
  0x00000239801db000 JavaThread "Cache worker for execution history cache (D:\Project\AndroidGradle\caches\7.0.2\executionHistory)" [_thread_blocked, id=14328, stack(0x0000007acfd00000,0x0000007acfe00000)]
  0x00000239801d9000 JavaThread "jar transforms" [_thread_blocked, id=12448, stack(0x0000007acff00000,0x0000007ad0000000)]
  0x00000239801e1800 JavaThread "jar transforms Thread 2" [_thread_blocked, id=8504, stack(0x0000007ad0000000,0x0000007ad0100000)]
  0x00000239801dd800 JavaThread "Cache worker for file content cache (D:\Project\AndroidGradle\caches\7.0.2\fileContent)" [_thread_blocked, id=18512, stack(0x0000007ad0100000,0x0000007ad0200000)]
  0x00000239801df800 JavaThread "Cache worker for dependencies-accessors (D:\Project\Android\Arling\.gradle\7.0.2\dependencies-accessors)" [_thread_blocked, id=11304, stack(0x0000007ad0200000,0x0000007ad0300000)]
  0x00000239801e0800 JavaThread "jar transforms Thread 3" [_thread_blocked, id=5912, stack(0x0000007acfb00000,0x0000007acfc00000)]
  0x00000239801e2000 JavaThread "Cache worker for Build Output Cleanup Cache (D:\Project\Android\Arling\.gradle\buildOutputCleanup)" [_thread_blocked, id=7296, stack(0x0000007ad0300000,0x0000007ad0400000)]
  0x00000239801dc800 JavaThread "Build operations" [_thread_blocked, id=18464, stack(0x0000007acfe00000,0x0000007acff00000)]
  0x00000239801e7000 JavaThread "Build operations Thread 2" [_thread_blocked, id=8416, stack(0x0000007ad0400000,0x0000007ad0500000)]
  0x00000239801e5800 JavaThread "Build operations Thread 3" [_thread_blocked, id=84, stack(0x0000007ad0500000,0x0000007ad0600000)]
  0x00000239801e3000 JavaThread "Build operations Thread 4" [_thread_blocked, id=13128, stack(0x0000007ad0600000,0x0000007ad0700000)]
  0x00000239801e8000 JavaThread "Build operations Thread 5" [_thread_blocked, id=15476, stack(0x0000007ad0700000,0x0000007ad0800000)]
  0x00000239801e6800 JavaThread "Build operations Thread 6" [_thread_blocked, id=18888, stack(0x0000007ad0800000,0x0000007ad0900000)]
  0x00000239801e4800 JavaThread "Build operations Thread 7" [_thread_blocked, id=2448, stack(0x0000007ad0900000,0x0000007ad0a00000)]
  0x00000239801e4000 JavaThread "Build operations Thread 8" [_thread_blocked, id=3036, stack(0x0000007ad0a00000,0x0000007ad0b00000)]
  0x0000023983b2a000 JavaThread "jar transforms Thread 4" [_thread_blocked, id=10544, stack(0x0000007ad0c00000,0x0000007ad0d00000)]
  0x0000023983b2c000 JavaThread "jar transforms Thread 5" [_thread_blocked, id=17576, stack(0x0000007ad0d00000,0x0000007ad0e00000)]
  0x0000023983b2b000 JavaThread "jar transforms Thread 6" [_thread_blocked, id=6664, stack(0x0000007ad0b00000,0x0000007ad0c00000)]
  0x0000023983b28800 JavaThread "jar transforms Thread 7" [_thread_blocked, id=11432, stack(0x0000007ad0e00000,0x0000007ad0f00000)]
  0x0000023983b26000 JavaThread "jar transforms Thread 8" [_thread_blocked, id=928, stack(0x0000007ad0f00000,0x0000007ad1000000)]
  0x0000023983b2c800 JavaThread "Memory manager" [_thread_blocked, id=18776, stack(0x0000007ad1300000,0x0000007ad1400000)]
  0x0000023983b29800 JavaThread "build event listener" [_thread_blocked, id=1712, stack(0x0000007accf00000,0x0000007acd000000)]
  0x0000023983b28000 JavaThread "Execution worker for ':'" [_thread_blocked, id=6640, stack(0x0000007acee00000,0x0000007acef00000)]
  0x0000023983b2f000 JavaThread "Execution worker for ':' Thread 2" [_thread_blocked, id=19232, stack(0x0000007ad1200000,0x0000007ad1300000)]
  0x0000023983b33000 JavaThread "Execution worker for ':' Thread 3" [_thread_blocked, id=10688, stack(0x0000007ad1400000,0x0000007ad1500000)]
  0x0000023983b31000 JavaThread "Execution worker for ':' Thread 4" [_thread_in_native, id=8820, stack(0x0000007ad1500000,0x0000007ad1600000)]
  0x0000023983b30000 JavaThread "Execution worker for ':' Thread 5" [_thread_blocked, id=8632, stack(0x0000007ad1600000,0x0000007ad1700000)]
  0x0000023983b31800 JavaThread "Execution worker for ':' Thread 6" [_thread_blocked, id=19176, stack(0x0000007ad1700000,0x0000007ad1800000)]
  0x0000023983b32800 JavaThread "Execution worker for ':' Thread 7" [_thread_blocked, id=15584, stack(0x0000007ad1800000,0x0000007ad1900000)]
  0x0000023983b34000 JavaThread "Cache worker for execution history cache (D:\Project\Android\Arling\.gradle\7.0.2\executionHistory)" [_thread_blocked, id=11596, stack(0x0000007ad1900000,0x0000007ad1a00000)]
  0x0000023983b35000 JavaThread "WorkerExecutor Queue" [_thread_blocked, id=18616, stack(0x0000007acce00000,0x0000007accf00000)]
  0x00000239819f8800 JavaThread "pool-3-thread-1" [_thread_blocked, id=8100, stack(0x0000007ad1b00000,0x0000007ad1c00000)]
  0x0000023989a5c800 JavaThread "stderr" [_thread_in_native, id=19204, stack(0x0000007ad1c00000,0x0000007ad1d00000)]
  0x0000023989a5f000 JavaThread "stdout" [_thread_in_native, id=8708, stack(0x0000007ad1d00000,0x0000007ad1e00000)]
  0x0000023989a5c000 JavaThread "RMI Scheduler(0)" daemon [_thread_blocked, id=5644, stack(0x0000007ad1a00000,0x0000007ad1b00000)]
  0x0000023989a60000 JavaThread "RMI RenewClean-[127.0.0.1:17428,org.jetbrains.kotlin.daemon.common.LoopbackNetworkInterface$ClientLoopbackSocketFactory@734a1e4]" daemon [_thread_blocked, id=9300, stack(0x0000007ad1e00000,0x0000007ad1f00000)]
  0x0000023989a5d800 JavaThread "RMI GC Daemon" daemon [_thread_blocked, id=12128, stack(0x0000007ad2000000,0x0000007ad2100000)]
  0x0000023989a5b000 JavaThread "RMI TCP Accept-0" daemon [_thread_in_native, id=13804, stack(0x0000007ad2100000,0x0000007ad2200000)]
  0x0000023989a5a000 JavaThread "RMI Reaper" [_thread_blocked, id=2036, stack(0x0000007ad2200000,0x0000007ad2300000)]
  0x0000023989a60800 JavaThread "RMI TCP Connection(1)-127.0.0.1" daemon [_thread_in_native, id=12968, stack(0x0000007ad2300000,0x0000007ad2400000)]
  0x000002398b0e0800 JavaThread "C2 CompilerThread1" daemon [_thread_in_native, id=9220, stack(0x0000007ad1f00000,0x0000007ad2000000)]
  0x00000239836f6000 JavaThread "C2 CompilerThread2" daemon [_thread_in_native, id=668, stack(0x0000007ad2400000,0x0000007ad2500000)]

Other Threads:
  0x00000239ff7a8000 VMThread "VM Thread" [stack: 0x0000007acd600000,0x0000007acd700000] [id=6716]
  0x00000239ff9c8800 WatcherThread [stack: 0x0000007ace000000,0x0000007ace100000] [id=2740]
  0x00000239e4323000 GCTaskThread "GC Thread#0" [stack: 0x0000007acd100000,0x0000007acd200000] [id=10524]
  0x0000023981011000 GCTaskThread "GC Thread#1" [stack: 0x0000007ace200000,0x0000007ace300000] [id=12564]
  0x00000239811c1000 GCTaskThread "GC Thread#2" [stack: 0x0000007ace300000,0x0000007ace400000] [id=15040]
  0x0000023980a3d000 GCTaskThread "GC Thread#3" [stack: 0x0000007ace400000,0x0000007ace500000] [id=8480]
  0x0000023980eda800 GCTaskThread "GC Thread#4" [stack: 0x0000007ace500000,0x0000007ace600000] [id=14332]
  0x0000023980bdd000 GCTaskThread "GC Thread#5" [stack: 0x0000007ace600000,0x0000007ace700000] [id=19072]
  0x0000023980e45000 GCTaskThread "GC Thread#6" [stack: 0x0000007acf200000,0x0000007acf300000] [id=19040]
  0x0000023981352000 GCTaskThread "GC Thread#7" [stack: 0x0000007acf300000,0x0000007acf400000] [id=16256]
  0x00000239e4358800 ConcurrentGCThread "G1 Main Marker" [stack: 0x0000007acd200000,0x0000007acd300000] [id=3276]
  0x00000239e435a800 ConcurrentGCThread "G1 Conc#0" [stack: 0x0000007acd300000,0x0000007acd400000] [id=7336]
  0x0000023980f70000 ConcurrentGCThread "G1 Conc#1" [stack: 0x0000007acf400000,0x0000007acf500000] [id=15352]
  0x00000239fedf6800 ConcurrentGCThread "G1 Refine#0" [stack: 0x0000007acd400000,0x0000007acd500000] [id=17836]
  0x00000239894b7000 ConcurrentGCThread "G1 Refine#1" [stack: 0x0000007accd00000,0x0000007acce00000] [id=17720]
  0x00000239fedf7800 ConcurrentGCThread "G1 Young RemSet Sampling" [stack: 0x0000007acd500000,0x0000007acd600000] [id=10864]

Threads with active compile tasks:
C2 CompilerThread0 121303 13261       4       org.gradle.internal.snapshot.SingletonChildMap::store (24 bytes)
C2 CompilerThread1 121303 13309       4       org.gradle.api.internal.artifacts.transform.TransformingAsyncArtifactListener$TransformedArtifact::startFinalization (15 bytes)
C2 CompilerThread2 121303 13270       4       org.gradle.internal.Try$Success::ifSuccessfulOrElse (11 bytes)

VM state:not at safepoint (normal execution)

VM Mutex/Monitor currently owned by a thread: None

Heap address: 0x0000000080000000, size: 2048 MB, Compressed Oops mode: 32-bit
Narrow klass base: 0x0000000000000000, Narrow klass shift: 3
Compressed class space size: 1073741824 Address: 0x0000000100000000

Heap:
 garbage-first heap   total 262144K, used 144180K [0x0000000080000000, 0x0000000100000000)
  region size 1024K, 43 young (44032K), 8 survivors (8192K)
 Metaspace       used 96694K, capacity 99045K, committed 99196K, reserved 1134592K
  class space    used 12411K, capacity 13285K, committed 13312K, reserved 1048576K
Heap Regions: E=young(eden), S=young(survivor), O=old, HS=humongous(starts), HC=humongous(continues), CS=collection set, F=free, A=archive, TAMS=top-at-mark-start (previous, next)
|   0|0x0000000080000000, 0x0000000080100000, 0x0000000080100000|100%| O|  |TAMS 0x0000000080100000, 0x0000000080000000| Untracked 
|   1|0x0000000080100000, 0x0000000080200000, 0x0000000080200000|100%| O|  |TAMS 0x0000000080200000, 0x0000000080100000| Untracked 
|   2|0x0000000080200000, 0x0000000080300000, 0x0000000080300000|100%| O|  |TAMS 0x0000000080300000, 0x0000000080200000| Untracked 
|   3|0x0000000080300000, 0x0000000080400000, 0x0000000080400000|100%|HS|  |TAMS 0x0000000080400000, 0x0000000080300000| Complete 
|   4|0x0000000080400000, 0x0000000080500000, 0x0000000080500000|100%|HC|  |TAMS 0x0000000080500000, 0x0000000080400000| Complete 
|   5|0x0000000080500000, 0x0000000080600000, 0x0000000080600000|100%|HC|  |TAMS 0x0000000080600000, 0x0000000080500000| Complete 
|   6|0x0000000080600000, 0x0000000080700000, 0x0000000080700000|100%| O|  |TAMS 0x0000000080700000, 0x0000000080600000| Untracked 
|   7|0x0000000080700000, 0x0000000080800000, 0x0000000080800000|100%| O|  |TAMS 0x0000000080800000, 0x0000000080700000| Untracked 
|   8|0x0000000080800000, 0x0000000080900000, 0x0000000080900000|100%| O|  |TAMS 0x0000000080900000, 0x0000000080800000| Untracked 
|   9|0x0000000080900000, 0x0000000080a00000, 0x0000000080a00000|100%| O|  |TAMS 0x0000000080a00000, 0x0000000080900000| Untracked 
|  10|0x0000000080a00000, 0x0000000080b00000, 0x0000000080b00000|100%| O|  |TAMS 0x0000000080b00000, 0x0000000080a00000| Untracked 
|  11|0x0000000080b00000, 0x0000000080c00000, 0x0000000080c00000|100%| O|  |TAMS 0x0000000080c00000, 0x0000000080b00000| Untracked 
|  12|0x0000000080c00000, 0x0000000080d00000, 0x0000000080d00000|100%| O|  |TAMS 0x0000000080d00000, 0x0000000080c00000| Untracked 
|  13|0x0000000080d00000, 0x0000000080e00000, 0x0000000080e00000|100%| O|  |TAMS 0x0000000080e00000, 0x0000000080d00000| Untracked 
|  14|0x0000000080e00000, 0x0000000080f00000, 0x0000000080f00000|100%| O|  |TAMS 0x0000000080f00000, 0x0000000080e00000| Untracked 
|  15|0x0000000080f00000, 0x0000000081000000, 0x0000000081000000|100%| O|  |TAMS 0x0000000081000000, 0x0000000080f00000| Untracked 
|  16|0x0000000081000000, 0x0000000081100000, 0x0000000081100000|100%| O|  |TAMS 0x0000000081100000, 0x0000000081000000| Untracked 
|  17|0x0000000081100000, 0x0000000081200000, 0x0000000081200000|100%|HS|  |TAMS 0x0000000081200000, 0x0000000081100000| Complete 
|  18|0x0000000081200000, 0x0000000081300000, 0x0000000081300000|100%|HS|  |TAMS 0x0000000081300000, 0x0000000081200000| Complete 
|  19|0x0000000081300000, 0x0000000081400000, 0x0000000081400000|100%|HS|  |TAMS 0x0000000081400000, 0x0000000081300000| Complete 
|  20|0x0000000081400000, 0x0000000081500000, 0x0000000081500000|100%|HS|  |TAMS 0x0000000081500000, 0x0000000081400000| Complete 
|  21|0x0000000081500000, 0x0000000081600000, 0x0000000081600000|100%|HC|  |TAMS 0x0000000081600000, 0x0000000081500000| Complete 
|  22|0x0000000081600000, 0x0000000081700000, 0x0000000081700000|100%|HC|  |TAMS 0x0000000081700000, 0x0000000081600000| Complete 
|  23|0x0000000081700000, 0x0000000081800000, 0x0000000081800000|100%|HS|  |TAMS 0x0000000081800000, 0x0000000081700000| Complete 
|  24|0x0000000081800000, 0x0000000081900000, 0x0000000081900000|100%|HC|  |TAMS 0x0000000081900000, 0x0000000081800000| Complete 
|  25|0x0000000081900000, 0x0000000081a00000, 0x0000000081a00000|100%| O|  |TAMS 0x0000000081a00000, 0x0000000081900000| Untracked 
|  26|0x0000000081a00000, 0x0000000081b00000, 0x0000000081b00000|100%| O|  |TAMS 0x0000000081b00000, 0x0000000081a00000| Untracked 
|  27|0x0000000081b00000, 0x0000000081c00000, 0x0000000081c00000|100%| O|  |TAMS 0x0000000081c00000, 0x0000000081b00000| Untracked 
|  28|0x0000000081c00000, 0x0000000081d00000, 0x0000000081d00000|100%| O|  |TAMS 0x0000000081d00000, 0x0000000081c00000| Untracked 
|  29|0x0000000081d00000, 0x0000000081e00000, 0x0000000081e00000|100%| O|  |TAMS 0x0000000081e00000, 0x0000000081d00000| Untracked 
|  30|0x0000000081e00000, 0x0000000081f00000, 0x0000000081f00000|100%| O|  |TAMS 0x0000000081f00000, 0x0000000081e00000| Untracked 
|  31|0x0000000081f00000, 0x0000000082000000, 0x0000000082000000|100%| O|  |TAMS 0x0000000082000000, 0x0000000081f00000| Untracked 
|  32|0x0000000082000000, 0x0000000082100000, 0x0000000082100000|100%| O|  |TAMS 0x0000000082100000, 0x0000000082000000| Untracked 
|  33|0x0000000082100000, 0x0000000082200000, 0x0000000082200000|100%| O|  |TAMS 0x0000000082200000, 0x0000000082100000| Untracked 
|  34|0x0000000082200000, 0x0000000082300000, 0x0000000082300000|100%| O|  |TAMS 0x0000000082300000, 0x0000000082200000| Untracked 
|  35|0x0000000082300000, 0x0000000082400000, 0x0000000082400000|100%| O|  |TAMS 0x0000000082400000, 0x0000000082300000| Untracked 
|  36|0x0000000082400000, 0x0000000082500000, 0x0000000082500000|100%| O|  |TAMS 0x0000000082500000, 0x0000000082400000| Untracked 
|  37|0x0000000082500000, 0x0000000082600000, 0x0000000082600000|100%| O|  |TAMS 0x0000000082600000, 0x0000000082500000| Untracked 
|  38|0x0000000082600000, 0x0000000082700000, 0x0000000082700000|100%| O|  |TAMS 0x0000000082700000, 0x0000000082600000| Untracked 
|  39|0x0000000082700000, 0x0000000082800000, 0x0000000082800000|100%| O|  |TAMS 0x0000000082800000, 0x0000000082700000| Untracked 
|  40|0x0000000082800000, 0x0000000082900000, 0x0000000082900000|100%| O|  |TAMS 0x0000000082900000, 0x0000000082800000| Untracked 
|  41|0x0000000082900000, 0x0000000082a00000, 0x0000000082a00000|100%| O|  |TAMS 0x0000000082a00000, 0x0000000082900000| Untracked 
|  42|0x0000000082a00000, 0x0000000082b00000, 0x0000000082b00000|100%| O|  |TAMS 0x0000000082b00000, 0x0000000082a00000| Untracked 
|  43|0x0000000082b00000, 0x0000000082c00000, 0x0000000082c00000|100%| O|  |TAMS 0x0000000082c00000, 0x0000000082b00000| Untracked 
|  44|0x0000000082c00000, 0x0000000082d00000, 0x0000000082d00000|100%| O|  |TAMS 0x0000000082d00000, 0x0000000082c00000| Untracked 
|  45|0x0000000082d00000, 0x0000000082e00000, 0x0000000082e00000|100%| O|  |TAMS 0x0000000082e00000, 0x0000000082d00000| Untracked 
|  46|0x0000000082e00000, 0x0000000082f00000, 0x0000000082f00000|100%| O|  |TAMS 0x0000000082f00000, 0x0000000082e00000| Untracked 
|  47|0x0000000082f00000, 0x0000000083000000, 0x0000000083000000|100%| O|  |TAMS 0x0000000083000000, 0x0000000082f00000| Untracked 
|  48|0x0000000083000000, 0x0000000083100000, 0x0000000083100000|100%| O|  |TAMS 0x0000000083091200, 0x0000000083000000| Untracked 
|  49|0x0000000083100000, 0x0000000083200000, 0x0000000083200000|100%| O|  |TAMS 0x0000000083100000, 0x0000000083100000| Untracked 
|  50|0x0000000083200000, 0x0000000083300000, 0x0000000083300000|100%| O|  |TAMS 0x0000000083200000, 0x0000000083200000| Untracked 
|  51|0x0000000083300000, 0x0000000083400000, 0x0000000083400000|100%| O|  |TAMS 0x0000000083300000, 0x0000000083300000| Untracked 
|  52|0x0000000083400000, 0x0000000083500000, 0x0000000083500000|100%| O|  |TAMS 0x0000000083400000, 0x0000000083400000| Untracked 
|  53|0x0000000083500000, 0x0000000083600000, 0x0000000083600000|100%| O|  |TAMS 0x0000000083500000, 0x0000000083500000| Untracked 
|  54|0x0000000083600000, 0x0000000083700000, 0x0000000083700000|100%| O|  |TAMS 0x0000000083600000, 0x0000000083600000| Untracked 
|  55|0x0000000083700000, 0x0000000083800000, 0x0000000083800000|100%| O|  |TAMS 0x0000000083700000, 0x0000000083700000| Untracked 
|  56|0x0000000083800000, 0x0000000083900000, 0x0000000083900000|100%| O|  |TAMS 0x0000000083800000, 0x0000000083800000| Untracked 
|  57|0x0000000083900000, 0x0000000083a00000, 0x0000000083a00000|100%| O|  |TAMS 0x0000000083900000, 0x0000000083900000| Untracked 
|  58|0x0000000083a00000, 0x0000000083b00000, 0x0000000083b00000|100%| O|  |TAMS 0x0000000083a00000, 0x0000000083a00000| Untracked 
|  59|0x0000000083b00000, 0x0000000083c00000, 0x0000000083c00000|100%| O|  |TAMS 0x0000000083b00000, 0x0000000083b00000| Untracked 
|  60|0x0000000083c00000, 0x0000000083d00000, 0x0000000083d00000|100%| O|  |TAMS 0x0000000083c00000, 0x0000000083c00000| Untracked 
|  61|0x0000000083d00000, 0x0000000083e00000, 0x0000000083e00000|100%| O|  |TAMS 0x0000000083d00000, 0x0000000083d00000| Untracked 
|  62|0x0000000083e00000, 0x0000000083f00000, 0x0000000083f00000|100%| O|  |TAMS 0x0000000083e00000, 0x0000000083e00000| Untracked 
|  63|0x0000000083f00000, 0x0000000084000000, 0x0000000084000000|100%| O|  |TAMS 0x0000000083f00000, 0x0000000083f00000| Untracked 
|  64|0x0000000084000000, 0x0000000084100000, 0x0000000084100000|100%| O|  |TAMS 0x0000000084000000, 0x0000000084000000| Untracked 
|  65|0x0000000084100000, 0x0000000084200000, 0x0000000084200000|100%| O|  |TAMS 0x0000000084100000, 0x0000000084100000| Untracked 
|  66|0x0000000084200000, 0x0000000084300000, 0x0000000084300000|100%| O|  |TAMS 0x0000000084200000, 0x0000000084200000| Untracked 
|  67|0x0000000084300000, 0x0000000084400000, 0x0000000084400000|100%| O|  |TAMS 0x0000000084300000, 0x0000000084300000| Untracked 
|  68|0x0000000084400000, 0x0000000084500000, 0x0000000084500000|100%| O|  |TAMS 0x0000000084400000, 0x0000000084400000| Untracked 
|  69|0x0000000084500000, 0x0000000084600000, 0x0000000084600000|100%| O|  |TAMS 0x0000000084500000, 0x0000000084500000| Untracked 
|  70|0x0000000084600000, 0x0000000084700000, 0x0000000084700000|100%| O|  |TAMS 0x0000000084600000, 0x0000000084600000| Untracked 
|  71|0x0000000084700000, 0x0000000084800000, 0x0000000084800000|100%| O|  |TAMS 0x0000000084700000, 0x0000000084700000| Untracked 
|  72|0x0000000084800000, 0x0000000084900000, 0x0000000084900000|100%| O|  |TAMS 0x0000000084800000, 0x0000000084800000| Untracked 
|  73|0x0000000084900000, 0x0000000084a00000, 0x0000000084a00000|100%| O|  |TAMS 0x0000000084900000, 0x0000000084900000| Untracked 
|  74|0x0000000084a00000, 0x0000000084b00000, 0x0000000084b00000|100%| O|  |TAMS 0x0000000084a00000, 0x0000000084a00000| Untracked 
|  75|0x0000000084b00000, 0x0000000084c00000, 0x0000000084c00000|100%| O|  |TAMS 0x0000000084b00000, 0x0000000084b00000| Untracked 
|  76|0x0000000084c00000, 0x0000000084d00000, 0x0000000084d00000|100%| O|  |TAMS 0x0000000084c00000, 0x0000000084c00000| Untracked 
|  77|0x0000000084d00000, 0x0000000084e00000, 0x0000000084e00000|100%| O|  |TAMS 0x0000000084d00000, 0x0000000084d00000| Untracked 
|  78|0x0000000084e00000, 0x0000000084f00000, 0x0000000084f00000|100%| O|  |TAMS 0x0000000084e00000, 0x0000000084e00000| Untracked 
|  79|0x0000000084f00000, 0x0000000085000000, 0x0000000085000000|100%| O|  |TAMS 0x0000000084f00000, 0x0000000084f00000| Untracked 
|  80|0x0000000085000000, 0x0000000085100000, 0x0000000085100000|100%| O|  |TAMS 0x0000000085000000, 0x0000000085000000| Untracked 
|  81|0x0000000085100000, 0x0000000085200000, 0x0000000085200000|100%| O|  |TAMS 0x0000000085100000, 0x0000000085100000| Untracked 
|  82|0x0000000085200000, 0x0000000085300000, 0x0000000085300000|100%| O|  |TAMS 0x0000000085200000, 0x0000000085200000| Untracked 
|  83|0x0000000085300000, 0x0000000085400000, 0x0000000085400000|100%| O|  |TAMS 0x0000000085300000, 0x0000000085300000| Untracked 
|  84|0x0000000085400000, 0x0000000085500000, 0x0000000085500000|100%| O|  |TAMS 0x0000000085400000, 0x0000000085400000| Untracked 
|  85|0x0000000085500000, 0x0000000085600000, 0x0000000085600000|100%| O|  |TAMS 0x0000000085500000, 0x0000000085500000| Untracked 
|  86|0x0000000085600000, 0x0000000085700000, 0x0000000085700000|100%| O|  |TAMS 0x0000000085600000, 0x0000000085600000| Untracked 
|  87|0x0000000085700000, 0x0000000085800000, 0x0000000085800000|100%| O|  |TAMS 0x0000000085700000, 0x0000000085700000| Untracked 
|  88|0x0000000085800000, 0x0000000085900000, 0x0000000085900000|100%| O|  |TAMS 0x0000000085800000, 0x0000000085800000| Untracked 
|  89|0x0000000085900000, 0x0000000085a00000, 0x0000000085a00000|100%| O|  |TAMS 0x0000000085900000, 0x0000000085900000| Untracked 
|  90|0x0000000085a00000, 0x0000000085b00000, 0x0000000085b00000|100%| O|  |TAMS 0x0000000085a00000, 0x0000000085a00000| Untracked 
|  91|0x0000000085b00000, 0x0000000085c00000, 0x0000000085c00000|100%| O|  |TAMS 0x0000000085b00000, 0x0000000085b00000| Untracked 
|  92|0x0000000085c00000, 0x0000000085d00000, 0x0000000085d00000|100%| O|  |TAMS 0x0000000085c00000, 0x0000000085c00000| Untracked 
|  93|0x0000000085d00000, 0x0000000085e00000, 0x0000000085e00000|100%| O|  |TAMS 0x0000000085d00000, 0x0000000085d00000| Untracked 
|  94|0x0000000085e00000, 0x0000000085f00000, 0x0000000085f00000|100%| O|  |TAMS 0x0000000085e00000, 0x0000000085e00000| Untracked 
|  95|0x0000000085f00000, 0x0000000086000000, 0x0000000086000000|100%| O|  |TAMS 0x0000000085f00000, 0x0000000085f00000| Untracked 
|  96|0x0000000086000000, 0x0000000086100000, 0x0000000086100000|100%| O|  |TAMS 0x0000000086000000, 0x0000000086000000| Untracked 
|  97|0x0000000086100000, 0x0000000086200000, 0x0000000086200000|100%| O|  |TAMS 0x0000000086100000, 0x0000000086100000| Untracked 
|  98|0x0000000086200000, 0x0000000086300000, 0x0000000086300000|100%| O|  |TAMS 0x0000000086200000, 0x0000000086200000| Untracked 
|  99|0x0000000086300000, 0x0000000086400000, 0x0000000086400000|100%| O|  |TAMS 0x0000000086300000, 0x0000000086300000| Untracked 
| 100|0x0000000086400000, 0x0000000086400000, 0x0000000086500000|  0%| F|  |TAMS 0x0000000086400000, 0x0000000086400000| Untracked 
| 101|0x0000000086500000, 0x0000000086500000, 0x0000000086600000|  0%| F|  |TAMS 0x0000000086500000, 0x0000000086500000| Untracked 
| 102|0x0000000086600000, 0x0000000086600000, 0x0000000086700000|  0%| F|  |TAMS 0x0000000086600000, 0x0000000086600000| Untracked 
| 103|0x0000000086700000, 0x0000000086700000, 0x0000000086800000|  0%| F|  |TAMS 0x0000000086700000, 0x0000000086700000| Untracked 
| 104|0x0000000086800000, 0x0000000086800000, 0x0000000086900000|  0%| F|  |TAMS 0x0000000086800000, 0x0000000086800000| Untracked 
| 105|0x0000000086900000, 0x0000000086900000, 0x0000000086a00000|  0%| F|  |TAMS 0x0000000086900000, 0x0000000086900000| Untracked 
| 106|0x0000000086a00000, 0x0000000086a00000, 0x0000000086b00000|  0%| F|  |TAMS 0x0000000086a00000, 0x0000000086a00000| Untracked 
| 107|0x0000000086b00000, 0x0000000086b00000, 0x0000000086c00000|  0%| F|  |TAMS 0x0000000086b00000, 0x0000000086b00000| Untracked 
| 108|0x0000000086c00000, 0x0000000086c00000, 0x0000000086d00000|  0%| F|  |TAMS 0x0000000086c00000, 0x0000000086c00000| Untracked 
| 109|0x0000000086d00000, 0x0000000086d00000, 0x0000000086e00000|  0%| F|  |TAMS 0x0000000086d00000, 0x0000000086d00000| Untracked 
| 110|0x0000000086e00000, 0x0000000086e00000, 0x0000000086f00000|  0%| F|  |TAMS 0x0000000086e00000, 0x0000000086e00000| Untracked 
| 111|0x0000000086f00000, 0x0000000086f00000, 0x0000000087000000|  0%| F|  |TAMS 0x0000000086f00000, 0x0000000086f00000| Untracked 
| 112|0x0000000087000000, 0x0000000087000000, 0x0000000087100000|  0%| F|  |TAMS 0x0000000087000000, 0x0000000087000000| Untracked 
| 113|0x0000000087100000, 0x0000000087100000, 0x0000000087200000|  0%| F|  |TAMS 0x0000000087100000, 0x0000000087100000| Untracked 
| 114|0x0000000087200000, 0x0000000087200000, 0x0000000087300000|  0%| F|  |TAMS 0x0000000087200000, 0x0000000087200000| Untracked 
| 115|0x0000000087300000, 0x0000000087300000, 0x0000000087400000|  0%| F|  |TAMS 0x0000000087300000, 0x0000000087300000| Untracked 
| 116|0x0000000087400000, 0x0000000087400000, 0x0000000087500000|  0%| F|  |TAMS 0x0000000087400000, 0x0000000087400000| Untracked 
| 117|0x0000000087500000, 0x0000000087500000, 0x0000000087600000|  0%| F|  |TAMS 0x0000000087500000, 0x0000000087500000| Untracked 
| 118|0x0000000087600000, 0x0000000087600000, 0x0000000087700000|  0%| F|  |TAMS 0x0000000087600000, 0x0000000087600000| Untracked 
| 119|0x0000000087700000, 0x0000000087700000, 0x0000000087800000|  0%| F|  |TAMS 0x0000000087700000, 0x0000000087700000| Untracked 
| 120|0x0000000087800000, 0x0000000087800000, 0x0000000087900000|  0%| F|  |TAMS 0x0000000087800000, 0x0000000087800000| Untracked 
| 121|0x0000000087900000, 0x0000000087900000, 0x0000000087a00000|  0%| F|  |TAMS 0x0000000087900000, 0x0000000087900000| Untracked 
| 122|0x0000000087a00000, 0x0000000087a00000, 0x0000000087b00000|  0%| F|  |TAMS 0x0000000087a00000, 0x0000000087a00000| Untracked 
| 123|0x0000000087b00000, 0x0000000087b00000, 0x0000000087c00000|  0%| F|  |TAMS 0x0000000087b00000, 0x0000000087b00000| Untracked 
| 124|0x0000000087c00000, 0x0000000087c00000, 0x0000000087d00000|  0%| F|  |TAMS 0x0000000087c00000, 0x0000000087c00000| Untracked 
| 125|0x0000000087d00000, 0x0000000087d00000, 0x0000000087e00000|  0%| F|  |TAMS 0x0000000087d00000, 0x0000000087d00000| Untracked 
| 126|0x0000000087e00000, 0x0000000087e00000, 0x0000000087f00000|  0%| F|  |TAMS 0x0000000087e00000, 0x0000000087e00000| Untracked 
| 127|0x0000000087f00000, 0x0000000087f00000, 0x0000000088000000|  0%| F|  |TAMS 0x0000000087f00000, 0x0000000087f00000| Untracked 
| 128|0x0000000088000000, 0x0000000088000000, 0x0000000088100000|  0%| F|  |TAMS 0x0000000088000000, 0x0000000088000000| Untracked 
| 129|0x0000000088100000, 0x0000000088100000, 0x0000000088200000|  0%| F|  |TAMS 0x0000000088100000, 0x0000000088100000| Untracked 
| 130|0x0000000088200000, 0x0000000088200000, 0x0000000088300000|  0%| F|  |TAMS 0x0000000088200000, 0x0000000088200000| Untracked 
| 131|0x0000000088300000, 0x0000000088300000, 0x0000000088400000|  0%| F|  |TAMS 0x0000000088300000, 0x0000000088300000| Untracked 
| 132|0x0000000088400000, 0x0000000088400000, 0x0000000088500000|  0%| F|  |TAMS 0x0000000088400000, 0x0000000088400000| Untracked 
| 133|0x0000000088500000, 0x0000000088500000, 0x0000000088600000|  0%| F|  |TAMS 0x0000000088500000, 0x0000000088500000| Untracked 
| 134|0x0000000088600000, 0x0000000088600000, 0x0000000088700000|  0%| F|  |TAMS 0x0000000088600000, 0x0000000088600000| Untracked 
| 135|0x0000000088700000, 0x0000000088700000, 0x0000000088800000|  0%| F|  |TAMS 0x0000000088700000, 0x0000000088700000| Untracked 
| 136|0x0000000088800000, 0x0000000088800000, 0x0000000088900000|  0%| F|  |TAMS 0x0000000088800000, 0x0000000088800000| Untracked 
| 137|0x0000000088900000, 0x0000000088900000, 0x0000000088a00000|  0%| F|  |TAMS 0x0000000088900000, 0x0000000088900000| Untracked 
| 138|0x0000000088a00000, 0x0000000088a00000, 0x0000000088b00000|  0%| F|  |TAMS 0x0000000088a00000, 0x0000000088a00000| Untracked 
| 139|0x0000000088b00000, 0x0000000088b00000, 0x0000000088c00000|  0%| F|  |TAMS 0x0000000088b00000, 0x0000000088b00000| Untracked 
| 140|0x0000000088c00000, 0x0000000088c00000, 0x0000000088d00000|  0%| F|  |TAMS 0x0000000088c00000, 0x0000000088c00000| Untracked 
| 141|0x0000000088d00000, 0x0000000088d00000, 0x0000000088e00000|  0%| F|  |TAMS 0x0000000088d00000, 0x0000000088d00000| Untracked 
| 142|0x0000000088e00000, 0x0000000088e00000, 0x0000000088f00000|  0%| F|  |TAMS 0x0000000088e00000, 0x0000000088e00000| Untracked 
| 143|0x0000000088f00000, 0x0000000088f00000, 0x0000000089000000|  0%| F|  |TAMS 0x0000000088f00000, 0x0000000088f00000| Untracked 
| 144|0x0000000089000000, 0x0000000089000000, 0x0000000089100000|  0%| F|  |TAMS 0x0000000089000000, 0x0000000089000000| Untracked 
| 145|0x0000000089100000, 0x0000000089100000, 0x0000000089200000|  0%| F|  |TAMS 0x0000000089100000, 0x0000000089100000| Untracked 
| 146|0x0000000089200000, 0x0000000089200000, 0x0000000089300000|  0%| F|  |TAMS 0x0000000089200000, 0x0000000089200000| Untracked 
| 147|0x0000000089300000, 0x0000000089300000, 0x0000000089400000|  0%| F|  |TAMS 0x0000000089300000, 0x0000000089300000| Untracked 
| 148|0x0000000089400000, 0x0000000089400000, 0x0000000089500000|  0%| F|  |TAMS 0x0000000089400000, 0x0000000089400000| Untracked 
| 149|0x0000000089500000, 0x0000000089500000, 0x0000000089600000|  0%| F|  |TAMS 0x0000000089500000, 0x0000000089500000| Untracked 
| 150|0x0000000089600000, 0x0000000089600000, 0x0000000089700000|  0%| F|  |TAMS 0x0000000089600000, 0x0000000089600000| Untracked 
| 151|0x0000000089700000, 0x0000000089700000, 0x0000000089800000|  0%| F|  |TAMS 0x0000000089700000, 0x0000000089700000| Untracked 
| 152|0x0000000089800000, 0x0000000089800000, 0x0000000089900000|  0%| F|  |TAMS 0x0000000089800000, 0x0000000089800000| Untracked 
| 153|0x0000000089900000, 0x0000000089900000, 0x0000000089a00000|  0%| F|  |TAMS 0x0000000089900000, 0x0000000089900000| Untracked 
| 154|0x0000000089a00000, 0x0000000089acd0b0, 0x0000000089b00000| 80%| S|CS|TAMS 0x0000000089a00000, 0x0000000089a00000| Complete 
| 155|0x0000000089b00000, 0x0000000089c00000, 0x0000000089c00000|100%| S|CS|TAMS 0x0000000089b00000, 0x0000000089b00000| Complete 
| 156|0x0000000089c00000, 0x0000000089d00000, 0x0000000089d00000|100%| S|CS|TAMS 0x0000000089c00000, 0x0000000089c00000| Complete 
| 157|0x0000000089d00000, 0x0000000089e00000, 0x0000000089e00000|100%| S|CS|TAMS 0x0000000089d00000, 0x0000000089d00000| Complete 
| 158|0x0000000089e00000, 0x0000000089f00000, 0x0000000089f00000|100%| S|CS|TAMS 0x0000000089e00000, 0x0000000089e00000| Complete 
| 159|0x0000000089f00000, 0x000000008a000000, 0x000000008a000000|100%| S|CS|TAMS 0x0000000089f00000, 0x0000000089f00000| Complete 
| 160|0x000000008a000000, 0x000000008a100000, 0x000000008a100000|100%| S|CS|TAMS 0x000000008a000000, 0x000000008a000000| Complete 
| 161|0x000000008a100000, 0x000000008a200000, 0x000000008a200000|100%| S|CS|TAMS 0x000000008a100000, 0x000000008a100000| Complete 
| 162|0x000000008a200000, 0x000000008a200000, 0x000000008a300000|  0%| F|  |TAMS 0x000000008a200000, 0x000000008a200000| Untracked 
| 163|0x000000008a300000, 0x000000008a300000, 0x000000008a400000|  0%| F|  |TAMS 0x000000008a300000, 0x000000008a300000| Untracked 
| 164|0x000000008a400000, 0x000000008a400000, 0x000000008a500000|  0%| F|  |TAMS 0x000000008a400000, 0x000000008a400000| Untracked 
| 165|0x000000008a500000, 0x000000008a500000, 0x000000008a600000|  0%| F|  |TAMS 0x000000008a500000, 0x000000008a500000| Untracked 
| 166|0x000000008a600000, 0x000000008a600000, 0x000000008a700000|  0%| F|  |TAMS 0x000000008a600000, 0x000000008a600000| Untracked 
| 167|0x000000008a700000, 0x000000008a700000, 0x000000008a800000|  0%| F|  |TAMS 0x000000008a700000, 0x000000008a700000| Untracked 
| 168|0x000000008a800000, 0x000000008a800000, 0x000000008a900000|  0%| F|  |TAMS 0x000000008a800000, 0x000000008a800000| Untracked 
| 169|0x000000008a900000, 0x000000008a900000, 0x000000008aa00000|  0%| F|  |TAMS 0x000000008a900000, 0x000000008a900000| Untracked 
| 170|0x000000008aa00000, 0x000000008aa00000, 0x000000008ab00000|  0%| F|  |TAMS 0x000000008aa00000, 0x000000008aa00000| Untracked 
| 171|0x000000008ab00000, 0x000000008ab00000, 0x000000008ac00000|  0%| F|  |TAMS 0x000000008ab00000, 0x000000008ab00000| Untracked 
| 172|0x000000008ac00000, 0x000000008ac00000, 0x000000008ad00000|  0%| F|  |TAMS 0x000000008ac00000, 0x000000008ac00000| Untracked 
| 173|0x000000008ad00000, 0x000000008ad00000, 0x000000008ae00000|  0%| F|  |TAMS 0x000000008ad00000, 0x000000008ad00000| Untracked 
| 174|0x000000008ae00000, 0x000000008ae00000, 0x000000008af00000|  0%| F|  |TAMS 0x000000008ae00000, 0x000000008ae00000| Untracked 
| 175|0x000000008af00000, 0x000000008af00000, 0x000000008b000000|  0%| F|  |TAMS 0x000000008af00000, 0x000000008af00000| Untracked 
| 176|0x000000008b000000, 0x000000008b000000, 0x000000008b100000|  0%| F|  |TAMS 0x000000008b000000, 0x000000008b000000| Untracked 
| 177|0x000000008b100000, 0x000000008b100000, 0x000000008b200000|  0%| F|  |TAMS 0x000000008b100000, 0x000000008b100000| Untracked 
| 178|0x000000008b200000, 0x000000008b200000, 0x000000008b300000|  0%| F|  |TAMS 0x000000008b200000, 0x000000008b200000| Untracked 
| 179|0x000000008b300000, 0x000000008b300000, 0x000000008b400000|  0%| F|  |TAMS 0x000000008b300000, 0x000000008b300000| Untracked 
| 180|0x000000008b400000, 0x000000008b400000, 0x000000008b500000|  0%| F|  |TAMS 0x000000008b400000, 0x000000008b400000| Untracked 
| 181|0x000000008b500000, 0x000000008b500000, 0x000000008b600000|  0%| F|  |TAMS 0x000000008b500000, 0x000000008b500000| Untracked 
| 182|0x000000008b600000, 0x000000008b600000, 0x000000008b700000|  0%| F|  |TAMS 0x000000008b600000, 0x000000008b600000| Untracked 
| 183|0x000000008b700000, 0x000000008b700000, 0x000000008b800000|  0%| F|  |TAMS 0x000000008b700000, 0x000000008b700000| Untracked 
| 184|0x000000008b800000, 0x000000008b800000, 0x000000008b900000|  0%| F|  |TAMS 0x000000008b800000, 0x000000008b800000| Untracked 
| 185|0x000000008b900000, 0x000000008b900000, 0x000000008ba00000|  0%| F|  |TAMS 0x000000008b900000, 0x000000008b900000| Untracked 
| 186|0x000000008ba00000, 0x000000008ba00000, 0x000000008bb00000|  0%| F|  |TAMS 0x000000008ba00000, 0x000000008ba00000| Untracked 
| 187|0x000000008bb00000, 0x000000008bb00000, 0x000000008bc00000|  0%| F|  |TAMS 0x000000008bb00000, 0x000000008bb00000| Untracked 
| 188|0x000000008bc00000, 0x000000008bc00000, 0x000000008bd00000|  0%| F|  |TAMS 0x000000008bc00000, 0x000000008bc00000| Untracked 
| 189|0x000000008bd00000, 0x000000008bd00000, 0x000000008be00000|  0%| F|  |TAMS 0x000000008bd00000, 0x000000008bd00000| Untracked 
| 190|0x000000008be00000, 0x000000008be00000, 0x000000008bf00000|  0%| F|  |TAMS 0x000000008be00000, 0x000000008be00000| Untracked 
| 191|0x000000008bf00000, 0x000000008bf00000, 0x000000008c000000|  0%| F|  |TAMS 0x000000008bf00000, 0x000000008bf00000| Untracked 
| 192|0x000000008c000000, 0x000000008c000000, 0x000000008c100000|  0%| F|  |TAMS 0x000000008c000000, 0x000000008c000000| Untracked 
| 193|0x000000008c100000, 0x000000008c100000, 0x000000008c200000|  0%| F|  |TAMS 0x000000008c100000, 0x000000008c100000| Untracked 
| 194|0x000000008c200000, 0x000000008c200000, 0x000000008c300000|  0%| F|  |TAMS 0x000000008c200000, 0x000000008c200000| Untracked 
| 195|0x000000008c300000, 0x000000008c300000, 0x000000008c400000|  0%| F|  |TAMS 0x000000008c300000, 0x000000008c300000| Untracked 
| 196|0x000000008c400000, 0x000000008c400000, 0x000000008c500000|  0%| F|  |TAMS 0x000000008c400000, 0x000000008c400000| Untracked 
| 197|0x000000008c500000, 0x000000008c500000, 0x000000008c600000|  0%| F|  |TAMS 0x000000008c500000, 0x000000008c500000| Untracked 
| 198|0x000000008c600000, 0x000000008c600000, 0x000000008c700000|  0%| F|  |TAMS 0x000000008c600000, 0x000000008c600000| Untracked 
| 199|0x000000008c700000, 0x000000008c700000, 0x000000008c800000|  0%| F|  |TAMS 0x000000008c700000, 0x000000008c700000| Untracked 
| 200|0x000000008c800000, 0x000000008c800000, 0x000000008c900000|  0%| F|  |TAMS 0x000000008c800000, 0x000000008c800000| Untracked 
| 201|0x000000008c900000, 0x000000008c900000, 0x000000008ca00000|  0%| F|  |TAMS 0x000000008c900000, 0x000000008c900000| Untracked 
| 202|0x000000008ca00000, 0x000000008ca00000, 0x000000008cb00000|  0%| F|  |TAMS 0x000000008ca00000, 0x000000008ca00000| Untracked 
| 203|0x000000008cb00000, 0x000000008cb00000, 0x000000008cc00000|  0%| F|  |TAMS 0x000000008cb00000, 0x000000008cb00000| Untracked 
| 204|0x000000008cc00000, 0x000000008cc00000, 0x000000008cd00000|  0%| F|  |TAMS 0x000000008cc00000, 0x000000008cc00000| Untracked 
| 205|0x000000008cd00000, 0x000000008cd00000, 0x000000008ce00000|  0%| F|  |TAMS 0x000000008cd00000, 0x000000008cd00000| Untracked 
| 206|0x000000008ce00000, 0x000000008ce00000, 0x000000008cf00000|  0%| F|  |TAMS 0x000000008ce00000, 0x000000008ce00000| Untracked 
| 207|0x000000008cf00000, 0x000000008cf00000, 0x000000008d000000|  0%| F|  |TAMS 0x000000008cf00000, 0x000000008cf00000| Untracked 
| 208|0x000000008d000000, 0x000000008d000000, 0x000000008d100000|  0%| F|  |TAMS 0x000000008d000000, 0x000000008d000000| Untracked 
| 209|0x000000008d100000, 0x000000008d100000, 0x000000008d200000|  0%| F|  |TAMS 0x000000008d100000, 0x000000008d100000| Untracked 
| 210|0x000000008d200000, 0x000000008d200000, 0x000000008d300000|  0%| F|  |TAMS 0x000000008d200000, 0x000000008d200000| Untracked 
| 211|0x000000008d300000, 0x000000008d300000, 0x000000008d400000|  0%| F|  |TAMS 0x000000008d300000, 0x000000008d300000| Untracked 
| 212|0x000000008d400000, 0x000000008d400000, 0x000000008d500000|  0%| F|  |TAMS 0x000000008d400000, 0x000000008d400000| Untracked 
| 213|0x000000008d500000, 0x000000008d500000, 0x000000008d600000|  0%| F|  |TAMS 0x000000008d500000, 0x000000008d500000| Untracked 
| 214|0x000000008d600000, 0x000000008d600000, 0x000000008d700000|  0%| F|  |TAMS 0x000000008d600000, 0x000000008d600000| Untracked 
| 215|0x000000008d700000, 0x000000008d700000, 0x000000008d800000|  0%| F|  |TAMS 0x000000008d700000, 0x000000008d700000| Untracked 
| 216|0x000000008d800000, 0x000000008d800000, 0x000000008d900000|  0%| F|  |TAMS 0x000000008d800000, 0x000000008d800000| Untracked 
| 217|0x000000008d900000, 0x000000008d900000, 0x000000008da00000|  0%| F|  |TAMS 0x000000008d900000, 0x000000008d900000| Untracked 
| 218|0x000000008da00000, 0x000000008da00000, 0x000000008db00000|  0%| F|  |TAMS 0x000000008da00000, 0x000000008da00000| Untracked 
| 219|0x000000008db00000, 0x000000008db00000, 0x000000008dc00000|  0%| F|  |TAMS 0x000000008db00000, 0x000000008db00000| Untracked 
| 220|0x000000008dc00000, 0x000000008dc00000, 0x000000008dd00000|  0%| F|  |TAMS 0x000000008dc00000, 0x000000008dc00000| Untracked 
| 221|0x000000008dd00000, 0x000000008dd09840, 0x000000008de00000|  3%| E|  |TAMS 0x000000008dd00000, 0x000000008dd00000| Complete 
| 222|0x000000008de00000, 0x000000008df00000, 0x000000008df00000|100%| E|CS|TAMS 0x000000008de00000, 0x000000008de00000| Complete 
| 223|0x000000008df00000, 0x000000008e000000, 0x000000008e000000|100%| E|CS|TAMS 0x000000008df00000, 0x000000008df00000| Complete 
| 224|0x000000008e000000, 0x000000008e100000, 0x000000008e100000|100%| E|CS|TAMS 0x000000008e000000, 0x000000008e000000| Complete 
| 225|0x000000008e100000, 0x000000008e200000, 0x000000008e200000|100%| E|CS|TAMS 0x000000008e100000, 0x000000008e100000| Complete 
| 226|0x000000008e200000, 0x000000008e300000, 0x000000008e300000|100%| E|CS|TAMS 0x000000008e200000, 0x000000008e200000| Complete 
| 227|0x000000008e300000, 0x000000008e400000, 0x000000008e400000|100%| E|CS|TAMS 0x000000008e300000, 0x000000008e300000| Complete 
| 228|0x000000008e400000, 0x000000008e500000, 0x000000008e500000|100%| E|CS|TAMS 0x000000008e400000, 0x000000008e400000| Complete 
| 229|0x000000008e500000, 0x000000008e600000, 0x000000008e600000|100%| E|CS|TAMS 0x000000008e500000, 0x000000008e500000| Complete 
| 230|0x000000008e600000, 0x000000008e700000, 0x000000008e700000|100%| E|CS|TAMS 0x000000008e600000, 0x000000008e600000| Complete 
| 231|0x000000008e700000, 0x000000008e800000, 0x000000008e800000|100%| E|CS|TAMS 0x000000008e700000, 0x000000008e700000| Complete 
| 232|0x000000008e800000, 0x000000008e900000, 0x000000008e900000|100%| E|CS|TAMS 0x000000008e800000, 0x000000008e800000| Complete 
| 233|0x000000008e900000, 0x000000008ea00000, 0x000000008ea00000|100%| E|CS|TAMS 0x000000008e900000, 0x000000008e900000| Complete 
| 234|0x000000008ea00000, 0x000000008eb00000, 0x000000008eb00000|100%| E|CS|TAMS 0x000000008ea00000, 0x000000008ea00000| Complete 
| 235|0x000000008eb00000, 0x000000008ec00000, 0x000000008ec00000|100%| E|CS|TAMS 0x000000008eb00000, 0x000000008eb00000| Complete 
| 236|0x000000008ec00000, 0x000000008ed00000, 0x000000008ed00000|100%| E|CS|TAMS 0x000000008ec00000, 0x000000008ec00000| Complete 
| 237|0x000000008ed00000, 0x000000008ee00000, 0x000000008ee00000|100%| E|CS|TAMS 0x000000008ed00000, 0x000000008ed00000| Complete 
| 238|0x000000008ee00000, 0x000000008ef00000, 0x000000008ef00000|100%| E|CS|TAMS 0x000000008ee00000, 0x000000008ee00000| Complete 
| 239|0x000000008ef00000, 0x000000008f000000, 0x000000008f000000|100%| E|CS|TAMS 0x000000008ef00000, 0x000000008ef00000| Complete 
| 240|0x000000008f000000, 0x000000008f100000, 0x000000008f100000|100%| E|CS|TAMS 0x000000008f000000, 0x000000008f000000| Complete 
| 241|0x000000008f100000, 0x000000008f200000, 0x000000008f200000|100%| E|CS|TAMS 0x000000008f100000, 0x000000008f100000| Complete 
| 242|0x000000008f200000, 0x000000008f300000, 0x000000008f300000|100%| E|CS|TAMS 0x000000008f200000, 0x000000008f200000| Complete 
| 243|0x000000008f300000, 0x000000008f400000, 0x000000008f400000|100%| E|CS|TAMS 0x000000008f300000, 0x000000008f300000| Complete 
| 244|0x000000008f400000, 0x000000008f500000, 0x000000008f500000|100%| E|CS|TAMS 0x000000008f400000, 0x000000008f400000| Complete 
| 245|0x000000008f500000, 0x000000008f600000, 0x000000008f600000|100%| E|CS|TAMS 0x000000008f500000, 0x000000008f500000| Complete 
| 246|0x000000008f600000, 0x000000008f700000, 0x000000008f700000|100%| E|CS|TAMS 0x000000008f600000, 0x000000008f600000| Complete 
| 247|0x000000008f700000, 0x000000008f800000, 0x000000008f800000|100%| E|  |TAMS 0x000000008f700000, 0x000000008f700000| Complete 
| 248|0x000000008f800000, 0x000000008f900000, 0x000000008f900000|100%| E|CS|TAMS 0x000000008f800000, 0x000000008f800000| Complete 
| 249|0x000000008f900000, 0x000000008fa00000, 0x000000008fa00000|100%| E|CS|TAMS 0x000000008f900000, 0x000000008f900000| Complete 
| 250|0x000000008fa00000, 0x000000008fb00000, 0x000000008fb00000|100%| E|CS|TAMS 0x000000008fa00000, 0x000000008fa00000| Complete 
| 251|0x000000008fb00000, 0x000000008fc00000, 0x000000008fc00000|100%| E|CS|TAMS 0x000000008fb00000, 0x000000008fb00000| Complete 
| 252|0x000000008fc00000, 0x000000008fd00000, 0x000000008fd00000|100%| E|CS|TAMS 0x000000008fc00000, 0x000000008fc00000| Complete 
| 253|0x000000008fd00000, 0x000000008fe00000, 0x000000008fe00000|100%| E|CS|TAMS 0x000000008fd00000, 0x000000008fd00000| Complete 
| 254|0x000000008fe00000, 0x000000008ff00000, 0x000000008ff00000|100%| E|CS|TAMS 0x000000008fe00000, 0x000000008fe00000| Complete 
| 255|0x000000008ff00000, 0x0000000090000000, 0x0000000090000000|100%| E|CS|TAMS 0x000000008ff00000, 0x000000008ff00000| Complete 

Card table byte_map: [0x00000239f7c70000,0x00000239f8070000] _byte_map_base: 0x00000239f7870000

Marking Bits (Prev, Next): (CMBitMap*) 0x00000239e434f768, (CMBitMap*) 0x00000239e434f7a0
 Prev Bits: [0x00000239f8470000, 0x00000239fa470000)
 Next Bits: [0x00000239fa470000, 0x00000239fc470000)

Polling page: 0x00000239e2ab0000

Metaspace:

Usage:
  Non-class:     83.75 MB capacity,    82.31 MB ( 98%) used,     1.17 MB (  1%) free+waste,   278.19 KB ( <1%) overhead. 
      Class:     12.97 MB capacity,    12.12 MB ( 93%) used,   749.20 KB (  6%) free+waste,   124.31 KB ( <1%) overhead. 
       Both:     96.72 MB capacity,    94.43 MB ( 98%) used,     1.90 MB (  2%) free+waste,   402.50 KB ( <1%) overhead. 

Virtual space:
  Non-class space:       84.00 MB reserved,      83.87 MB (>99%) committed 
      Class space:        1.00 GB reserved,      13.00 MB (  1%) committed 
             Both:        1.08 GB reserved,      96.87 MB (  9%) committed 

Chunk freelists:
   Non-Class:  0 bytes
       Class:  0 bytes
        Both:  0 bytes

MaxMetaspaceSize: 17179869184.00 GB
CompressedClassSpaceSize: 1.00 GB

CodeHeap 'non-profiled nmethods': size=120000Kb used=9887Kb max_used=9887Kb free=110112Kb
 bounds [0x00000239ef8d0000, 0x00000239f0280000, 0x00000239f6e00000]
CodeHeap 'profiled nmethods': size=120000Kb used=29286Kb max_used=29286Kb free=90713Kb
 bounds [0x00000239e83a0000, 0x00000239ea040000, 0x00000239ef8d0000]
CodeHeap 'non-nmethods': size=5760Kb used=2320Kb max_used=2384Kb free=3439Kb
 bounds [0x00000239e7e00000, 0x00000239e8070000, 0x00000239e83a0000]
 total_blobs=14197 nmethods=13256 adapters=852
 compilation: enabled
              stopped_count=0, restarted_count=0
 full_count=0

Compilation events (20 events):
Event: 121.039 Thread 0x00000239836f6000 nmethod 13264 0x00000239f026f710 code [0x00000239f026fa20, 0x00000239f02720d8]
Event: 121.039 Thread 0x00000239836f6000 13304       4       org.gradle.internal.snapshot.DirectorySnapshot$$Lambda$908/0x0000000100b6ac40::accept (20 bytes)
Event: 121.040 Thread 0x00000239ff81f000 13322       1       org.gradle.api.internal.tasks.properties.annotations.NestedBeanAnnotationHandler::shouldVisit (2 bytes)
Event: 121.040 Thread 0x00000239ff81f000 nmethod 13322 0x00000239f0273090 code [0x00000239f0273240, 0x00000239f02732f8]
Event: 121.043 Thread 0x00000239ff81f000 13324       3       kotlin.io.FileTreeWalk$FileTreeWalkIterator::gotoNext (93 bytes)
Event: 121.044 Thread 0x00000239ff81f000 nmethod 13324 0x00000239ea036f10 code [0x00000239ea037220, 0x00000239ea038288]
Event: 121.044 Thread 0x00000239ff81f000 13323       3       kotlin.io.FileTreeWalk$FileTreeWalkIterator::computeNext (22 bytes)
Event: 121.044 Thread 0x00000239ff81f000 nmethod 13323 0x00000239ea038910 code [0x00000239ea038b00, 0x00000239ea038e88]
Event: 121.044 Thread 0x00000239ff81f000 13325       3       kotlin.collections.AbstractIterator::next (30 bytes)
Event: 121.045 Thread 0x00000239ff81f000 nmethod 13325 0x00000239ea038f90 code [0x00000239ea039160, 0x00000239ea039498]
Event: 121.051 Thread 0x000002398b0e0800 nmethod 13301 0x00000239f0273390 code [0x00000239f02735e0, 0x00000239f0274290]
Event: 121.051 Thread 0x000002398b0e0800 13308   !   4       org.gradle.internal.snapshot.FileSystemLeafSnapshot::accept (36 bytes)
Event: 121.058 Thread 0x000002398b0e0800 nmethod 13308 0x00000239f0274b10 code [0x00000239f0274d00, 0x00000239f0275298]
Event: 121.058 Thread 0x000002398b0e0800 13309       4       org.gradle.api.internal.artifacts.transform.TransformingAsyncArtifactListener$TransformedArtifact::startFinalization (15 bytes)
Event: 121.060 Thread 0x00000239836f6000 nmethod 13304 0x00000239f0275690 code [0x00000239f02758e0, 0x00000239f0276770]
Event: 121.060 Thread 0x00000239836f6000 13300       4       org.gradle.internal.snapshot.RelativePathTracker::enter (26 bytes)
Event: 121.063 Thread 0x00000239836f6000 nmethod 13300 0x00000239f0277090 code [0x00000239f0277240, 0x00000239f0277568]
Event: 121.063 Thread 0x00000239836f6000 13303       4       org.gradle.internal.snapshot.RelativePathTracker::isRoot (10 bytes)
Event: 121.063 Thread 0x00000239836f6000 nmethod 13303 0x00000239f0277710 code [0x00000239f02778a0, 0x00000239f0277938]
Event: 121.063 Thread 0x00000239836f6000 13270       4       org.gradle.internal.Try$Success::ifSuccessfulOrElse (11 bytes)

GC Heap History (20 events):
Event: 51.931 GC heap before
{Heap before GC invocations=8 (full 0):
 garbage-first heap   total 262144K, used 68911K [0x0000000080000000, 0x0000000100000000)
  region size 1024K, 39 young (39936K), 19 survivors (19456K)
 Metaspace       used 58309K, capacity 59784K, committed 59900K, reserved 1101824K
  class space    used 7404K, capacity 7950K, committed 8064K, reserved 1048576K
}
Event: 52.018 GC heap after
{Heap after GC invocations=9 (full 0):
 garbage-first heap   total 262144K, used 52804K [0x0000000080000000, 0x0000000100000000)
  region size 1024K, 3 young (3072K), 3 survivors (3072K)
 Metaspace       used 58309K, capacity 59784K, committed 59900K, reserved 1101824K
  class space    used 7404K, capacity 7950K, committed 8064K, reserved 1048576K
}
Event: 57.803 GC heap before
{Heap before GC invocations=10 (full 0):
 garbage-first heap   total 262144K, used 144964K [0x0000000080000000, 0x0000000100000000)
  region size 1024K, 93 young (95232K), 3 survivors (3072K)
 Metaspace       used 66141K, capacity 67739K, committed 67964K, reserved 1107968K
  class space    used 8369K, capacity 8939K, committed 8960K, reserved 1048576K
}
Event: 57.849 GC heap after
{Heap after GC invocations=11 (full 0):
 garbage-first heap   total 262144K, used 57721K [0x0000000080000000, 0x0000000100000000)
  region size 1024K, 8 young (8192K), 8 survivors (8192K)
 Metaspace       used 66141K, capacity 67739K, committed 67964K, reserved 1107968K
  class space    used 8369K, capacity 8939K, committed 8960K, reserved 1048576K
}
Event: 66.101 GC heap before
{Heap before GC invocations=12 (full 0):
 garbage-first heap   total 262144K, used 155001K [0x0000000080000000, 0x0000000100000000)
  region size 1024K, 103 young (105472K), 8 survivors (8192K)
 Metaspace       used 72512K, capacity 74181K, committed 74364K, reserved 1114112K
  class space    used 9342K, capacity 9948K, committed 9984K, reserved 1048576K
}
Event: 66.114 GC heap after
{Heap after GC invocations=13 (full 0):
 garbage-first heap   total 262144K, used 64737K [0x0000000080000000, 0x0000000100000000)
  region size 1024K, 13 young (13312K), 13 survivors (13312K)
 Metaspace       used 72512K, capacity 74181K, committed 74364K, reserved 1114112K
  class space    used 9342K, capacity 9948K, committed 9984K, reserved 1048576K
}
Event: 74.947 GC heap before
{Heap before GC invocations=13 (full 0):
 garbage-first heap   total 262144K, used 172257K [0x0000000080000000, 0x0000000100000000)
  region size 1024K, 111 young (113664K), 13 survivors (13312K)
 Metaspace       used 81002K, capacity 82821K, committed 83068K, reserved 1122304K
  class space    used 10504K, capacity 11186K, committed 11264K, reserved 1048576K
}
Event: 74.960 GC heap after
{Heap after GC invocations=14 (full 0):
 garbage-first heap   total 262144K, used 71685K [0x0000000080000000, 0x0000000100000000)
  region size 1024K, 14 young (14336K), 14 survivors (14336K)
 Metaspace       used 81002K, capacity 82821K, committed 83068K, reserved 1122304K
  class space    used 10504K, capacity 11186K, committed 11264K, reserved 1048576K
}
Event: 85.914 GC heap before
{Heap before GC invocations=14 (full 0):
 garbage-first heap   total 262144K, used 173061K [0x0000000080000000, 0x0000000100000000)
  region size 1024K, 114 young (116736K), 14 survivors (14336K)
 Metaspace       used 84657K, capacity 86734K, committed 86908K, reserved 1124352K
  class space    used 10960K, capacity 11697K, committed 11776K, reserved 1048576K
}
Event: 85.929 GC heap after
{Heap after GC invocations=15 (full 0):
 garbage-first heap   total 262144K, used 81274K [0x0000000080000000, 0x0000000100000000)
  region size 1024K, 15 young (15360K), 15 survivors (15360K)
 Metaspace       used 84657K, capacity 86734K, committed 86908K, reserved 1124352K
  class space    used 10960K, capacity 11697K, committed 11776K, reserved 1048576K
}
Event: 88.540 GC heap before
{Heap before GC invocations=15 (full 0):
 garbage-first heap   total 262144K, used 181626K [0x0000000080000000, 0x0000000100000000)
  region size 1024K, 114 young (116736K), 15 survivors (15360K)
 Metaspace       used 85438K, capacity 87458K, committed 87804K, reserved 1126400K
  class space    used 11008K, capacity 11785K, committed 11904K, reserved 1048576K
}
Event: 88.556 GC heap after
{Heap after GC invocations=16 (full 0):
 garbage-first heap   total 262144K, used 88462K [0x0000000080000000, 0x0000000100000000)
  region size 1024K, 9 young (9216K), 9 survivors (9216K)
 Metaspace       used 85438K, capacity 87458K, committed 87804K, reserved 1126400K
  class space    used 11008K, capacity 11785K, committed 11904K, reserved 1048576K
}
Event: 90.854 GC heap before
{Heap before GC invocations=16 (full 0):
 garbage-first heap   total 262144K, used 188814K [0x0000000080000000, 0x0000000100000000)
  region size 1024K, 108 young (110592K), 9 survivors (9216K)
 Metaspace       used 89628K, capacity 91783K, committed 91900K, reserved 1128448K
  class space    used 11512K, capacity 12307K, committed 12416K, reserved 1048576K
}
Event: 90.891 GC heap after
{Heap after GC invocations=17 (full 0):
 garbage-first heap   total 262144K, used 91478K [0x0000000080000000, 0x0000000100000000)
  region size 1024K, 12 young (12288K), 12 survivors (12288K)
 Metaspace       used 89628K, capacity 91783K, committed 91900K, reserved 1128448K
  class space    used 11512K, capacity 12307K, committed 12416K, reserved 1048576K
}
Event: 97.350 GC heap before
{Heap before GC invocations=17 (full 0):
 garbage-first heap   total 262144K, used 192854K [0x0000000080000000, 0x0000000100000000)
  region size 1024K, 112 young (114688K), 12 survivors (12288K)
 Metaspace       used 90448K, capacity 92511K, committed 92668K, reserved 1130496K
  class space    used 11587K, capacity 12358K, committed 12416K, reserved 1048576K
}
Event: 97.362 GC heap after
{Heap after GC invocations=18 (full 0):
 garbage-first heap   total 262144K, used 97037K [0x0000000080000000, 0x0000000100000000)
  region size 1024K, 12 young (12288K), 12 survivors (12288K)
 Metaspace       used 90448K, capacity 92511K, committed 92668K, reserved 1130496K
  class space    used 11587K, capacity 12358K, committed 12416K, reserved 1048576K
}
Event: 103.031 GC heap before
{Heap before GC invocations=18 (full 0):
 garbage-first heap   total 262144K, used 198413K [0x0000000080000000, 0x0000000100000000)
  region size 1024K, 112 young (114688K), 12 survivors (12288K)
 Metaspace       used 91492K, capacity 93637K, committed 93820K, reserved 1130496K
  class space    used 11683K, capacity 12498K, committed 12544K, reserved 1048576K
}
Event: 103.047 GC heap after
{Heap after GC invocations=19 (full 0):
 garbage-first heap   total 262144K, used 107673K [0x0000000080000000, 0x0000000100000000)
  region size 1024K, 12 young (12288K), 12 survivors (12288K)
 Metaspace       used 91492K, capacity 93637K, committed 93820K, reserved 1130496K
  class space    used 11683K, capacity 12498K, committed 12544K, reserved 1048576K
}
Event: 108.494 GC heap before
{Heap before GC invocations=19 (full 0):
 garbage-first heap   total 262144K, used 202905K [0x0000000080000000, 0x0000000100000000)
  region size 1024K, 106 young (108544K), 12 survivors (12288K)
 Metaspace       used 96445K, capacity 98753K, committed 98940K, reserved 1134592K
  class space    used 12380K, capacity 13255K, committed 13312K, reserved 1048576K
}
Event: 108.508 GC heap after
{Heap after GC invocations=20 (full 0):
 garbage-first heap   total 262144K, used 110388K [0x0000000080000000, 0x0000000100000000)
  region size 1024K, 8 young (8192K), 8 survivors (8192K)
 Metaspace       used 96445K, capacity 98753K, committed 98940K, reserved 1134592K
  class space    used 12380K, capacity 13255K, committed 13312K, reserved 1048576K
}

Deoptimization events (20 events):
Event: 121.038 Thread 0x0000023983b31000 Uncommon trap: trap_request=0xffffffde fr.pc=0x00000239effbab64 relative=0x0000000000000364
Event: 121.038 Thread 0x0000023983b31000 Uncommon trap: reason=class_check action=maybe_recompile pc=0x00000239effbab64 method=java.util.AbstractList$RandomAccessSpliterator.get(Ljava/util/List;I)Ljava/lang/Object; @ 2 c2
Event: 121.038 Thread 0x0000023983b31000 DEOPT PACKING pc=0x00000239effbab64 sp=0x0000007ad15fbf00
Event: 121.038 Thread 0x0000023983b31000 DEOPT UNPACKING pc=0x00000239e7e278af sp=0x0000007ad15fbe20 mode 2
Event: 121.038 Thread 0x0000023983b31000 Uncommon trap: trap_request=0xffffff6e fr.pc=0x00000239f008c04c relative=0x000000000000010c
Event: 121.038 Thread 0x0000023983b31000 Uncommon trap: reason=speculate_class_check action=maybe_recompile pc=0x00000239f008c04c method=com.google.common.collect.CompactHashMap$Itr.<init>(Lcom/google/common/collect/CompactHashMap;)V @ 25 c2
Event: 121.038 Thread 0x0000023983b31000 DEOPT PACKING pc=0x00000239f008c04c sp=0x0000007ad15fc000
Event: 121.038 Thread 0x0000023983b31000 DEOPT UNPACKING pc=0x00000239e7e278af sp=0x0000007ad15fbe00 mode 2
Event: 121.038 Thread 0x0000023983b31000 Uncommon trap: trap_request=0xffffffde fr.pc=0x00000239effb5620 relative=0x0000000000000080
Event: 121.038 Thread 0x0000023983b31000 Uncommon trap: reason=class_check action=maybe_recompile pc=0x00000239effb5620 method=java.util.AbstractList$RandomAccessSpliterator.getFence()I @ 34 c2
Event: 121.038 Thread 0x0000023983b31000 DEOPT PACKING pc=0x00000239effb5620 sp=0x0000007ad15fbef0
Event: 121.039 Thread 0x0000023983b31000 DEOPT UNPACKING pc=0x00000239e7e278af sp=0x0000007ad15fbe20 mode 2
Event: 121.039 Thread 0x0000023983b31000 Uncommon trap: trap_request=0xffffffde fr.pc=0x00000239effbab64 relative=0x0000000000000364
Event: 121.039 Thread 0x0000023983b31000 Uncommon trap: reason=class_check action=maybe_recompile pc=0x00000239effbab64 method=java.util.AbstractList$RandomAccessSpliterator.get(Ljava/util/List;I)Ljava/lang/Object; @ 2 c2
Event: 121.039 Thread 0x0000023983b31000 DEOPT PACKING pc=0x00000239effbab64 sp=0x0000007ad15fbf00
Event: 121.039 Thread 0x0000023983b31000 DEOPT UNPACKING pc=0x00000239e7e278af sp=0x0000007ad15fbe20 mode 2
Event: 121.039 Thread 0x0000023983b31000 Uncommon trap: trap_request=0xffffff6e fr.pc=0x00000239f008c04c relative=0x000000000000010c
Event: 121.039 Thread 0x0000023983b31000 Uncommon trap: reason=speculate_class_check action=maybe_recompile pc=0x00000239f008c04c method=com.google.common.collect.CompactHashMap$Itr.<init>(Lcom/google/common/collect/CompactHashMap;)V @ 25 c2
Event: 121.039 Thread 0x0000023983b31000 DEOPT PACKING pc=0x00000239f008c04c sp=0x0000007ad15fc000
Event: 121.039 Thread 0x0000023983b31000 DEOPT UNPACKING pc=0x00000239e7e278af sp=0x0000007ad15fbe00 mode 2

Classes redefined (0 events):
No events

Internal exceptions (20 events):
Event: 104.341 Thread 0x0000023983b31000 Exception <a 'java/lang/NoSuchMethodError'{0x000000008c2ff748}: 'int java.lang.invoke.DirectMethodHandle$Holder.invokeSpecial(java.lang.Object, java.lang.Object, java.lang.Object, java.lang.Object, java.lang.Object)'> (0x000000008c2ff748) thrown at [./src/hotspot/share/interpreter/linkResolver.cpp, line 773]
Event: 108.284 Thread 0x0000023983b31000 Exception <a 'java/lang/NoSuchMethodError'{0x000000008a76fee8}: <clinit>> (0x000000008a76fee8) thrown at [./src/hotspot/share/prims/jni.cpp, line 1362]
Event: 108.284 Thread 0x0000023983b31000 Exception <a 'java/lang/NoSuchMethodError'{0x000000008a781cb0}: <clinit>> (0x000000008a781cb0) thrown at [./src/hotspot/share/prims/jni.cpp, line 1362]
Event: 108.298 Thread 0x0000023983b31000 Exception <a 'java/lang/NoSuchMethodError'{0x000000008a62c010}: 'java.lang.Object java.lang.invoke.DirectMethodHandle$Holder.invokeSpecial(java.lang.Object, java.lang.Object, int, int, java.lang.Object, int, java.lang.Object, java.lang.Object)'> (0x000000008a62c010) thrown at [./src/hotspot/share/interpreter/linkResolver.cpp, line 773]
Event: 108.298 Thread 0x0000023983b31000 Exception <a 'java/lang/NoSuchMethodError'{0x000000008a630398}: 'java.lang.Object java.lang.invoke.DelegatingMethodHandle$Holder.reinvoke_L(java.lang.Object, int, int, java.lang.Object, int, java.lang.Object, java.lang.Object)'> (0x000000008a630398) thrown at [./src/hotspot/share/interpreter/linkResolver.cpp, line 773]
Event: 108.301 Thread 0x0000023983b31000 Exception <a 'java/lang/NoSuchMethodError'{0x000000008a65b640}: 'java.lang.Object java.lang.invoke.DirectMethodHandle$Holder.invokeStatic(java.lang.Object, java.lang.Object, java.lang.Object, java.lang.Object, java.lang.Object, java.lang.Object, java.lang.Object, java.lang.Object, int)'> (0x000000008a65b640) thrown at [./src/hotspot/share/interpreter/linkResolver.cpp, line 773]
Event: 108.303 Thread 0x0000023983b31000 Exception <a 'java/lang/NoSuchMethodError'{0x000000008a6768e0}: 'java.lang.Object java.lang.invoke.DirectMethodHandle$Holder.invokeStatic(java.lang.Object, java.lang.Object, java.lang.Object, java.lang.Object, java.lang.Object, java.lang.Object, java.lang.Object, java.lang.Object, int, int)'> (0x000000008a6768e0) thrown at [./src/hotspot/share/interpreter/linkResolver.cpp, line 773]
Event: 108.306 Thread 0x0000023983b31000 Exception <a 'java/lang/NoSuchMethodError'{0x000000008a692a80}: 'java.lang.Object java.lang.invoke.DirectMethodHandle$Holder.invokeStatic(java.lang.Object, java.lang.Object, java.lang.Object, java.lang.Object, java.lang.Object, java.lang.Object, java.lang.Object, java.lang.Object, int, int, java.lang.Object)'> (0x000000008a692a80) thrown at [./src/hotspot/share/interpreter/linkResolver.cpp, line 773]
Event: 108.308 Thread 0x0000023983b31000 Exception <a 'java/lang/NoSuchMethodError'{0x000000008a6b0318}: 'java.lang.Object java.lang.invoke.DirectMethodHandle$Holder.invokeStatic(java.lang.Object, java.lang.Object, java.lang.Object, java.lang.Object, java.lang.Object, java.lang.Object, java.lang.Object, java.lang.Object, int, int, java.lang.Object, java.lang.Object)'> (0x000000008a6b0318) thrown at [./src/hotspot/share/interpreter/linkResolver.cpp, line 773]
Event: 108.318 Thread 0x0000023983b31000 Exception <a 'java/lang/NoSuchMethodError'{0x000000008a6f3b50}: <clinit>> (0x000000008a6f3b50) thrown at [./src/hotspot/share/prims/jni.cpp, line 1362]
Event: 108.321 Thread 0x0000023983b31000 Exception <a 'java/lang/NoSuchMethodError'{0x000000008a5267d8}: <clinit>> (0x000000008a5267d8) thrown at [./src/hotspot/share/prims/jni.cpp, line 1362]
Event: 108.333 Thread 0x0000023989a60000 Exception <a 'java/lang/InterruptedException'{0x000000008a54a3b8}> (0x000000008a54a3b8) thrown at [./src/hotspot/share/runtime/objectMonitor.cpp, line 1635]
Event: 108.333 Thread 0x0000023989a60000 Exception <a 'java/lang/NoSuchMethodError'{0x000000008a5521c8}: 'java.lang.Object java.lang.invoke.DirectMethodHandle$Holder.invokeStatic(java.lang.Object, java.lang.Object, int, java.lang.Object, long)'> (0x000000008a5521c8) thrown at [./src/hotspot/share/interpreter/linkResolver.cpp, line 773]
Event: 108.351 Thread 0x0000023983b31000 Exception <a 'java/lang/NoSuchMethodError'{0x000000008a57f228}: <clinit>> (0x000000008a57f228) thrown at [./src/hotspot/share/prims/jni.cpp, line 1362]
Event: 108.353 Thread 0x0000023983b31000 Exception <a 'java/lang/NoSuchMethodError'{0x000000008a591020}: <clinit>> (0x000000008a591020) thrown at [./src/hotspot/share/prims/jni.cpp, line 1362]
Event: 108.357 Thread 0x0000023983b31000 Exception <a 'java/lang/NoSuchMethodError'{0x000000008a5a2df0}: <clinit>> (0x000000008a5a2df0) thrown at [./src/hotspot/share/prims/jni.cpp, line 1362]
Event: 108.364 Thread 0x0000023983b31000 Exception <a 'java/lang/NoSuchMethodError'{0x000000008a5c8790}: <clinit>> (0x000000008a5c8790) thrown at [./src/hotspot/share/prims/jni.cpp, line 1362]
Event: 108.421 Thread 0x0000023983b31000 Exception <a 'java/lang/NoSuchMethodError'{0x000000008a37c8b8}: <clinit>> (0x000000008a37c8b8) thrown at [./src/hotspot/share/prims/jni.cpp, line 1362]
Event: 108.515 Thread 0x0000023989a60800 Exception <a 'java/lang/NoSuchMethodError'{0x000000008ff44b70}: 'java.lang.Object java.lang.invoke.DirectMethodHandle$Holder.invokeStatic(java.lang.Object, java.lang.Object, java.lang.Object, java.lang.Object, java.lang.Object, java.lang.Object, java.lang.Object, java.lang.Object, java.lang.Object, java.lang.Object, java.lang.Object, java.lang.Object, java.lang.Object, int)'> (0x000000008ff44b70) thrown at [./src/hotspot/share/interpreter/linkResolver.cpp, line 773]
Event: 108.517 Thread 0x0000023989a60800 Exception <a 'java/lang/NoSuchMethodError'{0x000000008ff51398}: 'java.lang.Object java.lang.invoke.DirectMethodHandle$Holder.invokeStatic(java.lang.Object, java.lang.Object, java.lang.Object, java.lang.Object, java.lang.Object, java.lang.Object, java.lang.Object, java.lang.Object, java.lang.Object, java.lang.Object, java.lang.Object, java.lang.Object, java.lang.Object, int, int)'> (0x000000008ff51398) thrown at [./src/hotspot/share/interpreter/linkResolver.cpp, line 773]

Events (20 events):
Event: 120.650 Executing VM operation: Deoptimize done
Event: 120.651 loading class org/gradle/api/internal/artifacts/ivyservice/resolveengine/artifact/LocalFileDependencyBackedArtifactSet$TransformedLocalFileArtifactSet
Event: 120.651 loading class org/gradle/api/internal/artifacts/ivyservice/resolveengine/artifact/LocalFileDependencyBackedArtifactSet$TransformedLocalFileArtifactSet done
Event: 120.651 Executing VM operation: Deoptimize
Event: 120.653 Executing VM operation: Deoptimize done
Event: 120.673 Thread 0x000002398b0e0800 Thread added: 0x000002398b0e0800
Event: 120.673 Thread 0x00000239836f6000 Thread added: 0x00000239836f6000
Event: 120.676 Thread 0x00000239ff823000 flushing nmethod 0x00000239e83a0410
Event: 120.676 Thread 0x00000239ff823000 flushing nmethod 0x00000239e83a1190
Event: 120.676 Thread 0x00000239ff823000 flushing nmethod 0x00000239e83a1510
Event: 120.853 Executing VM operation: ICBufferFull
Event: 120.853 Executing VM operation: ICBufferFull done
Event: 120.861 loading class org/gradle/api/internal/artifacts/ivyservice/DefaultLenientConfiguration$ResolvedDependencyArtifactsGraph
Event: 120.861 loading class org/gradle/api/internal/artifacts/ivyservice/DefaultLenientConfiguration$ResolvedDependencyArtifactsGraph done
Event: 120.861 Executing VM operation: Deoptimize
Event: 120.862 Executing VM operation: Deoptimize done
Event: 120.977 loading class org/jetbrains/kotlin/gradle/tasks/KotlinCompile$disableMultiModuleIC$2$1
Event: 120.977 loading class org/jetbrains/kotlin/gradle/tasks/KotlinCompile$disableMultiModuleIC$2$1 done
Event: 121.008 loading class org/gradle/api/internal/tasks/TaskStateInternal
Event: 121.008 loading class org/gradle/api/internal/tasks/TaskStateInternal done


Dynamic libraries:
0x00007ff6464b0000 - 0x00007ff6464ba000 	D:\Program\Android Studio\jre\bin\java.exe
0x00007fff44230000 - 0x00007fff44425000 	C:\Windows\SYSTEM32\ntdll.dll
0x00007fff43880000 - 0x00007fff4393e000 	C:\Windows\System32\KERNEL32.DLL
0x00007fff41e60000 - 0x00007fff42128000 	C:\Windows\System32\KERNELBASE.dll
0x00007fff41950000 - 0x00007fff41a50000 	C:\Windows\System32\ucrtbase.dll
0x00007fff3a6a0000 - 0x00007fff3a6b9000 	D:\Program\Android Studio\jre\bin\jli.dll
0x00007fff424f0000 - 0x00007fff42690000 	C:\Windows\System32\USER32.dll
0x00007fff41cc0000 - 0x00007fff41ce2000 	C:\Windows\System32\win32u.dll
0x00007fff2d580000 - 0x00007fff2d81a000 	C:\Windows\WinSxS\amd64_microsoft.windows.common-controls_6595b64144ccf1df_6.0.19041.1110_none_60b5254171f9507e\COMCTL32.dll
0x00007fff42ed0000 - 0x00007fff42efa000 	C:\Windows\System32\GDI32.dll
0x00007fff3a660000 - 0x00007fff3a677000 	D:\Program\Android Studio\jre\bin\VCRUNTIME140.dll
0x00007fff430a0000 - 0x00007fff4313e000 	C:\Windows\System32\msvcrt.dll
0x00007fff41bb0000 - 0x00007fff41cbb000 	C:\Windows\System32\gdi32full.dll
0x00007fff41a50000 - 0x00007fff41aed000 	C:\Windows\System32\msvcp_win.dll
0x00007fff432f0000 - 0x00007fff43320000 	C:\Windows\System32\IMM32.DLL
0x00007fff2e960000 - 0x00007fff2e9fd000 	D:\Program\Android Studio\jre\bin\msvcp140.dll
0x00007ffeb7070000 - 0x00007ffeb7b3f000 	D:\Program\Android Studio\jre\bin\server\jvm.dll
0x00007fff43240000 - 0x00007fff432ee000 	C:\Windows\System32\ADVAPI32.dll
0x00007fff43a90000 - 0x00007fff43b2c000 	C:\Windows\System32\sechost.dll
0x00007fff43be0000 - 0x00007fff43d05000 	C:\Windows\System32\RPCRT4.dll
0x00007fff43140000 - 0x00007fff43148000 	C:\Windows\System32\PSAPI.DLL
0x00007fff26fb0000 - 0x00007fff26fb9000 	C:\Windows\SYSTEM32\WSOCK32.dll
0x00007fff431d0000 - 0x00007fff4323b000 	C:\Windows\System32\WS2_32.dll
0x00007fff2f8d0000 - 0x00007fff2f8f7000 	C:\Windows\SYSTEM32\WINMM.dll
0x00007fff39a90000 - 0x00007fff39a9a000 	C:\Windows\SYSTEM32\VERSION.dll
0x00007fff401f0000 - 0x00007fff40202000 	C:\Windows\SYSTEM32\kernel.appcore.dll
0x00007fff34190000 - 0x00007fff341a1000 	D:\Program\Android Studio\jre\bin\verify.dll
0x00007fff2ec70000 - 0x00007fff2ee54000 	C:\Windows\SYSTEM32\DBGHELP.DLL
0x00007fff26f30000 - 0x00007fff26f5c000 	C:\Windows\SYSTEM32\dbgcore.DLL
0x00007fff41b20000 - 0x00007fff41ba2000 	C:\Windows\System32\bcryptPrimitives.dll
0x00007fff2be10000 - 0x00007fff2be39000 	D:\Program\Android Studio\jre\bin\java.dll
0x00007fff3c500000 - 0x00007fff3c50b000 	D:\Program\Android Studio\jre\bin\jimage.dll
0x00007fff254e0000 - 0x00007fff254f8000 	D:\Program\Android Studio\jre\bin\zip.dll
0x00007fff426a0000 - 0x00007fff42de4000 	C:\Windows\System32\SHELL32.dll
0x00007fff3fa50000 - 0x00007fff401e4000 	C:\Windows\SYSTEM32\windows.storage.dll
0x00007fff43d10000 - 0x00007fff44064000 	C:\Windows\System32\combase.dll
0x00007fff413c0000 - 0x00007fff413ec000 	C:\Windows\SYSTEM32\Wldp.dll
0x00007fff43b30000 - 0x00007fff43bdd000 	C:\Windows\System32\SHCORE.dll
0x00007fff43960000 - 0x00007fff439b5000 	C:\Windows\System32\shlwapi.dll
0x00007fff41890000 - 0x00007fff418af000 	C:\Windows\SYSTEM32\profapi.dll
0x00007fff166a0000 - 0x00007fff166ba000 	D:\Program\Android Studio\jre\bin\net.dll
0x00007fff32e40000 - 0x00007fff32f4a000 	C:\Windows\SYSTEM32\WINHTTP.dll
0x00007fff41120000 - 0x00007fff4118a000 	C:\Windows\system32\mswsock.dll
0x00007fff0dfe0000 - 0x00007fff0dff4000 	D:\Program\Android Studio\jre\bin\nio.dll
0x00007fff33c10000 - 0x00007fff33c37000 	D:\Project\AndroidGradle\native\8bec1ad78214c89d9ad589b4d07fe93259594b29d510b10fafb7a158f7737e5d\windows-amd64\native-platform.dll
0x00007fff0a9b0000 - 0x00007fff0aaed000 	D:\Project\AndroidGradle\native\53dbd7edfb1c66fb8903c78663c9afc45aea4f116125fa6feffd364cf09443e8\windows-amd64\native-platform-file-events.dll
0x00007fff3b180000 - 0x00007fff3b18a000 	D:\Program\Android Studio\jre\bin\management.dll
0x00007fff3a610000 - 0x00007fff3a61c000 	D:\Program\Android Studio\jre\bin\management_ext.dll
0x00007fff41320000 - 0x00007fff41338000 	C:\Windows\SYSTEM32\CRYPTSP.dll
0x00007fff40a30000 - 0x00007fff40a64000 	C:\Windows\system32\rsaenh.dll
0x00007fff41af0000 - 0x00007fff41b17000 	C:\Windows\System32\bcrypt.dll
0x00007fff41810000 - 0x00007fff4183e000 	C:\Windows\SYSTEM32\USERENV.dll
0x00007fff41310000 - 0x00007fff4131c000 	C:\Windows\SYSTEM32\CRYPTBASE.dll
0x00007fff40dc0000 - 0x00007fff40dfb000 	C:\Windows\SYSTEM32\IPHLPAPI.DLL
0x00007fff42690000 - 0x00007fff42698000 	C:\Windows\System32\NSI.dll
0x00007fff3af10000 - 0x00007fff3af27000 	C:\Windows\SYSTEM32\dhcpcsvc6.DLL
0x00007fff3af50000 - 0x00007fff3af6d000 	C:\Windows\SYSTEM32\dhcpcsvc.DLL
0x00007fff40e10000 - 0x00007fff40edb000 	C:\Windows\SYSTEM32\DNSAPI.dll
0x00007fff33ae0000 - 0x00007fff33afe000 	C:\Users\Agi\AppData\Local\Temp\native-platform13960133862469633277dir\native-platform.dll
0x00007fff3f030000 - 0x00007fff3f038000 	D:\Program\Android Studio\jre\bin\rmi.dll

dbghelp: loaded successfully - version: 4.0.5 - missing functions: none
symbol engine: initialized successfully - sym options: 0x614 - pdb path: .;D:\Program\Android Studio\jre\bin;C:\Windows\SYSTEM32;C:\Windows\WinSxS\amd64_microsoft.windows.common-controls_6595b64144ccf1df_6.0.19041.1110_none_60b5254171f9507e;D:\Program\Android Studio\jre\bin\server;D:\Project\AndroidGradle\native\8bec1ad78214c89d9ad589b4d07fe93259594b29d510b10fafb7a158f7737e5d\windows-amd64;D:\Project\AndroidGradle\native\53dbd7edfb1c66fb8903c78663c9afc45aea4f116125fa6feffd364cf09443e8\windows-amd64;C:\Users\Agi\AppData\Local\Temp\native-platform13960133862469633277dir

VM Arguments:
jvm_args: --add-opens=java.base/java.util=ALL-UNNAMED --add-opens=java.base/java.lang=ALL-UNNAMED --add-opens=java.base/java.lang.invoke=ALL-UNNAMED --add-opens=java.base/java.util=ALL-UNNAMED --add-opens=java.prefs/java.util.prefs=ALL-UNNAMED --add-opens=java.prefs/java.util.prefs=ALL-UNNAMED --add-opens=java.base/java.nio.charset=ALL-UNNAMED --add-opens=java.base/java.net=ALL-UNNAMED --add-opens=java.base/java.util.concurrent.atomic=ALL-UNNAMED -Xmx2048m -Dfile.encoding=UTF-8 -Duser.country=US -Duser.language=en -Duser.variant 
java_command: org.gradle.launcher.daemon.bootstrap.GradleDaemon 7.0.2
java_class_path (initial): D:\Project\AndroidGradle\wrapper\dists\gradle-7.0.2-bin\857tjihv64xamwrf0h14cai3r\gradle-7.0.2\lib\gradle-launcher-7.0.2.jar
Launcher Type: SUN_STANDARD

[Global flags]
     intx CICompilerCount                          = 4                                         {product} {ergonomic}
     uint ConcGCThreads                            = 2                                         {product} {ergonomic}
     uint G1ConcRefinementThreads                  = 8                                         {product} {ergonomic}
   size_t G1HeapRegionSize                         = 1048576                                   {product} {ergonomic}
    uintx GCDrainStackTargetSize                   = 64                                        {product} {ergonomic}
   size_t InitialHeapSize                          = 268435456                                 {product} {ergonomic}
   size_t MarkStackSize                            = 4194304                                   {product} {ergonomic}
   size_t MaxHeapSize                              = 2147483648                                {product} {command line}
   size_t MaxNewSize                               = 1287651328                                {product} {ergonomic}
   size_t MinHeapDeltaBytes                        = 1048576                                   {product} {ergonomic}
    uintx NonNMethodCodeHeapSize                   = 5836300                                {pd product} {ergonomic}
    uintx NonProfiledCodeHeapSize                  = 122910970                              {pd product} {ergonomic}
    uintx ProfiledCodeHeapSize                     = 122910970                              {pd product} {ergonomic}
    uintx ReservedCodeCacheSize                    = 251658240                              {pd product} {ergonomic}
     bool SegmentedCodeCache                       = true                                      {product} {ergonomic}
     bool UseCompressedClassPointers               = true                                 {lp64_product} {ergonomic}
     bool UseCompressedOops                        = true                                 {lp64_product} {ergonomic}
     bool UseG1GC                                  = true                                      {product} {ergonomic}
     bool UseLargePagesIndividualAllocation        = false                                  {pd product} {ergonomic}

Logging:
Log output configuration:
 #0: stdout all=warning uptime,level,tags
 #1: stderr all=off uptime,level,tags

Environment Variables:
PATH=c:\program files (x86)\intel\icls client\;c:\program files\intel\icls client\;c:\windows\system32;c:\windows;c:\windows\system32\wbem;c:\windows\system32\windowspowershell\v1.0\;c:\program files (x86)\intel\intel(r) management engine components\dal;c:\program files\intel\intel(r) management engine components\dal;c:\program files (x86)\intel\intel(r) management engine components\ipt;c:\program files\intel\intel(r) management engine components\ipt;c:\program files\intel\wifi\bin\;c:\program files\common files\intel\wirelesscommon\;C:\Windows\system32;C:\Windows;C:\Windows\system32\wbem;C:\Windows\system32\windowspowershell\v1.0\;C:\Windows\system32\openssh\;C:\Program Files (x86)\NVIDIA Corporation\PhysX\Common;C:\Program Files\NVIDIA Corporation\NVIDIA NvDLISR;D:\Project\AndroidSDK\platform-tools\;C:\Program Files\Git\cmd;C:\Users\Agi\AppData\Local\Microsoft\WindowsApps;
USERNAME=Agi
OS=Windows_NT
PROCESSOR_IDENTIFIER=Intel64 Family 6 Model 158 Stepping 9, GenuineIntel



---------------  S Y S T E M  ---------------

OS: Windows 10 , 64 bit Build 19041 (10.0.19041.1645)
OS uptime: 5 days 13:23 hours

CPU:total 8 (initial active 8) (4 cores per cpu, 2 threads per core) family 6 model 158 stepping 9 microcode 0xb4, cmov, cx8, fxsr, mmx, sse, sse2, sse3, ssse3, sse4.1, sse4.2, popcnt, avx, avx2, aes, clmul, erms, 3dnowpref, lzcnt, ht, tsc, tscinvbit, bmi1, bmi2, adx, fma

Memory: 4k page, system-wide physical 16304M (1873M free)
TotalPageFile size 31400M (AvailPageFile size 6M)
current process WorkingSet (physical memory assigned to process): 541M, peak: 559M
current process commit charge ("private bytes"): 581M, peak: 599M

vm_info: OpenJDK 64-Bit Server VM (11.0.10+0-b96-7249189) for windows-amd64 JRE (11.0.10+0-b96-7249189), built on Mar 31 2021 21:44:00 by "builder" with MS VC++ 14.0 (VS2015)

END.
