#
# There is insufficient memory for the Java Runtime Environment to continue.
# Native memory allocation (malloc) failed to allocate 1659536 bytes for Chunk::new
# Possible reasons:
#   The system is out of physical RAM or swap space
#   The process is running with CompressedOops enabled, and the Java Heap may be blocking the growth of the native heap
# Possible solutions:
#   Reduce memory load on the system
#   Increase physical memory or swap space
#   Check if swap backing store is full
#   Decrease Java heap size (-Xmx/-Xms)
#   Decrease number of Java threads
#   Decrease Java thread stack sizes (-Xss)
#   Set larger code cache with -XX:ReservedCodeCacheSize=
#   JVM is running with Unscaled Compressed Oops mode in which the Java heap is
#     placed in the first 4GB address space. The Java Heap base address is the
#     maximum limit for the native heap growth. Please use -XX:HeapBaseMinAddress
#     to set the Java Heap base and to place the Java Heap above 4GB virtual address.
# This output file may be truncated or incomplete.
#
#  Out of Memory Error (./src/hotspot/share/memory/arena.cpp:197), pid=7452, tid=19136
#
# JRE version: OpenJDK Runtime Environment (11.0.10) (build 11.0.10+0-b96-7249189)
# Java VM: OpenJDK 64-Bit Server VM (11.0.10+0-b96-7249189, mixed mode, tiered, compressed oops, g1 gc, windows-amd64)
# No core dump will be written. Minidumps are not enabled by default on client versions of Windows
#

---------------  S U M M A R Y ------------

Command Line: --add-opens=java.base/java.util=ALL-UNNAMED --add-opens=java.base/java.lang=ALL-UNNAMED --add-opens=java.base/java.lang.invoke=ALL-UNNAMED --add-opens=java.base/java.util=ALL-UNNAMED --add-opens=java.prefs/java.util.prefs=ALL-UNNAMED --add-opens=java.prefs/java.util.prefs=ALL-UNNAMED --add-opens=java.base/java.nio.charset=ALL-UNNAMED --add-opens=java.base/java.net=ALL-UNNAMED --add-opens=java.base/java.util.concurrent.atomic=ALL-UNNAMED -Xmx2048m -Dfile.encoding=UTF-8 -Duser.country=US -Duser.language=en -Duser.variant org.gradle.launcher.daemon.bootstrap.GradleDaemon 7.0.2

Host: Intel(R) Core(TM) i7-7700HQ CPU @ 2.80GHz, 8 cores, 15G,  Windows 10 , 64 bit Build 19041 (10.0.19041.1645)
Time: Thu Apr 28 00:59:47 2022 SE Asia Standard Time elapsed time: 21.179808 seconds (0d 0h 0m 21s)

---------------  T H R E A D  ---------------

Current thread (0x000001a0bf420000):  JavaThread "C2 CompilerThread2" daemon [_thread_in_native, id=19136, stack(0x000000318d000000,0x000000318d100000)]


Current CompileTask:
C2:  21179 12148       4       org.gradle.api.internal.artifacts.transform.ConsumerProvidedVariantFinder::matchAttributes (68 bytes)

Stack: [0x000000318d000000,0x000000318d100000]
Native frames: (J=compiled Java code, j=interpreted, Vv=VM code, C=native code)
V  [jvm.dll+0x5ecfaa]
V  [jvm.dll+0x722bd5]
V  [jvm.dll+0x72412d]
V  [jvm.dll+0x7247e3]
V  [jvm.dll+0x242928]
V  [jvm.dll+0xbc4fc]
V  [jvm.dll+0xbca0c]
V  [jvm.dll+0x352d3b]
V  [jvm.dll+0x197e0c]
V  [jvm.dll+0x1fb70e]
V  [jvm.dll+0x1fa7f4]
V  [jvm.dll+0x18354c]
V  [jvm.dll+0x208ee7]
V  [jvm.dll+0x207731]
V  [jvm.dll+0x6eb1cf]
V  [jvm.dll+0x6e3d45]
V  [jvm.dll+0x5ebe96]
C  [ucrtbase.dll+0x21bb2]
C  [KERNEL32.DLL+0x17034]
C  [ntdll.dll+0x52651]


---------------  P R O C E S S  ---------------

Threads class SMR info:
_java_thread_list=0x000001a0c7c9f460, length=66, elements={
0x000001a0a0069800, 0x000001a0bccd8800, 0x000001a0bccdb000, 0x000001a0bcd3d800,
0x000001a0bcd40000, 0x000001a0bcd42000, 0x000001a0bcd4c000, 0x000001a0bcd4d800,
0x000001a0bcd53000, 0x000001a0bceac000, 0x000001a0be3e6000, 0x000001a0bd9b7000,
0x000001a0bfb2c800, 0x000001a0bd0a6800, 0x000001a0bf42c000, 0x000001a0bf877000,
0x000001a0be392000, 0x000001a0be8ed000, 0x000001a0be6c4000, 0x000001a0bf7cf000,
0x000001a0bf7ca000, 0x000001a0bf7d0800, 0x000001a0bf7cc800, 0x000001a0bf7ce000,
0x000001a0bf7cd000, 0x000001a0bf7cf800, 0x000001a0bf7ca800, 0x000001a0bf7cb800,
0x000001a0c07d4800, 0x000001a0c07d2000, 0x000001a0c07d3800, 0x000001a0c07d7000,
0x000001a0c07d5800, 0x000001a0c07d1000, 0x000001a0c07d7800, 0x000001a0c04d4000,
0x000001a0c04d1000, 0x000001a0c04d1800, 0x000001a0c04d5000, 0x000001a0c04d5800,
0x000001a0c04d0000, 0x000001a0c04d2800, 0x000001a0c04d6800, 0x000001a0c04d3000,
0x000001a0c236c800, 0x000001a0c236f000, 0x000001a0c2372800, 0x000001a0c236e800,
0x000001a0c2371000, 0x000001a0c2370000, 0x000001a0c2377800, 0x000001a0c2376800,
0x000001a0c2374000, 0x000001a0c2373000, 0x000001a0c2375000, 0x000001a0c2375800,
0x000001a0c2371800, 0x000001a0c2378000, 0x000001a0c2379000, 0x000001a0c2379800,
0x000001a0c237a800, 0x000001a0ca064000, 0x000001a0ca061800, 0x000001a0ca062800,
0x000001a0bfa1a800, 0x000001a0bf420000
}

Java Threads: ( => current thread )
  0x000001a0a0069800 JavaThread "main" [_thread_blocked, id=19224, stack(0x000000318a200000,0x000000318a300000)]
  0x000001a0bccd8800 JavaThread "Reference Handler" daemon [_thread_blocked, id=14344, stack(0x000000318a900000,0x000000318aa00000)]
  0x000001a0bccdb000 JavaThread "Finalizer" daemon [_thread_blocked, id=3220, stack(0x000000318aa00000,0x000000318ab00000)]
  0x000001a0bcd3d800 JavaThread "Signal Dispatcher" daemon [_thread_blocked, id=4540, stack(0x000000318ab00000,0x000000318ac00000)]
  0x000001a0bcd40000 JavaThread "Attach Listener" daemon [_thread_blocked, id=18116, stack(0x000000318ac00000,0x000000318ad00000)]
  0x000001a0bcd42000 JavaThread "Service Thread" daemon [_thread_blocked, id=17656, stack(0x000000318ad00000,0x000000318ae00000)]
  0x000001a0bcd4c000 JavaThread "C2 CompilerThread0" daemon [_thread_blocked, id=8032, stack(0x000000318ae00000,0x000000318af00000)]
  0x000001a0bcd4d800 JavaThread "C1 CompilerThread0" daemon [_thread_blocked, id=9432, stack(0x000000318af00000,0x000000318b000000)]
  0x000001a0bcd53000 JavaThread "Sweeper thread" daemon [_thread_blocked, id=3112, stack(0x000000318b000000,0x000000318b100000)]
  0x000001a0bceac000 JavaThread "Common-Cleaner" daemon [_thread_blocked, id=15548, stack(0x000000318b100000,0x000000318b200000)]
  0x000001a0be3e6000 JavaThread "Daemon health stats" [_thread_blocked, id=6860, stack(0x000000318ba00000,0x000000318bb00000)]
  0x000001a0bd9b7000 JavaThread "Incoming local TCP Connector on port 3332" [_thread_in_native, id=10836, stack(0x000000318b300000,0x000000318b400000)]
  0x000001a0bfb2c800 JavaThread "Daemon periodic checks" [_thread_blocked, id=13340, stack(0x000000318b900000,0x000000318ba00000)]
  0x000001a0bd0a6800 JavaThread "Daemon" [_thread_blocked, id=796, stack(0x000000318bb00000,0x000000318bc00000)]
  0x000001a0bf42c000 JavaThread "Handler for socket connection from /127.0.0.1:3332 to /127.0.0.1:3333" [_thread_in_native, id=5108, stack(0x000000318bc00000,0x000000318bd00000)]
  0x000001a0bf877000 JavaThread "Cancel handler" [_thread_blocked, id=1336, stack(0x000000318bd00000,0x000000318be00000)]
  0x000001a0be392000 JavaThread "Daemon worker" [_thread_blocked, id=9512, stack(0x000000318be00000,0x000000318bf00000)]
  0x000001a0be8ed000 JavaThread "Asynchronous log dispatcher for DefaultDaemonConnection: socket connection from /127.0.0.1:3332 to /127.0.0.1:3333" [_thread_blocked, id=9020, stack(0x000000318c000000,0x000000318c100000)]
  0x000001a0be6c4000 JavaThread "Stdin handler" [_thread_blocked, id=6656, stack(0x000000318c100000,0x000000318c200000)]
  0x000001a0bf7cf000 JavaThread "Daemon client event forwarder" [_thread_blocked, id=8260, stack(0x000000318c200000,0x000000318c300000)]
  0x000001a0bf7ca000 JavaThread "Cache worker for file hash cache (D:\Project\AndroidGradle\caches\7.0.2\fileHashes)" [_thread_blocked, id=13480, stack(0x000000318c300000,0x000000318c400000)]
  0x000001a0bf7d0800 JavaThread "File lock request listener" [_thread_in_native, id=6008, stack(0x000000318c400000,0x000000318c500000)]
  0x000001a0bf7cc800 JavaThread "Cache worker for journal cache (D:\Project\AndroidGradle\caches\journal-1)" [_thread_blocked, id=3460, stack(0x000000318c800000,0x000000318c900000)]
  0x000001a0bf7ce000 JavaThread "Cache worker for file hash cache (D:\Project\Android\Arling\.gradle\7.0.2\fileHashes)" [_thread_blocked, id=18956, stack(0x000000318c900000,0x000000318ca00000)]
  0x000001a0bf7cd000 JavaThread "File watcher server" daemon [_thread_in_native, id=7304, stack(0x000000318ca00000,0x000000318cb00000)]
  0x000001a0bf7cf800 JavaThread "File watcher consumer" daemon [_thread_blocked, id=1696, stack(0x000000318cb00000,0x000000318cc00000)]
  0x000001a0bf7ca800 JavaThread "Cache worker for checksums cache (D:\Project\Android\Arling\.gradle\checksums)" [_thread_blocked, id=19088, stack(0x000000318cc00000,0x000000318cd00000)]
  0x000001a0bf7cb800 JavaThread "Cache worker for cache directory md-supplier (D:\Project\AndroidGradle\caches\7.0.2\md-supplier)" [_thread_blocked, id=10600, stack(0x000000318cd00000,0x000000318ce00000)]
  0x000001a0c07d4800 JavaThread "Cache worker for cache directory md-rule (D:\Project\AndroidGradle\caches\7.0.2\md-rule)" [_thread_blocked, id=17728, stack(0x000000318ce00000,0x000000318cf00000)]
  0x000001a0c07d2000 JavaThread "Cache worker for execution history cache (D:\Project\AndroidGradle\caches\7.0.2\executionHistory)" [_thread_blocked, id=3492, stack(0x000000318cf00000,0x000000318d000000)]
  0x000001a0c07d3800 JavaThread "jar transforms" [_thread_blocked, id=16024, stack(0x000000318d100000,0x000000318d200000)]
  0x000001a0c07d7000 JavaThread "jar transforms Thread 2" [_thread_blocked, id=19252, stack(0x000000318d200000,0x000000318d300000)]
  0x000001a0c07d5800 JavaThread "Cache worker for file content cache (D:\Project\AndroidGradle\caches\7.0.2\fileContent)" [_thread_blocked, id=8464, stack(0x000000318d300000,0x000000318d400000)]
  0x000001a0c07d1000 JavaThread "Cache worker for dependencies-accessors (D:\Project\Android\Arling\.gradle\7.0.2\dependencies-accessors)" [_thread_blocked, id=12328, stack(0x000000318d400000,0x000000318d500000)]
  0x000001a0c07d7800 JavaThread "jar transforms Thread 3" [_thread_blocked, id=16444, stack(0x000000318d500000,0x000000318d600000)]
  0x000001a0c04d4000 JavaThread "Cache worker for Build Output Cleanup Cache (D:\Project\Android\Arling\.gradle\buildOutputCleanup)" [_thread_blocked, id=14912, stack(0x000000318d600000,0x000000318d700000)]
  0x000001a0c04d1000 JavaThread "Build operations" [_thread_blocked, id=16316, stack(0x000000318d700000,0x000000318d800000)]
  0x000001a0c04d1800 JavaThread "Build operations Thread 2" [_thread_blocked, id=17476, stack(0x000000318d800000,0x000000318d900000)]
  0x000001a0c04d5000 JavaThread "Build operations Thread 3" [_thread_blocked, id=10680, stack(0x000000318d900000,0x000000318da00000)]
  0x000001a0c04d5800 JavaThread "Build operations Thread 4" [_thread_blocked, id=11148, stack(0x000000318da00000,0x000000318db00000)]
  0x000001a0c04d0000 JavaThread "Build operations Thread 5" [_thread_blocked, id=19364, stack(0x000000318db00000,0x000000318dc00000)]
  0x000001a0c04d2800 JavaThread "Build operations Thread 6" [_thread_blocked, id=956, stack(0x000000318dc00000,0x000000318dd00000)]
  0x000001a0c04d6800 JavaThread "Build operations Thread 7" [_thread_blocked, id=14544, stack(0x000000318dd00000,0x000000318de00000)]
  0x000001a0c04d3000 JavaThread "Build operations Thread 8" [_thread_blocked, id=2344, stack(0x000000318de00000,0x000000318df00000)]
  0x000001a0c236c800 JavaThread "jar transforms Thread 4" [_thread_blocked, id=17880, stack(0x000000318df00000,0x000000318e000000)]
  0x000001a0c236f000 JavaThread "jar transforms Thread 5" [_thread_blocked, id=11684, stack(0x000000318e000000,0x000000318e100000)]
  0x000001a0c2372800 JavaThread "jar transforms Thread 6" [_thread_blocked, id=10332, stack(0x000000318e100000,0x000000318e200000)]
  0x000001a0c236e800 JavaThread "jar transforms Thread 7" [_thread_blocked, id=8652, stack(0x000000318e200000,0x000000318e300000)]
  0x000001a0c2371000 JavaThread "jar transforms Thread 8" [_thread_blocked, id=5916, stack(0x000000318e300000,0x000000318e400000)]
  0x000001a0c2370000 JavaThread "Memory manager" [_thread_blocked, id=14212, stack(0x000000318e500000,0x000000318e600000)]
  0x000001a0c2377800 JavaThread "build event listener" [_thread_blocked, id=6224, stack(0x000000318e600000,0x000000318e700000)]
  0x000001a0c2376800 JavaThread "Execution worker for ':'" [_thread_blocked, id=828, stack(0x000000318e700000,0x000000318e800000)]
  0x000001a0c2374000 JavaThread "Execution worker for ':' Thread 2" [_thread_blocked, id=1692, stack(0x000000318e800000,0x000000318e900000)]
  0x000001a0c2373000 JavaThread "Execution worker for ':' Thread 3" [_thread_blocked, id=11664, stack(0x000000318e900000,0x000000318ea00000)]
  0x000001a0c2375000 JavaThread "Execution worker for ':' Thread 4" [_thread_blocked, id=18500, stack(0x000000318ea00000,0x000000318eb00000)]
  0x000001a0c2375800 JavaThread "Execution worker for ':' Thread 5" [_thread_in_native, id=10480, stack(0x000000318eb00000,0x000000318ec00000)]
  0x000001a0c2371800 JavaThread "Execution worker for ':' Thread 6" [_thread_blocked, id=17080, stack(0x000000318ec00000,0x000000318ed00000)]
  0x000001a0c2378000 JavaThread "Execution worker for ':' Thread 7" [_thread_blocked, id=18316, stack(0x000000318ed00000,0x000000318ee00000)]
  0x000001a0c2379000 JavaThread "Cache worker for execution history cache (D:\Project\Android\Arling\.gradle\7.0.2\executionHistory)" [_thread_blocked, id=10692, stack(0x000000318ee00000,0x000000318ef00000)]
  0x000001a0c2379800 JavaThread "RMI Scheduler(0)" daemon [_thread_blocked, id=18824, stack(0x000000318ef00000,0x000000318f000000)]
  0x000001a0c237a800 JavaThread "RMI GC Daemon" daemon [_thread_blocked, id=13948, stack(0x000000318f100000,0x000000318f200000)]
  0x000001a0ca064000 JavaThread "RMI TCP Accept-0" daemon [_thread_in_native, id=18276, stack(0x000000318f200000,0x000000318f300000)]
  0x000001a0ca061800 JavaThread "RMI Reaper" [_thread_blocked, id=6176, stack(0x000000318f300000,0x000000318f400000)]
  0x000001a0ca062800 JavaThread "RMI TCP Connection(1)-127.0.0.1" daemon [_thread_in_native, id=13928, stack(0x000000318f400000,0x000000318f500000)]
  0x000001a0bfa1a800 JavaThread "C2 CompilerThread1" daemon [_thread_in_native, id=7376, stack(0x000000318bf00000,0x000000318c000000)]
=>0x000001a0bf420000 JavaThread "C2 CompilerThread2" daemon [_thread_in_native, id=19136, stack(0x000000318d000000,0x000000318d100000)]

Other Threads:
  0x000001a0bc4ac000 VMThread "VM Thread" [stack: 0x000000318a800000,0x000000318a900000] [id=15348]
  0x000001a0bcecc800 WatcherThread [stack: 0x000000318b200000,0x000000318b300000] [id=8300]
  0x000001a0a0084800 GCTaskThread "GC Thread#0" [stack: 0x000000318a300000,0x000000318a400000] [id=6076]
  0x000001a0bd43a800 GCTaskThread "GC Thread#1" [stack: 0x000000318b400000,0x000000318b500000] [id=16848]
  0x000001a0bd8ce800 GCTaskThread "GC Thread#2" [stack: 0x000000318b500000,0x000000318b600000] [id=17504]
  0x000001a0bd4c0000 GCTaskThread "GC Thread#3" [stack: 0x000000318b600000,0x000000318b700000] [id=18460]
  0x000001a0bdadc800 GCTaskThread "GC Thread#4" [stack: 0x000000318b700000,0x000000318b800000] [id=18800]
  0x000001a0bd950800 GCTaskThread "GC Thread#5" [stack: 0x000000318b800000,0x000000318b900000] [id=13352]
  0x000001a0bf8af000 GCTaskThread "GC Thread#6" [stack: 0x000000318c500000,0x000000318c600000] [id=13368]
  0x000001a0bdcb5800 GCTaskThread "GC Thread#7" [stack: 0x000000318c600000,0x000000318c700000] [id=18584]
  0x000001a0a00b7000 ConcurrentGCThread "G1 Main Marker" [stack: 0x000000318a400000,0x000000318a500000] [id=16860]
  0x000001a0a00b8000 ConcurrentGCThread "G1 Conc#0" [stack: 0x000000318a500000,0x000000318a600000] [id=15968]
  0x000001a0bee85800 ConcurrentGCThread "G1 Conc#1" [stack: 0x000000318c700000,0x000000318c800000] [id=12616]
  0x000001a0a014e800 ConcurrentGCThread "G1 Refine#0" [stack: 0x000000318a600000,0x000000318a700000] [id=11764]
  0x000001a0c5625000 ConcurrentGCThread "G1 Refine#1" [stack: 0x000000318e400000,0x000000318e500000] [id=6332]
  0x000001a0bc326800 ConcurrentGCThread "G1 Young RemSet Sampling" [stack: 0x000000318a700000,0x000000318a800000] [id=13392]

Threads with active compile tasks:
C2 CompilerThread1  21231 12147       4       org.gradle.internal.instantiation.generator.DependencyInjectingInstantiator::newInstance (8 bytes)
C2 CompilerThread2  21231 12148       4       org.gradle.api.internal.artifacts.transform.ConsumerProvidedVariantFinder::matchAttributes (68 bytes)

VM state:not at safepoint (normal execution)

VM Mutex/Monitor currently owned by a thread: None

Heap address: 0x0000000080000000, size: 2048 MB, Compressed Oops mode: 32-bit
Narrow klass base: 0x0000000000000000, Narrow klass shift: 3
Compressed class space size: 1073741824 Address: 0x0000000100000000

Heap:
 garbage-first heap   total 262144K, used 166970K [0x0000000080000000, 0x0000000100000000)
  region size 1024K, 78 young (79872K), 12 survivors (12288K)
 Metaspace       used 94832K, capacity 97375K, committed 97484K, reserved 1134592K
  class space    used 12281K, capacity 13212K, committed 13260K, reserved 1048576K
Heap Regions: E=young(eden), S=young(survivor), O=old, HS=humongous(starts), HC=humongous(continues), CS=collection set, F=free, A=archive, TAMS=top-at-mark-start (previous, next)
|   0|0x0000000080000000, 0x0000000080100000, 0x0000000080100000|100%| O|  |TAMS 0x0000000080100000, 0x0000000080000000| Untracked 
|   1|0x0000000080100000, 0x0000000080200000, 0x0000000080200000|100%| O|  |TAMS 0x0000000080200000, 0x0000000080100000| Untracked 
|   2|0x0000000080200000, 0x0000000080300000, 0x0000000080300000|100%| O|  |TAMS 0x0000000080300000, 0x0000000080200000| Untracked 
|   3|0x0000000080300000, 0x0000000080400000, 0x0000000080400000|100%|HS|  |TAMS 0x0000000080400000, 0x0000000080300000| Complete 
|   4|0x0000000080400000, 0x0000000080500000, 0x0000000080500000|100%|HC|  |TAMS 0x0000000080500000, 0x0000000080400000| Complete 
|   5|0x0000000080500000, 0x0000000080600000, 0x0000000080600000|100%|HC|  |TAMS 0x0000000080600000, 0x0000000080500000| Complete 
|   6|0x0000000080600000, 0x0000000080700000, 0x0000000080700000|100%| O|  |TAMS 0x0000000080700000, 0x0000000080600000| Untracked 
|   7|0x0000000080700000, 0x0000000080800000, 0x0000000080800000|100%| O|  |TAMS 0x0000000080800000, 0x0000000080700000| Untracked 
|   8|0x0000000080800000, 0x0000000080900000, 0x0000000080900000|100%| O|  |TAMS 0x0000000080900000, 0x0000000080800000| Untracked 
|   9|0x0000000080900000, 0x0000000080a00000, 0x0000000080a00000|100%| O|  |TAMS 0x0000000080a00000, 0x0000000080900000| Untracked 
|  10|0x0000000080a00000, 0x0000000080b00000, 0x0000000080b00000|100%| O|  |TAMS 0x0000000080b00000, 0x0000000080a00000| Untracked 
|  11|0x0000000080b00000, 0x0000000080c00000, 0x0000000080c00000|100%| O|  |TAMS 0x0000000080c00000, 0x0000000080b00000| Untracked 
|  12|0x0000000080c00000, 0x0000000080d00000, 0x0000000080d00000|100%| O|  |TAMS 0x0000000080d00000, 0x0000000080c00000| Untracked 
|  13|0x0000000080d00000, 0x0000000080e00000, 0x0000000080e00000|100%| O|  |TAMS 0x0000000080e00000, 0x0000000080d00000| Untracked 
|  14|0x0000000080e00000, 0x0000000080f00000, 0x0000000080f00000|100%| O|  |TAMS 0x0000000080f00000, 0x0000000080e00000| Untracked 
|  15|0x0000000080f00000, 0x0000000081000000, 0x0000000081000000|100%| O|  |TAMS 0x0000000081000000, 0x0000000080f00000| Untracked 
|  16|0x0000000081000000, 0x0000000081100000, 0x0000000081100000|100%|HS|  |TAMS 0x0000000081100000, 0x0000000081000000| Complete 
|  17|0x0000000081100000, 0x0000000081200000, 0x0000000081200000|100%|HS|  |TAMS 0x0000000081200000, 0x0000000081100000| Complete 
|  18|0x0000000081200000, 0x0000000081300000, 0x0000000081300000|100%|HS|  |TAMS 0x0000000081300000, 0x0000000081200000| Complete 
|  19|0x0000000081300000, 0x0000000081400000, 0x0000000081400000|100%|HS|  |TAMS 0x0000000081400000, 0x0000000081300000| Complete 
|  20|0x0000000081400000, 0x0000000081500000, 0x0000000081500000|100%|HC|  |TAMS 0x0000000081500000, 0x0000000081400000| Complete 
|  21|0x0000000081500000, 0x0000000081600000, 0x0000000081600000|100%|HC|  |TAMS 0x0000000081600000, 0x0000000081500000| Complete 
|  22|0x0000000081600000, 0x0000000081700000, 0x0000000081700000|100%|HS|  |TAMS 0x0000000081700000, 0x0000000081600000| Complete 
|  23|0x0000000081700000, 0x0000000081800000, 0x0000000081800000|100%|HC|  |TAMS 0x0000000081800000, 0x0000000081700000| Complete 
|  24|0x0000000081800000, 0x0000000081900000, 0x0000000081900000|100%| O|  |TAMS 0x0000000081900000, 0x0000000081800000| Untracked 
|  25|0x0000000081900000, 0x0000000081a00000, 0x0000000081a00000|100%| O|  |TAMS 0x0000000081a00000, 0x0000000081900000| Untracked 
|  26|0x0000000081a00000, 0x0000000081b00000, 0x0000000081b00000|100%| O|  |TAMS 0x0000000081b00000, 0x0000000081a00000| Untracked 
|  27|0x0000000081b00000, 0x0000000081c00000, 0x0000000081c00000|100%| O|  |TAMS 0x0000000081c00000, 0x0000000081b00000| Untracked 
|  28|0x0000000081c00000, 0x0000000081d00000, 0x0000000081d00000|100%| O|  |TAMS 0x0000000081d00000, 0x0000000081c00000| Untracked 
|  29|0x0000000081d00000, 0x0000000081e00000, 0x0000000081e00000|100%| O|  |TAMS 0x0000000081e00000, 0x0000000081d00000| Untracked 
|  30|0x0000000081e00000, 0x0000000081f00000, 0x0000000081f00000|100%| O|  |TAMS 0x0000000081f00000, 0x0000000081e00000| Untracked 
|  31|0x0000000081f00000, 0x0000000082000000, 0x0000000082000000|100%| O|  |TAMS 0x0000000082000000, 0x0000000081f00000| Untracked 
|  32|0x0000000082000000, 0x0000000082100000, 0x0000000082100000|100%| O|  |TAMS 0x0000000082100000, 0x0000000082000000| Untracked 
|  33|0x0000000082100000, 0x0000000082200000, 0x0000000082200000|100%| O|  |TAMS 0x0000000082200000, 0x0000000082100000| Untracked 
|  34|0x0000000082200000, 0x0000000082300000, 0x0000000082300000|100%| O|  |TAMS 0x0000000082300000, 0x0000000082200000| Untracked 
|  35|0x0000000082300000, 0x0000000082400000, 0x0000000082400000|100%| O|  |TAMS 0x0000000082400000, 0x0000000082300000| Untracked 
|  36|0x0000000082400000, 0x0000000082500000, 0x0000000082500000|100%| O|  |TAMS 0x0000000082500000, 0x0000000082400000| Untracked 
|  37|0x0000000082500000, 0x0000000082600000, 0x0000000082600000|100%| O|  |TAMS 0x0000000082600000, 0x0000000082500000| Untracked 
|  38|0x0000000082600000, 0x0000000082700000, 0x0000000082700000|100%| O|  |TAMS 0x0000000082700000, 0x0000000082600000| Untracked 
|  39|0x0000000082700000, 0x0000000082800000, 0x0000000082800000|100%| O|  |TAMS 0x0000000082800000, 0x0000000082700000| Untracked 
|  40|0x0000000082800000, 0x0000000082900000, 0x0000000082900000|100%| O|  |TAMS 0x0000000082900000, 0x0000000082800000| Untracked 
|  41|0x0000000082900000, 0x0000000082a00000, 0x0000000082a00000|100%| O|  |TAMS 0x0000000082a00000, 0x0000000082900000| Untracked 
|  42|0x0000000082a00000, 0x0000000082b00000, 0x0000000082b00000|100%| O|  |TAMS 0x0000000082b00000, 0x0000000082a00000| Untracked 
|  43|0x0000000082b00000, 0x0000000082c00000, 0x0000000082c00000|100%| O|  |TAMS 0x0000000082c00000, 0x0000000082b00000| Untracked 
|  44|0x0000000082c00000, 0x0000000082d00000, 0x0000000082d00000|100%| O|  |TAMS 0x0000000082d00000, 0x0000000082c00000| Untracked 
|  45|0x0000000082d00000, 0x0000000082e00000, 0x0000000082e00000|100%| O|  |TAMS 0x0000000082e00000, 0x0000000082d00000| Untracked 
|  46|0x0000000082e00000, 0x0000000082f00000, 0x0000000082f00000|100%| O|  |TAMS 0x0000000082f00000, 0x0000000082e00000| Untracked 
|  47|0x0000000082f00000, 0x0000000083000000, 0x0000000083000000|100%| O|  |TAMS 0x0000000083000000, 0x0000000082f00000| Untracked 
|  48|0x0000000083000000, 0x0000000083100000, 0x0000000083100000|100%| O|  |TAMS 0x000000008301de00, 0x0000000083000000| Untracked 
|  49|0x0000000083100000, 0x0000000083200000, 0x0000000083200000|100%| O|  |TAMS 0x0000000083100000, 0x0000000083100000| Untracked 
|  50|0x0000000083200000, 0x0000000083300000, 0x0000000083300000|100%| O|  |TAMS 0x0000000083200000, 0x0000000083200000| Untracked 
|  51|0x0000000083300000, 0x0000000083400000, 0x0000000083400000|100%| O|  |TAMS 0x0000000083300000, 0x0000000083300000| Untracked 
|  52|0x0000000083400000, 0x0000000083500000, 0x0000000083500000|100%| O|  |TAMS 0x0000000083400000, 0x0000000083400000| Untracked 
|  53|0x0000000083500000, 0x0000000083600000, 0x0000000083600000|100%| O|  |TAMS 0x0000000083500000, 0x0000000083500000| Untracked 
|  54|0x0000000083600000, 0x0000000083700000, 0x0000000083700000|100%| O|  |TAMS 0x0000000083600000, 0x0000000083600000| Untracked 
|  55|0x0000000083700000, 0x0000000083800000, 0x0000000083800000|100%| O|  |TAMS 0x0000000083700000, 0x0000000083700000| Untracked 
|  56|0x0000000083800000, 0x0000000083900000, 0x0000000083900000|100%| O|  |TAMS 0x0000000083800000, 0x0000000083800000| Untracked 
|  57|0x0000000083900000, 0x0000000083a00000, 0x0000000083a00000|100%| O|  |TAMS 0x0000000083900000, 0x0000000083900000| Untracked 
|  58|0x0000000083a00000, 0x0000000083b00000, 0x0000000083b00000|100%| O|  |TAMS 0x0000000083a00000, 0x0000000083a00000| Untracked 
|  59|0x0000000083b00000, 0x0000000083c00000, 0x0000000083c00000|100%| O|  |TAMS 0x0000000083b00000, 0x0000000083b00000| Untracked 
|  60|0x0000000083c00000, 0x0000000083d00000, 0x0000000083d00000|100%| O|  |TAMS 0x0000000083c00000, 0x0000000083c00000| Untracked 
|  61|0x0000000083d00000, 0x0000000083e00000, 0x0000000083e00000|100%| O|  |TAMS 0x0000000083d00000, 0x0000000083d00000| Untracked 
|  62|0x0000000083e00000, 0x0000000083f00000, 0x0000000083f00000|100%| O|  |TAMS 0x0000000083e00000, 0x0000000083e00000| Untracked 
|  63|0x0000000083f00000, 0x0000000084000000, 0x0000000084000000|100%| O|  |TAMS 0x0000000083f00000, 0x0000000083f00000| Untracked 
|  64|0x0000000084000000, 0x0000000084100000, 0x0000000084100000|100%| O|  |TAMS 0x0000000084000000, 0x0000000084000000| Untracked 
|  65|0x0000000084100000, 0x0000000084200000, 0x0000000084200000|100%| O|  |TAMS 0x0000000084100000, 0x0000000084100000| Untracked 
|  66|0x0000000084200000, 0x0000000084300000, 0x0000000084300000|100%| O|  |TAMS 0x0000000084200000, 0x0000000084200000| Untracked 
|  67|0x0000000084300000, 0x0000000084400000, 0x0000000084400000|100%| O|  |TAMS 0x0000000084300000, 0x0000000084300000| Untracked 
|  68|0x0000000084400000, 0x0000000084500000, 0x0000000084500000|100%| O|  |TAMS 0x0000000084400000, 0x0000000084400000| Untracked 
|  69|0x0000000084500000, 0x0000000084600000, 0x0000000084600000|100%| O|  |TAMS 0x0000000084500000, 0x0000000084500000| Untracked 
|  70|0x0000000084600000, 0x0000000084700000, 0x0000000084700000|100%| O|  |TAMS 0x0000000084600000, 0x0000000084600000| Untracked 
|  71|0x0000000084700000, 0x0000000084800000, 0x0000000084800000|100%| O|  |TAMS 0x0000000084700000, 0x0000000084700000| Untracked 
|  72|0x0000000084800000, 0x0000000084900000, 0x0000000084900000|100%| O|  |TAMS 0x0000000084800000, 0x0000000084800000| Untracked 
|  73|0x0000000084900000, 0x0000000084a00000, 0x0000000084a00000|100%| O|  |TAMS 0x0000000084900000, 0x0000000084900000| Untracked 
|  74|0x0000000084a00000, 0x0000000084b00000, 0x0000000084b00000|100%| O|  |TAMS 0x0000000084a00000, 0x0000000084a00000| Untracked 
|  75|0x0000000084b00000, 0x0000000084c00000, 0x0000000084c00000|100%| O|  |TAMS 0x0000000084b00000, 0x0000000084b00000| Untracked 
|  76|0x0000000084c00000, 0x0000000084d00000, 0x0000000084d00000|100%| O|  |TAMS 0x0000000084c00000, 0x0000000084c00000| Untracked 
|  77|0x0000000084d00000, 0x0000000084e00000, 0x0000000084e00000|100%| O|  |TAMS 0x0000000084d00000, 0x0000000084d00000| Untracked 
|  78|0x0000000084e00000, 0x0000000084f00000, 0x0000000084f00000|100%| O|  |TAMS 0x0000000084e00000, 0x0000000084e00000| Untracked 
|  79|0x0000000084f00000, 0x0000000085000000, 0x0000000085000000|100%| O|  |TAMS 0x0000000084f00000, 0x0000000084f00000| Untracked 
|  80|0x0000000085000000, 0x0000000085100000, 0x0000000085100000|100%| O|  |TAMS 0x0000000085000000, 0x0000000085000000| Untracked 
|  81|0x0000000085100000, 0x0000000085200000, 0x0000000085200000|100%| O|  |TAMS 0x0000000085100000, 0x0000000085100000| Untracked 
|  82|0x0000000085200000, 0x0000000085300000, 0x0000000085300000|100%| O|  |TAMS 0x0000000085200000, 0x0000000085200000| Untracked 
|  83|0x0000000085300000, 0x0000000085400000, 0x0000000085400000|100%| O|  |TAMS 0x0000000085300000, 0x0000000085300000| Untracked 
|  84|0x0000000085400000, 0x0000000085500000, 0x0000000085500000|100%| O|  |TAMS 0x0000000085400000, 0x0000000085400000| Untracked 
|  85|0x0000000085500000, 0x0000000085600000, 0x0000000085600000|100%| O|  |TAMS 0x0000000085500000, 0x0000000085500000| Untracked 
|  86|0x0000000085600000, 0x0000000085700000, 0x0000000085700000|100%| O|  |TAMS 0x0000000085600000, 0x0000000085600000| Untracked 
|  87|0x0000000085700000, 0x00000000857c3e00, 0x0000000085800000| 76%| O|  |TAMS 0x0000000085700000, 0x0000000085700000| Untracked 
|  88|0x0000000085800000, 0x0000000085800000, 0x0000000085900000|  0%| F|  |TAMS 0x0000000085800000, 0x0000000085800000| Untracked 
|  89|0x0000000085900000, 0x0000000085900000, 0x0000000085a00000|  0%| F|  |TAMS 0x0000000085900000, 0x0000000085900000| Untracked 
|  90|0x0000000085a00000, 0x0000000085a00000, 0x0000000085b00000|  0%| F|  |TAMS 0x0000000085a00000, 0x0000000085a00000| Untracked 
|  91|0x0000000085b00000, 0x0000000085b00000, 0x0000000085c00000|  0%| F|  |TAMS 0x0000000085b00000, 0x0000000085b00000| Untracked 
|  92|0x0000000085c00000, 0x0000000085c00000, 0x0000000085d00000|  0%| F|  |TAMS 0x0000000085c00000, 0x0000000085c00000| Untracked 
|  93|0x0000000085d00000, 0x0000000085d00000, 0x0000000085e00000|  0%| F|  |TAMS 0x0000000085d00000, 0x0000000085d00000| Untracked 
|  94|0x0000000085e00000, 0x0000000085e00000, 0x0000000085f00000|  0%| F|  |TAMS 0x0000000085e00000, 0x0000000085e00000| Untracked 
|  95|0x0000000085f00000, 0x0000000085f00000, 0x0000000086000000|  0%| F|  |TAMS 0x0000000085f00000, 0x0000000085f00000| Untracked 
|  96|0x0000000086000000, 0x0000000086000000, 0x0000000086100000|  0%| F|  |TAMS 0x0000000086000000, 0x0000000086000000| Untracked 
|  97|0x0000000086100000, 0x0000000086100000, 0x0000000086200000|  0%| F|  |TAMS 0x0000000086100000, 0x0000000086100000| Untracked 
|  98|0x0000000086200000, 0x0000000086200000, 0x0000000086300000|  0%| F|  |TAMS 0x0000000086200000, 0x0000000086200000| Untracked 
|  99|0x0000000086300000, 0x0000000086300000, 0x0000000086400000|  0%| F|  |TAMS 0x0000000086300000, 0x0000000086300000| Untracked 
| 100|0x0000000086400000, 0x0000000086400000, 0x0000000086500000|  0%| F|  |TAMS 0x0000000086400000, 0x0000000086400000| Untracked 
| 101|0x0000000086500000, 0x0000000086500000, 0x0000000086600000|  0%| F|  |TAMS 0x0000000086500000, 0x0000000086500000| Untracked 
| 102|0x0000000086600000, 0x0000000086600000, 0x0000000086700000|  0%| F|  |TAMS 0x0000000086600000, 0x0000000086600000| Untracked 
| 103|0x0000000086700000, 0x0000000086700000, 0x0000000086800000|  0%| F|  |TAMS 0x0000000086700000, 0x0000000086700000| Untracked 
| 104|0x0000000086800000, 0x0000000086800000, 0x0000000086900000|  0%| F|  |TAMS 0x0000000086800000, 0x0000000086800000| Untracked 
| 105|0x0000000086900000, 0x0000000086900000, 0x0000000086a00000|  0%| F|  |TAMS 0x0000000086900000, 0x0000000086900000| Untracked 
| 106|0x0000000086a00000, 0x0000000086a00000, 0x0000000086b00000|  0%| F|  |TAMS 0x0000000086a00000, 0x0000000086a00000| Untracked 
| 107|0x0000000086b00000, 0x0000000086b00000, 0x0000000086c00000|  0%| F|  |TAMS 0x0000000086b00000, 0x0000000086b00000| Untracked 
| 108|0x0000000086c00000, 0x0000000086c00000, 0x0000000086d00000|  0%| F|  |TAMS 0x0000000086c00000, 0x0000000086c00000| Untracked 
| 109|0x0000000086d00000, 0x0000000086d00000, 0x0000000086e00000|  0%| F|  |TAMS 0x0000000086d00000, 0x0000000086d00000| Untracked 
| 110|0x0000000086e00000, 0x0000000086e00000, 0x0000000086f00000|  0%| F|  |TAMS 0x0000000086e00000, 0x0000000086e00000| Untracked 
| 111|0x0000000086f00000, 0x0000000086f00000, 0x0000000087000000|  0%| F|  |TAMS 0x0000000086f00000, 0x0000000086f00000| Untracked 
| 112|0x0000000087000000, 0x0000000087000000, 0x0000000087100000|  0%| F|  |TAMS 0x0000000087000000, 0x0000000087000000| Untracked 
| 113|0x0000000087100000, 0x0000000087100000, 0x0000000087200000|  0%| F|  |TAMS 0x0000000087100000, 0x0000000087100000| Untracked 
| 114|0x0000000087200000, 0x0000000087200000, 0x0000000087300000|  0%| F|  |TAMS 0x0000000087200000, 0x0000000087200000| Untracked 
| 115|0x0000000087300000, 0x0000000087300000, 0x0000000087400000|  0%| F|  |TAMS 0x0000000087300000, 0x0000000087300000| Untracked 
| 116|0x0000000087400000, 0x0000000087400000, 0x0000000087500000|  0%| F|  |TAMS 0x0000000087400000, 0x0000000087400000| Untracked 
| 117|0x0000000087500000, 0x0000000087500000, 0x0000000087600000|  0%| F|  |TAMS 0x0000000087500000, 0x0000000087500000| Untracked 
| 118|0x0000000087600000, 0x0000000087600000, 0x0000000087700000|  0%| F|  |TAMS 0x0000000087600000, 0x0000000087600000| Untracked 
| 119|0x0000000087700000, 0x0000000087700000, 0x0000000087800000|  0%| F|  |TAMS 0x0000000087700000, 0x0000000087700000| Untracked 
| 120|0x0000000087800000, 0x0000000087800000, 0x0000000087900000|  0%| F|  |TAMS 0x0000000087800000, 0x0000000087800000| Untracked 
| 121|0x0000000087900000, 0x0000000087900000, 0x0000000087a00000|  0%| F|  |TAMS 0x0000000087900000, 0x0000000087900000| Untracked 
| 122|0x0000000087a00000, 0x0000000087a00000, 0x0000000087b00000|  0%| F|  |TAMS 0x0000000087a00000, 0x0000000087a00000| Untracked 
| 123|0x0000000087b00000, 0x0000000087b00000, 0x0000000087c00000|  0%| F|  |TAMS 0x0000000087b00000, 0x0000000087b00000| Untracked 
| 124|0x0000000087c00000, 0x0000000087c00000, 0x0000000087d00000|  0%| F|  |TAMS 0x0000000087c00000, 0x0000000087c00000| Untracked 
| 125|0x0000000087d00000, 0x0000000087d00000, 0x0000000087e00000|  0%| F|  |TAMS 0x0000000087d00000, 0x0000000087d00000| Untracked 
| 126|0x0000000087e00000, 0x0000000087e00000, 0x0000000087f00000|  0%| F|  |TAMS 0x0000000087e00000, 0x0000000087e00000| Untracked 
| 127|0x0000000087f00000, 0x0000000087f00000, 0x0000000088000000|  0%| F|  |TAMS 0x0000000087f00000, 0x0000000087f00000| Untracked 
| 128|0x0000000088000000, 0x0000000088000000, 0x0000000088100000|  0%| F|  |TAMS 0x0000000088000000, 0x0000000088000000| Untracked 
| 129|0x0000000088100000, 0x0000000088100000, 0x0000000088200000|  0%| F|  |TAMS 0x0000000088100000, 0x0000000088100000| Untracked 
| 130|0x0000000088200000, 0x0000000088200000, 0x0000000088300000|  0%| F|  |TAMS 0x0000000088200000, 0x0000000088200000| Untracked 
| 131|0x0000000088300000, 0x0000000088300000, 0x0000000088400000|  0%| F|  |TAMS 0x0000000088300000, 0x0000000088300000| Untracked 
| 132|0x0000000088400000, 0x000000008844ac80, 0x0000000088500000| 29%| S|CS|TAMS 0x0000000088400000, 0x0000000088400000| Complete 
| 133|0x0000000088500000, 0x0000000088600000, 0x0000000088600000|100%| S|CS|TAMS 0x0000000088500000, 0x0000000088500000| Complete 
| 134|0x0000000088600000, 0x0000000088700000, 0x0000000088700000|100%| S|CS|TAMS 0x0000000088600000, 0x0000000088600000| Complete 
| 135|0x0000000088700000, 0x0000000088800000, 0x0000000088800000|100%| S|CS|TAMS 0x0000000088700000, 0x0000000088700000| Complete 
| 136|0x0000000088800000, 0x0000000088800000, 0x0000000088900000|  0%| F|  |TAMS 0x0000000088800000, 0x0000000088800000| Untracked 
| 137|0x0000000088900000, 0x0000000088900000, 0x0000000088a00000|  0%| F|  |TAMS 0x0000000088900000, 0x0000000088900000| Untracked 
| 138|0x0000000088a00000, 0x0000000088a00000, 0x0000000088b00000|  0%| F|  |TAMS 0x0000000088a00000, 0x0000000088a00000| Untracked 
| 139|0x0000000088b00000, 0x0000000088b00000, 0x0000000088c00000|  0%| F|  |TAMS 0x0000000088b00000, 0x0000000088b00000| Untracked 
| 140|0x0000000088c00000, 0x0000000088c00000, 0x0000000088d00000|  0%| F|  |TAMS 0x0000000088c00000, 0x0000000088c00000| Untracked 
| 141|0x0000000088d00000, 0x0000000088d00000, 0x0000000088e00000|  0%| F|  |TAMS 0x0000000088d00000, 0x0000000088d00000| Untracked 
| 142|0x0000000088e00000, 0x0000000088e00000, 0x0000000088f00000|  0%| F|  |TAMS 0x0000000088e00000, 0x0000000088e00000| Untracked 
| 143|0x0000000088f00000, 0x0000000088f00000, 0x0000000089000000|  0%| F|  |TAMS 0x0000000088f00000, 0x0000000088f00000| Untracked 
| 144|0x0000000089000000, 0x0000000089000000, 0x0000000089100000|  0%| F|  |TAMS 0x0000000089000000, 0x0000000089000000| Untracked 
| 145|0x0000000089100000, 0x0000000089200000, 0x0000000089200000|100%| S|CS|TAMS 0x0000000089100000, 0x0000000089100000| Complete 
| 146|0x0000000089200000, 0x0000000089300000, 0x0000000089300000|100%| S|CS|TAMS 0x0000000089200000, 0x0000000089200000| Complete 
| 147|0x0000000089300000, 0x0000000089400000, 0x0000000089400000|100%| S|CS|TAMS 0x0000000089300000, 0x0000000089300000| Complete 
| 148|0x0000000089400000, 0x0000000089500000, 0x0000000089500000|100%| S|CS|TAMS 0x0000000089400000, 0x0000000089400000| Complete 
| 149|0x0000000089500000, 0x0000000089600000, 0x0000000089600000|100%| S|CS|TAMS 0x0000000089500000, 0x0000000089500000| Complete 
| 150|0x0000000089600000, 0x0000000089700000, 0x0000000089700000|100%| S|CS|TAMS 0x0000000089600000, 0x0000000089600000| Complete 
| 151|0x0000000089700000, 0x0000000089800000, 0x0000000089800000|100%| S|CS|TAMS 0x0000000089700000, 0x0000000089700000| Complete 
| 152|0x0000000089800000, 0x0000000089900000, 0x0000000089900000|100%| S|CS|TAMS 0x0000000089800000, 0x0000000089800000| Complete 
| 153|0x0000000089900000, 0x0000000089900000, 0x0000000089a00000|  0%| F|  |TAMS 0x0000000089900000, 0x0000000089900000| Untracked 
| 154|0x0000000089a00000, 0x0000000089a00000, 0x0000000089b00000|  0%| F|  |TAMS 0x0000000089a00000, 0x0000000089a00000| Untracked 
| 155|0x0000000089b00000, 0x0000000089b00000, 0x0000000089c00000|  0%| F|  |TAMS 0x0000000089b00000, 0x0000000089b00000| Untracked 
| 156|0x0000000089c00000, 0x0000000089c00000, 0x0000000089d00000|  0%| F|  |TAMS 0x0000000089c00000, 0x0000000089c00000| Untracked 
| 157|0x0000000089d00000, 0x0000000089d00000, 0x0000000089e00000|  0%| F|  |TAMS 0x0000000089d00000, 0x0000000089d00000| Untracked 
| 158|0x0000000089e00000, 0x0000000089e00000, 0x0000000089f00000|  0%| F|  |TAMS 0x0000000089e00000, 0x0000000089e00000| Untracked 
| 159|0x0000000089f00000, 0x0000000089f00000, 0x000000008a000000|  0%| F|  |TAMS 0x0000000089f00000, 0x0000000089f00000| Untracked 
| 160|0x000000008a000000, 0x000000008a000000, 0x000000008a100000|  0%| F|  |TAMS 0x000000008a000000, 0x000000008a000000| Untracked 
| 161|0x000000008a100000, 0x000000008a100000, 0x000000008a200000|  0%| F|  |TAMS 0x000000008a100000, 0x000000008a100000| Untracked 
| 162|0x000000008a200000, 0x000000008a200000, 0x000000008a300000|  0%| F|  |TAMS 0x000000008a200000, 0x000000008a200000| Untracked 
| 163|0x000000008a300000, 0x000000008a300000, 0x000000008a400000|  0%| F|  |TAMS 0x000000008a300000, 0x000000008a300000| Untracked 
| 164|0x000000008a400000, 0x000000008a400000, 0x000000008a500000|  0%| F|  |TAMS 0x000000008a400000, 0x000000008a400000| Untracked 
| 165|0x000000008a500000, 0x000000008a500000, 0x000000008a600000|  0%| F|  |TAMS 0x000000008a500000, 0x000000008a500000| Untracked 
| 166|0x000000008a600000, 0x000000008a600000, 0x000000008a700000|  0%| F|  |TAMS 0x000000008a600000, 0x000000008a600000| Untracked 
| 167|0x000000008a700000, 0x000000008a700000, 0x000000008a800000|  0%| F|  |TAMS 0x000000008a700000, 0x000000008a700000| Untracked 
| 168|0x000000008a800000, 0x000000008a800000, 0x000000008a900000|  0%| F|  |TAMS 0x000000008a800000, 0x000000008a800000| Untracked 
| 169|0x000000008a900000, 0x000000008a900000, 0x000000008aa00000|  0%| F|  |TAMS 0x000000008a900000, 0x000000008a900000| Untracked 
| 170|0x000000008aa00000, 0x000000008aa00000, 0x000000008ab00000|  0%| F|  |TAMS 0x000000008aa00000, 0x000000008aa00000| Untracked 
| 171|0x000000008ab00000, 0x000000008ab00000, 0x000000008ac00000|  0%| F|  |TAMS 0x000000008ab00000, 0x000000008ab00000| Untracked 
| 172|0x000000008ac00000, 0x000000008ac00000, 0x000000008ad00000|  0%| F|  |TAMS 0x000000008ac00000, 0x000000008ac00000| Untracked 
| 173|0x000000008ad00000, 0x000000008ad00000, 0x000000008ae00000|  0%| F|  |TAMS 0x000000008ad00000, 0x000000008ad00000| Untracked 
| 174|0x000000008ae00000, 0x000000008ae00000, 0x000000008af00000|  0%| F|  |TAMS 0x000000008ae00000, 0x000000008ae00000| Untracked 
| 175|0x000000008af00000, 0x000000008af00000, 0x000000008b000000|  0%| F|  |TAMS 0x000000008af00000, 0x000000008af00000| Untracked 
| 176|0x000000008b000000, 0x000000008b000000, 0x000000008b100000|  0%| F|  |TAMS 0x000000008b000000, 0x000000008b000000| Untracked 
| 177|0x000000008b100000, 0x000000008b100000, 0x000000008b200000|  0%| F|  |TAMS 0x000000008b100000, 0x000000008b100000| Untracked 
| 178|0x000000008b200000, 0x000000008b200000, 0x000000008b300000|  0%| F|  |TAMS 0x000000008b200000, 0x000000008b200000| Untracked 
| 179|0x000000008b300000, 0x000000008b300000, 0x000000008b400000|  0%| F|  |TAMS 0x000000008b300000, 0x000000008b300000| Untracked 
| 180|0x000000008b400000, 0x000000008b400000, 0x000000008b500000|  0%| F|  |TAMS 0x000000008b400000, 0x000000008b400000| Untracked 
| 181|0x000000008b500000, 0x000000008b500000, 0x000000008b600000|  0%| F|  |TAMS 0x000000008b500000, 0x000000008b500000| Untracked 
| 182|0x000000008b600000, 0x000000008b600000, 0x000000008b700000|  0%| F|  |TAMS 0x000000008b600000, 0x000000008b600000| Untracked 
| 183|0x000000008b700000, 0x000000008b700000, 0x000000008b800000|  0%| F|  |TAMS 0x000000008b700000, 0x000000008b700000| Untracked 
| 184|0x000000008b800000, 0x000000008b800000, 0x000000008b900000|  0%| F|  |TAMS 0x000000008b800000, 0x000000008b800000| Untracked 
| 185|0x000000008b900000, 0x000000008b900000, 0x000000008ba00000|  0%| F|  |TAMS 0x000000008b900000, 0x000000008b900000| Untracked 
| 186|0x000000008ba00000, 0x000000008ba00000, 0x000000008bb00000|  0%| F|  |TAMS 0x000000008ba00000, 0x000000008ba00000| Untracked 
| 187|0x000000008bb00000, 0x000000008bb00000, 0x000000008bc00000|  0%| F|  |TAMS 0x000000008bb00000, 0x000000008bb00000| Untracked 
| 188|0x000000008bc00000, 0x000000008bc00000, 0x000000008bd00000|  0%| F|  |TAMS 0x000000008bc00000, 0x000000008bc00000| Untracked 
| 189|0x000000008bd00000, 0x000000008bd00000, 0x000000008be00000|  0%| F|  |TAMS 0x000000008bd00000, 0x000000008bd00000| Untracked 
| 190|0x000000008be00000, 0x000000008bf00000, 0x000000008bf00000|100%| E|  |TAMS 0x000000008be00000, 0x000000008be00000| Complete 
| 191|0x000000008bf00000, 0x000000008c000000, 0x000000008c000000|100%| E|CS|TAMS 0x000000008bf00000, 0x000000008bf00000| Complete 
| 192|0x000000008c000000, 0x000000008c100000, 0x000000008c100000|100%| E|  |TAMS 0x000000008c000000, 0x000000008c000000| Complete 
| 193|0x000000008c100000, 0x000000008c200000, 0x000000008c200000|100%| E|CS|TAMS 0x000000008c100000, 0x000000008c100000| Complete 
| 194|0x000000008c200000, 0x000000008c300000, 0x000000008c300000|100%| E|CS|TAMS 0x000000008c200000, 0x000000008c200000| Complete 
| 195|0x000000008c300000, 0x000000008c400000, 0x000000008c400000|100%| E|CS|TAMS 0x000000008c300000, 0x000000008c300000| Complete 
| 196|0x000000008c400000, 0x000000008c500000, 0x000000008c500000|100%| E|CS|TAMS 0x000000008c400000, 0x000000008c400000| Complete 
| 197|0x000000008c500000, 0x000000008c600000, 0x000000008c600000|100%| E|CS|TAMS 0x000000008c500000, 0x000000008c500000| Complete 
| 198|0x000000008c600000, 0x000000008c700000, 0x000000008c700000|100%| E|CS|TAMS 0x000000008c600000, 0x000000008c600000| Complete 
| 199|0x000000008c700000, 0x000000008c800000, 0x000000008c800000|100%| E|CS|TAMS 0x000000008c700000, 0x000000008c700000| Complete 
| 200|0x000000008c800000, 0x000000008c900000, 0x000000008c900000|100%| E|CS|TAMS 0x000000008c800000, 0x000000008c800000| Complete 
| 201|0x000000008c900000, 0x000000008ca00000, 0x000000008ca00000|100%| E|CS|TAMS 0x000000008c900000, 0x000000008c900000| Complete 
| 202|0x000000008ca00000, 0x000000008cb00000, 0x000000008cb00000|100%| E|CS|TAMS 0x000000008ca00000, 0x000000008ca00000| Complete 
| 203|0x000000008cb00000, 0x000000008cc00000, 0x000000008cc00000|100%| E|CS|TAMS 0x000000008cb00000, 0x000000008cb00000| Complete 
| 204|0x000000008cc00000, 0x000000008cd00000, 0x000000008cd00000|100%| E|CS|TAMS 0x000000008cc00000, 0x000000008cc00000| Complete 
| 205|0x000000008cd00000, 0x000000008ce00000, 0x000000008ce00000|100%| E|CS|TAMS 0x000000008cd00000, 0x000000008cd00000| Complete 
| 206|0x000000008ce00000, 0x000000008cf00000, 0x000000008cf00000|100%| E|CS|TAMS 0x000000008ce00000, 0x000000008ce00000| Complete 
| 207|0x000000008cf00000, 0x000000008d000000, 0x000000008d000000|100%| E|CS|TAMS 0x000000008cf00000, 0x000000008cf00000| Complete 
| 208|0x000000008d000000, 0x000000008d100000, 0x000000008d100000|100%| E|CS|TAMS 0x000000008d000000, 0x000000008d000000| Complete 
| 209|0x000000008d100000, 0x000000008d200000, 0x000000008d200000|100%| E|CS|TAMS 0x000000008d100000, 0x000000008d100000| Complete 
| 210|0x000000008d200000, 0x000000008d300000, 0x000000008d300000|100%| E|CS|TAMS 0x000000008d200000, 0x000000008d200000| Complete 
| 211|0x000000008d300000, 0x000000008d400000, 0x000000008d400000|100%| E|CS|TAMS 0x000000008d300000, 0x000000008d300000| Complete 
| 212|0x000000008d400000, 0x000000008d500000, 0x000000008d500000|100%| E|CS|TAMS 0x000000008d400000, 0x000000008d400000| Complete 
| 213|0x000000008d500000, 0x000000008d600000, 0x000000008d600000|100%| E|CS|TAMS 0x000000008d500000, 0x000000008d500000| Complete 
| 214|0x000000008d600000, 0x000000008d700000, 0x000000008d700000|100%| E|CS|TAMS 0x000000008d600000, 0x000000008d600000| Complete 
| 215|0x000000008d700000, 0x000000008d800000, 0x000000008d800000|100%| E|CS|TAMS 0x000000008d700000, 0x000000008d700000| Complete 
| 216|0x000000008d800000, 0x000000008d900000, 0x000000008d900000|100%| E|CS|TAMS 0x000000008d800000, 0x000000008d800000| Complete 
| 217|0x000000008d900000, 0x000000008da00000, 0x000000008da00000|100%| E|CS|TAMS 0x000000008d900000, 0x000000008d900000| Complete 
| 218|0x000000008da00000, 0x000000008db00000, 0x000000008db00000|100%| E|CS|TAMS 0x000000008da00000, 0x000000008da00000| Complete 
| 219|0x000000008db00000, 0x000000008dc00000, 0x000000008dc00000|100%| E|CS|TAMS 0x000000008db00000, 0x000000008db00000| Complete 
| 220|0x000000008dc00000, 0x000000008dd00000, 0x000000008dd00000|100%| E|CS|TAMS 0x000000008dc00000, 0x000000008dc00000| Complete 
| 221|0x000000008dd00000, 0x000000008de00000, 0x000000008de00000|100%| E|CS|TAMS 0x000000008dd00000, 0x000000008dd00000| Complete 
| 222|0x000000008de00000, 0x000000008df00000, 0x000000008df00000|100%| E|CS|TAMS 0x000000008de00000, 0x000000008de00000| Complete 
| 223|0x000000008df00000, 0x000000008e000000, 0x000000008e000000|100%| E|CS|TAMS 0x000000008df00000, 0x000000008df00000| Complete 
| 224|0x000000008e000000, 0x000000008e100000, 0x000000008e100000|100%| E|CS|TAMS 0x000000008e000000, 0x000000008e000000| Complete 
| 225|0x000000008e100000, 0x000000008e200000, 0x000000008e200000|100%| E|CS|TAMS 0x000000008e100000, 0x000000008e100000| Complete 
| 226|0x000000008e200000, 0x000000008e300000, 0x000000008e300000|100%| E|CS|TAMS 0x000000008e200000, 0x000000008e200000| Complete 
| 227|0x000000008e300000, 0x000000008e400000, 0x000000008e400000|100%| E|CS|TAMS 0x000000008e300000, 0x000000008e300000| Complete 
| 228|0x000000008e400000, 0x000000008e500000, 0x000000008e500000|100%| E|CS|TAMS 0x000000008e400000, 0x000000008e400000| Complete 
| 229|0x000000008e500000, 0x000000008e600000, 0x000000008e600000|100%| E|CS|TAMS 0x000000008e500000, 0x000000008e500000| Complete 
| 230|0x000000008e600000, 0x000000008e700000, 0x000000008e700000|100%| E|CS|TAMS 0x000000008e600000, 0x000000008e600000| Complete 
| 231|0x000000008e700000, 0x000000008e800000, 0x000000008e800000|100%| E|CS|TAMS 0x000000008e700000, 0x000000008e700000| Complete 
| 232|0x000000008e800000, 0x000000008e900000, 0x000000008e900000|100%| E|CS|TAMS 0x000000008e800000, 0x000000008e800000| Complete 
| 233|0x000000008e900000, 0x000000008ea00000, 0x000000008ea00000|100%| E|CS|TAMS 0x000000008e900000, 0x000000008e900000| Complete 
| 234|0x000000008ea00000, 0x000000008eb00000, 0x000000008eb00000|100%| E|CS|TAMS 0x000000008ea00000, 0x000000008ea00000| Complete 
| 235|0x000000008eb00000, 0x000000008ec00000, 0x000000008ec00000|100%| E|CS|TAMS 0x000000008eb00000, 0x000000008eb00000| Complete 
| 236|0x000000008ec00000, 0x000000008ed00000, 0x000000008ed00000|100%| E|CS|TAMS 0x000000008ec00000, 0x000000008ec00000| Complete 
| 237|0x000000008ed00000, 0x000000008ee00000, 0x000000008ee00000|100%| E|CS|TAMS 0x000000008ed00000, 0x000000008ed00000| Complete 
| 238|0x000000008ee00000, 0x000000008ef00000, 0x000000008ef00000|100%| E|CS|TAMS 0x000000008ee00000, 0x000000008ee00000| Complete 
| 239|0x000000008ef00000, 0x000000008f000000, 0x000000008f000000|100%| E|CS|TAMS 0x000000008ef00000, 0x000000008ef00000| Complete 
| 240|0x000000008f000000, 0x000000008f100000, 0x000000008f100000|100%| E|CS|TAMS 0x000000008f000000, 0x000000008f000000| Complete 
| 241|0x000000008f100000, 0x000000008f200000, 0x000000008f200000|100%| E|CS|TAMS 0x000000008f100000, 0x000000008f100000| Complete 
| 242|0x000000008f200000, 0x000000008f300000, 0x000000008f300000|100%| E|CS|TAMS 0x000000008f200000, 0x000000008f200000| Complete 
| 243|0x000000008f300000, 0x000000008f400000, 0x000000008f400000|100%| E|CS|TAMS 0x000000008f300000, 0x000000008f300000| Complete 
| 244|0x000000008f400000, 0x000000008f500000, 0x000000008f500000|100%| E|CS|TAMS 0x000000008f400000, 0x000000008f400000| Complete 
| 245|0x000000008f500000, 0x000000008f600000, 0x000000008f600000|100%| E|CS|TAMS 0x000000008f500000, 0x000000008f500000| Complete 
| 246|0x000000008f600000, 0x000000008f700000, 0x000000008f700000|100%| E|CS|TAMS 0x000000008f600000, 0x000000008f600000| Complete 
| 247|0x000000008f700000, 0x000000008f800000, 0x000000008f800000|100%| E|CS|TAMS 0x000000008f700000, 0x000000008f700000| Complete 
| 248|0x000000008f800000, 0x000000008f900000, 0x000000008f900000|100%| E|CS|TAMS 0x000000008f800000, 0x000000008f800000| Complete 
| 249|0x000000008f900000, 0x000000008fa00000, 0x000000008fa00000|100%| E|CS|TAMS 0x000000008f900000, 0x000000008f900000| Complete 
| 250|0x000000008fa00000, 0x000000008fb00000, 0x000000008fb00000|100%| E|CS|TAMS 0x000000008fa00000, 0x000000008fa00000| Complete 
| 251|0x000000008fb00000, 0x000000008fc00000, 0x000000008fc00000|100%| E|CS|TAMS 0x000000008fb00000, 0x000000008fb00000| Complete 
| 252|0x000000008fc00000, 0x000000008fd00000, 0x000000008fd00000|100%| E|CS|TAMS 0x000000008fc00000, 0x000000008fc00000| Complete 
| 253|0x000000008fd00000, 0x000000008fe00000, 0x000000008fe00000|100%| E|CS|TAMS 0x000000008fd00000, 0x000000008fd00000| Complete 
| 254|0x000000008fe00000, 0x000000008ff00000, 0x000000008ff00000|100%| E|CS|TAMS 0x000000008fe00000, 0x000000008fe00000| Complete 
| 255|0x000000008ff00000, 0x0000000090000000, 0x0000000090000000|100%| E|CS|TAMS 0x000000008ff00000, 0x000000008ff00000| Complete 

Card table byte_map: [0x000001a0b51a0000,0x000001a0b55a0000] _byte_map_base: 0x000001a0b4da0000

Marking Bits (Prev, Next): (CMBitMap*) 0x000001a0a00ae4c8, (CMBitMap*) 0x000001a0a00ae500
 Prev Bits: [0x000001a0b59a0000, 0x000001a0b79a0000)
 Next Bits: [0x000001a0b79a0000, 0x000001a0b99a0000)

Polling page: 0x000001a0a0150000

Metaspace:

Usage:
  Non-class:     82.19 MB capacity,    80.62 MB ( 98%) used,     1.29 MB (  2%) free+waste,   294.44 KB ( <1%) overhead. 
      Class:     12.90 MB capacity,    11.99 MB ( 93%) used,   797.68 KB (  6%) free+waste,   133.31 KB (  1%) overhead. 
       Both:     95.09 MB capacity,    92.61 MB ( 97%) used,     2.06 MB (  2%) free+waste,   427.75 KB ( <1%) overhead. 

Virtual space:
  Non-class space:       84.00 MB reserved,      82.25 MB ( 98%) committed 
      Class space:        1.00 GB reserved,      12.95 MB (  1%) committed 
             Both:        1.08 GB reserved,      95.20 MB (  9%) committed 

Chunk freelists:
   Non-Class:  61.00 KB
       Class:  4.00 KB
        Both:  65.00 KB

MaxMetaspaceSize: 17179869184.00 GB
CompressedClassSpaceSize: 1.00 GB

CodeHeap 'non-profiled nmethods': size=120000Kb used=8208Kb max_used=8208Kb free=111791Kb
 bounds [0x000001a0ace00000, 0x000001a0ad610000, 0x000001a0b4330000]
CodeHeap 'profiled nmethods': size=120000Kb used=26138Kb max_used=26138Kb free=93861Kb
 bounds [0x000001a0a58d0000, 0x000001a0a7260000, 0x000001a0ace00000]
CodeHeap 'non-nmethods': size=5760Kb used=2313Kb max_used=2361Kb free=3446Kb
 bounds [0x000001a0a5330000, 0x000001a0a55a0000, 0x000001a0a58d0000]
 total_blobs=13078 nmethods=12151 adapters=838
 compilation: enabled
              stopped_count=0, restarted_count=0
 full_count=0

Compilation events (20 events):
Event: 21.126 Thread 0x000001a0bcd4d800 12249   !   2       org.gradle.launcher.daemon.server.exec.LogToClient$AsynchronousLogDispatcher::dispatchAsync (33 bytes)
Event: 21.126 Thread 0x000001a0bcd4d800 nmethod 12249 0x000001a0a724b210 code [0x000001a0a724b3e0, 0x000001a0a724b688]
Event: 21.126 Thread 0x000001a0bcd4d800 12250       2       org.gradle.launcher.daemon.server.DefaultDaemonConnection::logEvent (16 bytes)
Event: 21.126 Thread 0x000001a0bcd4d800 nmethod 12250 0x000001a0a724b890 code [0x000001a0a724ba40, 0x000001a0a724bc08]
Event: 21.156 Thread 0x000001a0bcd4d800 12252       2       org.gradle.internal.execution.history.changes.ClasspathCompareStrategy$ChangeState::hasMoreToProcess (20 bytes)
Event: 21.156 Thread 0x000001a0bcd4d800 nmethod 12252 0x000001a0a724bd10 code [0x000001a0a724bec0, 0x000001a0a724bff8]
Event: 21.156 Thread 0x000001a0bcd4d800 12254       2       org.gradle.internal.file.DefaultFileHierarchySet$Node::plus (337 bytes)
Event: 21.159 Thread 0x000001a0bcd4d800 nmethod 12254 0x000001a0a724c090 code [0x000001a0a724c440, 0x000001a0a724dcb8]
Event: 21.159 Thread 0x000001a0bcd4d800 12257       2       org.objectweb.asm.ClassWriter::visitMethod (57 bytes)
Event: 21.160 Thread 0x000001a0bcd4d800 nmethod 12257 0x000001a0a724e910 code [0x000001a0a724eae0, 0x000001a0a724ede8]
Event: 21.160 Thread 0x000001a0bcd4d800 12258       2       org.objectweb.asm.MethodWriter::<init> (232 bytes)
Event: 21.161 Thread 0x000001a0bcd4d800 nmethod 12258 0x000001a0a724ef10 code [0x000001a0a724f160, 0x000001a0a724fa38]
Event: 21.161 Thread 0x000001a0bcd4d800 12259       2       org.objectweb.asm.MethodWriter::putMethodInfo (1274 bytes)
Event: 21.165 Thread 0x000001a0bcd4d800 nmethod 12259 0x000001a0a724fe10 code [0x000001a0a7250380, 0x000001a0a7251848]
Event: 21.165 Thread 0x000001a0bcd4d800 12256       2       org.objectweb.asm.MethodVisitor::<init> (7 bytes)
Event: 21.165 Thread 0x000001a0bcd4d800 nmethod 12256 0x000001a0a7252b10 code [0x000001a0a7252cc0, 0x000001a0a7252de8]
Event: 21.165 Thread 0x000001a0bcd4d800 12255       2       org.gradle.internal.snapshot.SingletonChildMap::access$100 (7 bytes)
Event: 21.166 Thread 0x000001a0bcd4d800 nmethod 12255 0x000001a0a7252e90 code [0x000001a0a7253040, 0x000001a0a7253148]
Event: 21.166 Thread 0x000001a0bcd4d800 12253       2       org.gradle.internal.execution.history.changes.ClasspathCompareStrategy$ChangeState::processChange (257 bytes)
Event: 21.166 Thread 0x000001a0bcd4d800 nmethod 12253 0x000001a0a7253210 code [0x000001a0a7253560, 0x000001a0a7253e48]

GC Heap History (20 events):
Event: 6.975 GC heap before
{Heap before GC invocations=7 (full 0):
 garbage-first heap   total 262144K, used 167438K [0x0000000080000000, 0x0000000100000000)
  region size 1024K, 141 young (144384K), 12 survivors (12288K)
 Metaspace       used 55511K, capacity 56903K, committed 57036K, reserved 1099776K
  class space    used 7022K, capacity 7529K, committed 7628K, reserved 1048576K
}
Event: 6.996 GC heap after
{Heap after GC invocations=8 (full 0):
 garbage-first heap   total 262144K, used 49412K [0x0000000080000000, 0x0000000100000000)
  region size 1024K, 18 young (18432K), 18 survivors (18432K)
 Metaspace       used 55511K, capacity 56903K, committed 57036K, reserved 1099776K
  class space    used 7022K, capacity 7529K, committed 7628K, reserved 1048576K
}
Event: 7.377 GC heap before
{Heap before GC invocations=8 (full 0):
 garbage-first heap   total 262144K, used 69892K [0x0000000080000000, 0x0000000100000000)
  region size 1024K, 39 young (39936K), 18 survivors (18432K)
 Metaspace       used 58701K, capacity 60152K, committed 60236K, reserved 1101824K
  class space    used 7440K, capacity 7991K, committed 8012K, reserved 1048576K
}
Event: 7.397 GC heap after
{Heap after GC invocations=9 (full 0):
 garbage-first heap   total 262144K, used 52674K [0x0000000080000000, 0x0000000100000000)
  region size 1024K, 4 young (4096K), 4 survivors (4096K)
 Metaspace       used 58701K, capacity 60152K, committed 60236K, reserved 1101824K
  class space    used 7440K, capacity 7991K, committed 8012K, reserved 1048576K
}
Event: 8.386 GC heap before
{Heap before GC invocations=10 (full 0):
 garbage-first heap   total 262144K, used 141762K [0x0000000080000000, 0x0000000100000000)
  region size 1024K, 91 young (93184K), 4 survivors (4096K)
 Metaspace       used 66025K, capacity 67625K, committed 67916K, reserved 1107968K
  class space    used 8362K, capacity 8946K, committed 9036K, reserved 1048576K
}
Event: 8.395 GC heap after
{Heap after GC invocations=11 (full 0):
 garbage-first heap   total 262144K, used 56991K [0x0000000080000000, 0x0000000100000000)
  region size 1024K, 8 young (8192K), 8 survivors (8192K)
 Metaspace       used 66025K, capacity 67625K, committed 67916K, reserved 1107968K
  class space    used 8362K, capacity 8946K, committed 9036K, reserved 1048576K
}
Event: 9.438 GC heap before
{Heap before GC invocations=12 (full 0):
 garbage-first heap   total 262144K, used 152223K [0x0000000080000000, 0x0000000100000000)
  region size 1024K, 101 young (103424K), 8 survivors (8192K)
 Metaspace       used 71960K, capacity 73638K, committed 73676K, reserved 1114112K
  class space    used 9279K, capacity 9899K, committed 9932K, reserved 1048576K
}
Event: 9.450 GC heap after
{Heap after GC invocations=13 (full 0):
 garbage-first heap   total 262144K, used 64151K [0x0000000080000000, 0x0000000100000000)
  region size 1024K, 13 young (13312K), 13 survivors (13312K)
 Metaspace       used 71960K, capacity 73638K, committed 73676K, reserved 1114112K
  class space    used 9279K, capacity 9899K, committed 9932K, reserved 1048576K
}
Event: 10.855 GC heap before
{Heap before GC invocations=13 (full 0):
 garbage-first heap   total 262144K, used 172695K [0x0000000080000000, 0x0000000100000000)
  region size 1024K, 111 young (113664K), 13 survivors (13312K)
 Metaspace       used 80525K, capacity 82319K, committed 82636K, reserved 1120256K
  class space    used 10438K, capacity 11087K, committed 11212K, reserved 1048576K
}
Event: 10.871 GC heap after
{Heap after GC invocations=14 (full 0):
 garbage-first heap   total 262144K, used 71354K [0x0000000080000000, 0x0000000100000000)
  region size 1024K, 14 young (14336K), 14 survivors (14336K)
 Metaspace       used 80525K, capacity 82319K, committed 82636K, reserved 1120256K
  class space    used 10438K, capacity 11087K, committed 11212K, reserved 1048576K
}
Event: 12.017 GC heap before
{Heap before GC invocations=14 (full 0):
 garbage-first heap   total 262144K, used 173754K [0x0000000080000000, 0x0000000100000000)
  region size 1024K, 114 young (116736K), 14 survivors (14336K)
 Metaspace       used 84674K, capacity 86983K, committed 87244K, reserved 1124352K
  class space    used 11051K, capacity 11881K, committed 11980K, reserved 1048576K
}
Event: 12.034 GC heap after
{Heap after GC invocations=15 (full 0):
 garbage-first heap   total 262144K, used 80482K [0x0000000080000000, 0x0000000100000000)
  region size 1024K, 15 young (15360K), 15 survivors (15360K)
 Metaspace       used 84674K, capacity 86983K, committed 87244K, reserved 1124352K
  class space    used 11051K, capacity 11881K, committed 11980K, reserved 1048576K
}
Event: 12.815 GC heap before
{Heap before GC invocations=15 (full 0):
 garbage-first heap   total 262144K, used 180834K [0x0000000080000000, 0x0000000100000000)
  region size 1024K, 114 young (116736K), 15 survivors (15360K)
 Metaspace       used 85545K, capacity 87849K, committed 88012K, reserved 1126400K
  class space    used 11099K, capacity 11969K, committed 11980K, reserved 1048576K
}
Event: 12.833 GC heap after
{Heap after GC invocations=16 (full 0):
 garbage-first heap   total 262144K, used 86542K [0x0000000080000000, 0x0000000100000000)
  region size 1024K, 8 young (8192K), 8 survivors (8192K)
 Metaspace       used 85545K, capacity 87849K, committed 88012K, reserved 1126400K
  class space    used 11099K, capacity 11969K, committed 11980K, reserved 1048576K
}
Event: 13.657 GC heap before
{Heap before GC invocations=16 (full 0):
 garbage-first heap   total 262144K, used 186894K [0x0000000080000000, 0x0000000100000000)
  region size 1024K, 107 young (109568K), 8 survivors (8192K)
 Metaspace       used 86404K, capacity 88727K, committed 88908K, reserved 1126400K
  class space    used 11208K, capacity 12077K, committed 12108K, reserved 1048576K
}
Event: 13.668 GC heap after
{Heap after GC invocations=17 (full 0):
 garbage-first heap   total 262144K, used 92440K [0x0000000080000000, 0x0000000100000000)
  region size 1024K, 8 young (8192K), 8 survivors (8192K)
 Metaspace       used 86404K, capacity 88727K, committed 88908K, reserved 1126400K
  class space    used 11208K, capacity 12077K, committed 12108K, reserved 1048576K
}
Event: 14.671 GC heap before
{Heap before GC invocations=17 (full 0):
 garbage-first heap   total 262144K, used 193816K [0x0000000080000000, 0x0000000100000000)
  region size 1024K, 107 young (109568K), 8 survivors (8192K)
 Metaspace       used 91378K, capacity 93765K, committed 93900K, reserved 1130496K
  class space    used 11834K, capacity 12705K, committed 12748K, reserved 1048576K
}
Event: 14.683 GC heap after
{Heap after GC invocations=18 (full 0):
 garbage-first heap   total 262144K, used 97478K [0x0000000080000000, 0x0000000100000000)
  region size 1024K, 13 young (13312K), 13 survivors (13312K)
 Metaspace       used 91378K, capacity 93765K, committed 93900K, reserved 1130496K
  class space    used 11834K, capacity 12705K, committed 12748K, reserved 1048576K
}
Event: 20.724 GC heap before
{Heap before GC invocations=18 (full 0):
 garbage-first heap   total 262144K, used 197830K [0x0000000080000000, 0x0000000100000000)
  region size 1024K, 112 young (114688K), 13 survivors (13312K)
 Metaspace       used 94129K, capacity 96692K, committed 96972K, reserved 1132544K
  class space    used 12249K, capacity 13177K, committed 13260K, reserved 1048576K
}
Event: 20.737 GC heap after
{Heap after GC invocations=19 (full 0):
 garbage-first heap   total 262144K, used 101434K [0x0000000080000000, 0x0000000100000000)
  region size 1024K, 12 young (12288K), 12 survivors (12288K)
 Metaspace       used 94129K, capacity 96692K, committed 96972K, reserved 1132544K
  class space    used 12249K, capacity 13177K, committed 13260K, reserved 1048576K
}

Deoptimization events (20 events):
Event: 20.475 Thread 0x000001a0c04d0000 DEOPT PACKING pc=0x000001a0a71d34c4 sp=0x000000318dbfd620
Event: 20.475 Thread 0x000001a0c04d0000 DEOPT UNPACKING pc=0x000001a0a53576ce sp=0x000000318dbfcbc0 mode 0
Event: 20.523 Thread 0x000001a0c04d6800 DEOPT PACKING pc=0x000001a0a71d34c4 sp=0x000000318ddfd7c0
Event: 20.523 Thread 0x000001a0c04d6800 DEOPT UNPACKING pc=0x000001a0a53576ce sp=0x000000318ddfcd60 mode 0
Event: 20.606 Thread 0x000001a0c04d5000 DEOPT PACKING pc=0x000001a0a71d34c4 sp=0x000000318d9fdb30
Event: 20.606 Thread 0x000001a0c04d5000 DEOPT UNPACKING pc=0x000001a0a53576ce sp=0x000000318d9fd0d0 mode 0
Event: 20.641 Thread 0x000001a0c04d5800 DEOPT PACKING pc=0x000001a0a71d34c4 sp=0x000000318dafbe40
Event: 20.641 Thread 0x000001a0c04d5800 DEOPT UNPACKING pc=0x000001a0a53576ce sp=0x000000318dafb3e0 mode 0
Event: 20.676 Thread 0x000001a0c04d2800 DEOPT PACKING pc=0x000001a0a71d34c4 sp=0x000000318dcfd8f0
Event: 20.676 Thread 0x000001a0c04d2800 DEOPT UNPACKING pc=0x000001a0a53576ce sp=0x000000318dcfce90 mode 0
Event: 20.720 Thread 0x000001a0c04d1000 DEOPT PACKING pc=0x000001a0a71d34c4 sp=0x000000318d7fd9e0
Event: 20.720 Thread 0x000001a0c04d1000 DEOPT UNPACKING pc=0x000001a0a53576ce sp=0x000000318d7fcf80 mode 0
Event: 20.766 Thread 0x000001a0c04d3000 DEOPT PACKING pc=0x000001a0a71d34c4 sp=0x000000318defd650
Event: 20.766 Thread 0x000001a0c04d3000 DEOPT UNPACKING pc=0x000001a0a53576ce sp=0x000000318defcbf0 mode 0
Event: 20.788 Thread 0x000001a0c04d0000 DEOPT PACKING pc=0x000001a0a71d34c4 sp=0x000000318dbfbca0
Event: 20.788 Thread 0x000001a0c04d0000 DEOPT UNPACKING pc=0x000001a0a53576ce sp=0x000000318dbfb240 mode 0
Event: 20.857 Thread 0x000001a0c2375800 Uncommon trap: trap_request=0xffffff7e fr.pc=0x000001a0ad5676c0 relative=0x0000000000000080
Event: 20.857 Thread 0x000001a0c2375800 Uncommon trap: reason=predicate action=maybe_recompile pc=0x000001a0ad5676c0 method=java.util.TimSort.binarySort([Ljava/lang/Object;IIILjava/util/Comparator;)V @ 34 c2
Event: 20.857 Thread 0x000001a0c2375800 DEOPT PACKING pc=0x000001a0ad5676c0 sp=0x000000318ebfaa80
Event: 20.857 Thread 0x000001a0c2375800 DEOPT UNPACKING pc=0x000001a0a53578af sp=0x000000318ebfaa40 mode 2

Classes redefined (0 events):
No events

Internal exceptions (20 events):
Event: 16.942 Thread 0x000001a0c2375800 Exception <a 'java/lang/NoSuchMethodError'{0x000000008e52d2b0}: <clinit>> (0x000000008e52d2b0) thrown at [./src/hotspot/share/prims/jni.cpp, line 1362]
Event: 16.953 Thread 0x000001a0c2375800 Exception <a 'java/lang/NoSuchMethodError'{0x000000008e5dbba8}: 'java.lang.Object java.lang.invoke.DirectMethodHandle$Holder.invokeSpecial(java.lang.Object, java.lang.Object, int, int, java.lang.Object, int, java.lang.Object, java.lang.Object)'> (0x000000008e5dbba8) thrown at [./src/hotspot/share/interpreter/linkResolver.cpp, line 773]
Event: 16.954 Thread 0x000001a0c2375800 Exception <a 'java/lang/NoSuchMethodError'{0x000000008e5dff30}: 'java.lang.Object java.lang.invoke.DelegatingMethodHandle$Holder.reinvoke_L(java.lang.Object, int, int, java.lang.Object, int, java.lang.Object, java.lang.Object)'> (0x000000008e5dff30) thrown at [./src/hotspot/share/interpreter/linkResolver.cpp, line 773]
Event: 16.956 Thread 0x000001a0c2375800 Exception <a 'java/lang/NoSuchMethodError'{0x000000008e40b440}: 'java.lang.Object java.lang.invoke.DirectMethodHandle$Holder.invokeStatic(java.lang.Object, java.lang.Object, java.lang.Object, java.lang.Object, java.lang.Object, java.lang.Object, java.lang.Object, java.lang.Object, int)'> (0x000000008e40b440) thrown at [./src/hotspot/share/interpreter/linkResolver.cpp, line 773]
Event: 16.957 Thread 0x000001a0c2375800 Exception <a 'java/lang/NoSuchMethodError'{0x000000008e4266e0}: 'java.lang.Object java.lang.invoke.DirectMethodHandle$Holder.invokeStatic(java.lang.Object, java.lang.Object, java.lang.Object, java.lang.Object, java.lang.Object, java.lang.Object, java.lang.Object, java.lang.Object, int, int)'> (0x000000008e4266e0) thrown at [./src/hotspot/share/interpreter/linkResolver.cpp, line 773]
Event: 16.958 Thread 0x000001a0c2375800 Exception <a 'java/lang/NoSuchMethodError'{0x000000008e442880}: 'java.lang.Object java.lang.invoke.DirectMethodHandle$Holder.invokeStatic(java.lang.Object, java.lang.Object, java.lang.Object, java.lang.Object, java.lang.Object, java.lang.Object, java.lang.Object, java.lang.Object, int, int, java.lang.Object)'> (0x000000008e442880) thrown at [./src/hotspot/share/interpreter/linkResolver.cpp, line 773]
Event: 16.959 Thread 0x000001a0c2375800 Exception <a 'java/lang/NoSuchMethodError'{0x000000008e45fdf8}: 'java.lang.Object java.lang.invoke.DirectMethodHandle$Holder.invokeStatic(java.lang.Object, java.lang.Object, java.lang.Object, java.lang.Object, java.lang.Object, java.lang.Object, java.lang.Object, java.lang.Object, int, int, java.lang.Object, java.lang.Object)'> (0x000000008e45fdf8) thrown at [./src/hotspot/share/interpreter/linkResolver.cpp, line 773]
Event: 16.968 Thread 0x000001a0c2375800 Exception <a 'java/lang/NoSuchMethodError'{0x000000008e492c20}: <clinit>> (0x000000008e492c20) thrown at [./src/hotspot/share/prims/jni.cpp, line 1362]
Event: 16.971 Thread 0x000001a0c2375800 Exception <a 'java/lang/NoSuchMethodError'{0x000000008e4c53a0}: <clinit>> (0x000000008e4c53a0) thrown at [./src/hotspot/share/prims/jni.cpp, line 1362]
Event: 16.974 Thread 0x000001a0c237b800 Exception <a 'java/lang/InterruptedException'{0x000000008e300800}> (0x000000008e300800) thrown at [./src/hotspot/share/runtime/objectMonitor.cpp, line 1635]
Event: 16.974 Thread 0x000001a0c237b800 Exception <a 'java/lang/NoSuchMethodError'{0x000000008e308610}: 'java.lang.Object java.lang.invoke.DirectMethodHandle$Holder.invokeStatic(java.lang.Object, java.lang.Object, int, java.lang.Object, long)'> (0x000000008e308610) thrown at [./src/hotspot/share/interpreter/linkResolver.cpp, line 773]
Event: 16.985 Thread 0x000001a0c2375800 Exception <a 'java/lang/NoSuchMethodError'{0x000000008e322e90}: <clinit>> (0x000000008e322e90) thrown at [./src/hotspot/share/prims/jni.cpp, line 1362]
Event: 16.985 Thread 0x000001a0c2375800 Exception <a 'java/lang/NoSuchMethodError'{0x000000008e334c88}: <clinit>> (0x000000008e334c88) thrown at [./src/hotspot/share/prims/jni.cpp, line 1362]
Event: 16.987 Thread 0x000001a0c2375800 Exception <a 'java/lang/NoSuchMethodError'{0x000000008e347158}: <clinit>> (0x000000008e347158) thrown at [./src/hotspot/share/prims/jni.cpp, line 1362]
Event: 16.992 Thread 0x000001a0c2375800 Exception <a 'java/lang/NoSuchMethodError'{0x000000008e3a2d58}: <clinit>> (0x000000008e3a2d58) thrown at [./src/hotspot/share/prims/jni.cpp, line 1362]
Event: 17.015 Thread 0x000001a0c2375800 Exception <a 'java/lang/NoSuchMethodError'{0x000000008e15f7d0}: <clinit>> (0x000000008e15f7d0) thrown at [./src/hotspot/share/prims/jni.cpp, line 1362]
Event: 17.035 Thread 0x000001a0ca062800 Exception <a 'java/lang/NoSuchMethodError'{0x000000008df43a70}: 'java.lang.Object java.lang.invoke.DirectMethodHandle$Holder.invokeStatic(java.lang.Object, java.lang.Object, java.lang.Object, java.lang.Object, java.lang.Object, java.lang.Object, java.lang.Object, java.lang.Object, java.lang.Object, java.lang.Object, java.lang.Object, java.lang.Object, java.lang.Object, int)'> (0x000000008df43a70) thrown at [./src/hotspot/share/interpreter/linkResolver.cpp, line 773]
Event: 17.036 Thread 0x000001a0ca062800 Exception <a 'java/lang/NoSuchMethodError'{0x000000008df50298}: 'java.lang.Object java.lang.invoke.DirectMethodHandle$Holder.invokeStatic(java.lang.Object, java.lang.Object, java.lang.Object, java.lang.Object, java.lang.Object, java.lang.Object, java.lang.Object, java.lang.Object, java.lang.Object, java.lang.Object, java.lang.Object, java.lang.Object, java.lang.Object, int, int)'> (0x000000008df50298) thrown at [./src/hotspot/share/interpreter/linkResolver.cpp, line 773]
Event: 20.045 Thread 0x000001a0c2375800 Exception <a 'java/lang/NoSuchMethodError'{0x000000008de86a30}: 'void java.lang.invoke.DirectMethodHandle$Holder.invokeStatic(java.lang.Object, java.lang.Object, java.lang.Object, java.lang.Object, java.lang.Object, java.lang.Object, java.lang.Object)'> (0x000000008de86a30) thrown at [./src/hotspot/share/interpreter/linkResolver.cpp, line 773]
Event: 20.054 Thread 0x000001a0bf7cf000 Exception <a 'java/lang/NoSuchMethodError'{0x000000008dd698c8}: <clinit>> (0x000000008dd698c8) thrown at [./src/hotspot/share/prims/jni.cpp, line 1362]

Events (20 events):
Event: 21.105 loading class com/google/common/collect/AbstractSetMultimap
Event: 21.105 loading class com/google/common/collect/AbstractSetMultimap done
Event: 21.106 loading class com/google/common/collect/AbstractMapBasedMultimap$WrappedSet
Event: 21.106 loading class com/google/common/collect/AbstractMapBasedMultimap$WrappedSet done
Event: 21.106 loading class com/google/common/collect/AbstractMapBasedMultimap$WrappedCollection
Event: 21.106 loading class com/google/common/collect/AbstractMapBasedMultimap$WrappedCollection done
Event: 21.116 loading class com/google/common/collect/AbstractMapBasedMultimap$WrappedCollection$WrappedIterator
Event: 21.116 loading class com/google/common/collect/AbstractMapBasedMultimap$WrappedCollection$WrappedIterator done
Event: 21.160 loading class com/google/wireless/android/sdk/stats/GradleBuildProfileSpan$Builder
Event: 21.160 loading class com/google/wireless/android/sdk/stats/GradleBuildProfileSpan$Builder done
Event: 21.162 loading class com/google/wireless/android/sdk/stats/AndroidStudioEvent$Builder
Event: 21.162 loading class com/google/wireless/android/sdk/stats/AndroidStudioEvent$Builder done
Event: 21.172 loading class com/google/wireless/android/sdk/stats/AndroidStudioEventOrBuilder
Event: 21.172 loading class com/google/wireless/android/sdk/stats/AndroidStudioEventOrBuilder done
Event: 21.176 loading class com/android/build/gradle/internal/profile/TaskProfilingRecord
Event: 21.176 loading class com/android/build/gradle/internal/profile/TaskProfilingRecord done
Event: 21.176 loading class com/google/wireless/android/sdk/stats/GradleTransformExecution
Event: 21.176 loading class com/google/wireless/android/sdk/stats/GradleTransformExecution done
Event: 21.177 loading class com/google/wireless/android/sdk/stats/GradleTransformExecutionOrBuilder
Event: 21.177 loading class com/google/wireless/android/sdk/stats/GradleTransformExecutionOrBuilder done


Dynamic libraries:
0x00007ff6464b0000 - 0x00007ff6464ba000 	D:\Program\Android Studio\jre\bin\java.exe
0x00007fff44230000 - 0x00007fff44425000 	C:\Windows\SYSTEM32\ntdll.dll
0x00007fff43880000 - 0x00007fff4393e000 	C:\Windows\System32\KERNEL32.DLL
0x00007fff41e60000 - 0x00007fff42128000 	C:\Windows\System32\KERNELBASE.dll
0x00007fff41950000 - 0x00007fff41a50000 	C:\Windows\System32\ucrtbase.dll
0x00007fff3a6a0000 - 0x00007fff3a6b9000 	D:\Program\Android Studio\jre\bin\jli.dll
0x00007fff3a660000 - 0x00007fff3a677000 	D:\Program\Android Studio\jre\bin\VCRUNTIME140.dll
0x00007fff424f0000 - 0x00007fff42690000 	C:\Windows\System32\USER32.dll
0x00007fff2d580000 - 0x00007fff2d81a000 	C:\Windows\WinSxS\amd64_microsoft.windows.common-controls_6595b64144ccf1df_6.0.19041.1110_none_60b5254171f9507e\COMCTL32.dll
0x00007fff41cc0000 - 0x00007fff41ce2000 	C:\Windows\System32\win32u.dll
0x00007fff430a0000 - 0x00007fff4313e000 	C:\Windows\System32\msvcrt.dll
0x00007fff42ed0000 - 0x00007fff42efa000 	C:\Windows\System32\GDI32.dll
0x00007fff41bb0000 - 0x00007fff41cbb000 	C:\Windows\System32\gdi32full.dll
0x00007fff41a50000 - 0x00007fff41aed000 	C:\Windows\System32\msvcp_win.dll
0x00007fff432f0000 - 0x00007fff43320000 	C:\Windows\System32\IMM32.DLL
0x00007fff2e960000 - 0x00007fff2e9fd000 	D:\Program\Android Studio\jre\bin\msvcp140.dll
0x00007ffeb7070000 - 0x00007ffeb7b3f000 	D:\Program\Android Studio\jre\bin\server\jvm.dll
0x00007fff43240000 - 0x00007fff432ee000 	C:\Windows\System32\ADVAPI32.dll
0x00007fff43a90000 - 0x00007fff43b2c000 	C:\Windows\System32\sechost.dll
0x00007fff43be0000 - 0x00007fff43d05000 	C:\Windows\System32\RPCRT4.dll
0x00007fff43140000 - 0x00007fff43148000 	C:\Windows\System32\PSAPI.DLL
0x00007fff26fb0000 - 0x00007fff26fb9000 	C:\Windows\SYSTEM32\WSOCK32.dll
0x00007fff2f8d0000 - 0x00007fff2f8f7000 	C:\Windows\SYSTEM32\WINMM.dll
0x00007fff39a90000 - 0x00007fff39a9a000 	C:\Windows\SYSTEM32\VERSION.dll
0x00007fff431d0000 - 0x00007fff4323b000 	C:\Windows\System32\WS2_32.dll
0x00007fff401f0000 - 0x00007fff40202000 	C:\Windows\SYSTEM32\kernel.appcore.dll
0x00007fff34190000 - 0x00007fff341a1000 	D:\Program\Android Studio\jre\bin\verify.dll
0x00007fff2ec70000 - 0x00007fff2ee54000 	C:\Windows\SYSTEM32\DBGHELP.DLL
0x00007fff26f30000 - 0x00007fff26f5c000 	C:\Windows\SYSTEM32\dbgcore.DLL
0x00007fff41b20000 - 0x00007fff41ba2000 	C:\Windows\System32\bcryptPrimitives.dll
0x00007fff2be10000 - 0x00007fff2be39000 	D:\Program\Android Studio\jre\bin\java.dll
0x00007fff3c500000 - 0x00007fff3c50b000 	D:\Program\Android Studio\jre\bin\jimage.dll
0x00007fff254e0000 - 0x00007fff254f8000 	D:\Program\Android Studio\jre\bin\zip.dll
0x00007fff426a0000 - 0x00007fff42de4000 	C:\Windows\System32\SHELL32.dll
0x00007fff3fa50000 - 0x00007fff401e4000 	C:\Windows\SYSTEM32\windows.storage.dll
0x00007fff43d10000 - 0x00007fff44064000 	C:\Windows\System32\combase.dll
0x00007fff413c0000 - 0x00007fff413ec000 	C:\Windows\SYSTEM32\Wldp.dll
0x00007fff43b30000 - 0x00007fff43bdd000 	C:\Windows\System32\SHCORE.dll
0x00007fff43960000 - 0x00007fff439b5000 	C:\Windows\System32\shlwapi.dll
0x00007fff41890000 - 0x00007fff418af000 	C:\Windows\SYSTEM32\profapi.dll
0x00007fff166a0000 - 0x00007fff166ba000 	D:\Program\Android Studio\jre\bin\net.dll
0x00007fff32e40000 - 0x00007fff32f4a000 	C:\Windows\SYSTEM32\WINHTTP.dll
0x00007fff41120000 - 0x00007fff4118a000 	C:\Windows\system32\mswsock.dll
0x00007fff0dfe0000 - 0x00007fff0dff4000 	D:\Program\Android Studio\jre\bin\nio.dll
0x00007fff33c10000 - 0x00007fff33c37000 	D:\Project\AndroidGradle\native\8bec1ad78214c89d9ad589b4d07fe93259594b29d510b10fafb7a158f7737e5d\windows-amd64\native-platform.dll
0x00007fff0a9b0000 - 0x00007fff0aaed000 	D:\Project\AndroidGradle\native\53dbd7edfb1c66fb8903c78663c9afc45aea4f116125fa6feffd364cf09443e8\windows-amd64\native-platform-file-events.dll
0x00007fff3b180000 - 0x00007fff3b18a000 	D:\Program\Android Studio\jre\bin\management.dll
0x00007fff3a610000 - 0x00007fff3a61c000 	D:\Program\Android Studio\jre\bin\management_ext.dll
0x00007fff41320000 - 0x00007fff41338000 	C:\Windows\SYSTEM32\CRYPTSP.dll
0x00007fff40a30000 - 0x00007fff40a64000 	C:\Windows\system32\rsaenh.dll
0x00007fff41af0000 - 0x00007fff41b17000 	C:\Windows\System32\bcrypt.dll
0x00007fff41810000 - 0x00007fff4183e000 	C:\Windows\SYSTEM32\USERENV.dll
0x00007fff41310000 - 0x00007fff4131c000 	C:\Windows\SYSTEM32\CRYPTBASE.dll
0x00007fff40dc0000 - 0x00007fff40dfb000 	C:\Windows\SYSTEM32\IPHLPAPI.DLL
0x00007fff42690000 - 0x00007fff42698000 	C:\Windows\System32\NSI.dll
0x00007fff3af10000 - 0x00007fff3af27000 	C:\Windows\SYSTEM32\dhcpcsvc6.DLL
0x00007fff3af50000 - 0x00007fff3af6d000 	C:\Windows\SYSTEM32\dhcpcsvc.DLL
0x00007fff40e10000 - 0x00007fff40edb000 	C:\Windows\SYSTEM32\DNSAPI.dll
0x00007fff3f030000 - 0x00007fff3f038000 	D:\Program\Android Studio\jre\bin\rmi.dll

dbghelp: loaded successfully - version: 4.0.5 - missing functions: none
symbol engine: initialized successfully - sym options: 0x614 - pdb path: .;D:\Program\Android Studio\jre\bin;C:\Windows\SYSTEM32;C:\Windows\WinSxS\amd64_microsoft.windows.common-controls_6595b64144ccf1df_6.0.19041.1110_none_60b5254171f9507e;D:\Program\Android Studio\jre\bin\server;D:\Project\AndroidGradle\native\8bec1ad78214c89d9ad589b4d07fe93259594b29d510b10fafb7a158f7737e5d\windows-amd64;D:\Project\AndroidGradle\native\53dbd7edfb1c66fb8903c78663c9afc45aea4f116125fa6feffd364cf09443e8\windows-amd64

VM Arguments:
jvm_args: --add-opens=java.base/java.util=ALL-UNNAMED --add-opens=java.base/java.lang=ALL-UNNAMED --add-opens=java.base/java.lang.invoke=ALL-UNNAMED --add-opens=java.base/java.util=ALL-UNNAMED --add-opens=java.prefs/java.util.prefs=ALL-UNNAMED --add-opens=java.prefs/java.util.prefs=ALL-UNNAMED --add-opens=java.base/java.nio.charset=ALL-UNNAMED --add-opens=java.base/java.net=ALL-UNNAMED --add-opens=java.base/java.util.concurrent.atomic=ALL-UNNAMED -Xmx2048m -Dfile.encoding=UTF-8 -Duser.country=US -Duser.language=en -Duser.variant 
java_command: org.gradle.launcher.daemon.bootstrap.GradleDaemon 7.0.2
java_class_path (initial): D:\Project\AndroidGradle\wrapper\dists\gradle-7.0.2-bin\857tjihv64xamwrf0h14cai3r\gradle-7.0.2\lib\gradle-launcher-7.0.2.jar
Launcher Type: SUN_STANDARD

[Global flags]
     intx CICompilerCount                          = 4                                         {product} {ergonomic}
     uint ConcGCThreads                            = 2                                         {product} {ergonomic}
     uint G1ConcRefinementThreads                  = 8                                         {product} {ergonomic}
   size_t G1HeapRegionSize                         = 1048576                                   {product} {ergonomic}
    uintx GCDrainStackTargetSize                   = 64                                        {product} {ergonomic}
   size_t InitialHeapSize                          = 268435456                                 {product} {ergonomic}
   size_t MarkStackSize                            = 4194304                                   {product} {ergonomic}
   size_t MaxHeapSize                              = 2147483648                                {product} {command line}
   size_t MaxNewSize                               = 1287651328                                {product} {ergonomic}
   size_t MinHeapDeltaBytes                        = 1048576                                   {product} {ergonomic}
    uintx NonNMethodCodeHeapSize                   = 5836300                                {pd product} {ergonomic}
    uintx NonProfiledCodeHeapSize                  = 122910970                              {pd product} {ergonomic}
    uintx ProfiledCodeHeapSize                     = 122910970                              {pd product} {ergonomic}
    uintx ReservedCodeCacheSize                    = 251658240                              {pd product} {ergonomic}
     bool SegmentedCodeCache                       = true                                      {product} {ergonomic}
     bool UseCompressedClassPointers               = true                                 {lp64_product} {ergonomic}
     bool UseCompressedOops                        = true                                 {lp64_product} {ergonomic}
     bool UseG1GC                                  = true                                      {product} {ergonomic}
     bool UseLargePagesIndividualAllocation        = false                                  {pd product} {ergonomic}

Logging:
Log output configuration:
 #0: stdout all=warning uptime,level,tags
 #1: stderr all=off uptime,level,tags

Environment Variables:
PATH=c:\program files (x86)\intel\icls client\;c:\program files\intel\icls client\;c:\windows\system32;c:\windows;c:\windows\system32\wbem;c:\windows\system32\windowspowershell\v1.0\;c:\program files (x86)\intel\intel(r) management engine components\dal;c:\program files\intel\intel(r) management engine components\dal;c:\program files (x86)\intel\intel(r) management engine components\ipt;c:\program files\intel\intel(r) management engine components\ipt;c:\program files\intel\wifi\bin\;c:\program files\common files\intel\wirelesscommon\;C:\Windows\system32;C:\Windows;C:\Windows\system32\wbem;C:\Windows\system32\windowspowershell\v1.0\;C:\Windows\system32\openssh\;C:\Program Files (x86)\NVIDIA Corporation\PhysX\Common;C:\Program Files\NVIDIA Corporation\NVIDIA NvDLISR;D:\Project\AndroidSDK\platform-tools\;C:\Program Files\Git\cmd;C:\Users\Agi\AppData\Local\Microsoft\WindowsApps;
USERNAME=Agi
OS=Windows_NT
PROCESSOR_IDENTIFIER=Intel64 Family 6 Model 158 Stepping 9, GenuineIntel



---------------  S Y S T E M  ---------------

OS: Windows 10 , 64 bit Build 19041 (10.0.19041.1645)
OS uptime: 5 days 13:24 hours

CPU:total 8 (initial active 8) (4 cores per cpu, 2 threads per core) family 6 model 158 stepping 9 microcode 0xb4, cmov, cx8, fxsr, mmx, sse, sse2, sse3, ssse3, sse4.1, sse4.2, popcnt, avx, avx2, aes, clmul, erms, 3dnowpref, lzcnt, ht, tsc, tscinvbit, bmi1, bmi2, adx, fma

Memory: 4k page, system-wide physical 16304M (1887M free)
TotalPageFile size 31400M (AvailPageFile size 6M)
current process WorkingSet (physical memory assigned to process): 535M, peak: 537M
current process commit charge ("private bytes"): 583M, peak: 587M

vm_info: OpenJDK 64-Bit Server VM (11.0.10+0-b96-7249189) for windows-amd64 JRE (11.0.10+0-b96-7249189), built on Mar 31 2021 21:44:00 by "builder" with MS VC++ 14.0 (VS2015)

END.
