#
# There is insufficient memory for the Java Runtime Environment to continue.
# Native memory allocation (malloc) failed to allocate 1528336 bytes for Chunk::new
# Possible reasons:
#   The system is out of physical RAM or swap space
#   The process is running with CompressedOops enabled, and the Java Heap may be blocking the growth of the native heap
# Possible solutions:
#   Reduce memory load on the system
#   Increase physical memory or swap space
#   Check if swap backing store is full
#   Decrease Java heap size (-Xmx/-Xms)
#   Decrease number of Java threads
#   Decrease Java thread stack sizes (-Xss)
#   Set larger code cache with -XX:ReservedCodeCacheSize=
#   JVM is running with Unscaled Compressed Oops mode in which the Java heap is
#     placed in the first 4GB address space. The Java Heap base address is the
#     maximum limit for the native heap growth. Please use -XX:HeapBaseMinAddress
#     to set the Java Heap base and to place the Java Heap above 4GB virtual address.
# This output file may be truncated or incomplete.
#
#  Out of Memory Error (./src/hotspot/share/memory/arena.cpp:197), pid=2204, tid=13316
#
# JRE version: OpenJDK Runtime Environment (11.0.10) (build 11.0.10+0-b96-7249189)
# Java VM: OpenJDK 64-Bit Server VM (11.0.10+0-b96-7249189, mixed mode, tiered, compressed oops, g1 gc, windows-amd64)
# No core dump will be written. Minidumps are not enabled by default on client versions of Windows
#

---------------  S U M M A R Y ------------

Command Line: --add-opens=java.base/java.util=ALL-UNNAMED --add-opens=java.base/java.lang=ALL-UNNAMED --add-opens=java.base/java.lang.invoke=ALL-UNNAMED --add-opens=java.base/java.util=ALL-UNNAMED --add-opens=java.prefs/java.util.prefs=ALL-UNNAMED --add-opens=java.prefs/java.util.prefs=ALL-UNNAMED --add-opens=java.base/java.nio.charset=ALL-UNNAMED --add-opens=java.base/java.net=ALL-UNNAMED --add-opens=java.base/java.util.concurrent.atomic=ALL-UNNAMED -Xmx2048m -Dfile.encoding=UTF-8 -Duser.country=US -Duser.language=en -Duser.variant org.gradle.launcher.daemon.bootstrap.GradleDaemon 7.0.2

Host: Intel(R) Core(TM) i7-7700HQ CPU @ 2.80GHz, 8 cores, 15G,  Windows 10 , 64 bit Build 19041 (10.0.19041.1645)
Time: Thu Apr 28 01:01:38 2022 SE Asia Standard Time elapsed time: 9.180418 seconds (0d 0h 0m 9s)

---------------  T H R E A D  ---------------

Current thread (0x0000024e3eb1f000):  JavaThread "C2 CompilerThread1" daemon [_thread_in_native, id=13316, stack(0x0000008d9c000000,0x0000008d9c100000)]


Current CompileTask:
C2:   9180 7005   !   4       com.sun.beans.TypeResolver::resolve (261 bytes)

Stack: [0x0000008d9c000000,0x0000008d9c100000]
Native frames: (J=compiled Java code, j=interpreted, Vv=VM code, C=native code)
V  [jvm.dll+0x5ecfaa]
V  [jvm.dll+0x722bd5]
V  [jvm.dll+0x72412d]
V  [jvm.dll+0x7247e3]
V  [jvm.dll+0x242928]
V  [jvm.dll+0xbc4fc]
V  [jvm.dll+0xbca0c]
V  [jvm.dll+0x352d3b]
V  [jvm.dll+0x197e0c]
V  [jvm.dll+0x1fb70e]
V  [jvm.dll+0x1fa7f4]
V  [jvm.dll+0x18354c]
V  [jvm.dll+0x208ee7]
V  [jvm.dll+0x207731]
V  [jvm.dll+0x6eb1cf]
V  [jvm.dll+0x6e3d45]
V  [jvm.dll+0x5ebe96]
C  [ucrtbase.dll+0x21bb2]
C  [KERNEL32.DLL+0x17034]
C  [ntdll.dll+0x52651]


---------------  P R O C E S S  ---------------

Threads class SMR info:
_java_thread_list=0x0000024e3caf88b0, length=52, elements={
0x0000024e1f6e8800, 0x0000024e3bb5d000, 0x0000024e3c39a800, 0x0000024e3c3f1000,
0x0000024e3c3f3000, 0x0000024e3c3f5000, 0x0000024e3c3fd000, 0x0000024e3c402000,
0x0000024e3c40e000, 0x0000024e3c571800, 0x0000024e3f009000, 0x0000024e3e98f800,
0x0000024e3dd0b000, 0x0000024e3f50f800, 0x0000024e3e38b000, 0x0000024e3e348800,
0x0000024e3e611800, 0x0000024e3eb1f000, 0x0000024e3ec6c000, 0x0000024e3eeb8000,
0x0000024e3e484800, 0x0000024e3e487000, 0x0000024e3e485800, 0x0000024e3e486000,
0x0000024e3e483800, 0x0000024e3e481800, 0x0000024e3e488000, 0x0000024e3e482000,
0x0000024e3e483000, 0x0000024e402e4800, 0x0000024e402e6000, 0x0000024e3f12e000,
0x0000024e402e5000, 0x0000024e402e8800, 0x0000024e402e2800, 0x0000024e402ea000,
0x0000024e402ee000, 0x0000024e402f0000, 0x0000024e402f0800, 0x0000024e402eb000,
0x0000024e402f1800, 0x0000024e3ea4b800, 0x0000024e3ea49000, 0x0000024e3ea46800,
0x0000024e3ea4b000, 0x0000024e3ea4d000, 0x0000024e3ea4a000, 0x0000024e3ea4c800,
0x0000024e3ea47800, 0x0000024e3ea4e000, 0x0000024e3ea48800, 0x0000024e3ea54000
}

Java Threads: ( => current thread )
  0x0000024e1f6e8800 JavaThread "main" [_thread_blocked, id=16424, stack(0x0000008d9a300000,0x0000008d9a400000)]
  0x0000024e3bb5d000 JavaThread "Reference Handler" daemon [_thread_blocked, id=10524, stack(0x0000008d9aa00000,0x0000008d9ab00000)]
  0x0000024e3c39a800 JavaThread "Finalizer" daemon [_thread_blocked, id=3276, stack(0x0000008d9ab00000,0x0000008d9ac00000)]
  0x0000024e3c3f1000 JavaThread "Signal Dispatcher" daemon [_thread_blocked, id=7336, stack(0x0000008d9ac00000,0x0000008d9ad00000)]
  0x0000024e3c3f3000 JavaThread "Attach Listener" daemon [_thread_blocked, id=17836, stack(0x0000008d9ad00000,0x0000008d9ae00000)]
  0x0000024e3c3f5000 JavaThread "Service Thread" daemon [_thread_blocked, id=10864, stack(0x0000008d9ae00000,0x0000008d9af00000)]
  0x0000024e3c3fd000 JavaThread "C2 CompilerThread0" daemon [_thread_in_native, id=6716, stack(0x0000008d9af00000,0x0000008d9b000000)]
  0x0000024e3c402000 JavaThread "C1 CompilerThread0" daemon [_thread_blocked, id=13700, stack(0x0000008d9b000000,0x0000008d9b100000)]
  0x0000024e3c40e000 JavaThread "Sweeper thread" daemon [_thread_blocked, id=17772, stack(0x0000008d9b100000,0x0000008d9b200000)]
  0x0000024e3c571800 JavaThread "Common-Cleaner" daemon [_thread_blocked, id=6408, stack(0x0000008d9b200000,0x0000008d9b300000)]
  0x0000024e3f009000 JavaThread "Daemon health stats" [_thread_blocked, id=8480, stack(0x0000008d9bb00000,0x0000008d9bc00000)]
  0x0000024e3e98f800 JavaThread "Incoming local TCP Connector on port 3380" [_thread_in_native, id=14332, stack(0x0000008d9b400000,0x0000008d9b500000)]
  0x0000024e3dd0b000 JavaThread "Daemon periodic checks" [_thread_blocked, id=19072, stack(0x0000008d9ba00000,0x0000008d9bb00000)]
  0x0000024e3f50f800 JavaThread "Daemon" [_thread_blocked, id=4344, stack(0x0000008d9bc00000,0x0000008d9bd00000)]
  0x0000024e3e38b000 JavaThread "Handler for socket connection from /127.0.0.1:3380 to /127.0.0.1:3381" [_thread_in_native, id=15092, stack(0x0000008d9bd00000,0x0000008d9be00000)]
  0x0000024e3e348800 JavaThread "Cancel handler" [_thread_blocked, id=14164, stack(0x0000008d9be00000,0x0000008d9bf00000)]
  0x0000024e3e611800 JavaThread "Daemon worker" [_thread_in_native, id=13188, stack(0x0000008d9bf00000,0x0000008d9c000000)]
=>0x0000024e3eb1f000 JavaThread "C2 CompilerThread1" daemon [_thread_in_native, id=13316, stack(0x0000008d9c000000,0x0000008d9c100000)]
  0x0000024e3ec6c000 JavaThread "Asynchronous log dispatcher for DefaultDaemonConnection: socket connection from /127.0.0.1:3380 to /127.0.0.1:3381" [_thread_blocked, id=9804, stack(0x0000008d9c100000,0x0000008d9c200000)]
  0x0000024e3eeb8000 JavaThread "Stdin handler" [_thread_blocked, id=4800, stack(0x0000008d9c200000,0x0000008d9c300000)]
  0x0000024e3e484800 JavaThread "Daemon client event forwarder" [_thread_blocked, id=15352, stack(0x0000008d9c300000,0x0000008d9c400000)]
  0x0000024e3e487000 JavaThread "Cache worker for file hash cache (D:\Project\AndroidGradle\caches\7.0.2\fileHashes)" [_thread_blocked, id=19040, stack(0x0000008d9c400000,0x0000008d9c500000)]
  0x0000024e3e485800 JavaThread "File lock request listener" [_thread_in_native, id=16256, stack(0x0000008d9c500000,0x0000008d9c600000)]
  0x0000024e3e486000 JavaThread "Cache worker for journal cache (D:\Project\AndroidGradle\caches\journal-1)" [_thread_blocked, id=15500, stack(0x0000008d9c900000,0x0000008d9ca00000)]
  0x0000024e3e483800 JavaThread "Cache worker for file hash cache (D:\Project\Android\Arling\.gradle\7.0.2\fileHashes)" [_thread_blocked, id=9824, stack(0x0000008d9ca00000,0x0000008d9cb00000)]
  0x0000024e3e481800 JavaThread "File watcher server" daemon [_thread_in_native, id=3148, stack(0x0000008d9cb00000,0x0000008d9cc00000)]
  0x0000024e3e488000 JavaThread "File watcher consumer" daemon [_thread_blocked, id=18712, stack(0x0000008d9cc00000,0x0000008d9cd00000)]
  0x0000024e3e482000 JavaThread "Cache worker for checksums cache (D:\Project\Android\Arling\.gradle\checksums)" [_thread_blocked, id=14328, stack(0x0000008d9cd00000,0x0000008d9ce00000)]
  0x0000024e3e483000 JavaThread "Cache worker for cache directory md-supplier (D:\Project\AndroidGradle\caches\7.0.2\md-supplier)" [_thread_blocked, id=12448, stack(0x0000008d9ce00000,0x0000008d9cf00000)]
  0x0000024e402e4800 JavaThread "Cache worker for cache directory md-rule (D:\Project\AndroidGradle\caches\7.0.2\md-rule)" [_thread_blocked, id=8504, stack(0x0000008d9cf00000,0x0000008d9d000000)]
  0x0000024e402e6000 JavaThread "Cache worker for execution history cache (D:\Project\AndroidGradle\caches\7.0.2\executionHistory)" [_thread_blocked, id=18512, stack(0x0000008d9d000000,0x0000008d9d100000)]
  0x0000024e3f12e000 JavaThread "C2 CompilerThread2" daemon [_thread_in_native, id=11304, stack(0x0000008d9d100000,0x0000008d9d200000)]
  0x0000024e402e5000 JavaThread "jar transforms" [_thread_blocked, id=7296, stack(0x0000008d9d200000,0x0000008d9d300000)]
  0x0000024e402e8800 JavaThread "jar transforms Thread 2" [_thread_blocked, id=18464, stack(0x0000008d9d300000,0x0000008d9d400000)]
  0x0000024e402e2800 JavaThread "Cache worker for file content cache (D:\Project\AndroidGradle\caches\7.0.2\fileContent)" [_thread_blocked, id=8416, stack(0x0000008d9d400000,0x0000008d9d500000)]
  0x0000024e402ea000 JavaThread "Cache worker for dependencies-accessors (D:\Project\Android\Arling\.gradle\7.0.2\dependencies-accessors)" [_thread_blocked, id=84, stack(0x0000008d9d500000,0x0000008d9d600000)]
  0x0000024e402ee000 JavaThread "jar transforms Thread 3" [_thread_blocked, id=13128, stack(0x0000008d9d600000,0x0000008d9d700000)]
  0x0000024e402f0000 JavaThread "Cache worker for Build Output Cleanup Cache (D:\Project\Android\Arling\.gradle\buildOutputCleanup)" [_thread_blocked, id=15476, stack(0x0000008d9d700000,0x0000008d9d800000)]
  0x0000024e402f0800 JavaThread "Build operations" [_thread_blocked, id=18888, stack(0x0000008d9d800000,0x0000008d9d900000)]
  0x0000024e402eb000 JavaThread "Build operations Thread 2" [_thread_blocked, id=2448, stack(0x0000008d9d900000,0x0000008d9da00000)]
  0x0000024e402f1800 JavaThread "Build operations Thread 3" [_thread_blocked, id=3036, stack(0x0000008d9da00000,0x0000008d9db00000)]
  0x0000024e3ea4b800 JavaThread "Build operations Thread 4" [_thread_blocked, id=6664, stack(0x0000008d9db00000,0x0000008d9dc00000)]
  0x0000024e3ea49000 JavaThread "Build operations Thread 5" [_thread_blocked, id=10544, stack(0x0000008d9dc00000,0x0000008d9dd00000)]
  0x0000024e3ea46800 JavaThread "Build operations Thread 6" [_thread_blocked, id=17576, stack(0x0000008d9dd00000,0x0000008d9de00000)]
  0x0000024e3ea4b000 JavaThread "Build operations Thread 7" [_thread_blocked, id=11432, stack(0x0000008d9de00000,0x0000008d9df00000)]
  0x0000024e3ea4d000 JavaThread "Build operations Thread 8" [_thread_blocked, id=928, stack(0x0000008d9df00000,0x0000008d9e000000)]
  0x0000024e3ea4a000 JavaThread "jar transforms Thread 4" [_thread_blocked, id=11680, stack(0x0000008d9e000000,0x0000008d9e100000)]
  0x0000024e3ea4c800 JavaThread "jar transforms Thread 5" [_thread_blocked, id=18776, stack(0x0000008d9e100000,0x0000008d9e200000)]
  0x0000024e3ea47800 JavaThread "jar transforms Thread 6" [_thread_blocked, id=16036, stack(0x0000008d9e200000,0x0000008d9e300000)]
  0x0000024e3ea4e000 JavaThread "jar transforms Thread 7" [_thread_blocked, id=6640, stack(0x0000008d9e300000,0x0000008d9e400000)]
  0x0000024e3ea48800 JavaThread "jar transforms Thread 8" [_thread_blocked, id=10688, stack(0x0000008d9e400000,0x0000008d9e500000)]
  0x0000024e3ea54000 JavaThread "Memory manager" [_thread_blocked, id=19232, stack(0x0000008d9e500000,0x0000008d9e600000)]

Other Threads:
  0x0000024e3bb5a800 VMThread "VM Thread" [stack: 0x0000008d9a900000,0x0000008d9aa00000] [id=5504]
  0x0000024e3c586800 WatcherThread [stack: 0x0000008d9b300000,0x0000008d9b400000] [id=15112]
  0x0000024e1f704000 GCTaskThread "GC Thread#0" [stack: 0x0000008d9a400000,0x0000008d9a500000] [id=1272]
  0x0000024e3d6d8800 GCTaskThread "GC Thread#1" [stack: 0x0000008d9b500000,0x0000008d9b600000] [id=19192]
  0x0000024e3d11d000 GCTaskThread "GC Thread#2" [stack: 0x0000008d9b600000,0x0000008d9b700000] [id=12264]
  0x0000024e3d8c9800 GCTaskThread "GC Thread#3" [stack: 0x0000008d9b700000,0x0000008d9b800000] [id=10316]
  0x0000024e3d693800 GCTaskThread "GC Thread#4" [stack: 0x0000008d9b800000,0x0000008d9b900000] [id=2740]
  0x0000024e3d330800 GCTaskThread "GC Thread#5" [stack: 0x0000008d9b900000,0x0000008d9ba00000] [id=3272]
  0x0000024e3d43e000 GCTaskThread "GC Thread#6" [stack: 0x0000008d9c600000,0x0000008d9c700000] [id=6336]
  0x0000024e3cdd0000 GCTaskThread "GC Thread#7" [stack: 0x0000008d9c700000,0x0000008d9c800000] [id=19236]
  0x0000024e1f73a000 ConcurrentGCThread "G1 Main Marker" [stack: 0x0000008d9a500000,0x0000008d9a600000] [id=8960]
  0x0000024e1f73c000 ConcurrentGCThread "G1 Conc#0" [stack: 0x0000008d9a600000,0x0000008d9a700000] [id=19432]
  0x0000024e3eeb7000 ConcurrentGCThread "G1 Conc#1" [stack: 0x0000008d9c800000,0x0000008d9c900000] [id=19292]
  0x0000024e1f7ce800 ConcurrentGCThread "G1 Refine#0" [stack: 0x0000008d9a700000,0x0000008d9a800000] [id=17796]
  0x0000024e43d12000 ConcurrentGCThread "G1 Refine#1" [stack: 0x0000008d9e600000,0x0000008d9e700000] [id=8632]
  0x0000024e3b9d8800 ConcurrentGCThread "G1 Young RemSet Sampling" [stack: 0x0000008d9a800000,0x0000008d9a900000] [id=14924]

Threads with active compile tasks:
C2 CompilerThread0   9206 7053 %     4       groovy.lang.MetaClassImpl::inheritInterfaceNewMetaMethods @ 100 (195 bytes)
C2 CompilerThread1   9206 7005   !   4       com.sun.beans.TypeResolver::resolve (261 bytes)
C2 CompilerThread2   9206 6958 %     4       org.gradle.internal.instantiation.generator.AbstractClassGenerator::inspectType @ 207 (560 bytes)

VM state:not at safepoint (normal execution)

VM Mutex/Monitor currently owned by a thread: None

Heap address: 0x0000000080000000, size: 2048 MB, Compressed Oops mode: 32-bit
Narrow klass base: 0x0000000000000000, Narrow klass shift: 3
Compressed class space size: 1073741824 Address: 0x0000000100000000

Heap:
 garbage-first heap   total 262144K, used 85786K [0x0000000080000000, 0x0000000100000000)
  region size 1024K, 34 young (34816K), 13 survivors (13312K)
 Metaspace       used 73361K, capacity 75075K, committed 75212K, reserved 1114112K
  class space    used 9476K, capacity 10100K, committed 10188K, reserved 1048576K
Heap Regions: E=young(eden), S=young(survivor), O=old, HS=humongous(starts), HC=humongous(continues), CS=collection set, F=free, A=archive, TAMS=top-at-mark-start (previous, next)
|   0|0x0000000080000000, 0x0000000080100000, 0x0000000080100000|100%| O|  |TAMS 0x0000000080100000, 0x0000000080000000| Untracked 
|   1|0x0000000080100000, 0x0000000080200000, 0x0000000080200000|100%| O|  |TAMS 0x0000000080200000, 0x0000000080100000| Untracked 
|   2|0x0000000080200000, 0x0000000080300000, 0x0000000080300000|100%| O|  |TAMS 0x0000000080300000, 0x0000000080200000| Untracked 
|   3|0x0000000080300000, 0x0000000080400000, 0x0000000080400000|100%|HS|  |TAMS 0x0000000080400000, 0x0000000080300000| Complete 
|   4|0x0000000080400000, 0x0000000080500000, 0x0000000080500000|100%|HC|  |TAMS 0x0000000080500000, 0x0000000080400000| Complete 
|   5|0x0000000080500000, 0x0000000080600000, 0x0000000080600000|100%|HC|  |TAMS 0x0000000080600000, 0x0000000080500000| Complete 
|   6|0x0000000080600000, 0x0000000080700000, 0x0000000080700000|100%| O|  |TAMS 0x0000000080700000, 0x0000000080600000| Untracked 
|   7|0x0000000080700000, 0x0000000080800000, 0x0000000080800000|100%| O|  |TAMS 0x0000000080800000, 0x0000000080700000| Untracked 
|   8|0x0000000080800000, 0x0000000080900000, 0x0000000080900000|100%| O|  |TAMS 0x0000000080900000, 0x0000000080800000| Untracked 
|   9|0x0000000080900000, 0x0000000080a00000, 0x0000000080a00000|100%| O|  |TAMS 0x0000000080a00000, 0x0000000080900000| Untracked 
|  10|0x0000000080a00000, 0x0000000080b00000, 0x0000000080b00000|100%| O|  |TAMS 0x0000000080b00000, 0x0000000080a00000| Untracked 
|  11|0x0000000080b00000, 0x0000000080c00000, 0x0000000080c00000|100%| O|  |TAMS 0x0000000080c00000, 0x0000000080b00000| Untracked 
|  12|0x0000000080c00000, 0x0000000080d00000, 0x0000000080d00000|100%| O|  |TAMS 0x0000000080d00000, 0x0000000080c00000| Untracked 
|  13|0x0000000080d00000, 0x0000000080e00000, 0x0000000080e00000|100%| O|  |TAMS 0x0000000080e00000, 0x0000000080d00000| Untracked 
|  14|0x0000000080e00000, 0x0000000080f00000, 0x0000000080f00000|100%| O|  |TAMS 0x0000000080f00000, 0x0000000080e00000| Untracked 
|  15|0x0000000080f00000, 0x0000000081000000, 0x0000000081000000|100%| O|  |TAMS 0x0000000081000000, 0x0000000080f00000| Untracked 
|  16|0x0000000081000000, 0x0000000081100000, 0x0000000081100000|100%| O|  |TAMS 0x0000000081100000, 0x0000000081000000| Untracked 
|  17|0x0000000081100000, 0x0000000081200000, 0x0000000081200000|100%|HS|  |TAMS 0x0000000081200000, 0x0000000081100000| Complete 
|  18|0x0000000081200000, 0x0000000081300000, 0x0000000081300000|100%|HS|  |TAMS 0x0000000081300000, 0x0000000081200000| Complete 
|  19|0x0000000081300000, 0x0000000081400000, 0x0000000081400000|100%|HS|  |TAMS 0x0000000081400000, 0x0000000081300000| Complete 
|  20|0x0000000081400000, 0x0000000081500000, 0x0000000081500000|100%|HS|  |TAMS 0x0000000081500000, 0x0000000081400000| Complete 
|  21|0x0000000081500000, 0x0000000081600000, 0x0000000081600000|100%|HC|  |TAMS 0x0000000081600000, 0x0000000081500000| Complete 
|  22|0x0000000081600000, 0x0000000081700000, 0x0000000081700000|100%|HC|  |TAMS 0x0000000081700000, 0x0000000081600000| Complete 
|  23|0x0000000081700000, 0x0000000081800000, 0x0000000081800000|100%|HS|  |TAMS 0x0000000081800000, 0x0000000081700000| Complete 
|  24|0x0000000081800000, 0x0000000081900000, 0x0000000081900000|100%|HC|  |TAMS 0x0000000081900000, 0x0000000081800000| Complete 
|  25|0x0000000081900000, 0x0000000081a00000, 0x0000000081a00000|100%| O|  |TAMS 0x0000000081a00000, 0x0000000081900000| Untracked 
|  26|0x0000000081a00000, 0x0000000081b00000, 0x0000000081b00000|100%| O|  |TAMS 0x0000000081b00000, 0x0000000081a00000| Untracked 
|  27|0x0000000081b00000, 0x0000000081c00000, 0x0000000081c00000|100%| O|  |TAMS 0x0000000081c00000, 0x0000000081b00000| Untracked 
|  28|0x0000000081c00000, 0x0000000081d00000, 0x0000000081d00000|100%| O|  |TAMS 0x0000000081d00000, 0x0000000081c00000| Untracked 
|  29|0x0000000081d00000, 0x0000000081e00000, 0x0000000081e00000|100%| O|  |TAMS 0x0000000081e00000, 0x0000000081d00000| Untracked 
|  30|0x0000000081e00000, 0x0000000081f00000, 0x0000000081f00000|100%| O|  |TAMS 0x0000000081f00000, 0x0000000081e00000| Untracked 
|  31|0x0000000081f00000, 0x0000000082000000, 0x0000000082000000|100%| O|  |TAMS 0x0000000082000000, 0x0000000081f00000| Untracked 
|  32|0x0000000082000000, 0x0000000082100000, 0x0000000082100000|100%| O|  |TAMS 0x0000000082100000, 0x0000000082000000| Untracked 
|  33|0x0000000082100000, 0x0000000082200000, 0x0000000082200000|100%| O|  |TAMS 0x0000000082200000, 0x0000000082100000| Untracked 
|  34|0x0000000082200000, 0x0000000082300000, 0x0000000082300000|100%| O|  |TAMS 0x0000000082300000, 0x0000000082200000| Untracked 
|  35|0x0000000082300000, 0x0000000082400000, 0x0000000082400000|100%| O|  |TAMS 0x0000000082400000, 0x0000000082300000| Untracked 
|  36|0x0000000082400000, 0x0000000082500000, 0x0000000082500000|100%| O|  |TAMS 0x0000000082500000, 0x0000000082400000| Untracked 
|  37|0x0000000082500000, 0x0000000082600000, 0x0000000082600000|100%| O|  |TAMS 0x0000000082600000, 0x0000000082500000| Untracked 
|  38|0x0000000082600000, 0x0000000082700000, 0x0000000082700000|100%| O|  |TAMS 0x0000000082700000, 0x0000000082600000| Untracked 
|  39|0x0000000082700000, 0x0000000082800000, 0x0000000082800000|100%| O|  |TAMS 0x0000000082800000, 0x0000000082700000| Untracked 
|  40|0x0000000082800000, 0x0000000082900000, 0x0000000082900000|100%| O|  |TAMS 0x0000000082900000, 0x0000000082800000| Untracked 
|  41|0x0000000082900000, 0x0000000082a00000, 0x0000000082a00000|100%| O|  |TAMS 0x0000000082a00000, 0x0000000082900000| Untracked 
|  42|0x0000000082a00000, 0x0000000082b00000, 0x0000000082b00000|100%| O|  |TAMS 0x0000000082b00000, 0x0000000082a00000| Untracked 
|  43|0x0000000082b00000, 0x0000000082c00000, 0x0000000082c00000|100%| O|  |TAMS 0x0000000082c00000, 0x0000000082b00000| Untracked 
|  44|0x0000000082c00000, 0x0000000082d00000, 0x0000000082d00000|100%| O|  |TAMS 0x0000000082d00000, 0x0000000082c00000| Untracked 
|  45|0x0000000082d00000, 0x0000000082e00000, 0x0000000082e00000|100%| O|  |TAMS 0x0000000082e00000, 0x0000000082d00000| Untracked 
|  46|0x0000000082e00000, 0x0000000082f00000, 0x0000000082f00000|100%| O|  |TAMS 0x0000000082f00000, 0x0000000082e00000| Untracked 
|  47|0x0000000082f00000, 0x0000000083000000, 0x0000000083000000|100%| O|  |TAMS 0x0000000083000000, 0x0000000082f00000| Untracked 
|  48|0x0000000083000000, 0x0000000083100000, 0x0000000083100000|100%| O|  |TAMS 0x0000000083100000, 0x0000000083000000| Untracked 
|  49|0x0000000083100000, 0x0000000083200000, 0x0000000083200000|100%| O|  |TAMS 0x00000000831c1e00, 0x0000000083100000| Untracked 
|  50|0x0000000083200000, 0x00000000832c6a00, 0x0000000083300000| 77%| O|  |TAMS 0x0000000083200000, 0x0000000083200000| Untracked 
|  51|0x0000000083300000, 0x0000000083300000, 0x0000000083400000|  0%| F|  |TAMS 0x0000000083300000, 0x0000000083300000| Untracked 
|  52|0x0000000083400000, 0x0000000083400000, 0x0000000083500000|  0%| F|  |TAMS 0x0000000083400000, 0x0000000083400000| Untracked 
|  53|0x0000000083500000, 0x0000000083500000, 0x0000000083600000|  0%| F|  |TAMS 0x0000000083500000, 0x0000000083500000| Untracked 
|  54|0x0000000083600000, 0x0000000083600000, 0x0000000083700000|  0%| F|  |TAMS 0x0000000083600000, 0x0000000083600000| Untracked 
|  55|0x0000000083700000, 0x0000000083700000, 0x0000000083800000|  0%| F|  |TAMS 0x0000000083700000, 0x0000000083700000| Untracked 
|  56|0x0000000083800000, 0x0000000083800000, 0x0000000083900000|  0%| F|  |TAMS 0x0000000083800000, 0x0000000083800000| Untracked 
|  57|0x0000000083900000, 0x0000000083900000, 0x0000000083a00000|  0%| F|  |TAMS 0x0000000083900000, 0x0000000083900000| Untracked 
|  58|0x0000000083a00000, 0x0000000083a00000, 0x0000000083b00000|  0%| F|  |TAMS 0x0000000083a00000, 0x0000000083a00000| Untracked 
|  59|0x0000000083b00000, 0x0000000083b00000, 0x0000000083c00000|  0%| F|  |TAMS 0x0000000083b00000, 0x0000000083b00000| Untracked 
|  60|0x0000000083c00000, 0x0000000083c00000, 0x0000000083d00000|  0%| F|  |TAMS 0x0000000083c00000, 0x0000000083c00000| Untracked 
|  61|0x0000000083d00000, 0x0000000083d00000, 0x0000000083e00000|  0%| F|  |TAMS 0x0000000083d00000, 0x0000000083d00000| Untracked 
|  62|0x0000000083e00000, 0x0000000083e00000, 0x0000000083f00000|  0%| F|  |TAMS 0x0000000083e00000, 0x0000000083e00000| Untracked 
|  63|0x0000000083f00000, 0x0000000083f00000, 0x0000000084000000|  0%| F|  |TAMS 0x0000000083f00000, 0x0000000083f00000| Untracked 
|  64|0x0000000084000000, 0x0000000084000000, 0x0000000084100000|  0%| F|  |TAMS 0x0000000084000000, 0x0000000084000000| Untracked 
|  65|0x0000000084100000, 0x0000000084100000, 0x0000000084200000|  0%| F|  |TAMS 0x0000000084100000, 0x0000000084100000| Untracked 
|  66|0x0000000084200000, 0x0000000084200000, 0x0000000084300000|  0%| F|  |TAMS 0x0000000084200000, 0x0000000084200000| Untracked 
|  67|0x0000000084300000, 0x0000000084300000, 0x0000000084400000|  0%| F|  |TAMS 0x0000000084300000, 0x0000000084300000| Untracked 
|  68|0x0000000084400000, 0x0000000084400000, 0x0000000084500000|  0%| F|  |TAMS 0x0000000084400000, 0x0000000084400000| Untracked 
|  69|0x0000000084500000, 0x0000000084500000, 0x0000000084600000|  0%| F|  |TAMS 0x0000000084500000, 0x0000000084500000| Untracked 
|  70|0x0000000084600000, 0x0000000084600000, 0x0000000084700000|  0%| F|  |TAMS 0x0000000084600000, 0x0000000084600000| Untracked 
|  71|0x0000000084700000, 0x0000000084700000, 0x0000000084800000|  0%| F|  |TAMS 0x0000000084700000, 0x0000000084700000| Untracked 
|  72|0x0000000084800000, 0x0000000084800000, 0x0000000084900000|  0%| F|  |TAMS 0x0000000084800000, 0x0000000084800000| Untracked 
|  73|0x0000000084900000, 0x0000000084900000, 0x0000000084a00000|  0%| F|  |TAMS 0x0000000084900000, 0x0000000084900000| Untracked 
|  74|0x0000000084a00000, 0x0000000084a00000, 0x0000000084b00000|  0%| F|  |TAMS 0x0000000084a00000, 0x0000000084a00000| Untracked 
|  75|0x0000000084b00000, 0x0000000084b00000, 0x0000000084c00000|  0%| F|  |TAMS 0x0000000084b00000, 0x0000000084b00000| Untracked 
|  76|0x0000000084c00000, 0x0000000084c00000, 0x0000000084d00000|  0%| F|  |TAMS 0x0000000084c00000, 0x0000000084c00000| Untracked 
|  77|0x0000000084d00000, 0x0000000084d00000, 0x0000000084e00000|  0%| F|  |TAMS 0x0000000084d00000, 0x0000000084d00000| Untracked 
|  78|0x0000000084e00000, 0x0000000084e00000, 0x0000000084f00000|  0%| F|  |TAMS 0x0000000084e00000, 0x0000000084e00000| Untracked 
|  79|0x0000000084f00000, 0x0000000084f00000, 0x0000000085000000|  0%| F|  |TAMS 0x0000000084f00000, 0x0000000084f00000| Untracked 
|  80|0x0000000085000000, 0x0000000085000000, 0x0000000085100000|  0%| F|  |TAMS 0x0000000085000000, 0x0000000085000000| Untracked 
|  81|0x0000000085100000, 0x0000000085100000, 0x0000000085200000|  0%| F|  |TAMS 0x0000000085100000, 0x0000000085100000| Untracked 
|  82|0x0000000085200000, 0x0000000085200000, 0x0000000085300000|  0%| F|  |TAMS 0x0000000085200000, 0x0000000085200000| Untracked 
|  83|0x0000000085300000, 0x0000000085300000, 0x0000000085400000|  0%| F|  |TAMS 0x0000000085300000, 0x0000000085300000| Untracked 
|  84|0x0000000085400000, 0x0000000085400000, 0x0000000085500000|  0%| F|  |TAMS 0x0000000085400000, 0x0000000085400000| Untracked 
|  85|0x0000000085500000, 0x0000000085500000, 0x0000000085600000|  0%| F|  |TAMS 0x0000000085500000, 0x0000000085500000| Untracked 
|  86|0x0000000085600000, 0x0000000085600000, 0x0000000085700000|  0%| F|  |TAMS 0x0000000085600000, 0x0000000085600000| Untracked 
|  87|0x0000000085700000, 0x0000000085700000, 0x0000000085800000|  0%| F|  |TAMS 0x0000000085700000, 0x0000000085700000| Untracked 
|  88|0x0000000085800000, 0x0000000085800000, 0x0000000085900000|  0%| F|  |TAMS 0x0000000085800000, 0x0000000085800000| Untracked 
|  89|0x0000000085900000, 0x0000000085900000, 0x0000000085a00000|  0%| F|  |TAMS 0x0000000085900000, 0x0000000085900000| Untracked 
|  90|0x0000000085a00000, 0x0000000085a00000, 0x0000000085b00000|  0%| F|  |TAMS 0x0000000085a00000, 0x0000000085a00000| Untracked 
|  91|0x0000000085b00000, 0x0000000085b00000, 0x0000000085c00000|  0%| F|  |TAMS 0x0000000085b00000, 0x0000000085b00000| Untracked 
|  92|0x0000000085c00000, 0x0000000085c00000, 0x0000000085d00000|  0%| F|  |TAMS 0x0000000085c00000, 0x0000000085c00000| Untracked 
|  93|0x0000000085d00000, 0x0000000085d00000, 0x0000000085e00000|  0%| F|  |TAMS 0x0000000085d00000, 0x0000000085d00000| Untracked 
|  94|0x0000000085e00000, 0x0000000085e00000, 0x0000000085f00000|  0%| F|  |TAMS 0x0000000085e00000, 0x0000000085e00000| Untracked 
|  95|0x0000000085f00000, 0x0000000085f00000, 0x0000000086000000|  0%| F|  |TAMS 0x0000000085f00000, 0x0000000085f00000| Untracked 
|  96|0x0000000086000000, 0x0000000086000000, 0x0000000086100000|  0%| F|  |TAMS 0x0000000086000000, 0x0000000086000000| Untracked 
|  97|0x0000000086100000, 0x0000000086100000, 0x0000000086200000|  0%| F|  |TAMS 0x0000000086100000, 0x0000000086100000| Untracked 
|  98|0x0000000086200000, 0x0000000086200000, 0x0000000086300000|  0%| F|  |TAMS 0x0000000086200000, 0x0000000086200000| Untracked 
|  99|0x0000000086300000, 0x0000000086300000, 0x0000000086400000|  0%| F|  |TAMS 0x0000000086300000, 0x0000000086300000| Untracked 
| 100|0x0000000086400000, 0x0000000086400000, 0x0000000086500000|  0%| F|  |TAMS 0x0000000086400000, 0x0000000086400000| Untracked 
| 101|0x0000000086500000, 0x0000000086500000, 0x0000000086600000|  0%| F|  |TAMS 0x0000000086500000, 0x0000000086500000| Untracked 
| 102|0x0000000086600000, 0x0000000086600000, 0x0000000086700000|  0%| F|  |TAMS 0x0000000086600000, 0x0000000086600000| Untracked 
| 103|0x0000000086700000, 0x0000000086700000, 0x0000000086800000|  0%| F|  |TAMS 0x0000000086700000, 0x0000000086700000| Untracked 
| 104|0x0000000086800000, 0x0000000086800000, 0x0000000086900000|  0%| F|  |TAMS 0x0000000086800000, 0x0000000086800000| Untracked 
| 105|0x0000000086900000, 0x0000000086900000, 0x0000000086a00000|  0%| F|  |TAMS 0x0000000086900000, 0x0000000086900000| Untracked 
| 106|0x0000000086a00000, 0x0000000086a00000, 0x0000000086b00000|  0%| F|  |TAMS 0x0000000086a00000, 0x0000000086a00000| Untracked 
| 107|0x0000000086b00000, 0x0000000086b00000, 0x0000000086c00000|  0%| F|  |TAMS 0x0000000086b00000, 0x0000000086b00000| Untracked 
| 108|0x0000000086c00000, 0x0000000086c00000, 0x0000000086d00000|  0%| F|  |TAMS 0x0000000086c00000, 0x0000000086c00000| Untracked 
| 109|0x0000000086d00000, 0x0000000086d00000, 0x0000000086e00000|  0%| F|  |TAMS 0x0000000086d00000, 0x0000000086d00000| Untracked 
| 110|0x0000000086e00000, 0x0000000086e00000, 0x0000000086f00000|  0%| F|  |TAMS 0x0000000086e00000, 0x0000000086e00000| Untracked 
| 111|0x0000000086f00000, 0x0000000086f00000, 0x0000000087000000|  0%| F|  |TAMS 0x0000000086f00000, 0x0000000086f00000| Untracked 
| 112|0x0000000087000000, 0x0000000087000000, 0x0000000087100000|  0%| F|  |TAMS 0x0000000087000000, 0x0000000087000000| Untracked 
| 113|0x0000000087100000, 0x0000000087100000, 0x0000000087200000|  0%| F|  |TAMS 0x0000000087100000, 0x0000000087100000| Untracked 
| 114|0x0000000087200000, 0x0000000087200000, 0x0000000087300000|  0%| F|  |TAMS 0x0000000087200000, 0x0000000087200000| Untracked 
| 115|0x0000000087300000, 0x0000000087300000, 0x0000000087400000|  0%| F|  |TAMS 0x0000000087300000, 0x0000000087300000| Untracked 
| 116|0x0000000087400000, 0x0000000087400000, 0x0000000087500000|  0%| F|  |TAMS 0x0000000087400000, 0x0000000087400000| Untracked 
| 117|0x0000000087500000, 0x0000000087500000, 0x0000000087600000|  0%| F|  |TAMS 0x0000000087500000, 0x0000000087500000| Untracked 
| 118|0x0000000087600000, 0x0000000087600000, 0x0000000087700000|  0%| F|  |TAMS 0x0000000087600000, 0x0000000087600000| Untracked 
| 119|0x0000000087700000, 0x0000000087700000, 0x0000000087800000|  0%| F|  |TAMS 0x0000000087700000, 0x0000000087700000| Untracked 
| 120|0x0000000087800000, 0x0000000087800000, 0x0000000087900000|  0%| F|  |TAMS 0x0000000087800000, 0x0000000087800000| Untracked 
| 121|0x0000000087900000, 0x0000000087900000, 0x0000000087a00000|  0%| F|  |TAMS 0x0000000087900000, 0x0000000087900000| Untracked 
| 122|0x0000000087a00000, 0x0000000087a00000, 0x0000000087b00000|  0%| F|  |TAMS 0x0000000087a00000, 0x0000000087a00000| Untracked 
| 123|0x0000000087b00000, 0x0000000087b00000, 0x0000000087c00000|  0%| F|  |TAMS 0x0000000087b00000, 0x0000000087b00000| Untracked 
| 124|0x0000000087c00000, 0x0000000087c00000, 0x0000000087d00000|  0%| F|  |TAMS 0x0000000087c00000, 0x0000000087c00000| Untracked 
| 125|0x0000000087d00000, 0x0000000087d00000, 0x0000000087e00000|  0%| F|  |TAMS 0x0000000087d00000, 0x0000000087d00000| Untracked 
| 126|0x0000000087e00000, 0x0000000087e00000, 0x0000000087f00000|  0%| F|  |TAMS 0x0000000087e00000, 0x0000000087e00000| Untracked 
| 127|0x0000000087f00000, 0x0000000087f00000, 0x0000000088000000|  0%| F|  |TAMS 0x0000000087f00000, 0x0000000087f00000| Untracked 
| 128|0x0000000088000000, 0x0000000088000000, 0x0000000088100000|  0%| F|  |TAMS 0x0000000088000000, 0x0000000088000000| Untracked 
| 129|0x0000000088100000, 0x0000000088100000, 0x0000000088200000|  0%| F|  |TAMS 0x0000000088100000, 0x0000000088100000| Untracked 
| 130|0x0000000088200000, 0x0000000088200000, 0x0000000088300000|  0%| F|  |TAMS 0x0000000088200000, 0x0000000088200000| Untracked 
| 131|0x0000000088300000, 0x0000000088300000, 0x0000000088400000|  0%| F|  |TAMS 0x0000000088300000, 0x0000000088300000| Untracked 
| 132|0x0000000088400000, 0x0000000088400000, 0x0000000088500000|  0%| F|  |TAMS 0x0000000088400000, 0x0000000088400000| Untracked 
| 133|0x0000000088500000, 0x0000000088500000, 0x0000000088600000|  0%| F|  |TAMS 0x0000000088500000, 0x0000000088500000| Untracked 
| 134|0x0000000088600000, 0x0000000088600000, 0x0000000088700000|  0%| F|  |TAMS 0x0000000088600000, 0x0000000088600000| Untracked 
| 135|0x0000000088700000, 0x0000000088700000, 0x0000000088800000|  0%| F|  |TAMS 0x0000000088700000, 0x0000000088700000| Untracked 
| 136|0x0000000088800000, 0x0000000088800000, 0x0000000088900000|  0%| F|  |TAMS 0x0000000088800000, 0x0000000088800000| Untracked 
| 137|0x0000000088900000, 0x0000000088900000, 0x0000000088a00000|  0%| F|  |TAMS 0x0000000088900000, 0x0000000088900000| Untracked 
| 138|0x0000000088a00000, 0x0000000088a00000, 0x0000000088b00000|  0%| F|  |TAMS 0x0000000088a00000, 0x0000000088a00000| Untracked 
| 139|0x0000000088b00000, 0x0000000088b00000, 0x0000000088c00000|  0%| F|  |TAMS 0x0000000088b00000, 0x0000000088b00000| Untracked 
| 140|0x0000000088c00000, 0x0000000088d00000, 0x0000000088d00000|100%| S|CS|TAMS 0x0000000088c00000, 0x0000000088c00000| Complete 
| 141|0x0000000088d00000, 0x0000000088e00000, 0x0000000088e00000|100%| S|CS|TAMS 0x0000000088d00000, 0x0000000088d00000| Complete 
| 142|0x0000000088e00000, 0x0000000088f00000, 0x0000000088f00000|100%| S|CS|TAMS 0x0000000088e00000, 0x0000000088e00000| Complete 
| 143|0x0000000088f00000, 0x0000000089000000, 0x0000000089000000|100%| S|CS|TAMS 0x0000000088f00000, 0x0000000088f00000| Complete 
| 144|0x0000000089000000, 0x0000000089100000, 0x0000000089100000|100%| S|CS|TAMS 0x0000000089000000, 0x0000000089000000| Complete 
| 145|0x0000000089100000, 0x0000000089200000, 0x0000000089200000|100%| S|CS|TAMS 0x0000000089100000, 0x0000000089100000| Complete 
| 146|0x0000000089200000, 0x0000000089300000, 0x0000000089300000|100%| S|CS|TAMS 0x0000000089200000, 0x0000000089200000| Complete 
| 147|0x0000000089300000, 0x0000000089400000, 0x0000000089400000|100%| S|CS|TAMS 0x0000000089300000, 0x0000000089300000| Complete 
| 148|0x0000000089400000, 0x0000000089500000, 0x0000000089500000|100%| S|CS|TAMS 0x0000000089400000, 0x0000000089400000| Complete 
| 149|0x0000000089500000, 0x0000000089600000, 0x0000000089600000|100%| S|CS|TAMS 0x0000000089500000, 0x0000000089500000| Complete 
| 150|0x0000000089600000, 0x0000000089700000, 0x0000000089700000|100%| S|CS|TAMS 0x0000000089600000, 0x0000000089600000| Complete 
| 151|0x0000000089700000, 0x0000000089800000, 0x0000000089800000|100%| S|CS|TAMS 0x0000000089700000, 0x0000000089700000| Complete 
| 152|0x0000000089800000, 0x0000000089900000, 0x0000000089900000|100%| S|CS|TAMS 0x0000000089800000, 0x0000000089800000| Complete 
| 153|0x0000000089900000, 0x0000000089900000, 0x0000000089a00000|  0%| F|  |TAMS 0x0000000089900000, 0x0000000089900000| Untracked 
| 154|0x0000000089a00000, 0x0000000089a00000, 0x0000000089b00000|  0%| F|  |TAMS 0x0000000089a00000, 0x0000000089a00000| Untracked 
| 155|0x0000000089b00000, 0x0000000089b00000, 0x0000000089c00000|  0%| F|  |TAMS 0x0000000089b00000, 0x0000000089b00000| Untracked 
| 156|0x0000000089c00000, 0x0000000089c00000, 0x0000000089d00000|  0%| F|  |TAMS 0x0000000089c00000, 0x0000000089c00000| Untracked 
| 157|0x0000000089d00000, 0x0000000089d00000, 0x0000000089e00000|  0%| F|  |TAMS 0x0000000089d00000, 0x0000000089d00000| Untracked 
| 158|0x0000000089e00000, 0x0000000089e00000, 0x0000000089f00000|  0%| F|  |TAMS 0x0000000089e00000, 0x0000000089e00000| Untracked 
| 159|0x0000000089f00000, 0x0000000089f00000, 0x000000008a000000|  0%| F|  |TAMS 0x0000000089f00000, 0x0000000089f00000| Untracked 
| 160|0x000000008a000000, 0x000000008a000000, 0x000000008a100000|  0%| F|  |TAMS 0x000000008a000000, 0x000000008a000000| Untracked 
| 161|0x000000008a100000, 0x000000008a100000, 0x000000008a200000|  0%| F|  |TAMS 0x000000008a100000, 0x000000008a100000| Untracked 
| 162|0x000000008a200000, 0x000000008a200000, 0x000000008a300000|  0%| F|  |TAMS 0x000000008a200000, 0x000000008a200000| Untracked 
| 163|0x000000008a300000, 0x000000008a300000, 0x000000008a400000|  0%| F|  |TAMS 0x000000008a300000, 0x000000008a300000| Untracked 
| 164|0x000000008a400000, 0x000000008a400000, 0x000000008a500000|  0%| F|  |TAMS 0x000000008a400000, 0x000000008a400000| Untracked 
| 165|0x000000008a500000, 0x000000008a500000, 0x000000008a600000|  0%| F|  |TAMS 0x000000008a500000, 0x000000008a500000| Untracked 
| 166|0x000000008a600000, 0x000000008a600000, 0x000000008a700000|  0%| F|  |TAMS 0x000000008a600000, 0x000000008a600000| Untracked 
| 167|0x000000008a700000, 0x000000008a700000, 0x000000008a800000|  0%| F|  |TAMS 0x000000008a700000, 0x000000008a700000| Untracked 
| 168|0x000000008a800000, 0x000000008a800000, 0x000000008a900000|  0%| F|  |TAMS 0x000000008a800000, 0x000000008a800000| Untracked 
| 169|0x000000008a900000, 0x000000008a900000, 0x000000008aa00000|  0%| F|  |TAMS 0x000000008a900000, 0x000000008a900000| Untracked 
| 170|0x000000008aa00000, 0x000000008aa00000, 0x000000008ab00000|  0%| F|  |TAMS 0x000000008aa00000, 0x000000008aa00000| Untracked 
| 171|0x000000008ab00000, 0x000000008ab00000, 0x000000008ac00000|  0%| F|  |TAMS 0x000000008ab00000, 0x000000008ab00000| Untracked 
| 172|0x000000008ac00000, 0x000000008ac00000, 0x000000008ad00000|  0%| F|  |TAMS 0x000000008ac00000, 0x000000008ac00000| Untracked 
| 173|0x000000008ad00000, 0x000000008ad00000, 0x000000008ae00000|  0%| F|  |TAMS 0x000000008ad00000, 0x000000008ad00000| Untracked 
| 174|0x000000008ae00000, 0x000000008ae00000, 0x000000008af00000|  0%| F|  |TAMS 0x000000008ae00000, 0x000000008ae00000| Untracked 
| 175|0x000000008af00000, 0x000000008af00000, 0x000000008b000000|  0%| F|  |TAMS 0x000000008af00000, 0x000000008af00000| Untracked 
| 176|0x000000008b000000, 0x000000008b000000, 0x000000008b100000|  0%| F|  |TAMS 0x000000008b000000, 0x000000008b000000| Untracked 
| 177|0x000000008b100000, 0x000000008b100000, 0x000000008b200000|  0%| F|  |TAMS 0x000000008b100000, 0x000000008b100000| Untracked 
| 178|0x000000008b200000, 0x000000008b200000, 0x000000008b300000|  0%| F|  |TAMS 0x000000008b200000, 0x000000008b200000| Untracked 
| 179|0x000000008b300000, 0x000000008b300000, 0x000000008b400000|  0%| F|  |TAMS 0x000000008b300000, 0x000000008b300000| Untracked 
| 180|0x000000008b400000, 0x000000008b400000, 0x000000008b500000|  0%| F|  |TAMS 0x000000008b400000, 0x000000008b400000| Untracked 
| 181|0x000000008b500000, 0x000000008b500000, 0x000000008b600000|  0%| F|  |TAMS 0x000000008b500000, 0x000000008b500000| Untracked 
| 182|0x000000008b600000, 0x000000008b600000, 0x000000008b700000|  0%| F|  |TAMS 0x000000008b600000, 0x000000008b600000| Untracked 
| 183|0x000000008b700000, 0x000000008b700000, 0x000000008b800000|  0%| F|  |TAMS 0x000000008b700000, 0x000000008b700000| Untracked 
| 184|0x000000008b800000, 0x000000008b800000, 0x000000008b900000|  0%| F|  |TAMS 0x000000008b800000, 0x000000008b800000| Untracked 
| 185|0x000000008b900000, 0x000000008b900000, 0x000000008ba00000|  0%| F|  |TAMS 0x000000008b900000, 0x000000008b900000| Untracked 
| 186|0x000000008ba00000, 0x000000008ba00000, 0x000000008bb00000|  0%| F|  |TAMS 0x000000008ba00000, 0x000000008ba00000| Untracked 
| 187|0x000000008bb00000, 0x000000008bb00000, 0x000000008bc00000|  0%| F|  |TAMS 0x000000008bb00000, 0x000000008bb00000| Untracked 
| 188|0x000000008bc00000, 0x000000008bc00000, 0x000000008bd00000|  0%| F|  |TAMS 0x000000008bc00000, 0x000000008bc00000| Untracked 
| 189|0x000000008bd00000, 0x000000008bd00000, 0x000000008be00000|  0%| F|  |TAMS 0x000000008bd00000, 0x000000008bd00000| Untracked 
| 190|0x000000008be00000, 0x000000008be00000, 0x000000008bf00000|  0%| F|  |TAMS 0x000000008be00000, 0x000000008be00000| Untracked 
| 191|0x000000008bf00000, 0x000000008bf00000, 0x000000008c000000|  0%| F|  |TAMS 0x000000008bf00000, 0x000000008bf00000| Untracked 
| 192|0x000000008c000000, 0x000000008c000000, 0x000000008c100000|  0%| F|  |TAMS 0x000000008c000000, 0x000000008c000000| Untracked 
| 193|0x000000008c100000, 0x000000008c100000, 0x000000008c200000|  0%| F|  |TAMS 0x000000008c100000, 0x000000008c100000| Untracked 
| 194|0x000000008c200000, 0x000000008c200000, 0x000000008c300000|  0%| F|  |TAMS 0x000000008c200000, 0x000000008c200000| Untracked 
| 195|0x000000008c300000, 0x000000008c300000, 0x000000008c400000|  0%| F|  |TAMS 0x000000008c300000, 0x000000008c300000| Untracked 
| 196|0x000000008c400000, 0x000000008c400000, 0x000000008c500000|  0%| F|  |TAMS 0x000000008c400000, 0x000000008c400000| Untracked 
| 197|0x000000008c500000, 0x000000008c500000, 0x000000008c600000|  0%| F|  |TAMS 0x000000008c500000, 0x000000008c500000| Untracked 
| 198|0x000000008c600000, 0x000000008c600000, 0x000000008c700000|  0%| F|  |TAMS 0x000000008c600000, 0x000000008c600000| Untracked 
| 199|0x000000008c700000, 0x000000008c700000, 0x000000008c800000|  0%| F|  |TAMS 0x000000008c700000, 0x000000008c700000| Untracked 
| 200|0x000000008c800000, 0x000000008c800000, 0x000000008c900000|  0%| F|  |TAMS 0x000000008c800000, 0x000000008c800000| Untracked 
| 201|0x000000008c900000, 0x000000008c900000, 0x000000008ca00000|  0%| F|  |TAMS 0x000000008c900000, 0x000000008c900000| Untracked 
| 202|0x000000008ca00000, 0x000000008ca00000, 0x000000008cb00000|  0%| F|  |TAMS 0x000000008ca00000, 0x000000008ca00000| Untracked 
| 203|0x000000008cb00000, 0x000000008cb00000, 0x000000008cc00000|  0%| F|  |TAMS 0x000000008cb00000, 0x000000008cb00000| Untracked 
| 204|0x000000008cc00000, 0x000000008cc00000, 0x000000008cd00000|  0%| F|  |TAMS 0x000000008cc00000, 0x000000008cc00000| Untracked 
| 205|0x000000008cd00000, 0x000000008cd00000, 0x000000008ce00000|  0%| F|  |TAMS 0x000000008cd00000, 0x000000008cd00000| Untracked 
| 206|0x000000008ce00000, 0x000000008ce00000, 0x000000008cf00000|  0%| F|  |TAMS 0x000000008ce00000, 0x000000008ce00000| Untracked 
| 207|0x000000008cf00000, 0x000000008cf00000, 0x000000008d000000|  0%| F|  |TAMS 0x000000008cf00000, 0x000000008cf00000| Untracked 
| 208|0x000000008d000000, 0x000000008d000000, 0x000000008d100000|  0%| F|  |TAMS 0x000000008d000000, 0x000000008d000000| Untracked 
| 209|0x000000008d100000, 0x000000008d100000, 0x000000008d200000|  0%| F|  |TAMS 0x000000008d100000, 0x000000008d100000| Untracked 
| 210|0x000000008d200000, 0x000000008d200000, 0x000000008d300000|  0%| F|  |TAMS 0x000000008d200000, 0x000000008d200000| Untracked 
| 211|0x000000008d300000, 0x000000008d300000, 0x000000008d400000|  0%| F|  |TAMS 0x000000008d300000, 0x000000008d300000| Untracked 
| 212|0x000000008d400000, 0x000000008d400000, 0x000000008d500000|  0%| F|  |TAMS 0x000000008d400000, 0x000000008d400000| Untracked 
| 213|0x000000008d500000, 0x000000008d500000, 0x000000008d600000|  0%| F|  |TAMS 0x000000008d500000, 0x000000008d500000| Untracked 
| 214|0x000000008d600000, 0x000000008d600000, 0x000000008d700000|  0%| F|  |TAMS 0x000000008d600000, 0x000000008d600000| Untracked 
| 215|0x000000008d700000, 0x000000008d700000, 0x000000008d800000|  0%| F|  |TAMS 0x000000008d700000, 0x000000008d700000| Untracked 
| 216|0x000000008d800000, 0x000000008d800000, 0x000000008d900000|  0%| F|  |TAMS 0x000000008d800000, 0x000000008d800000| Untracked 
| 217|0x000000008d900000, 0x000000008d900000, 0x000000008da00000|  0%| F|  |TAMS 0x000000008d900000, 0x000000008d900000| Untracked 
| 218|0x000000008da00000, 0x000000008da00000, 0x000000008db00000|  0%| F|  |TAMS 0x000000008da00000, 0x000000008da00000| Untracked 
| 219|0x000000008db00000, 0x000000008db00000, 0x000000008dc00000|  0%| F|  |TAMS 0x000000008db00000, 0x000000008db00000| Untracked 
| 220|0x000000008dc00000, 0x000000008dc00000, 0x000000008dd00000|  0%| F|  |TAMS 0x000000008dc00000, 0x000000008dc00000| Untracked 
| 221|0x000000008dd00000, 0x000000008dd00000, 0x000000008de00000|  0%| F|  |TAMS 0x000000008dd00000, 0x000000008dd00000| Untracked 
| 222|0x000000008de00000, 0x000000008de00000, 0x000000008df00000|  0%| F|  |TAMS 0x000000008de00000, 0x000000008de00000| Untracked 
| 223|0x000000008df00000, 0x000000008df00000, 0x000000008e000000|  0%| F|  |TAMS 0x000000008df00000, 0x000000008df00000| Untracked 
| 224|0x000000008e000000, 0x000000008e000000, 0x000000008e100000|  0%| F|  |TAMS 0x000000008e000000, 0x000000008e000000| Untracked 
| 225|0x000000008e100000, 0x000000008e100000, 0x000000008e200000|  0%| F|  |TAMS 0x000000008e100000, 0x000000008e100000| Untracked 
| 226|0x000000008e200000, 0x000000008e200000, 0x000000008e300000|  0%| F|  |TAMS 0x000000008e200000, 0x000000008e200000| Untracked 
| 227|0x000000008e300000, 0x000000008e300000, 0x000000008e400000|  0%| F|  |TAMS 0x000000008e300000, 0x000000008e300000| Untracked 
| 228|0x000000008e400000, 0x000000008e400000, 0x000000008e500000|  0%| F|  |TAMS 0x000000008e400000, 0x000000008e400000| Untracked 
| 229|0x000000008e500000, 0x000000008e500000, 0x000000008e600000|  0%| F|  |TAMS 0x000000008e500000, 0x000000008e500000| Untracked 
| 230|0x000000008e600000, 0x000000008e600000, 0x000000008e700000|  0%| F|  |TAMS 0x000000008e600000, 0x000000008e600000| Untracked 
| 231|0x000000008e700000, 0x000000008e700000, 0x000000008e800000|  0%| F|  |TAMS 0x000000008e700000, 0x000000008e700000| Untracked 
| 232|0x000000008e800000, 0x000000008e800000, 0x000000008e900000|  0%| F|  |TAMS 0x000000008e800000, 0x000000008e800000| Untracked 
| 233|0x000000008e900000, 0x000000008e900000, 0x000000008ea00000|  0%| F|  |TAMS 0x000000008e900000, 0x000000008e900000| Untracked 
| 234|0x000000008ea00000, 0x000000008eb00000, 0x000000008eb00000|100%| E|  |TAMS 0x000000008ea00000, 0x000000008ea00000| Complete 
| 235|0x000000008eb00000, 0x000000008ec00000, 0x000000008ec00000|100%| E|CS|TAMS 0x000000008eb00000, 0x000000008eb00000| Complete 
| 236|0x000000008ec00000, 0x000000008ed00000, 0x000000008ed00000|100%| E|CS|TAMS 0x000000008ec00000, 0x000000008ec00000| Complete 
| 237|0x000000008ed00000, 0x000000008ee00000, 0x000000008ee00000|100%| E|CS|TAMS 0x000000008ed00000, 0x000000008ed00000| Complete 
| 238|0x000000008ee00000, 0x000000008ef00000, 0x000000008ef00000|100%| E|CS|TAMS 0x000000008ee00000, 0x000000008ee00000| Complete 
| 239|0x000000008ef00000, 0x000000008f000000, 0x000000008f000000|100%| E|CS|TAMS 0x000000008ef00000, 0x000000008ef00000| Complete 
| 240|0x000000008f000000, 0x000000008f100000, 0x000000008f100000|100%| E|CS|TAMS 0x000000008f000000, 0x000000008f000000| Complete 
| 241|0x000000008f100000, 0x000000008f200000, 0x000000008f200000|100%| E|CS|TAMS 0x000000008f100000, 0x000000008f100000| Complete 
| 242|0x000000008f200000, 0x000000008f300000, 0x000000008f300000|100%| E|CS|TAMS 0x000000008f200000, 0x000000008f200000| Complete 
| 243|0x000000008f300000, 0x000000008f400000, 0x000000008f400000|100%| E|CS|TAMS 0x000000008f300000, 0x000000008f300000| Complete 
| 244|0x000000008f400000, 0x000000008f500000, 0x000000008f500000|100%| E|CS|TAMS 0x000000008f400000, 0x000000008f400000| Complete 
| 245|0x000000008f500000, 0x000000008f600000, 0x000000008f600000|100%| E|CS|TAMS 0x000000008f500000, 0x000000008f500000| Complete 
| 246|0x000000008f600000, 0x000000008f700000, 0x000000008f700000|100%| E|CS|TAMS 0x000000008f600000, 0x000000008f600000| Complete 
| 247|0x000000008f700000, 0x000000008f800000, 0x000000008f800000|100%| E|CS|TAMS 0x000000008f700000, 0x000000008f700000| Complete 
| 248|0x000000008f800000, 0x000000008f900000, 0x000000008f900000|100%| E|CS|TAMS 0x000000008f800000, 0x000000008f800000| Complete 
| 249|0x000000008f900000, 0x000000008fa00000, 0x000000008fa00000|100%| E|CS|TAMS 0x000000008f900000, 0x000000008f900000| Complete 
| 250|0x000000008fa00000, 0x000000008fb00000, 0x000000008fb00000|100%| E|CS|TAMS 0x000000008fa00000, 0x000000008fa00000| Complete 
| 251|0x000000008fb00000, 0x000000008fc00000, 0x000000008fc00000|100%| E|CS|TAMS 0x000000008fb00000, 0x000000008fb00000| Complete 
| 252|0x000000008fc00000, 0x000000008fd00000, 0x000000008fd00000|100%| E|CS|TAMS 0x000000008fc00000, 0x000000008fc00000| Complete 
| 253|0x000000008fd00000, 0x000000008fe00000, 0x000000008fe00000|100%| E|CS|TAMS 0x000000008fd00000, 0x000000008fd00000| Complete 
| 254|0x000000008fe00000, 0x000000008ff00000, 0x000000008ff00000|100%| E|CS|TAMS 0x000000008fe00000, 0x000000008fe00000| Complete 
| 255|0x000000008ff00000, 0x0000000090000000, 0x0000000090000000|100%| E|CS|TAMS 0x000000008ff00000, 0x000000008ff00000| Complete 

Card table byte_map: [0x0000024e34840000,0x0000024e34c40000] _byte_map_base: 0x0000024e34440000

Marking Bits (Prev, Next): (CMBitMap*) 0x0000024e1f731078, (CMBitMap*) 0x0000024e1f7310b0
 Prev Bits: [0x0000024e35040000, 0x0000024e37040000)
 Next Bits: [0x0000024e37040000, 0x0000024e39040000)

Polling page: 0x0000024e1f7d0000

Metaspace:

Usage:
  Non-class:     63.46 MB capacity,    62.45 MB ( 98%) used,   858.38 KB (  1%) free+waste,   180.88 KB ( <1%) overhead. 
      Class:      9.87 MB capacity,     9.26 MB ( 94%) used,   532.60 KB (  5%) free+waste,    84.50 KB ( <1%) overhead. 
       Both:     73.33 MB capacity,    71.71 MB ( 98%) used,     1.36 MB (  2%) free+waste,   265.38 KB ( <1%) overhead. 

Virtual space:
  Non-class space:       64.00 MB reserved,      63.50 MB (>99%) committed 
      Class space:        1.00 GB reserved,       9.95 MB ( <1%) committed 
             Both:        1.06 GB reserved,      73.45 MB (  7%) committed 

Chunk freelists:
   Non-Class:  39.00 KB
       Class:  10.00 KB
        Both:  49.00 KB

MaxMetaspaceSize: 17179869184.00 GB
CompressedClassSpaceSize: 1.00 GB

CodeHeap 'non-profiled nmethods': size=120000Kb used=4652Kb max_used=4652Kb free=115347Kb
 bounds [0x0000024e2c4b0000, 0x0000024e2c940000, 0x0000024e339e0000]
CodeHeap 'profiled nmethods': size=120000Kb used=15500Kb max_used=15500Kb free=104499Kb
 bounds [0x0000024e24f80000, 0x0000024e25eb0000, 0x0000024e2c4b0000]
CodeHeap 'non-nmethods': size=5760Kb used=2265Kb max_used=2343Kb free=3494Kb
 bounds [0x0000024e249e0000, 0x0000024e24c50000, 0x0000024e24f80000]
 total_blobs=8102 nmethods=7242 adapters=771
 compilation: enabled
              stopped_count=0, restarted_count=0
 full_count=0

Compilation events (20 events):
Event: 9.152 Thread 0x0000024e3c402000 nmethod 7206 0x0000024e25e79110 code [0x0000024e25e79340, 0x0000024e25e799f8]
Event: 9.152 Thread 0x0000024e3c402000 7208       3       org.gradle.internal.dispatch.ReflectionDispatch::dispatch (9 bytes)
Event: 9.152 Thread 0x0000024e3c402000 nmethod 7208 0x0000024e25e79d10 code [0x0000024e25e79ee0, 0x0000024e25e7a108]
Event: 9.152 Thread 0x0000024e3c402000 7209   !   3       org.gradle.internal.dispatch.ReflectionDispatch::dispatch (42 bytes)
Event: 9.153 Thread 0x0000024e3c402000 nmethod 7209 0x0000024e25e7a210 code [0x0000024e25e7a4c0, 0x0000024e25e7aff8]
Event: 9.153 Thread 0x0000024e3c402000 7207       3       java.io.ObjectStreamClass::processQueue (21 bytes)
Event: 9.153 Thread 0x0000024e3c402000 nmethod 7207 0x0000024e25e7b610 code [0x0000024e25e7b800, 0x0000024e25e7bd58]
Event: 9.174 Thread 0x0000024e3c402000 7210       3       com.esotericsoftware.kryo.io.Input::readString (127 bytes)
Event: 9.175 Thread 0x0000024e3c402000 nmethod 7210 0x0000024e25e7bf10 code [0x0000024e25e7c160, 0x0000024e25e7c828]
Event: 9.175 Thread 0x0000024e3c402000 7215       3       com.esotericsoftware.kryo.io.Input::require (220 bytes)
Event: 9.175 Thread 0x0000024e3c402000 nmethod 7215 0x0000024e25e7cb10 code [0x0000024e25e7ce00, 0x0000024e25e7dbb8]
Event: 9.175 Thread 0x0000024e3c402000 7211       3       com.esotericsoftware.kryo.io.Input::readInt (70 bytes)
Event: 9.176 Thread 0x0000024e3c402000 nmethod 7211 0x0000024e25e7e110 code [0x0000024e25e7e2e0, 0x0000024e25e7e4e8]
Event: 9.176 Thread 0x0000024e3c402000 7212   !   3       org.gradle.internal.serialize.kryo.StringDeduplicatingKryoBackedDecoder::readNullableString (110 bytes)
Event: 9.177 Thread 0x0000024e3c402000 nmethod 7212 0x0000024e25e7e610 code [0x0000024e25e7e900, 0x0000024e25e7f908]
Event: 9.177 Thread 0x0000024e3c402000 7214   !   3       org.gradle.internal.serialize.kryo.StringDeduplicatingKryoBackedDecoder::readInt (15 bytes)
Event: 9.177 Thread 0x0000024e3c402000 nmethod 7214 0x0000024e25e80090 code [0x0000024e25e802a0, 0x0000024e25e80808]
Event: 9.177 Thread 0x0000024e3c402000 7216       3       org.gradle.internal.serialize.kryo.StringDeduplicatingKryoBackedDecoder::readString (5 bytes)
Event: 9.177 Thread 0x0000024e3c402000 nmethod 7216 0x0000024e25e80a10 code [0x0000024e25e80bc0, 0x0000024e25e80ce8]
Event: 9.179 Thread 0x0000024e3c402000 7217   !   3       org.gradle.internal.serialize.kryo.StringDeduplicatingKryoBackedDecoder::readByte (15 bytes)

GC Heap History (18 events):
Event: 0.721 GC heap before
{Heap before GC invocations=0 (full 0):
 garbage-first heap   total 262144K, used 29696K [0x0000000080000000, 0x0000000100000000)
  region size 1024K, 24 young (24576K), 0 survivors (0K)
 Metaspace       used 9807K, capacity 9986K, committed 10112K, reserved 1058816K
  class space    used 1022K, capacity 1102K, committed 1152K, reserved 1048576K
}
Event: 0.725 GC heap after
{Heap after GC invocations=1 (full 0):
 garbage-first heap   total 262144K, used 9649K [0x0000000080000000, 0x0000000100000000)
  region size 1024K, 3 young (3072K), 3 survivors (3072K)
 Metaspace       used 9807K, capacity 9986K, committed 10112K, reserved 1058816K
  class space    used 1022K, capacity 1102K, committed 1152K, reserved 1048576K
}
Event: 2.390 GC heap before
{Heap before GC invocations=1 (full 0):
 garbage-first heap   total 262144K, used 106929K [0x0000000080000000, 0x0000000100000000)
  region size 1024K, 98 young (100352K), 3 survivors (3072K)
 Metaspace       used 20596K, capacity 21118K, committed 21248K, reserved 1067008K
  class space    used 2517K, capacity 2720K, committed 2816K, reserved 1048576K
}
Event: 2.398 GC heap after
{Heap after GC invocations=2 (full 0):
 garbage-first heap   total 262144K, used 17273K [0x0000000080000000, 0x0000000100000000)
  region size 1024K, 11 young (11264K), 11 survivors (11264K)
 Metaspace       used 20596K, capacity 21118K, committed 21248K, reserved 1067008K
  class space    used 2517K, capacity 2720K, committed 2816K, reserved 1048576K
}
Event: 2.574 GC heap before
{Heap before GC invocations=3 (full 0):
 garbage-first heap   total 262144K, used 38777K [0x0000000080000000, 0x0000000100000000)
  region size 1024K, 32 young (32768K), 11 survivors (11264K)
 Metaspace       used 22293K, capacity 22832K, committed 23040K, reserved 1069056K
  class space    used 2839K, capacity 3040K, committed 3072K, reserved 1048576K
}
Event: 2.579 GC heap after
{Heap after GC invocations=4 (full 0):
 garbage-first heap   total 262144K, used 17779K [0x0000000080000000, 0x0000000100000000)
  region size 1024K, 1 young (1024K), 1 survivors (1024K)
 Metaspace       used 22293K, capacity 22832K, committed 23040K, reserved 1069056K
  class space    used 2839K, capacity 3040K, committed 3072K, reserved 1048576K
}
Event: 3.664 GC heap before
{Heap before GC invocations=4 (full 0):
 garbage-first heap   total 262144K, used 105843K [0x0000000080000000, 0x0000000100000000)
  region size 1024K, 89 young (91136K), 1 survivors (1024K)
 Metaspace       used 35025K, capacity 35830K, committed 35840K, reserved 1081344K
  class space    used 4540K, capacity 4864K, committed 4864K, reserved 1048576K
}
Event: 3.672 GC heap after
{Heap after GC invocations=5 (full 0):
 garbage-first heap   total 262144K, used 22347K [0x0000000080000000, 0x0000000100000000)
  region size 1024K, 6 young (6144K), 6 survivors (6144K)
 Metaspace       used 35025K, capacity 35830K, committed 35840K, reserved 1081344K
  class space    used 4540K, capacity 4864K, committed 4864K, reserved 1048576K
}
Event: 4.936 GC heap before
{Heap before GC invocations=6 (full 0):
 garbage-first heap   total 262144K, used 142155K [0x0000000080000000, 0x0000000100000000)
  region size 1024K, 120 young (122880K), 6 survivors (6144K)
 Metaspace       used 44456K, capacity 45565K, committed 45900K, reserved 1089536K
  class space    used 5708K, capacity 6115K, committed 6220K, reserved 1048576K
}
Event: 4.946 GC heap after
{Heap after GC invocations=7 (full 0):
 garbage-first heap   total 262144K, used 29047K [0x0000000080000000, 0x0000000100000000)
  region size 1024K, 12 young (12288K), 12 survivors (12288K)
 Metaspace       used 44456K, capacity 45565K, committed 45900K, reserved 1089536K
  class space    used 5708K, capacity 6115K, committed 6220K, reserved 1048576K
}
Event: 6.856 GC heap before
{Heap before GC invocations=7 (full 0):
 garbage-first heap   total 262144K, used 175479K [0x0000000080000000, 0x0000000100000000)
  region size 1024K, 148 young (151552K), 12 survivors (12288K)
 Metaspace       used 57740K, capacity 59285K, committed 59468K, reserved 1101824K
  class space    used 7335K, capacity 7894K, committed 8012K, reserved 1048576K
}
Event: 6.872 GC heap after
{Heap after GC invocations=8 (full 0):
 garbage-first heap   total 262144K, used 50670K [0x0000000080000000, 0x0000000100000000)
  region size 1024K, 19 young (19456K), 19 survivors (19456K)
 Metaspace       used 57740K, capacity 59285K, committed 59468K, reserved 1101824K
  class space    used 7335K, capacity 7894K, committed 8012K, reserved 1048576K
}
Event: 6.965 GC heap before
{Heap before GC invocations=8 (full 0):
 garbage-first heap   total 262144K, used 57838K [0x0000000080000000, 0x0000000100000000)
  region size 1024K, 27 young (27648K), 19 survivors (19456K)
 Metaspace       used 58594K, capacity 60101K, committed 60236K, reserved 1101824K
  class space    used 7435K, capacity 7974K, committed 8012K, reserved 1048576K
}
Event: 6.990 GC heap after
{Heap after GC invocations=9 (full 0):
 garbage-first heap   total 262144K, used 54023K [0x0000000080000000, 0x0000000100000000)
  region size 1024K, 3 young (3072K), 3 survivors (3072K)
 Metaspace       used 58594K, capacity 60101K, committed 60236K, reserved 1101824K
  class space    used 7435K, capacity 7974K, committed 8012K, reserved 1048576K
}
Event: 8.037 GC heap before
{Heap before GC invocations=10 (full 0):
 garbage-first heap   total 262144K, used 145159K [0x0000000080000000, 0x0000000100000000)
  region size 1024K, 92 young (94208K), 3 survivors (3072K)
 Metaspace       used 66065K, capacity 67676K, committed 67916K, reserved 1107968K
  class space    used 8376K, capacity 8963K, committed 9036K, reserved 1048576K
}
Event: 8.044 GC heap after
{Heap after GC invocations=11 (full 0):
 garbage-first heap   total 262144K, used 58119K [0x0000000080000000, 0x0000000100000000)
  region size 1024K, 7 young (7168K), 7 survivors (7168K)
 Metaspace       used 66065K, capacity 67676K, committed 67916K, reserved 1107968K
  class space    used 8376K, capacity 8963K, committed 9036K, reserved 1048576K
}
Event: 9.031 GC heap before
{Heap before GC invocations=12 (full 0):
 garbage-first heap   total 262144K, used 156423K [0x0000000080000000, 0x0000000100000000)
  region size 1024K, 103 young (105472K), 7 survivors (7168K)
 Metaspace       used 72458K, capacity 74172K, committed 74316K, reserved 1114112K
  class space    used 9347K, capacity 9948K, committed 10060K, reserved 1048576K
}
Event: 9.040 GC heap after
{Heap after GC invocations=13 (full 0):
 garbage-first heap   total 262144K, used 65306K [0x0000000080000000, 0x0000000100000000)
  region size 1024K, 13 young (13312K), 13 survivors (13312K)
 Metaspace       used 72458K, capacity 74172K, committed 74316K, reserved 1114112K
  class space    used 9347K, capacity 9948K, committed 10060K, reserved 1048576K
}

Deoptimization events (20 events):
Event: 9.071 Thread 0x0000024e3e611800 Uncommon trap: trap_request=0xffffffbe fr.pc=0x0000024e2c900a40 relative=0x0000000000000a20
Event: 9.071 Thread 0x0000024e3e611800 Uncommon trap: reason=profile_predicate action=maybe_recompile pc=0x0000024e2c900a40 method=com.google.common.collect.ImmutableSet.construct(I[Ljava/lang/Object;)Lcom/google/common/collect/ImmutableSet; @ 68 c2
Event: 9.071 Thread 0x0000024e3e611800 DEOPT PACKING pc=0x0000024e2c900a40 sp=0x0000008d9bff93e0
Event: 9.071 Thread 0x0000024e3e611800 DEOPT UNPACKING pc=0x0000024e24a078af sp=0x0000008d9bff9380 mode 2
Event: 9.077 Thread 0x0000024e3e611800 Uncommon trap: trap_request=0xffffffbe fr.pc=0x0000024e2c900a40 relative=0x0000000000000a20
Event: 9.077 Thread 0x0000024e3e611800 Uncommon trap: reason=profile_predicate action=maybe_recompile pc=0x0000024e2c900a40 method=com.google.common.collect.ImmutableSet.construct(I[Ljava/lang/Object;)Lcom/google/common/collect/ImmutableSet; @ 68 c2
Event: 9.077 Thread 0x0000024e3e611800 DEOPT PACKING pc=0x0000024e2c900a40 sp=0x0000008d9bff93e0
Event: 9.077 Thread 0x0000024e3e611800 DEOPT UNPACKING pc=0x0000024e24a078af sp=0x0000008d9bff9380 mode 2
Event: 9.118 Thread 0x0000024e3e611800 Uncommon trap: trap_request=0xffffff4d fr.pc=0x0000024e2c8af044 relative=0x0000000000000444
Event: 9.118 Thread 0x0000024e3e611800 Uncommon trap: reason=unstable_if action=reinterpret pc=0x0000024e2c8af044 method=org.codehaus.groovy.runtime.metaclass.MetaMethodIndex.copyNonPrivateNonNewMetaMethods(Lorg/codehaus/groovy/runtime/metaclass/MetaMethodIndex$Entry;Lorg/codehaus/groovy/runti
Event: 9.118 Thread 0x0000024e3e611800 DEOPT PACKING pc=0x0000024e2c8af044 sp=0x0000008d9bff6ba0
Event: 9.118 Thread 0x0000024e3e611800 DEOPT UNPACKING pc=0x0000024e24a078af sp=0x0000008d9bff6b58 mode 2
Event: 9.174 Thread 0x0000024e3e611800 Uncommon trap: trap_request=0xffffff4d fr.pc=0x0000024e2c6ff0f8 relative=0x0000000000000bd8
Event: 9.174 Thread 0x0000024e3e611800 Uncommon trap: reason=unstable_if action=reinterpret pc=0x0000024e2c6ff0f8 method=com.esotericsoftware.kryo.io.Input.readString()Ljava/lang/String; @ 28 c2
Event: 9.174 Thread 0x0000024e3e611800 DEOPT PACKING pc=0x0000024e2c6ff0f8 sp=0x0000008d9bff91b0
Event: 9.174 Thread 0x0000024e3e611800 DEOPT UNPACKING pc=0x0000024e24a078af sp=0x0000008d9bff9188 mode 2
Event: 9.174 Thread 0x0000024e3e611800 Uncommon trap: trap_request=0xffffff4d fr.pc=0x0000024e2c6e6f74 relative=0x00000000000001b4
Event: 9.174 Thread 0x0000024e3e611800 Uncommon trap: reason=unstable_if action=reinterpret pc=0x0000024e2c6e6f74 method=com.esotericsoftware.kryo.io.Input.require(I)I @ 65 c2
Event: 9.174 Thread 0x0000024e3e611800 DEOPT PACKING pc=0x0000024e2c6e6f74 sp=0x0000008d9bff90b0
Event: 9.174 Thread 0x0000024e3e611800 DEOPT UNPACKING pc=0x0000024e24a078af sp=0x0000008d9bff9070 mode 2

Classes redefined (0 events):
No events

Internal exceptions (20 events):
Event: 9.103 Thread 0x0000024e3e611800 Exception <a 'java/lang/ClassNotFoundException'{0x000000008fb0e230}: com/google/android/gms/dependencies/DependencyInspectorBeanInfo> (0x000000008fb0e230) thrown at [./src/hotspot/share/classfile/systemDictionary.cpp, line 231]
Event: 9.103 Thread 0x0000024e3e611800 Exception <a 'java/lang/ClassNotFoundException'{0x000000008fb288b8}: com/google/android/gms/dependencies/DependencyInspectorCustomizer> (0x000000008fb288b8) thrown at [./src/hotspot/share/classfile/systemDictionary.cpp, line 231]
Event: 9.109 Thread 0x0000024e3e611800 Exception <a 'java/lang/ClassNotFoundException'{0x000000008f9c0a38}: org/gradle/api/internal/artifacts/configurations/DefaultConfigurationContainer_DecoratedBeanInfo> (0x000000008f9c0a38) thrown at [./src/hotspot/share/classfile/systemDictionary.cpp, line 231]
Event: 9.110 Thread 0x0000024e3e611800 Exception <a 'java/lang/ClassNotFoundException'{0x000000008f9eb0b8}: org/gradle/api/internal/artifacts/configurations/DefaultConfigurationContainerBeanInfo> (0x000000008f9eb0b8) thrown at [./src/hotspot/share/classfile/systemDictionary.cpp, line 231]
Event: 9.110 Thread 0x0000024e3e611800 Exception <a 'java/lang/ClassNotFoundException'{0x000000008f805ce8}: org/gradle/api/internal/AbstractValidatingNamedDomainObjectContainerBeanInfo> (0x000000008f805ce8) thrown at [./src/hotspot/share/classfile/systemDictionary.cpp, line 231]
Event: 9.110 Thread 0x0000024e3e611800 Exception <a 'java/lang/ClassNotFoundException'{0x000000008f8205a8}: org/gradle/api/internal/AbstractValidatingNamedDomainObjectContainerCustomizer> (0x000000008f8205a8) thrown at [./src/hotspot/share/classfile/systemDictionary.cpp, line 231]
Event: 9.111 Thread 0x0000024e3e611800 Exception <a 'java/lang/ClassNotFoundException'{0x000000008f855a58}: org/gradle/api/internal/artifacts/configurations/DefaultConfigurationContainerCustomizer> (0x000000008f855a58) thrown at [./src/hotspot/share/classfile/systemDictionary.cpp, line 231]
Event: 9.112 Thread 0x0000024e3e611800 Exception <a 'java/lang/ClassNotFoundException'{0x000000008f8964e8}: org/gradle/api/internal/artifacts/configurations/DefaultConfigurationContainer_DecoratedCustomizer> (0x000000008f8964e8) thrown at [./src/hotspot/share/classfile/systemDictionary.cpp, line 231]
Event: 9.119 Thread 0x0000024e3e611800 Exception <a 'java/lang/ClassNotFoundException'{0x000000008f515e00}: org/gradle/api/internal/artifacts/configurations/DefaultConfiguration_DecoratedBeanInfo> (0x000000008f515e00) thrown at [./src/hotspot/share/classfile/systemDictionary.cpp, line 231]
Event: 9.119 Thread 0x0000024e3e611800 Exception <a 'java/lang/ClassNotFoundException'{0x000000008f53f740}: org/gradle/api/internal/artifacts/configurations/DefaultConfigurationBeanInfo> (0x000000008f53f740) thrown at [./src/hotspot/share/classfile/systemDictionary.cpp, line 231]
Event: 9.120 Thread 0x0000024e3e611800 Exception <a 'java/lang/ClassNotFoundException'{0x000000008f558d20}: org/gradle/api/internal/file/AbstractFileCollectionBeanInfo> (0x000000008f558d20) thrown at [./src/hotspot/share/classfile/systemDictionary.cpp, line 231]
Event: 9.120 Thread 0x0000024e3e611800 Exception <a 'java/lang/ClassNotFoundException'{0x000000008f572350}: org/gradle/api/internal/file/AbstractFileCollectionCustomizer> (0x000000008f572350) thrown at [./src/hotspot/share/classfile/systemDictionary.cpp, line 231]
Event: 9.121 Thread 0x0000024e3e611800 Exception <a 'java/lang/ClassNotFoundException'{0x000000008f5adf38}: org/gradle/api/internal/artifacts/configurations/DefaultConfigurationCustomizer> (0x000000008f5adf38) thrown at [./src/hotspot/share/classfile/systemDictionary.cpp, line 231]
Event: 9.122 Thread 0x0000024e3e611800 Exception <a 'java/lang/ClassNotFoundException'{0x000000008f429370}: org/gradle/api/internal/artifacts/configurations/DefaultConfiguration_DecoratedCustomizer> (0x000000008f429370) thrown at [./src/hotspot/share/classfile/systemDictionary.cpp, line 231]
Event: 9.129 Thread 0x0000024e3e611800 Exception <a 'java/lang/ClassNotFoundException'{0x000000008f2afac8}: org/codehaus/groovy/runtime/MethodClosureBeanInfo> (0x000000008f2afac8) thrown at [./src/hotspot/share/classfile/systemDictionary.cpp, line 231]
Event: 9.131 Thread 0x0000024e3e611800 Exception <a 'java/lang/ClassNotFoundException'{0x000000008f0883e8}: org/codehaus/groovy/runtime/MethodClosureCustomizer> (0x000000008f0883e8) thrown at [./src/hotspot/share/classfile/systemDictionary.cpp, line 231]
Event: 9.134 Thread 0x0000024e3e611800 Exception <a 'java/lang/ClassNotFoundException'{0x000000008f0f0eb8}: org/gradle/api/internal/artifacts/configurations/DefaultConfiguration$ConfigurationResolvableDependencies_DecoratedBeanInfo> (0x000000008f0f0eb8) thrown at [./src/hotspot/share/classfile/systemDictionary.cpp, line 231]
Event: 9.135 Thread 0x0000024e3e611800 Exception <a 'java/lang/ClassNotFoundException'{0x000000008ef23058}: org/gradle/api/internal/artifacts/configurations/DefaultConfiguration$ConfigurationResolvableDependenciesBeanInfo> (0x000000008ef23058) thrown at [./src/hotspot/share/classfile/systemDictionary.cpp, line 231]
Event: 9.135 Thread 0x0000024e3e611800 Exception <a 'java/lang/ClassNotFoundException'{0x000000008ef565d0}: org/gradle/api/internal/artifacts/configurations/DefaultConfiguration$ConfigurationResolvableDependenciesCustomizer> (0x000000008ef565d0) thrown at [./src/hotspot/share/classfile/systemDictionary.cpp, line 231]
Event: 9.136 Thread 0x0000024e3e611800 Exception <a 'java/lang/ClassNotFoundException'{0x000000008ef9b328}: org/gradle/api/internal/artifacts/configurations/DefaultConfiguration$ConfigurationResolvableDependencies_DecoratedCustomizer> (0x000000008ef9b328) thrown at [./src/hotspot/share/classfile/systemDictionary.cpp, line 231]

Events (20 events):
Event: 9.173 loading class org/gradle/api/internal/artifacts/ivyservice/resolveengine/result/CachingDependencyResultFactory
Event: 9.173 loading class org/gradle/api/internal/artifacts/ivyservice/resolveengine/result/CachingDependencyResultFactory done
Event: 9.175 loading class org/gradle/api/internal/artifacts/ivyservice/resolveengine/result/CachingComponentSelectionDescriptorFactory$Key
Event: 9.175 loading class org/gradle/api/internal/artifacts/ivyservice/resolveengine/result/CachingComponentSelectionDescriptorFactory$Key done
Event: 9.176 loading class org/gradle/api/artifacts/result/ComponentSelectionCause
Event: 9.176 loading class org/gradle/api/artifacts/result/ComponentSelectionCause done
Event: 9.176 loading class org/gradle/api/artifacts/result/ComponentSelectionDescriptor
Event: 9.176 loading class org/gradle/api/artifacts/result/ComponentSelectionDescriptor done
Event: 9.176 loading class org/gradle/api/artifacts/result/ComponentSelectionCause
Event: 9.176 loading class org/gradle/api/artifacts/result/ComponentSelectionCause done
Event: 9.176 loading class org/gradle/api/internal/artifacts/ivyservice/resolveengine/result/DetachedComponentResult
Event: 9.176 loading class org/gradle/api/internal/artifacts/ivyservice/resolveengine/result/DetachedComponentResult done
Event: 9.177 loading class org/gradle/api/internal/artifacts/result/DefaultResolvedComponentResult
Event: 9.177 loading class org/gradle/api/internal/artifacts/result/DefaultResolvedComponentResult done
Event: 9.178 loading class org/gradle/api/internal/artifacts/result/ResolvedComponentResultInternal
Event: 9.178 loading class org/gradle/api/internal/artifacts/result/ResolvedComponentResultInternal done
Event: 9.179 loading class org/gradle/api/artifacts/result/ComponentSelectionCause
Event: 9.179 loading class org/gradle/api/artifacts/result/ComponentSelectionCause done
Event: 9.179 loading class org/gradle/api/artifacts/result/ComponentSelectionCause
Event: 9.179 loading class org/gradle/api/artifacts/result/ComponentSelectionCause done


Dynamic libraries:
0x00007ff6464b0000 - 0x00007ff6464ba000 	D:\Program\Android Studio\jre\bin\java.exe
0x00007fff44230000 - 0x00007fff44425000 	C:\Windows\SYSTEM32\ntdll.dll
0x00007fff43880000 - 0x00007fff4393e000 	C:\Windows\System32\KERNEL32.DLL
0x00007fff41e60000 - 0x00007fff42128000 	C:\Windows\System32\KERNELBASE.dll
0x00007fff41950000 - 0x00007fff41a50000 	C:\Windows\System32\ucrtbase.dll
0x00007fff3a6a0000 - 0x00007fff3a6b9000 	D:\Program\Android Studio\jre\bin\jli.dll
0x00007fff3a660000 - 0x00007fff3a677000 	D:\Program\Android Studio\jre\bin\VCRUNTIME140.dll
0x00007fff424f0000 - 0x00007fff42690000 	C:\Windows\System32\USER32.dll
0x00007fff2d580000 - 0x00007fff2d81a000 	C:\Windows\WinSxS\amd64_microsoft.windows.common-controls_6595b64144ccf1df_6.0.19041.1110_none_60b5254171f9507e\COMCTL32.dll
0x00007fff41cc0000 - 0x00007fff41ce2000 	C:\Windows\System32\win32u.dll
0x00007fff430a0000 - 0x00007fff4313e000 	C:\Windows\System32\msvcrt.dll
0x00007fff42ed0000 - 0x00007fff42efa000 	C:\Windows\System32\GDI32.dll
0x00007fff41bb0000 - 0x00007fff41cbb000 	C:\Windows\System32\gdi32full.dll
0x00007fff41a50000 - 0x00007fff41aed000 	C:\Windows\System32\msvcp_win.dll
0x00007fff432f0000 - 0x00007fff43320000 	C:\Windows\System32\IMM32.DLL
0x00007fff2e960000 - 0x00007fff2e9fd000 	D:\Program\Android Studio\jre\bin\msvcp140.dll
0x00007ffeb7070000 - 0x00007ffeb7b3f000 	D:\Program\Android Studio\jre\bin\server\jvm.dll
0x00007fff43240000 - 0x00007fff432ee000 	C:\Windows\System32\ADVAPI32.dll
0x00007fff43a90000 - 0x00007fff43b2c000 	C:\Windows\System32\sechost.dll
0x00007fff43be0000 - 0x00007fff43d05000 	C:\Windows\System32\RPCRT4.dll
0x00007fff43140000 - 0x00007fff43148000 	C:\Windows\System32\PSAPI.DLL
0x00007fff26fb0000 - 0x00007fff26fb9000 	C:\Windows\SYSTEM32\WSOCK32.dll
0x00007fff2f8d0000 - 0x00007fff2f8f7000 	C:\Windows\SYSTEM32\WINMM.dll
0x00007fff39a90000 - 0x00007fff39a9a000 	C:\Windows\SYSTEM32\VERSION.dll
0x00007fff431d0000 - 0x00007fff4323b000 	C:\Windows\System32\WS2_32.dll
0x00007fff401f0000 - 0x00007fff40202000 	C:\Windows\SYSTEM32\kernel.appcore.dll
0x00007fff34190000 - 0x00007fff341a1000 	D:\Program\Android Studio\jre\bin\verify.dll
0x00007fff2ec70000 - 0x00007fff2ee54000 	C:\Windows\SYSTEM32\DBGHELP.DLL
0x00007fff26f30000 - 0x00007fff26f5c000 	C:\Windows\SYSTEM32\dbgcore.DLL
0x00007fff41b20000 - 0x00007fff41ba2000 	C:\Windows\System32\bcryptPrimitives.dll
0x00007fff2be10000 - 0x00007fff2be39000 	D:\Program\Android Studio\jre\bin\java.dll
0x00007fff3c500000 - 0x00007fff3c50b000 	D:\Program\Android Studio\jre\bin\jimage.dll
0x00007fff254e0000 - 0x00007fff254f8000 	D:\Program\Android Studio\jre\bin\zip.dll
0x00007fff426a0000 - 0x00007fff42de4000 	C:\Windows\System32\SHELL32.dll
0x00007fff3fa50000 - 0x00007fff401e4000 	C:\Windows\SYSTEM32\windows.storage.dll
0x00007fff43d10000 - 0x00007fff44064000 	C:\Windows\System32\combase.dll
0x00007fff413c0000 - 0x00007fff413ec000 	C:\Windows\SYSTEM32\Wldp.dll
0x00007fff43b30000 - 0x00007fff43bdd000 	C:\Windows\System32\SHCORE.dll
0x00007fff43960000 - 0x00007fff439b5000 	C:\Windows\System32\shlwapi.dll
0x00007fff41890000 - 0x00007fff418af000 	C:\Windows\SYSTEM32\profapi.dll
0x00007fff166a0000 - 0x00007fff166ba000 	D:\Program\Android Studio\jre\bin\net.dll
0x00007fff32e40000 - 0x00007fff32f4a000 	C:\Windows\SYSTEM32\WINHTTP.dll
0x00007fff41120000 - 0x00007fff4118a000 	C:\Windows\system32\mswsock.dll
0x00007fff0dfe0000 - 0x00007fff0dff4000 	D:\Program\Android Studio\jre\bin\nio.dll
0x00007fff33c10000 - 0x00007fff33c37000 	D:\Project\AndroidGradle\native\8bec1ad78214c89d9ad589b4d07fe93259594b29d510b10fafb7a158f7737e5d\windows-amd64\native-platform.dll
0x00007fff0a9b0000 - 0x00007fff0aaed000 	D:\Project\AndroidGradle\native\53dbd7edfb1c66fb8903c78663c9afc45aea4f116125fa6feffd364cf09443e8\windows-amd64\native-platform-file-events.dll
0x00007fff3b180000 - 0x00007fff3b18a000 	D:\Program\Android Studio\jre\bin\management.dll
0x00007fff3a610000 - 0x00007fff3a61c000 	D:\Program\Android Studio\jre\bin\management_ext.dll
0x00007fff41320000 - 0x00007fff41338000 	C:\Windows\SYSTEM32\CRYPTSP.dll
0x00007fff40a30000 - 0x00007fff40a64000 	C:\Windows\system32\rsaenh.dll
0x00007fff41af0000 - 0x00007fff41b17000 	C:\Windows\System32\bcrypt.dll
0x00007fff41810000 - 0x00007fff4183e000 	C:\Windows\SYSTEM32\USERENV.dll
0x00007fff41310000 - 0x00007fff4131c000 	C:\Windows\SYSTEM32\CRYPTBASE.dll
0x00007fff40dc0000 - 0x00007fff40dfb000 	C:\Windows\SYSTEM32\IPHLPAPI.DLL
0x00007fff42690000 - 0x00007fff42698000 	C:\Windows\System32\NSI.dll
0x00007fff3af10000 - 0x00007fff3af27000 	C:\Windows\SYSTEM32\dhcpcsvc6.DLL
0x00007fff3af50000 - 0x00007fff3af6d000 	C:\Windows\SYSTEM32\dhcpcsvc.DLL
0x00007fff40e10000 - 0x00007fff40edb000 	C:\Windows\SYSTEM32\DNSAPI.dll

dbghelp: loaded successfully - version: 4.0.5 - missing functions: none
symbol engine: initialized successfully - sym options: 0x614 - pdb path: .;D:\Program\Android Studio\jre\bin;C:\Windows\SYSTEM32;C:\Windows\WinSxS\amd64_microsoft.windows.common-controls_6595b64144ccf1df_6.0.19041.1110_none_60b5254171f9507e;D:\Program\Android Studio\jre\bin\server;D:\Project\AndroidGradle\native\8bec1ad78214c89d9ad589b4d07fe93259594b29d510b10fafb7a158f7737e5d\windows-amd64;D:\Project\AndroidGradle\native\53dbd7edfb1c66fb8903c78663c9afc45aea4f116125fa6feffd364cf09443e8\windows-amd64

VM Arguments:
jvm_args: --add-opens=java.base/java.util=ALL-UNNAMED --add-opens=java.base/java.lang=ALL-UNNAMED --add-opens=java.base/java.lang.invoke=ALL-UNNAMED --add-opens=java.base/java.util=ALL-UNNAMED --add-opens=java.prefs/java.util.prefs=ALL-UNNAMED --add-opens=java.prefs/java.util.prefs=ALL-UNNAMED --add-opens=java.base/java.nio.charset=ALL-UNNAMED --add-opens=java.base/java.net=ALL-UNNAMED --add-opens=java.base/java.util.concurrent.atomic=ALL-UNNAMED -Xmx2048m -Dfile.encoding=UTF-8 -Duser.country=US -Duser.language=en -Duser.variant 
java_command: org.gradle.launcher.daemon.bootstrap.GradleDaemon 7.0.2
java_class_path (initial): D:\Project\AndroidGradle\wrapper\dists\gradle-7.0.2-bin\857tjihv64xamwrf0h14cai3r\gradle-7.0.2\lib\gradle-launcher-7.0.2.jar
Launcher Type: SUN_STANDARD

[Global flags]
     intx CICompilerCount                          = 4                                         {product} {ergonomic}
     uint ConcGCThreads                            = 2                                         {product} {ergonomic}
     uint G1ConcRefinementThreads                  = 8                                         {product} {ergonomic}
   size_t G1HeapRegionSize                         = 1048576                                   {product} {ergonomic}
    uintx GCDrainStackTargetSize                   = 64                                        {product} {ergonomic}
   size_t InitialHeapSize                          = 268435456                                 {product} {ergonomic}
   size_t MarkStackSize                            = 4194304                                   {product} {ergonomic}
   size_t MaxHeapSize                              = 2147483648                                {product} {command line}
   size_t MaxNewSize                               = 1287651328                                {product} {ergonomic}
   size_t MinHeapDeltaBytes                        = 1048576                                   {product} {ergonomic}
    uintx NonNMethodCodeHeapSize                   = 5836300                                {pd product} {ergonomic}
    uintx NonProfiledCodeHeapSize                  = 122910970                              {pd product} {ergonomic}
    uintx ProfiledCodeHeapSize                     = 122910970                              {pd product} {ergonomic}
    uintx ReservedCodeCacheSize                    = 251658240                              {pd product} {ergonomic}
     bool SegmentedCodeCache                       = true                                      {product} {ergonomic}
     bool UseCompressedClassPointers               = true                                 {lp64_product} {ergonomic}
     bool UseCompressedOops                        = true                                 {lp64_product} {ergonomic}
     bool UseG1GC                                  = true                                      {product} {ergonomic}
     bool UseLargePagesIndividualAllocation        = false                                  {pd product} {ergonomic}

Logging:
Log output configuration:
 #0: stdout all=warning uptime,level,tags
 #1: stderr all=off uptime,level,tags

Environment Variables:
PATH=c:\program files (x86)\intel\icls client\;c:\program files\intel\icls client\;c:\windows\system32;c:\windows;c:\windows\system32\wbem;c:\windows\system32\windowspowershell\v1.0\;c:\program files (x86)\intel\intel(r) management engine components\dal;c:\program files\intel\intel(r) management engine components\dal;c:\program files (x86)\intel\intel(r) management engine components\ipt;c:\program files\intel\intel(r) management engine components\ipt;c:\program files\intel\wifi\bin\;c:\program files\common files\intel\wirelesscommon\;C:\Windows\system32;C:\Windows;C:\Windows\system32\wbem;C:\Windows\system32\windowspowershell\v1.0\;C:\Windows\system32\openssh\;C:\Program Files (x86)\NVIDIA Corporation\PhysX\Common;C:\Program Files\NVIDIA Corporation\NVIDIA NvDLISR;D:\Project\AndroidSDK\platform-tools\;C:\Program Files\Git\cmd;C:\Users\Agi\AppData\Local\Microsoft\WindowsApps;
USERNAME=Agi
OS=Windows_NT
PROCESSOR_IDENTIFIER=Intel64 Family 6 Model 158 Stepping 9, GenuineIntel



---------------  S Y S T E M  ---------------

OS: Windows 10 , 64 bit Build 19041 (10.0.19041.1645)
OS uptime: 5 days 13:26 hours

CPU:total 8 (initial active 8) (4 cores per cpu, 2 threads per core) family 6 model 158 stepping 9 microcode 0xb4, cmov, cx8, fxsr, mmx, sse, sse2, sse3, ssse3, sse4.1, sse4.2, popcnt, avx, avx2, aes, clmul, erms, 3dnowpref, lzcnt, ht, tsc, tscinvbit, bmi1, bmi2, adx, fma

Memory: 4k page, system-wide physical 16304M (2045M free)
TotalPageFile size 31400M (AvailPageFile size 5M)
current process WorkingSet (physical memory assigned to process): 454M, peak: 455M
current process commit charge ("private bytes"): 530M, peak: 533M

vm_info: OpenJDK 64-Bit Server VM (11.0.10+0-b96-7249189) for windows-amd64 JRE (11.0.10+0-b96-7249189), built on Mar 31 2021 21:44:00 by "builder" with MS VC++ 14.0 (VS2015)

END.
